2020-09-17 20:49:03,635 ----------------------------------------------------------------------------------------------------
2020-09-17 20:49:03,635 Model: "SequenceTagger(
  (embeddings): StackedEmbeddings(
    (list_embedding_0): WordEmbeddings('pubmed')
    (list_embedding_1): FlairEmbeddings(
      (lm): LanguageModel(
        (drop): Dropout(p=0.1, inplace=False)
        (encoder): Embedding(275, 100)
        (rnn): LSTM(100, 2048)
        (decoder): Linear(in_features=2048, out_features=275, bias=True)
      )
    )
    (list_embedding_2): FlairEmbeddings(
      (lm): LanguageModel(
        (drop): Dropout(p=0.1, inplace=False)
        (encoder): Embedding(275, 100)
        (rnn): LSTM(100, 2048)
        (decoder): Linear(in_features=2048, out_features=275, bias=True)
      )
    )
  )
  (word_dropout): WordDropout(p=0.05)
  (locked_dropout): LockedDropout(p=0.5)
  (embedding2nn): Linear(in_features=4296, out_features=4296, bias=True)
  (rnn): LSTM(4296, 256, batch_first=True, bidirectional=True)
  (linear): Linear(in_features=512, out_features=6, bias=True)
  (beta): 1.0
  (weights): None
  (weight_tensor) None
)"
2020-09-17 20:49:03,636 ----------------------------------------------------------------------------------------------------
2020-09-17 20:49:03,637 Corpus: "Corpus: 4560 train + 4581 dev + 4797 test sentences"
2020-09-17 20:49:03,638 ----------------------------------------------------------------------------------------------------
2020-09-17 20:49:03,639 Parameters:
2020-09-17 20:49:03,639  - learning_rate: "0.1"
2020-09-17 20:49:03,639  - mini_batch_size: "32"
2020-09-17 20:49:03,640  - patience: "3"
2020-09-17 20:49:03,641  - anneal_factor: "0.5"
2020-09-17 20:49:03,641  - max_epochs: "200"
2020-09-17 20:49:03,642  - shuffle: "True"
2020-09-17 20:49:03,643  - train_with_dev: "False"
2020-09-17 20:49:03,644  - batch_growth_annealing: "False"
2020-09-17 20:49:03,645 ----------------------------------------------------------------------------------------------------
2020-09-17 20:49:03,646 Model training base path: "taggers\ncbi-disease-flair-word-readdataset"
2020-09-17 20:49:03,646 ----------------------------------------------------------------------------------------------------
2020-09-17 20:49:03,647 Device: cuda:0
2020-09-17 20:49:03,648 ----------------------------------------------------------------------------------------------------
2020-09-17 20:49:03,648 Embeddings storage mode: cpu
2020-09-17 20:49:03,661 ----------------------------------------------------------------------------------------------------
2020-09-17 20:49:10,465 epoch 1 - iter 14/143 - loss 8.22065481 - samples/sec: 65.86 - lr: 0.100000
2020-09-17 20:49:16,585 epoch 1 - iter 28/143 - loss 5.61627081 - samples/sec: 73.20 - lr: 0.100000
2020-09-17 20:49:23,620 epoch 1 - iter 42/143 - loss 4.54499492 - samples/sec: 63.68 - lr: 0.100000
2020-09-17 20:49:30,286 epoch 1 - iter 56/143 - loss 4.01570139 - samples/sec: 67.20 - lr: 0.100000
2020-09-17 20:49:37,162 epoch 1 - iter 70/143 - loss 3.75465798 - samples/sec: 65.23 - lr: 0.100000
2020-09-17 20:49:44,563 epoch 1 - iter 84/143 - loss 3.45139496 - samples/sec: 60.55 - lr: 0.100000
2020-09-17 20:49:51,546 epoch 1 - iter 98/143 - loss 3.18266049 - samples/sec: 64.16 - lr: 0.100000
2020-09-17 20:49:58,285 epoch 1 - iter 112/143 - loss 3.00454763 - samples/sec: 66.47 - lr: 0.100000
2020-09-17 20:50:04,482 epoch 1 - iter 126/143 - loss 2.82745487 - samples/sec: 72.30 - lr: 0.100000
2020-09-17 20:50:10,958 epoch 1 - iter 140/143 - loss 2.68071667 - samples/sec: 69.17 - lr: 0.100000
2020-09-17 20:50:12,297 ----------------------------------------------------------------------------------------------------
2020-09-17 20:50:12,297 EPOCH 1 done: loss 2.6601 - lr 0.1000000
2020-09-17 20:51:10,359 DEV : loss 0.9869776964187622 - score 0.9853
2020-09-17 20:51:10,709 BAD EPOCHS (no improvement): 0
2020-09-17 20:51:33,911 ----------------------------------------------------------------------------------------------------
2020-09-17 20:51:38,955 epoch 2 - iter 14/143 - loss 1.39983741 - samples/sec: 89.46 - lr: 0.100000
2020-09-17 20:51:42,799 epoch 2 - iter 28/143 - loss 1.32794533 - samples/sec: 116.91 - lr: 0.100000
2020-09-17 20:51:46,519 epoch 2 - iter 42/143 - loss 1.40821521 - samples/sec: 120.44 - lr: 0.100000
2020-09-17 20:51:50,021 epoch 2 - iter 56/143 - loss 1.36899895 - samples/sec: 128.04 - lr: 0.100000
2020-09-17 20:51:53,492 epoch 2 - iter 70/143 - loss 1.31511612 - samples/sec: 129.49 - lr: 0.100000
2020-09-17 20:51:57,114 epoch 2 - iter 84/143 - loss 1.31404754 - samples/sec: 123.67 - lr: 0.100000
2020-09-17 20:52:00,589 epoch 2 - iter 98/143 - loss 1.33079514 - samples/sec: 128.94 - lr: 0.100000
2020-09-17 20:52:04,148 epoch 2 - iter 112/143 - loss 1.30421847 - samples/sec: 125.85 - lr: 0.100000
2020-09-17 20:52:08,483 epoch 2 - iter 126/143 - loss 1.27428272 - samples/sec: 103.35 - lr: 0.100000
2020-09-17 20:52:12,035 epoch 2 - iter 140/143 - loss 1.26539927 - samples/sec: 126.42 - lr: 0.100000
2020-09-17 20:52:12,682 ----------------------------------------------------------------------------------------------------
2020-09-17 20:52:12,682 EPOCH 2 done: loss 1.2650 - lr 0.1000000
2020-09-17 20:52:35,890 DEV : loss 1.0231733322143555 - score 0.983
2020-09-17 20:52:36,224 BAD EPOCHS (no improvement): 1
2020-09-17 20:52:36,224 ----------------------------------------------------------------------------------------------------
2020-09-17 20:52:39,888 epoch 3 - iter 14/143 - loss 1.25810119 - samples/sec: 122.35 - lr: 0.100000
2020-09-17 20:52:43,199 epoch 3 - iter 28/143 - loss 1.13640284 - samples/sec: 135.28 - lr: 0.100000
2020-09-17 20:52:46,721 epoch 3 - iter 42/143 - loss 1.12162781 - samples/sec: 127.22 - lr: 0.100000
2020-09-17 20:52:50,356 epoch 3 - iter 56/143 - loss 1.10332315 - samples/sec: 123.37 - lr: 0.100000
2020-09-17 20:52:53,820 epoch 3 - iter 70/143 - loss 1.06744723 - samples/sec: 129.35 - lr: 0.100000
2020-09-17 20:52:57,377 epoch 3 - iter 84/143 - loss 1.10848728 - samples/sec: 125.94 - lr: 0.100000
2020-09-17 20:53:00,709 epoch 3 - iter 98/143 - loss 1.08391689 - samples/sec: 134.79 - lr: 0.100000
2020-09-17 20:53:04,469 epoch 3 - iter 112/143 - loss 1.09897586 - samples/sec: 119.13 - lr: 0.100000
2020-09-17 20:53:07,929 epoch 3 - iter 126/143 - loss 1.09254521 - samples/sec: 129.48 - lr: 0.100000
2020-09-17 20:53:11,565 epoch 3 - iter 140/143 - loss 1.09003818 - samples/sec: 123.30 - lr: 0.100000
2020-09-17 20:53:12,122 ----------------------------------------------------------------------------------------------------
2020-09-17 20:53:12,122 EPOCH 3 done: loss 1.0758 - lr 0.1000000
2020-09-17 20:53:35,194 DEV : loss 0.7484634518623352 - score 0.987
2020-09-17 20:53:35,530 BAD EPOCHS (no improvement): 0
2020-09-17 20:53:46,617 ----------------------------------------------------------------------------------------------------
2020-09-17 20:53:50,129 epoch 4 - iter 14/143 - loss 0.79644855 - samples/sec: 127.57 - lr: 0.100000
2020-09-17 20:53:53,758 epoch 4 - iter 28/143 - loss 0.92554548 - samples/sec: 123.43 - lr: 0.100000
2020-09-17 20:53:57,224 epoch 4 - iter 42/143 - loss 0.86219527 - samples/sec: 129.26 - lr: 0.100000
2020-09-17 20:54:00,751 epoch 4 - iter 56/143 - loss 0.88591602 - samples/sec: 127.03 - lr: 0.100000
2020-09-17 20:54:04,447 epoch 4 - iter 70/143 - loss 0.89464470 - samples/sec: 121.22 - lr: 0.100000
2020-09-17 20:54:07,913 epoch 4 - iter 84/143 - loss 0.91466343 - samples/sec: 129.24 - lr: 0.100000
2020-09-17 20:54:11,306 epoch 4 - iter 98/143 - loss 0.89796309 - samples/sec: 132.11 - lr: 0.100000
2020-09-17 20:54:14,675 epoch 4 - iter 112/143 - loss 0.87062732 - samples/sec: 133.06 - lr: 0.100000
2020-09-17 20:54:18,314 epoch 4 - iter 126/143 - loss 0.86031051 - samples/sec: 123.14 - lr: 0.100000
2020-09-17 20:54:21,803 epoch 4 - iter 140/143 - loss 0.85222000 - samples/sec: 128.46 - lr: 0.100000
2020-09-17 20:54:22,455 ----------------------------------------------------------------------------------------------------
2020-09-17 20:54:22,455 EPOCH 4 done: loss 0.8471 - lr 0.1000000
2020-09-17 20:54:45,426 DEV : loss 0.7051243782043457 - score 0.9875
2020-09-17 20:54:45,762 BAD EPOCHS (no improvement): 0
2020-09-17 20:54:56,854 ----------------------------------------------------------------------------------------------------
2020-09-17 20:55:00,278 epoch 5 - iter 14/143 - loss 0.79792807 - samples/sec: 130.83 - lr: 0.100000
2020-09-17 20:55:03,732 epoch 5 - iter 28/143 - loss 0.80761800 - samples/sec: 129.70 - lr: 0.100000
2020-09-17 20:55:07,287 epoch 5 - iter 42/143 - loss 0.80397183 - samples/sec: 126.04 - lr: 0.100000
2020-09-17 20:55:10,708 epoch 5 - iter 56/143 - loss 0.84523581 - samples/sec: 130.94 - lr: 0.100000
2020-09-17 20:55:14,803 epoch 5 - iter 70/143 - loss 0.86620647 - samples/sec: 109.41 - lr: 0.100000
2020-09-17 20:55:18,436 epoch 5 - iter 84/143 - loss 0.83333685 - samples/sec: 123.33 - lr: 0.100000
2020-09-17 20:55:22,020 epoch 5 - iter 98/143 - loss 0.82998926 - samples/sec: 125.07 - lr: 0.100000
2020-09-17 20:55:25,262 epoch 5 - iter 112/143 - loss 0.81554622 - samples/sec: 138.25 - lr: 0.100000
2020-09-17 20:55:28,815 epoch 5 - iter 126/143 - loss 0.79342517 - samples/sec: 126.40 - lr: 0.100000
2020-09-17 20:55:32,390 epoch 5 - iter 140/143 - loss 0.78735988 - samples/sec: 125.32 - lr: 0.100000
2020-09-17 20:55:32,981 ----------------------------------------------------------------------------------------------------
2020-09-17 20:55:32,983 EPOCH 5 done: loss 0.7860 - lr 0.1000000
2020-09-17 20:55:56,101 DEV : loss 0.6258295178413391 - score 0.9893
2020-09-17 20:55:56,429 BAD EPOCHS (no improvement): 0
2020-09-17 20:56:07,638 ----------------------------------------------------------------------------------------------------
2020-09-17 20:56:11,096 epoch 6 - iter 14/143 - loss 0.86641301 - samples/sec: 129.55 - lr: 0.100000
2020-09-17 20:56:14,582 epoch 6 - iter 28/143 - loss 0.81389982 - samples/sec: 128.52 - lr: 0.100000
2020-09-17 20:56:17,946 epoch 6 - iter 42/143 - loss 0.76614907 - samples/sec: 133.48 - lr: 0.100000
2020-09-17 20:56:21,472 epoch 6 - iter 56/143 - loss 0.75370098 - samples/sec: 127.08 - lr: 0.100000
2020-09-17 20:56:24,976 epoch 6 - iter 70/143 - loss 0.75699065 - samples/sec: 127.84 - lr: 0.100000
2020-09-17 20:56:28,452 epoch 6 - iter 84/143 - loss 0.74985836 - samples/sec: 128.87 - lr: 0.100000
2020-09-17 20:56:31,999 epoch 6 - iter 98/143 - loss 0.73929351 - samples/sec: 126.33 - lr: 0.100000
2020-09-17 20:56:35,641 epoch 6 - iter 112/143 - loss 0.73688278 - samples/sec: 122.99 - lr: 0.100000
2020-09-17 20:56:39,097 epoch 6 - iter 126/143 - loss 0.73110324 - samples/sec: 129.65 - lr: 0.100000
2020-09-17 20:56:42,527 epoch 6 - iter 140/143 - loss 0.71164405 - samples/sec: 130.59 - lr: 0.100000
2020-09-17 20:56:43,153 ----------------------------------------------------------------------------------------------------
2020-09-17 20:56:43,153 EPOCH 6 done: loss 0.7138 - lr 0.1000000
2020-09-17 20:57:06,401 DEV : loss 0.6849913001060486 - score 0.9865
2020-09-17 20:57:06,737 BAD EPOCHS (no improvement): 1
2020-09-17 20:57:06,737 ----------------------------------------------------------------------------------------------------
2020-09-17 20:57:10,345 epoch 7 - iter 14/143 - loss 0.68721777 - samples/sec: 124.44 - lr: 0.100000
2020-09-17 20:57:13,878 epoch 7 - iter 28/143 - loss 0.72735479 - samples/sec: 127.16 - lr: 0.100000
2020-09-17 20:57:17,304 epoch 7 - iter 42/143 - loss 0.68931674 - samples/sec: 130.76 - lr: 0.100000
2020-09-17 20:57:20,479 epoch 7 - iter 56/143 - loss 0.66567599 - samples/sec: 141.10 - lr: 0.100000
2020-09-17 20:57:24,165 epoch 7 - iter 70/143 - loss 0.66895778 - samples/sec: 121.61 - lr: 0.100000
2020-09-17 20:57:27,856 epoch 7 - iter 84/143 - loss 0.65159466 - samples/sec: 121.37 - lr: 0.100000
2020-09-17 20:57:31,372 epoch 7 - iter 98/143 - loss 0.65776948 - samples/sec: 127.49 - lr: 0.100000
2020-09-17 20:57:35,041 epoch 7 - iter 112/143 - loss 0.64981751 - samples/sec: 122.11 - lr: 0.100000
2020-09-17 20:57:38,512 epoch 7 - iter 126/143 - loss 0.65329864 - samples/sec: 129.05 - lr: 0.100000
2020-09-17 20:57:41,874 epoch 7 - iter 140/143 - loss 0.65623792 - samples/sec: 133.28 - lr: 0.100000
2020-09-17 20:57:42,471 ----------------------------------------------------------------------------------------------------
2020-09-17 20:57:42,471 EPOCH 7 done: loss 0.6509 - lr 0.1000000
2020-09-17 20:58:05,733 DEV : loss 0.5568178296089172 - score 0.9901
2020-09-17 20:58:06,081 BAD EPOCHS (no improvement): 0
2020-09-17 20:58:17,213 ----------------------------------------------------------------------------------------------------
2020-09-17 20:58:21,208 epoch 8 - iter 14/143 - loss 0.68254008 - samples/sec: 112.14 - lr: 0.100000
2020-09-17 20:58:24,634 epoch 8 - iter 28/143 - loss 0.56064805 - samples/sec: 130.74 - lr: 0.100000
2020-09-17 20:58:28,022 epoch 8 - iter 42/143 - loss 0.56862363 - samples/sec: 132.25 - lr: 0.100000
2020-09-17 20:58:31,422 epoch 8 - iter 56/143 - loss 0.56796752 - samples/sec: 131.76 - lr: 0.100000
2020-09-17 20:58:34,732 epoch 8 - iter 70/143 - loss 0.59961113 - samples/sec: 135.53 - lr: 0.100000
2020-09-17 20:58:38,390 epoch 8 - iter 84/143 - loss 0.60399044 - samples/sec: 122.51 - lr: 0.100000
2020-09-17 20:58:41,941 epoch 8 - iter 98/143 - loss 0.60127904 - samples/sec: 126.15 - lr: 0.100000
2020-09-17 20:58:45,848 epoch 8 - iter 112/143 - loss 0.60519291 - samples/sec: 114.68 - lr: 0.100000
2020-09-17 20:58:49,438 epoch 8 - iter 126/143 - loss 0.61073154 - samples/sec: 124.79 - lr: 0.100000
2020-09-17 20:58:52,836 epoch 8 - iter 140/143 - loss 0.60131779 - samples/sec: 131.83 - lr: 0.100000
2020-09-17 20:58:53,443 ----------------------------------------------------------------------------------------------------
2020-09-17 20:58:53,443 EPOCH 8 done: loss 0.6220 - lr 0.1000000
2020-09-17 20:59:16,521 DEV : loss 0.5770295262336731 - score 0.9898
2020-09-17 20:59:16,857 BAD EPOCHS (no improvement): 1
2020-09-17 20:59:16,857 ----------------------------------------------------------------------------------------------------
2020-09-17 20:59:20,618 epoch 9 - iter 14/143 - loss 0.48912061 - samples/sec: 119.29 - lr: 0.100000
2020-09-17 20:59:24,005 epoch 9 - iter 28/143 - loss 0.55970293 - samples/sec: 132.30 - lr: 0.100000
2020-09-17 20:59:27,418 epoch 9 - iter 42/143 - loss 0.58413476 - samples/sec: 131.24 - lr: 0.100000
2020-09-17 20:59:30,696 epoch 9 - iter 56/143 - loss 0.58361311 - samples/sec: 136.68 - lr: 0.100000
2020-09-17 20:59:34,407 epoch 9 - iter 70/143 - loss 0.59365859 - samples/sec: 120.71 - lr: 0.100000
2020-09-17 20:59:37,915 epoch 9 - iter 84/143 - loss 0.58004882 - samples/sec: 127.72 - lr: 0.100000
2020-09-17 20:59:41,386 epoch 9 - iter 98/143 - loss 0.57065889 - samples/sec: 129.45 - lr: 0.100000
2020-09-17 20:59:44,750 epoch 9 - iter 112/143 - loss 0.56059076 - samples/sec: 133.17 - lr: 0.100000
2020-09-17 20:59:48,267 epoch 9 - iter 126/143 - loss 0.56075713 - samples/sec: 127.41 - lr: 0.100000
2020-09-17 20:59:51,659 epoch 9 - iter 140/143 - loss 0.55574167 - samples/sec: 132.10 - lr: 0.100000
2020-09-17 20:59:52,336 ----------------------------------------------------------------------------------------------------
2020-09-17 20:59:52,336 EPOCH 9 done: loss 0.5601 - lr 0.1000000
2020-09-17 21:00:15,378 DEV : loss 0.5130418539047241 - score 0.9904
2020-09-17 21:00:15,706 BAD EPOCHS (no improvement): 0
2020-09-17 21:00:26,737 ----------------------------------------------------------------------------------------------------
2020-09-17 21:00:30,085 epoch 10 - iter 14/143 - loss 0.39671473 - samples/sec: 133.88 - lr: 0.100000
2020-09-17 21:00:33,527 epoch 10 - iter 28/143 - loss 0.45914751 - samples/sec: 130.17 - lr: 0.100000
2020-09-17 21:00:37,102 epoch 10 - iter 42/143 - loss 0.50641939 - samples/sec: 125.33 - lr: 0.100000
2020-09-17 21:00:40,791 epoch 10 - iter 56/143 - loss 0.54126878 - samples/sec: 121.51 - lr: 0.100000
2020-09-17 21:00:44,137 epoch 10 - iter 70/143 - loss 0.52330276 - samples/sec: 133.87 - lr: 0.100000
2020-09-17 21:00:47,471 epoch 10 - iter 84/143 - loss 0.51234815 - samples/sec: 134.37 - lr: 0.100000
2020-09-17 21:00:51,075 epoch 10 - iter 98/143 - loss 0.52360681 - samples/sec: 124.30 - lr: 0.100000
2020-09-17 21:00:54,629 epoch 10 - iter 112/143 - loss 0.51554517 - samples/sec: 126.06 - lr: 0.100000
2020-09-17 21:00:57,796 epoch 10 - iter 126/143 - loss 0.51519222 - samples/sec: 141.49 - lr: 0.100000
2020-09-17 21:01:01,161 epoch 10 - iter 140/143 - loss 0.52294196 - samples/sec: 133.12 - lr: 0.100000
2020-09-17 21:01:01,805 ----------------------------------------------------------------------------------------------------
2020-09-17 21:01:01,807 EPOCH 10 done: loss 0.5182 - lr 0.1000000
2020-09-17 21:01:25,249 DEV : loss 0.5407713055610657 - score 0.9907
2020-09-17 21:01:25,584 BAD EPOCHS (no improvement): 0
2020-09-17 21:01:36,668 ----------------------------------------------------------------------------------------------------
2020-09-17 21:01:40,229 epoch 11 - iter 14/143 - loss 0.48118779 - samples/sec: 125.82 - lr: 0.100000
2020-09-17 21:01:43,690 epoch 11 - iter 28/143 - loss 0.48247795 - samples/sec: 129.41 - lr: 0.100000
2020-09-17 21:01:47,289 epoch 11 - iter 42/143 - loss 0.53285918 - samples/sec: 124.48 - lr: 0.100000
2020-09-17 21:01:50,775 epoch 11 - iter 56/143 - loss 0.56455069 - samples/sec: 128.53 - lr: 0.100000
2020-09-17 21:01:54,237 epoch 11 - iter 70/143 - loss 0.52786549 - samples/sec: 129.42 - lr: 0.100000
2020-09-17 21:01:57,872 epoch 11 - iter 84/143 - loss 0.52155309 - samples/sec: 123.24 - lr: 0.100000
2020-09-17 21:02:01,445 epoch 11 - iter 98/143 - loss 0.54042155 - samples/sec: 125.36 - lr: 0.100000
2020-09-17 21:02:04,731 epoch 11 - iter 112/143 - loss 0.51823795 - samples/sec: 136.35 - lr: 0.100000
2020-09-17 21:02:08,122 epoch 11 - iter 126/143 - loss 0.52102688 - samples/sec: 132.10 - lr: 0.100000
2020-09-17 21:02:11,763 epoch 11 - iter 140/143 - loss 0.53034485 - samples/sec: 123.05 - lr: 0.100000
2020-09-17 21:02:12,417 ----------------------------------------------------------------------------------------------------
2020-09-17 21:02:12,417 EPOCH 11 done: loss 0.5254 - lr 0.1000000
2020-09-17 21:02:35,696 DEV : loss 0.5452502369880676 - score 0.9897
2020-09-17 21:02:36,032 BAD EPOCHS (no improvement): 1
2020-09-17 21:02:36,032 ----------------------------------------------------------------------------------------------------
2020-09-17 21:02:39,797 epoch 12 - iter 14/143 - loss 0.47148954 - samples/sec: 119.07 - lr: 0.100000
2020-09-17 21:02:43,462 epoch 12 - iter 28/143 - loss 0.48814909 - samples/sec: 122.24 - lr: 0.100000
2020-09-17 21:02:46,856 epoch 12 - iter 42/143 - loss 0.51930455 - samples/sec: 132.40 - lr: 0.100000
2020-09-17 21:02:50,683 epoch 12 - iter 56/143 - loss 0.53822527 - samples/sec: 117.05 - lr: 0.100000
2020-09-17 21:02:54,057 epoch 12 - iter 70/143 - loss 0.50081392 - samples/sec: 132.78 - lr: 0.100000
2020-09-17 21:02:57,238 epoch 12 - iter 84/143 - loss 0.48210597 - samples/sec: 140.83 - lr: 0.100000
2020-09-17 21:03:00,660 epoch 12 - iter 98/143 - loss 0.48185054 - samples/sec: 130.92 - lr: 0.100000
2020-09-17 21:03:04,135 epoch 12 - iter 112/143 - loss 0.47906058 - samples/sec: 128.94 - lr: 0.100000
2020-09-17 21:03:07,821 epoch 12 - iter 126/143 - loss 0.47832035 - samples/sec: 121.53 - lr: 0.100000
2020-09-17 21:03:11,351 epoch 12 - iter 140/143 - loss 0.48681547 - samples/sec: 126.89 - lr: 0.100000
2020-09-17 21:03:11,932 ----------------------------------------------------------------------------------------------------
2020-09-17 21:03:11,932 EPOCH 12 done: loss 0.4939 - lr 0.1000000
2020-09-17 21:03:34,923 DEV : loss 0.5180281400680542 - score 0.9905
2020-09-17 21:03:35,276 BAD EPOCHS (no improvement): 2
2020-09-17 21:03:35,276 ----------------------------------------------------------------------------------------------------
2020-09-17 21:03:38,691 epoch 13 - iter 14/143 - loss 0.53440429 - samples/sec: 131.33 - lr: 0.100000
2020-09-17 21:03:42,338 epoch 13 - iter 28/143 - loss 0.48687263 - samples/sec: 122.83 - lr: 0.100000
2020-09-17 21:03:45,861 epoch 13 - iter 42/143 - loss 0.43028231 - samples/sec: 127.17 - lr: 0.100000
2020-09-17 21:03:49,232 epoch 13 - iter 56/143 - loss 0.42630393 - samples/sec: 132.89 - lr: 0.100000
2020-09-17 21:03:52,581 epoch 13 - iter 70/143 - loss 0.41981508 - samples/sec: 133.78 - lr: 0.100000
2020-09-17 21:03:56,415 epoch 13 - iter 84/143 - loss 0.47289273 - samples/sec: 116.84 - lr: 0.100000
2020-09-17 21:03:59,854 epoch 13 - iter 98/143 - loss 0.46072617 - samples/sec: 130.26 - lr: 0.100000
2020-09-17 21:04:03,376 epoch 13 - iter 112/143 - loss 0.46624401 - samples/sec: 127.23 - lr: 0.100000
2020-09-17 21:04:07,017 epoch 13 - iter 126/143 - loss 0.46093630 - samples/sec: 123.02 - lr: 0.100000
2020-09-17 21:04:10,353 epoch 13 - iter 140/143 - loss 0.46097678 - samples/sec: 134.32 - lr: 0.100000
2020-09-17 21:04:11,090 ----------------------------------------------------------------------------------------------------
2020-09-17 21:04:11,090 EPOCH 13 done: loss 0.4630 - lr 0.1000000
2020-09-17 21:04:34,832 DEV : loss 0.5104972124099731 - score 0.9904
2020-09-17 21:04:35,166 BAD EPOCHS (no improvement): 3
2020-09-17 21:04:35,168 ----------------------------------------------------------------------------------------------------
2020-09-17 21:04:38,750 epoch 14 - iter 14/143 - loss 0.48254271 - samples/sec: 125.10 - lr: 0.100000
2020-09-17 21:04:42,415 epoch 14 - iter 28/143 - loss 0.45367482 - samples/sec: 122.22 - lr: 0.100000
2020-09-17 21:04:45,573 epoch 14 - iter 42/143 - loss 0.43707948 - samples/sec: 141.96 - lr: 0.100000
2020-09-17 21:04:49,309 epoch 14 - iter 56/143 - loss 0.47043514 - samples/sec: 119.92 - lr: 0.100000
2020-09-17 21:04:53,065 epoch 14 - iter 70/143 - loss 0.45281787 - samples/sec: 119.28 - lr: 0.100000
2020-09-17 21:04:56,447 epoch 14 - iter 84/143 - loss 0.43787648 - samples/sec: 132.47 - lr: 0.100000
2020-09-17 21:04:59,837 epoch 14 - iter 98/143 - loss 0.44895519 - samples/sec: 132.13 - lr: 0.100000
2020-09-17 21:05:03,138 epoch 14 - iter 112/143 - loss 0.43623099 - samples/sec: 135.73 - lr: 0.100000
2020-09-17 21:05:06,731 epoch 14 - iter 126/143 - loss 0.43470140 - samples/sec: 124.97 - lr: 0.100000
2020-09-17 21:05:10,353 epoch 14 - iter 140/143 - loss 0.43632533 - samples/sec: 123.69 - lr: 0.100000
2020-09-17 21:05:11,014 ----------------------------------------------------------------------------------------------------
2020-09-17 21:05:11,014 EPOCH 14 done: loss 0.4403 - lr 0.1000000
2020-09-17 21:05:34,061 DEV : loss 0.47214439511299133 - score 0.9912
2020-09-17 21:05:34,387 BAD EPOCHS (no improvement): 0
2020-09-17 21:05:45,477 ----------------------------------------------------------------------------------------------------
2020-09-17 21:05:48,807 epoch 15 - iter 14/143 - loss 0.36486227 - samples/sec: 134.54 - lr: 0.100000
2020-09-17 21:05:52,655 epoch 15 - iter 28/143 - loss 0.39607468 - samples/sec: 116.66 - lr: 0.100000
2020-09-17 21:05:56,052 epoch 15 - iter 42/143 - loss 0.39404314 - samples/sec: 131.88 - lr: 0.100000
2020-09-17 21:05:59,487 epoch 15 - iter 56/143 - loss 0.39204725 - samples/sec: 130.41 - lr: 0.100000
2020-09-17 21:06:03,074 epoch 15 - iter 70/143 - loss 0.40109710 - samples/sec: 124.89 - lr: 0.100000
2020-09-17 21:06:06,500 epoch 15 - iter 84/143 - loss 0.39632383 - samples/sec: 131.08 - lr: 0.100000
2020-09-17 21:06:09,866 epoch 15 - iter 98/143 - loss 0.38429629 - samples/sec: 133.11 - lr: 0.100000
2020-09-17 21:06:13,231 epoch 15 - iter 112/143 - loss 0.38736439 - samples/sec: 133.12 - lr: 0.100000
2020-09-17 21:06:16,830 epoch 15 - iter 126/143 - loss 0.39319406 - samples/sec: 124.50 - lr: 0.100000
2020-09-17 21:06:20,387 epoch 15 - iter 140/143 - loss 0.41411256 - samples/sec: 126.00 - lr: 0.100000
2020-09-17 21:06:21,096 ----------------------------------------------------------------------------------------------------
2020-09-17 21:06:21,097 EPOCH 15 done: loss 0.4138 - lr 0.1000000
2020-09-17 21:06:44,061 DEV : loss 0.5077237486839294 - score 0.991
2020-09-17 21:06:44,397 BAD EPOCHS (no improvement): 1
2020-09-17 21:06:44,397 ----------------------------------------------------------------------------------------------------
2020-09-17 21:06:48,050 epoch 16 - iter 14/143 - loss 0.42507304 - samples/sec: 122.62 - lr: 0.100000
2020-09-17 21:06:51,573 epoch 16 - iter 28/143 - loss 0.44724150 - samples/sec: 127.18 - lr: 0.100000
2020-09-17 21:06:55,027 epoch 16 - iter 42/143 - loss 0.44108396 - samples/sec: 129.69 - lr: 0.100000
2020-09-17 21:06:58,502 epoch 16 - iter 56/143 - loss 0.42613463 - samples/sec: 128.94 - lr: 0.100000
2020-09-17 21:07:02,023 epoch 16 - iter 70/143 - loss 0.41683208 - samples/sec: 127.21 - lr: 0.100000
2020-09-17 21:07:05,485 epoch 16 - iter 84/143 - loss 0.38849906 - samples/sec: 129.43 - lr: 0.100000
2020-09-17 21:07:09,020 epoch 16 - iter 98/143 - loss 0.38487971 - samples/sec: 126.74 - lr: 0.100000
2020-09-17 21:07:12,593 epoch 16 - iter 112/143 - loss 0.38507879 - samples/sec: 125.43 - lr: 0.100000
2020-09-17 21:07:16,057 epoch 16 - iter 126/143 - loss 0.38290982 - samples/sec: 129.64 - lr: 0.100000
2020-09-17 21:07:19,762 epoch 16 - iter 140/143 - loss 0.39321886 - samples/sec: 120.91 - lr: 0.100000
2020-09-17 21:07:20,466 ----------------------------------------------------------------------------------------------------
2020-09-17 21:07:20,466 EPOCH 16 done: loss 0.3919 - lr 0.1000000
2020-09-17 21:07:44,130 DEV : loss 0.5744571685791016 - score 0.9884
2020-09-17 21:07:44,469 BAD EPOCHS (no improvement): 2
2020-09-17 21:07:44,469 ----------------------------------------------------------------------------------------------------
2020-09-17 21:07:48,123 epoch 17 - iter 14/143 - loss 0.35136798 - samples/sec: 122.86 - lr: 0.100000
2020-09-17 21:07:51,800 epoch 17 - iter 28/143 - loss 0.34014129 - samples/sec: 121.87 - lr: 0.100000
2020-09-17 21:07:55,219 epoch 17 - iter 42/143 - loss 0.35590887 - samples/sec: 131.03 - lr: 0.100000
2020-09-17 21:07:58,531 epoch 17 - iter 56/143 - loss 0.34870493 - samples/sec: 135.24 - lr: 0.100000
2020-09-17 21:08:02,087 epoch 17 - iter 70/143 - loss 0.34721853 - samples/sec: 126.01 - lr: 0.100000
2020-09-17 21:08:05,760 epoch 17 - iter 84/143 - loss 0.38087267 - samples/sec: 121.95 - lr: 0.100000
2020-09-17 21:08:09,396 epoch 17 - iter 98/143 - loss 0.39485033 - samples/sec: 123.22 - lr: 0.100000
2020-09-17 21:08:12,846 epoch 17 - iter 112/143 - loss 0.39141231 - samples/sec: 129.86 - lr: 0.100000
2020-09-17 21:08:16,280 epoch 17 - iter 126/143 - loss 0.38280913 - samples/sec: 130.45 - lr: 0.100000
2020-09-17 21:08:19,878 epoch 17 - iter 140/143 - loss 0.39115392 - samples/sec: 124.51 - lr: 0.100000
2020-09-17 21:08:20,421 ----------------------------------------------------------------------------------------------------
2020-09-17 21:08:20,421 EPOCH 17 done: loss 0.3922 - lr 0.1000000
2020-09-17 21:08:43,491 DEV : loss 0.4860065281391144 - score 0.9912
2020-09-17 21:08:43,826 BAD EPOCHS (no improvement): 3
2020-09-17 21:08:43,826 ----------------------------------------------------------------------------------------------------
2020-09-17 21:08:47,432 epoch 18 - iter 14/143 - loss 0.39645878 - samples/sec: 124.23 - lr: 0.100000
2020-09-17 21:08:50,779 epoch 18 - iter 28/143 - loss 0.33418602 - samples/sec: 133.85 - lr: 0.100000
2020-09-17 21:08:54,400 epoch 18 - iter 42/143 - loss 0.32185517 - samples/sec: 123.73 - lr: 0.100000
2020-09-17 21:08:57,779 epoch 18 - iter 56/143 - loss 0.32015806 - samples/sec: 132.60 - lr: 0.100000
2020-09-17 21:09:01,021 epoch 18 - iter 70/143 - loss 0.31813751 - samples/sec: 138.16 - lr: 0.100000
2020-09-17 21:09:04,349 epoch 18 - iter 84/143 - loss 0.34688889 - samples/sec: 134.74 - lr: 0.100000
2020-09-17 21:09:07,887 epoch 18 - iter 98/143 - loss 0.34086323 - samples/sec: 126.62 - lr: 0.100000
2020-09-17 21:09:11,552 epoch 18 - iter 112/143 - loss 0.34611350 - samples/sec: 122.23 - lr: 0.100000
2020-09-17 21:09:15,102 epoch 18 - iter 126/143 - loss 0.34495744 - samples/sec: 126.19 - lr: 0.100000
2020-09-17 21:09:18,429 epoch 18 - iter 140/143 - loss 0.34823693 - samples/sec: 134.64 - lr: 0.100000
2020-09-17 21:09:19,045 ----------------------------------------------------------------------------------------------------
2020-09-17 21:09:19,045 EPOCH 18 done: loss 0.3471 - lr 0.1000000
2020-09-17 21:09:42,008 DEV : loss 0.5052981376647949 - score 0.9915
2020-09-17 21:09:42,344 BAD EPOCHS (no improvement): 0
2020-09-17 21:09:53,485 ----------------------------------------------------------------------------------------------------
2020-09-17 21:09:56,909 epoch 19 - iter 14/143 - loss 0.28396436 - samples/sec: 130.83 - lr: 0.100000
2020-09-17 21:10:00,390 epoch 19 - iter 28/143 - loss 0.30291686 - samples/sec: 128.71 - lr: 0.100000
2020-09-17 21:10:04,128 epoch 19 - iter 42/143 - loss 0.35938745 - samples/sec: 119.85 - lr: 0.100000
2020-09-17 21:10:07,492 epoch 19 - iter 56/143 - loss 0.35266838 - samples/sec: 133.18 - lr: 0.100000
2020-09-17 21:10:10,926 epoch 19 - iter 70/143 - loss 0.34611363 - samples/sec: 130.46 - lr: 0.100000
2020-09-17 21:10:14,470 epoch 19 - iter 84/143 - loss 0.33781233 - samples/sec: 126.41 - lr: 0.100000
2020-09-17 21:10:17,912 epoch 19 - iter 98/143 - loss 0.35196547 - samples/sec: 130.15 - lr: 0.100000
2020-09-17 21:10:21,400 epoch 19 - iter 112/143 - loss 0.35482661 - samples/sec: 128.45 - lr: 0.100000
2020-09-17 21:10:24,954 epoch 19 - iter 126/143 - loss 0.35607074 - samples/sec: 126.32 - lr: 0.100000
2020-09-17 21:10:28,798 epoch 19 - iter 140/143 - loss 0.36084743 - samples/sec: 116.87 - lr: 0.100000
2020-09-17 21:10:29,385 ----------------------------------------------------------------------------------------------------
2020-09-17 21:10:29,385 EPOCH 19 done: loss 0.3614 - lr 0.1000000
2020-09-17 21:10:53,040 DEV : loss 0.5703944563865662 - score 0.9909
2020-09-17 21:10:53,376 BAD EPOCHS (no improvement): 1
2020-09-17 21:10:53,376 ----------------------------------------------------------------------------------------------------
2020-09-17 21:10:56,805 epoch 20 - iter 14/143 - loss 0.40454828 - samples/sec: 130.87 - lr: 0.100000
2020-09-17 21:11:00,327 epoch 20 - iter 28/143 - loss 0.41603377 - samples/sec: 127.22 - lr: 0.100000
2020-09-17 21:11:03,890 epoch 20 - iter 42/143 - loss 0.38477467 - samples/sec: 125.80 - lr: 0.100000
2020-09-17 21:11:07,501 epoch 20 - iter 56/143 - loss 0.34942071 - samples/sec: 124.06 - lr: 0.100000
2020-09-17 21:11:10,846 epoch 20 - iter 70/143 - loss 0.33703805 - samples/sec: 133.99 - lr: 0.100000
2020-09-17 21:11:14,394 epoch 20 - iter 84/143 - loss 0.32195309 - samples/sec: 126.26 - lr: 0.100000
2020-09-17 21:11:17,888 epoch 20 - iter 98/143 - loss 0.32903451 - samples/sec: 128.22 - lr: 0.100000
2020-09-17 21:11:21,309 epoch 20 - iter 112/143 - loss 0.34363206 - samples/sec: 130.96 - lr: 0.100000
2020-09-17 21:11:24,740 epoch 20 - iter 126/143 - loss 0.33714940 - samples/sec: 130.55 - lr: 0.100000
2020-09-17 21:11:28,160 epoch 20 - iter 140/143 - loss 0.32524141 - samples/sec: 131.00 - lr: 0.100000
2020-09-17 21:11:28,928 ----------------------------------------------------------------------------------------------------
2020-09-17 21:11:28,938 EPOCH 20 done: loss 0.3254 - lr 0.1000000
2020-09-17 21:11:51,995 DEV : loss 0.5561716556549072 - score 0.9911
2020-09-17 21:11:52,347 BAD EPOCHS (no improvement): 2
2020-09-17 21:11:52,347 ----------------------------------------------------------------------------------------------------
2020-09-17 21:11:55,574 epoch 21 - iter 14/143 - loss 0.23969069 - samples/sec: 138.97 - lr: 0.100000
2020-09-17 21:11:59,060 epoch 21 - iter 28/143 - loss 0.24961422 - samples/sec: 128.49 - lr: 0.100000
2020-09-17 21:12:02,749 epoch 21 - iter 42/143 - loss 0.30168741 - samples/sec: 121.47 - lr: 0.100000
2020-09-17 21:12:06,331 epoch 21 - iter 56/143 - loss 0.34401571 - samples/sec: 125.07 - lr: 0.100000
2020-09-17 21:12:10,119 epoch 21 - iter 70/143 - loss 0.31998520 - samples/sec: 118.27 - lr: 0.100000
2020-09-17 21:12:13,613 epoch 21 - iter 84/143 - loss 0.32153741 - samples/sec: 128.21 - lr: 0.100000
2020-09-17 21:12:17,102 epoch 21 - iter 98/143 - loss 0.31120230 - samples/sec: 128.40 - lr: 0.100000
2020-09-17 21:12:20,585 epoch 21 - iter 112/143 - loss 0.31301380 - samples/sec: 128.61 - lr: 0.100000
2020-09-17 21:12:24,353 epoch 21 - iter 126/143 - loss 0.30783964 - samples/sec: 118.92 - lr: 0.100000
2020-09-17 21:12:27,615 epoch 21 - iter 140/143 - loss 0.30855721 - samples/sec: 137.33 - lr: 0.100000
2020-09-17 21:12:28,364 ----------------------------------------------------------------------------------------------------
2020-09-17 21:12:28,364 EPOCH 21 done: loss 0.3108 - lr 0.1000000
2020-09-17 21:12:51,652 DEV : loss 0.5371596813201904 - score 0.9911
2020-09-17 21:12:51,987 BAD EPOCHS (no improvement): 3
2020-09-17 21:12:51,987 ----------------------------------------------------------------------------------------------------
2020-09-17 21:12:55,539 epoch 22 - iter 14/143 - loss 0.32726987 - samples/sec: 126.23 - lr: 0.100000
2020-09-17 21:12:59,122 epoch 22 - iter 28/143 - loss 0.29290902 - samples/sec: 125.03 - lr: 0.100000
2020-09-17 21:13:02,652 epoch 22 - iter 42/143 - loss 0.28643328 - samples/sec: 126.91 - lr: 0.100000
2020-09-17 21:13:06,195 epoch 22 - iter 56/143 - loss 0.28642609 - samples/sec: 126.46 - lr: 0.100000
2020-09-17 21:13:09,578 epoch 22 - iter 70/143 - loss 0.28963158 - samples/sec: 132.40 - lr: 0.100000
2020-09-17 21:13:13,011 epoch 22 - iter 84/143 - loss 0.29814772 - samples/sec: 130.50 - lr: 0.100000
2020-09-17 21:13:16,476 epoch 22 - iter 98/143 - loss 0.28524903 - samples/sec: 129.30 - lr: 0.100000
2020-09-17 21:13:20,165 epoch 22 - iter 112/143 - loss 0.30115533 - samples/sec: 121.44 - lr: 0.100000
2020-09-17 21:13:23,580 epoch 22 - iter 126/143 - loss 0.30293157 - samples/sec: 131.17 - lr: 0.100000
2020-09-17 21:13:26,964 epoch 22 - iter 140/143 - loss 0.30647452 - samples/sec: 132.41 - lr: 0.100000
2020-09-17 21:13:27,661 ----------------------------------------------------------------------------------------------------
2020-09-17 21:13:27,661 EPOCH 22 done: loss 0.3060 - lr 0.1000000
2020-09-17 21:13:51,221 DEV : loss 0.5627644658088684 - score 0.9906
2020-09-17 21:13:51,556 BAD EPOCHS (no improvement): 4
2020-09-17 21:13:51,556 ----------------------------------------------------------------------------------------------------
2020-09-17 21:13:54,897 epoch 23 - iter 14/143 - loss 0.22878036 - samples/sec: 134.50 - lr: 0.050000
2020-09-17 21:13:58,419 epoch 23 - iter 28/143 - loss 0.24831927 - samples/sec: 127.18 - lr: 0.050000
2020-09-17 21:14:01,895 epoch 23 - iter 42/143 - loss 0.26130645 - samples/sec: 128.91 - lr: 0.050000
2020-09-17 21:14:05,421 epoch 23 - iter 56/143 - loss 0.26053797 - samples/sec: 127.07 - lr: 0.050000
2020-09-17 21:14:08,875 epoch 23 - iter 70/143 - loss 0.25721947 - samples/sec: 129.69 - lr: 0.050000
2020-09-17 21:14:12,652 epoch 23 - iter 84/143 - loss 0.26701815 - samples/sec: 118.67 - lr: 0.050000
2020-09-17 21:14:16,018 epoch 23 - iter 98/143 - loss 0.26979563 - samples/sec: 133.08 - lr: 0.050000
2020-09-17 21:14:19,493 epoch 23 - iter 112/143 - loss 0.26654265 - samples/sec: 129.01 - lr: 0.050000
2020-09-17 21:14:22,807 epoch 23 - iter 126/143 - loss 0.26585490 - samples/sec: 135.17 - lr: 0.050000
2020-09-17 21:14:26,273 epoch 23 - iter 140/143 - loss 0.27167453 - samples/sec: 129.57 - lr: 0.050000
2020-09-17 21:14:26,887 ----------------------------------------------------------------------------------------------------
2020-09-17 21:14:26,887 EPOCH 23 done: loss 0.2731 - lr 0.0500000
2020-09-17 21:14:49,919 DEV : loss 0.5195335745811462 - score 0.9912
2020-09-17 21:14:50,261 BAD EPOCHS (no improvement): 1
2020-09-17 21:14:50,263 ----------------------------------------------------------------------------------------------------
2020-09-17 21:14:53,787 epoch 24 - iter 14/143 - loss 0.26087943 - samples/sec: 127.22 - lr: 0.050000
2020-09-17 21:14:57,253 epoch 24 - iter 28/143 - loss 0.27593032 - samples/sec: 129.32 - lr: 0.050000
2020-09-17 21:15:00,639 epoch 24 - iter 42/143 - loss 0.26711149 - samples/sec: 132.33 - lr: 0.050000
2020-09-17 21:15:04,225 epoch 24 - iter 56/143 - loss 0.26442350 - samples/sec: 124.91 - lr: 0.050000
2020-09-17 21:15:07,659 epoch 24 - iter 70/143 - loss 0.26092639 - samples/sec: 130.45 - lr: 0.050000
2020-09-17 21:15:11,077 epoch 24 - iter 84/143 - loss 0.26224730 - samples/sec: 131.09 - lr: 0.050000
2020-09-17 21:15:14,567 epoch 24 - iter 98/143 - loss 0.25876549 - samples/sec: 128.35 - lr: 0.050000
2020-09-17 21:15:18,094 epoch 24 - iter 112/143 - loss 0.25865172 - samples/sec: 127.01 - lr: 0.050000
2020-09-17 21:15:21,743 epoch 24 - iter 126/143 - loss 0.25240711 - samples/sec: 122.80 - lr: 0.050000
2020-09-17 21:15:24,984 epoch 24 - iter 140/143 - loss 0.25297202 - samples/sec: 138.27 - lr: 0.050000
2020-09-17 21:15:25,659 ----------------------------------------------------------------------------------------------------
2020-09-17 21:15:25,659 EPOCH 24 done: loss 0.2495 - lr 0.0500000
2020-09-17 21:15:48,629 DEV : loss 0.5361482501029968 - score 0.9913
2020-09-17 21:15:48,972 BAD EPOCHS (no improvement): 2
2020-09-17 21:15:48,972 ----------------------------------------------------------------------------------------------------
2020-09-17 21:15:52,220 epoch 25 - iter 14/143 - loss 0.26725618 - samples/sec: 137.92 - lr: 0.050000
2020-09-17 21:15:55,648 epoch 25 - iter 28/143 - loss 0.25459564 - samples/sec: 130.68 - lr: 0.050000
2020-09-17 21:15:59,113 epoch 25 - iter 42/143 - loss 0.24994816 - samples/sec: 129.32 - lr: 0.050000
2020-09-17 21:16:02,593 epoch 25 - iter 56/143 - loss 0.23296229 - samples/sec: 128.85 - lr: 0.050000
2020-09-17 21:16:06,215 epoch 25 - iter 70/143 - loss 0.24868400 - samples/sec: 124.04 - lr: 0.050000
2020-09-17 21:16:09,881 epoch 25 - iter 84/143 - loss 0.24545028 - samples/sec: 122.19 - lr: 0.050000
2020-09-17 21:16:13,308 epoch 25 - iter 98/143 - loss 0.25420284 - samples/sec: 130.72 - lr: 0.050000
2020-09-17 21:16:16,746 epoch 25 - iter 112/143 - loss 0.25906364 - samples/sec: 130.31 - lr: 0.050000
2020-09-17 21:16:20,304 epoch 25 - iter 126/143 - loss 0.25049053 - samples/sec: 125.91 - lr: 0.050000
2020-09-17 21:16:23,517 epoch 25 - iter 140/143 - loss 0.24576098 - samples/sec: 139.79 - lr: 0.050000
2020-09-17 21:16:24,205 ----------------------------------------------------------------------------------------------------
2020-09-17 21:16:24,205 EPOCH 25 done: loss 0.2479 - lr 0.0500000
2020-09-17 21:16:47,909 DEV : loss 0.5556168556213379 - score 0.9913
2020-09-17 21:16:48,244 BAD EPOCHS (no improvement): 3
2020-09-17 21:16:48,244 ----------------------------------------------------------------------------------------------------
2020-09-17 21:16:51,629 epoch 26 - iter 14/143 - loss 0.21851252 - samples/sec: 132.51 - lr: 0.050000
2020-09-17 21:16:55,224 epoch 26 - iter 28/143 - loss 0.19319486 - samples/sec: 124.66 - lr: 0.050000
2020-09-17 21:16:58,927 epoch 26 - iter 42/143 - loss 0.23197094 - samples/sec: 120.99 - lr: 0.050000
2020-09-17 21:17:02,347 epoch 26 - iter 56/143 - loss 0.22036984 - samples/sec: 130.99 - lr: 0.050000
2020-09-17 21:17:05,603 epoch 26 - iter 70/143 - loss 0.23115745 - samples/sec: 137.59 - lr: 0.050000
2020-09-17 21:17:09,218 epoch 26 - iter 84/143 - loss 0.23610062 - samples/sec: 123.95 - lr: 0.050000
2020-09-17 21:17:12,575 epoch 26 - iter 98/143 - loss 0.24347558 - samples/sec: 133.50 - lr: 0.050000
2020-09-17 21:17:15,889 epoch 26 - iter 112/143 - loss 0.23619171 - samples/sec: 135.22 - lr: 0.050000
2020-09-17 21:17:19,309 epoch 26 - iter 126/143 - loss 0.23609344 - samples/sec: 131.08 - lr: 0.050000
2020-09-17 21:17:22,769 epoch 26 - iter 140/143 - loss 0.23536533 - samples/sec: 129.47 - lr: 0.050000
2020-09-17 21:17:23,503 ----------------------------------------------------------------------------------------------------
2020-09-17 21:17:23,505 EPOCH 26 done: loss 0.2348 - lr 0.0500000
2020-09-17 21:17:46,594 DEV : loss 0.5584343671798706 - score 0.9914
2020-09-17 21:17:46,920 BAD EPOCHS (no improvement): 4
2020-09-17 21:17:46,920 ----------------------------------------------------------------------------------------------------
2020-09-17 21:17:50,418 epoch 27 - iter 14/143 - loss 0.18571086 - samples/sec: 128.06 - lr: 0.025000
2020-09-17 21:17:53,723 epoch 27 - iter 28/143 - loss 0.18613264 - samples/sec: 135.66 - lr: 0.025000
2020-09-17 21:17:57,256 epoch 27 - iter 42/143 - loss 0.18020635 - samples/sec: 126.81 - lr: 0.025000
2020-09-17 21:18:00,703 epoch 27 - iter 56/143 - loss 0.19966409 - samples/sec: 130.00 - lr: 0.025000
2020-09-17 21:18:04,047 epoch 27 - iter 70/143 - loss 0.19211977 - samples/sec: 133.96 - lr: 0.025000
2020-09-17 21:18:07,388 epoch 27 - iter 84/143 - loss 0.20553867 - samples/sec: 134.09 - lr: 0.025000
2020-09-17 21:18:10,802 epoch 27 - iter 98/143 - loss 0.21280391 - samples/sec: 131.26 - lr: 0.025000
2020-09-17 21:18:14,059 epoch 27 - iter 112/143 - loss 0.21872129 - samples/sec: 137.64 - lr: 0.025000
2020-09-17 21:18:17,472 epoch 27 - iter 126/143 - loss 0.21780486 - samples/sec: 131.25 - lr: 0.025000
2020-09-17 21:18:21,101 epoch 27 - iter 140/143 - loss 0.22019906 - samples/sec: 123.44 - lr: 0.025000
2020-09-17 21:18:21,727 ----------------------------------------------------------------------------------------------------
2020-09-17 21:18:21,727 EPOCH 27 done: loss 0.2188 - lr 0.0250000
2020-09-17 21:18:44,827 DEV : loss 0.5471473932266235 - score 0.9913
2020-09-17 21:18:45,161 BAD EPOCHS (no improvement): 1
2020-09-17 21:18:45,161 ----------------------------------------------------------------------------------------------------
2020-09-17 21:18:48,670 epoch 28 - iter 14/143 - loss 0.21317629 - samples/sec: 127.76 - lr: 0.025000
2020-09-17 21:18:52,212 epoch 28 - iter 28/143 - loss 0.19804368 - samples/sec: 126.48 - lr: 0.025000
2020-09-17 21:18:55,689 epoch 28 - iter 42/143 - loss 0.22086900 - samples/sec: 128.83 - lr: 0.025000
2020-09-17 21:18:59,089 epoch 28 - iter 56/143 - loss 0.20538346 - samples/sec: 131.88 - lr: 0.025000
2020-09-17 21:19:02,510 epoch 28 - iter 70/143 - loss 0.20739633 - samples/sec: 131.02 - lr: 0.025000
2020-09-17 21:19:05,861 epoch 28 - iter 84/143 - loss 0.20203973 - samples/sec: 133.68 - lr: 0.025000
2020-09-17 21:19:09,305 epoch 28 - iter 98/143 - loss 0.19746508 - samples/sec: 130.12 - lr: 0.025000
2020-09-17 21:19:12,634 epoch 28 - iter 112/143 - loss 0.20085583 - samples/sec: 134.57 - lr: 0.025000
2020-09-17 21:19:16,163 epoch 28 - iter 126/143 - loss 0.20167901 - samples/sec: 126.98 - lr: 0.025000
2020-09-17 21:19:19,838 epoch 28 - iter 140/143 - loss 0.20138713 - samples/sec: 121.87 - lr: 0.025000
2020-09-17 21:19:20,414 ----------------------------------------------------------------------------------------------------
2020-09-17 21:19:20,414 EPOCH 28 done: loss 0.1982 - lr 0.0250000
2020-09-17 21:19:44,061 DEV : loss 0.5576040744781494 - score 0.9913
2020-09-17 21:19:44,386 BAD EPOCHS (no improvement): 2
2020-09-17 21:19:44,394 ----------------------------------------------------------------------------------------------------
2020-09-17 21:19:48,217 epoch 29 - iter 14/143 - loss 0.28999764 - samples/sec: 117.29 - lr: 0.025000
2020-09-17 21:19:51,835 epoch 29 - iter 28/143 - loss 0.25523135 - samples/sec: 123.90 - lr: 0.025000
2020-09-17 21:19:55,157 epoch 29 - iter 42/143 - loss 0.22295680 - samples/sec: 134.85 - lr: 0.025000
2020-09-17 21:19:58,738 epoch 29 - iter 56/143 - loss 0.22213471 - samples/sec: 125.09 - lr: 0.025000
2020-09-17 21:20:02,230 epoch 29 - iter 70/143 - loss 0.21481412 - samples/sec: 128.37 - lr: 0.025000
2020-09-17 21:20:05,856 epoch 29 - iter 84/143 - loss 0.21707958 - samples/sec: 123.57 - lr: 0.025000
2020-09-17 21:20:09,268 epoch 29 - iter 98/143 - loss 0.21970033 - samples/sec: 131.28 - lr: 0.025000
2020-09-17 21:20:12,772 epoch 29 - iter 112/143 - loss 0.21614656 - samples/sec: 127.86 - lr: 0.025000
2020-09-17 21:20:16,143 epoch 29 - iter 126/143 - loss 0.20899951 - samples/sec: 132.88 - lr: 0.025000
2020-09-17 21:20:19,456 epoch 29 - iter 140/143 - loss 0.20844814 - samples/sec: 135.25 - lr: 0.025000
2020-09-17 21:20:20,073 ----------------------------------------------------------------------------------------------------
2020-09-17 21:20:20,073 EPOCH 29 done: loss 0.2086 - lr 0.0250000
2020-09-17 21:20:43,353 DEV : loss 0.5506334900856018 - score 0.9917
2020-09-17 21:20:43,687 BAD EPOCHS (no improvement): 0
2020-09-17 21:20:54,842 ----------------------------------------------------------------------------------------------------
2020-09-17 21:20:58,249 epoch 30 - iter 14/143 - loss 0.20164650 - samples/sec: 131.52 - lr: 0.025000
2020-09-17 21:21:01,670 epoch 30 - iter 28/143 - loss 0.21469478 - samples/sec: 130.95 - lr: 0.025000
2020-09-17 21:21:05,102 epoch 30 - iter 42/143 - loss 0.24552124 - samples/sec: 130.53 - lr: 0.025000
2020-09-17 21:21:08,624 epoch 30 - iter 56/143 - loss 0.24770122 - samples/sec: 127.90 - lr: 0.025000
2020-09-17 21:21:11,884 epoch 30 - iter 70/143 - loss 0.23721072 - samples/sec: 137.41 - lr: 0.025000
2020-09-17 21:21:15,553 epoch 30 - iter 84/143 - loss 0.22596809 - samples/sec: 122.11 - lr: 0.025000
2020-09-17 21:21:19,070 epoch 30 - iter 98/143 - loss 0.21675078 - samples/sec: 127.36 - lr: 0.025000
2020-09-17 21:21:22,286 epoch 30 - iter 112/143 - loss 0.21597633 - samples/sec: 139.34 - lr: 0.025000
2020-09-17 21:21:25,872 epoch 30 - iter 126/143 - loss 0.21010547 - samples/sec: 124.93 - lr: 0.025000
2020-09-17 21:21:29,344 epoch 30 - iter 140/143 - loss 0.21151087 - samples/sec: 129.00 - lr: 0.025000
2020-09-17 21:21:29,957 ----------------------------------------------------------------------------------------------------
2020-09-17 21:21:29,957 EPOCH 30 done: loss 0.2099 - lr 0.0250000
2020-09-17 21:21:53,035 DEV : loss 0.55926114320755 - score 0.9916
2020-09-17 21:21:53,366 BAD EPOCHS (no improvement): 1
2020-09-17 21:21:53,366 ----------------------------------------------------------------------------------------------------
2020-09-17 21:21:56,880 epoch 31 - iter 14/143 - loss 0.19898557 - samples/sec: 127.48 - lr: 0.025000
2020-09-17 21:22:00,307 epoch 31 - iter 28/143 - loss 0.21009161 - samples/sec: 130.74 - lr: 0.025000
2020-09-17 21:22:03,732 epoch 31 - iter 42/143 - loss 0.20961132 - samples/sec: 130.87 - lr: 0.025000
2020-09-17 21:22:07,036 epoch 31 - iter 56/143 - loss 0.24597975 - samples/sec: 135.60 - lr: 0.025000
2020-09-17 21:22:10,423 epoch 31 - iter 70/143 - loss 0.23286420 - samples/sec: 132.34 - lr: 0.025000
2020-09-17 21:22:13,704 epoch 31 - iter 84/143 - loss 0.23122503 - samples/sec: 136.55 - lr: 0.025000
2020-09-17 21:22:17,028 epoch 31 - iter 98/143 - loss 0.23199580 - samples/sec: 134.78 - lr: 0.025000
2020-09-17 21:22:20,606 epoch 31 - iter 112/143 - loss 0.22846066 - samples/sec: 125.22 - lr: 0.025000
2020-09-17 21:22:24,024 epoch 31 - iter 126/143 - loss 0.22449218 - samples/sec: 131.05 - lr: 0.025000
2020-09-17 21:22:27,849 epoch 31 - iter 140/143 - loss 0.23076026 - samples/sec: 117.14 - lr: 0.025000
2020-09-17 21:22:28,646 ----------------------------------------------------------------------------------------------------
2020-09-17 21:22:28,646 EPOCH 31 done: loss 0.2318 - lr 0.0250000
2020-09-17 21:22:52,181 DEV : loss 0.5434311032295227 - score 0.9915
2020-09-17 21:22:52,516 BAD EPOCHS (no improvement): 2
2020-09-17 21:22:52,518 ----------------------------------------------------------------------------------------------------
2020-09-17 21:22:55,861 epoch 32 - iter 14/143 - loss 0.14120292 - samples/sec: 134.44 - lr: 0.025000
2020-09-17 21:22:59,155 epoch 32 - iter 28/143 - loss 0.13870479 - samples/sec: 136.00 - lr: 0.025000
2020-09-17 21:23:02,759 epoch 32 - iter 42/143 - loss 0.15967936 - samples/sec: 124.31 - lr: 0.025000
2020-09-17 21:23:06,233 epoch 32 - iter 56/143 - loss 0.17479578 - samples/sec: 128.96 - lr: 0.025000
2020-09-17 21:23:09,605 epoch 32 - iter 70/143 - loss 0.18475476 - samples/sec: 132.84 - lr: 0.025000
2020-09-17 21:23:13,119 epoch 32 - iter 84/143 - loss 0.18925854 - samples/sec: 127.49 - lr: 0.025000
2020-09-17 21:23:16,755 epoch 32 - iter 98/143 - loss 0.18618140 - samples/sec: 123.23 - lr: 0.025000
2020-09-17 21:23:20,362 epoch 32 - iter 112/143 - loss 0.19669697 - samples/sec: 124.21 - lr: 0.025000
2020-09-17 21:23:23,958 epoch 32 - iter 126/143 - loss 0.19253934 - samples/sec: 124.64 - lr: 0.025000
2020-09-17 21:23:27,442 epoch 32 - iter 140/143 - loss 0.19133889 - samples/sec: 128.57 - lr: 0.025000
2020-09-17 21:23:28,029 ----------------------------------------------------------------------------------------------------
2020-09-17 21:23:28,029 EPOCH 32 done: loss 0.1898 - lr 0.0250000
2020-09-17 21:23:50,901 DEV : loss 0.5507698059082031 - score 0.9916
2020-09-17 21:23:51,236 BAD EPOCHS (no improvement): 3
2020-09-17 21:23:51,236 ----------------------------------------------------------------------------------------------------
2020-09-17 21:23:54,783 epoch 33 - iter 14/143 - loss 0.18855343 - samples/sec: 126.30 - lr: 0.025000
2020-09-17 21:23:58,296 epoch 33 - iter 28/143 - loss 0.18096312 - samples/sec: 127.51 - lr: 0.025000
2020-09-17 21:24:01,951 epoch 33 - iter 42/143 - loss 0.20512578 - samples/sec: 122.57 - lr: 0.025000
2020-09-17 21:24:05,479 epoch 33 - iter 56/143 - loss 0.19781496 - samples/sec: 127.00 - lr: 0.025000
2020-09-17 21:24:09,124 epoch 33 - iter 70/143 - loss 0.19464943 - samples/sec: 122.90 - lr: 0.025000
2020-09-17 21:24:12,552 epoch 33 - iter 84/143 - loss 0.18962518 - samples/sec: 130.69 - lr: 0.025000
2020-09-17 21:24:16,093 epoch 33 - iter 98/143 - loss 0.19404073 - samples/sec: 126.51 - lr: 0.025000
2020-09-17 21:24:19,654 epoch 33 - iter 112/143 - loss 0.20027726 - samples/sec: 125.81 - lr: 0.025000
2020-09-17 21:24:23,126 epoch 33 - iter 126/143 - loss 0.19426403 - samples/sec: 129.04 - lr: 0.025000
2020-09-17 21:24:26,781 epoch 33 - iter 140/143 - loss 0.19238764 - samples/sec: 122.59 - lr: 0.025000
2020-09-17 21:24:27,352 ----------------------------------------------------------------------------------------------------
2020-09-17 21:24:27,352 EPOCH 33 done: loss 0.1904 - lr 0.0250000
2020-09-17 21:24:50,628 DEV : loss 0.5540868639945984 - score 0.9916
2020-09-17 21:24:51,001 BAD EPOCHS (no improvement): 4
2020-09-17 21:24:51,001 ----------------------------------------------------------------------------------------------------
2020-09-17 21:24:54,489 epoch 34 - iter 14/143 - loss 0.21053680 - samples/sec: 128.70 - lr: 0.012500
2020-09-17 21:24:57,771 epoch 34 - iter 28/143 - loss 0.17629811 - samples/sec: 136.50 - lr: 0.012500
2020-09-17 21:25:01,143 epoch 34 - iter 42/143 - loss 0.17512498 - samples/sec: 132.85 - lr: 0.012500
2020-09-17 21:25:04,609 epoch 34 - iter 56/143 - loss 0.17297778 - samples/sec: 129.26 - lr: 0.012500
2020-09-17 21:25:08,090 epoch 34 - iter 70/143 - loss 0.16975605 - samples/sec: 128.74 - lr: 0.012500
2020-09-17 21:25:11,834 epoch 34 - iter 84/143 - loss 0.17278632 - samples/sec: 119.66 - lr: 0.012500
2020-09-17 21:25:15,237 epoch 34 - iter 98/143 - loss 0.16833206 - samples/sec: 131.64 - lr: 0.012500
2020-09-17 21:25:18,579 epoch 34 - iter 112/143 - loss 0.17474044 - samples/sec: 134.05 - lr: 0.012500
2020-09-17 21:25:22,182 epoch 34 - iter 126/143 - loss 0.18382432 - samples/sec: 124.63 - lr: 0.012500
2020-09-17 21:25:25,879 epoch 34 - iter 140/143 - loss 0.18348786 - samples/sec: 121.18 - lr: 0.012500
2020-09-17 21:25:26,703 ----------------------------------------------------------------------------------------------------
2020-09-17 21:25:26,703 EPOCH 34 done: loss 0.1823 - lr 0.0125000
2020-09-17 21:25:50,676 DEV : loss 0.5586086511611938 - score 0.9915
2020-09-17 21:25:51,012 BAD EPOCHS (no improvement): 1
2020-09-17 21:25:51,012 ----------------------------------------------------------------------------------------------------
2020-09-17 21:25:54,495 epoch 35 - iter 14/143 - loss 0.19199653 - samples/sec: 128.71 - lr: 0.012500
2020-09-17 21:25:58,006 epoch 35 - iter 28/143 - loss 0.21327094 - samples/sec: 127.62 - lr: 0.012500
2020-09-17 21:26:01,370 epoch 35 - iter 42/143 - loss 0.19678991 - samples/sec: 133.17 - lr: 0.012500
2020-09-17 21:26:04,799 epoch 35 - iter 56/143 - loss 0.18432648 - samples/sec: 130.63 - lr: 0.012500
2020-09-17 21:26:08,221 epoch 35 - iter 70/143 - loss 0.18538560 - samples/sec: 131.00 - lr: 0.012500
2020-09-17 21:26:11,775 epoch 35 - iter 84/143 - loss 0.17844036 - samples/sec: 126.04 - lr: 0.012500
2020-09-17 21:26:15,418 epoch 35 - iter 98/143 - loss 0.17653819 - samples/sec: 122.99 - lr: 0.012500
2020-09-17 21:26:18,990 epoch 35 - iter 112/143 - loss 0.17520681 - samples/sec: 125.44 - lr: 0.012500
2020-09-17 21:26:22,685 epoch 35 - iter 126/143 - loss 0.17504524 - samples/sec: 121.24 - lr: 0.012500
2020-09-17 21:26:26,198 epoch 35 - iter 140/143 - loss 0.18610360 - samples/sec: 127.53 - lr: 0.012500
2020-09-17 21:26:26,780 ----------------------------------------------------------------------------------------------------
2020-09-17 21:26:26,780 EPOCH 35 done: loss 0.1886 - lr 0.0125000
2020-09-17 21:26:50,021 DEV : loss 0.5606434941291809 - score 0.9914
2020-09-17 21:26:50,357 BAD EPOCHS (no improvement): 2
2020-09-17 21:26:50,357 ----------------------------------------------------------------------------------------------------
2020-09-17 21:26:53,970 epoch 36 - iter 14/143 - loss 0.20644745 - samples/sec: 124.15 - lr: 0.012500
2020-09-17 21:26:57,299 epoch 36 - iter 28/143 - loss 0.20130359 - samples/sec: 134.57 - lr: 0.012500
2020-09-17 21:27:00,904 epoch 36 - iter 42/143 - loss 0.21757368 - samples/sec: 124.35 - lr: 0.012500
2020-09-17 21:27:04,568 epoch 36 - iter 56/143 - loss 0.21050570 - samples/sec: 122.29 - lr: 0.012500
2020-09-17 21:27:07,977 epoch 36 - iter 70/143 - loss 0.20909740 - samples/sec: 131.43 - lr: 0.012500
2020-09-17 21:27:11,419 epoch 36 - iter 84/143 - loss 0.20594647 - samples/sec: 130.15 - lr: 0.012500
2020-09-17 21:27:14,725 epoch 36 - iter 98/143 - loss 0.19679876 - samples/sec: 135.56 - lr: 0.012500
2020-09-17 21:27:18,224 epoch 36 - iter 112/143 - loss 0.19276868 - samples/sec: 128.03 - lr: 0.012500
2020-09-17 21:27:21,570 epoch 36 - iter 126/143 - loss 0.19361223 - samples/sec: 133.87 - lr: 0.012500
2020-09-17 21:27:25,038 epoch 36 - iter 140/143 - loss 0.19546998 - samples/sec: 129.57 - lr: 0.012500
2020-09-17 21:27:25,675 ----------------------------------------------------------------------------------------------------
2020-09-17 21:27:25,675 EPOCH 36 done: loss 0.1936 - lr 0.0125000
2020-09-17 21:27:48,723 DEV : loss 0.567777156829834 - score 0.9913
2020-09-17 21:27:49,059 BAD EPOCHS (no improvement): 3
2020-09-17 21:27:49,059 ----------------------------------------------------------------------------------------------------
2020-09-17 21:27:52,648 epoch 37 - iter 14/143 - loss 0.17153879 - samples/sec: 124.89 - lr: 0.012500
2020-09-17 21:27:55,965 epoch 37 - iter 28/143 - loss 0.16848374 - samples/sec: 135.15 - lr: 0.012500
2020-09-17 21:27:59,576 epoch 37 - iter 42/143 - loss 0.17454436 - samples/sec: 124.06 - lr: 0.012500
2020-09-17 21:28:03,044 epoch 37 - iter 56/143 - loss 0.17724993 - samples/sec: 129.19 - lr: 0.012500
2020-09-17 21:28:06,583 epoch 37 - iter 70/143 - loss 0.17747135 - samples/sec: 126.56 - lr: 0.012500
2020-09-17 21:28:10,180 epoch 37 - iter 84/143 - loss 0.17684017 - samples/sec: 124.58 - lr: 0.012500
2020-09-17 21:28:13,679 epoch 37 - iter 98/143 - loss 0.17941047 - samples/sec: 128.01 - lr: 0.012500
2020-09-17 21:28:16,923 epoch 37 - iter 112/143 - loss 0.17575595 - samples/sec: 138.14 - lr: 0.012500
2020-09-17 21:28:20,341 epoch 37 - iter 126/143 - loss 0.17305085 - samples/sec: 131.07 - lr: 0.012500
2020-09-17 21:28:23,848 epoch 37 - iter 140/143 - loss 0.18357109 - samples/sec: 127.80 - lr: 0.012500
2020-09-17 21:28:24,454 ----------------------------------------------------------------------------------------------------
2020-09-17 21:28:24,454 EPOCH 37 done: loss 0.1833 - lr 0.0125000
2020-09-17 21:28:48,176 DEV : loss 0.5619903802871704 - score 0.9915
2020-09-17 21:28:48,513 BAD EPOCHS (no improvement): 4
2020-09-17 21:28:48,513 ----------------------------------------------------------------------------------------------------
2020-09-17 21:28:52,068 epoch 38 - iter 14/143 - loss 0.17677489 - samples/sec: 126.12 - lr: 0.006250
2020-09-17 21:28:55,548 epoch 38 - iter 28/143 - loss 0.21620773 - samples/sec: 128.74 - lr: 0.006250
2020-09-17 21:28:59,094 epoch 38 - iter 42/143 - loss 0.20506669 - samples/sec: 126.35 - lr: 0.006250
2020-09-17 21:29:02,360 epoch 38 - iter 56/143 - loss 0.19293208 - samples/sec: 137.57 - lr: 0.006250
2020-09-17 21:29:05,739 epoch 38 - iter 70/143 - loss 0.18826159 - samples/sec: 132.69 - lr: 0.006250
2020-09-17 21:29:08,995 epoch 38 - iter 84/143 - loss 0.18358519 - samples/sec: 137.59 - lr: 0.006250
2020-09-17 21:29:12,444 epoch 38 - iter 98/143 - loss 0.18734756 - samples/sec: 129.90 - lr: 0.006250
2020-09-17 21:29:16,066 epoch 38 - iter 112/143 - loss 0.18781315 - samples/sec: 123.69 - lr: 0.006250
2020-09-17 21:29:19,494 epoch 38 - iter 126/143 - loss 0.18229023 - samples/sec: 130.67 - lr: 0.006250
2020-09-17 21:29:23,097 epoch 38 - iter 140/143 - loss 0.18247094 - samples/sec: 124.34 - lr: 0.006250
2020-09-17 21:29:23,721 ----------------------------------------------------------------------------------------------------
2020-09-17 21:29:23,721 EPOCH 38 done: loss 0.1812 - lr 0.0062500
2020-09-17 21:29:46,819 DEV : loss 0.5665979385375977 - score 0.9914
2020-09-17 21:29:47,194 BAD EPOCHS (no improvement): 1
2020-09-17 21:29:47,194 ----------------------------------------------------------------------------------------------------
2020-09-17 21:29:50,625 epoch 39 - iter 14/143 - loss 0.16968936 - samples/sec: 130.83 - lr: 0.006250
2020-09-17 21:29:54,455 epoch 39 - iter 28/143 - loss 0.18218881 - samples/sec: 116.97 - lr: 0.006250
2020-09-17 21:29:57,696 epoch 39 - iter 42/143 - loss 0.17980836 - samples/sec: 138.55 - lr: 0.006250
2020-09-17 21:30:01,461 epoch 39 - iter 56/143 - loss 0.18141678 - samples/sec: 119.01 - lr: 0.006250
2020-09-17 21:30:05,287 epoch 39 - iter 70/143 - loss 0.18207079 - samples/sec: 117.08 - lr: 0.006250
2020-09-17 21:30:08,749 epoch 39 - iter 84/143 - loss 0.17874169 - samples/sec: 129.41 - lr: 0.006250
2020-09-17 21:30:12,426 epoch 39 - iter 98/143 - loss 0.17478576 - samples/sec: 121.86 - lr: 0.006250
2020-09-17 21:30:15,716 epoch 39 - iter 112/143 - loss 0.17130561 - samples/sec: 136.14 - lr: 0.006250
2020-09-17 21:30:19,340 epoch 39 - iter 126/143 - loss 0.18323091 - samples/sec: 123.70 - lr: 0.006250
2020-09-17 21:30:22,872 epoch 39 - iter 140/143 - loss 0.18065411 - samples/sec: 127.15 - lr: 0.006250
2020-09-17 21:30:23,587 ----------------------------------------------------------------------------------------------------
2020-09-17 21:30:23,587 EPOCH 39 done: loss 0.1795 - lr 0.0062500
2020-09-17 21:30:46,803 DEV : loss 0.565143883228302 - score 0.9914
2020-09-17 21:30:47,138 BAD EPOCHS (no improvement): 2
2020-09-17 21:30:47,138 ----------------------------------------------------------------------------------------------------
2020-09-17 21:30:50,550 epoch 40 - iter 14/143 - loss 0.15831255 - samples/sec: 131.39 - lr: 0.006250
2020-09-17 21:30:54,197 epoch 40 - iter 28/143 - loss 0.18376292 - samples/sec: 122.81 - lr: 0.006250
2020-09-17 21:30:57,839 epoch 40 - iter 42/143 - loss 0.17291074 - samples/sec: 123.02 - lr: 0.006250
2020-09-17 21:31:01,491 epoch 40 - iter 56/143 - loss 0.17333675 - samples/sec: 122.67 - lr: 0.006250
2020-09-17 21:31:05,052 epoch 40 - iter 70/143 - loss 0.18702067 - samples/sec: 125.83 - lr: 0.006250
2020-09-17 21:31:08,357 epoch 40 - iter 84/143 - loss 0.18296778 - samples/sec: 135.55 - lr: 0.006250
2020-09-17 21:31:11,723 epoch 40 - iter 98/143 - loss 0.17713636 - samples/sec: 133.10 - lr: 0.006250
2020-09-17 21:31:15,482 epoch 40 - iter 112/143 - loss 0.17361109 - samples/sec: 119.17 - lr: 0.006250
2020-09-17 21:31:18,854 epoch 40 - iter 126/143 - loss 0.17309997 - samples/sec: 132.84 - lr: 0.006250
2020-09-17 21:31:22,060 epoch 40 - iter 140/143 - loss 0.17447089 - samples/sec: 139.76 - lr: 0.006250
2020-09-17 21:31:22,746 ----------------------------------------------------------------------------------------------------
2020-09-17 21:31:22,746 EPOCH 40 done: loss 0.1734 - lr 0.0062500
2020-09-17 21:31:46,401 DEV : loss 0.56627357006073 - score 0.9911
2020-09-17 21:31:46,735 BAD EPOCHS (no improvement): 3
2020-09-17 21:31:46,735 ----------------------------------------------------------------------------------------------------
2020-09-17 21:31:50,231 epoch 41 - iter 14/143 - loss 0.13491552 - samples/sec: 128.15 - lr: 0.006250
2020-09-17 21:31:53,668 epoch 41 - iter 28/143 - loss 0.16071172 - samples/sec: 130.36 - lr: 0.006250
2020-09-17 21:31:57,223 epoch 41 - iter 42/143 - loss 0.18381134 - samples/sec: 126.10 - lr: 0.006250
2020-09-17 21:32:00,895 epoch 41 - iter 56/143 - loss 0.19265498 - samples/sec: 121.99 - lr: 0.006250
2020-09-17 21:32:04,276 epoch 41 - iter 70/143 - loss 0.19449642 - samples/sec: 132.50 - lr: 0.006250
2020-09-17 21:32:07,746 epoch 41 - iter 84/143 - loss 0.22498719 - samples/sec: 129.13 - lr: 0.006250
2020-09-17 21:32:11,155 epoch 41 - iter 98/143 - loss 0.21899660 - samples/sec: 131.40 - lr: 0.006250
2020-09-17 21:32:14,702 epoch 41 - iter 112/143 - loss 0.21752012 - samples/sec: 126.32 - lr: 0.006250
2020-09-17 21:32:18,129 epoch 41 - iter 126/143 - loss 0.21073466 - samples/sec: 130.70 - lr: 0.006250
2020-09-17 21:32:21,472 epoch 41 - iter 140/143 - loss 0.20437085 - samples/sec: 134.02 - lr: 0.006250
2020-09-17 21:32:22,175 ----------------------------------------------------------------------------------------------------
2020-09-17 21:32:22,175 EPOCH 41 done: loss 0.2089 - lr 0.0062500
2020-09-17 21:32:45,458 DEV : loss 0.5681275725364685 - score 0.9913
2020-09-17 21:32:45,811 BAD EPOCHS (no improvement): 4
2020-09-17 21:32:45,811 ----------------------------------------------------------------------------------------------------
2020-09-17 21:32:49,417 epoch 42 - iter 14/143 - loss 0.27800104 - samples/sec: 124.38 - lr: 0.003125
2020-09-17 21:32:52,940 epoch 42 - iter 28/143 - loss 0.23087493 - samples/sec: 127.15 - lr: 0.003125
2020-09-17 21:32:56,470 epoch 42 - iter 42/143 - loss 0.21577814 - samples/sec: 126.93 - lr: 0.003125
2020-09-17 21:32:59,864 epoch 42 - iter 56/143 - loss 0.19848214 - samples/sec: 132.31 - lr: 0.003125
2020-09-17 21:33:03,089 epoch 42 - iter 70/143 - loss 0.18854698 - samples/sec: 138.91 - lr: 0.003125
2020-09-17 21:33:06,523 epoch 42 - iter 84/143 - loss 0.18463552 - samples/sec: 130.45 - lr: 0.003125
2020-09-17 21:33:09,810 epoch 42 - iter 98/143 - loss 0.17910901 - samples/sec: 136.30 - lr: 0.003125
2020-09-17 21:33:13,541 epoch 42 - iter 112/143 - loss 0.17691281 - samples/sec: 120.13 - lr: 0.003125
2020-09-17 21:33:17,007 epoch 42 - iter 126/143 - loss 0.18331366 - samples/sec: 129.24 - lr: 0.003125
2020-09-17 21:33:20,398 epoch 42 - iter 140/143 - loss 0.19064236 - samples/sec: 132.12 - lr: 0.003125
2020-09-17 21:33:20,953 ----------------------------------------------------------------------------------------------------
2020-09-17 21:33:20,953 EPOCH 42 done: loss 0.1896 - lr 0.0031250
2020-09-17 21:33:43,982 DEV : loss 0.5661223530769348 - score 0.9913
2020-09-17 21:33:44,318 BAD EPOCHS (no improvement): 1
2020-09-17 21:33:44,318 ----------------------------------------------------------------------------------------------------
2020-09-17 21:33:47,678 epoch 43 - iter 14/143 - loss 0.17781503 - samples/sec: 133.43 - lr: 0.003125
2020-09-17 21:33:51,108 epoch 43 - iter 28/143 - loss 0.17324243 - samples/sec: 130.61 - lr: 0.003125
2020-09-17 21:33:54,555 epoch 43 - iter 42/143 - loss 0.17414444 - samples/sec: 129.94 - lr: 0.003125
2020-09-17 21:33:58,015 epoch 43 - iter 56/143 - loss 0.16907028 - samples/sec: 129.48 - lr: 0.003125
2020-09-17 21:34:01,434 epoch 43 - iter 70/143 - loss 0.16710446 - samples/sec: 131.04 - lr: 0.003125
2020-09-17 21:34:05,146 epoch 43 - iter 84/143 - loss 0.17197491 - samples/sec: 120.70 - lr: 0.003125
2020-09-17 21:34:08,601 epoch 43 - iter 98/143 - loss 0.18249055 - samples/sec: 129.65 - lr: 0.003125
2020-09-17 21:34:11,954 epoch 43 - iter 112/143 - loss 0.17894883 - samples/sec: 133.62 - lr: 0.003125
2020-09-17 21:34:15,523 epoch 43 - iter 126/143 - loss 0.17545598 - samples/sec: 125.52 - lr: 0.003125
2020-09-17 21:34:18,928 epoch 43 - iter 140/143 - loss 0.17492563 - samples/sec: 131.58 - lr: 0.003125
2020-09-17 21:34:19,577 ----------------------------------------------------------------------------------------------------
2020-09-17 21:34:19,585 EPOCH 43 done: loss 0.1778 - lr 0.0031250
2020-09-17 21:34:43,090 DEV : loss 0.5706246495246887 - score 0.9913
2020-09-17 21:34:43,423 BAD EPOCHS (no improvement): 2
2020-09-17 21:34:43,423 ----------------------------------------------------------------------------------------------------
2020-09-17 21:34:46,946 epoch 44 - iter 14/143 - loss 0.17682538 - samples/sec: 127.29 - lr: 0.003125
2020-09-17 21:34:50,620 epoch 44 - iter 28/143 - loss 0.18024615 - samples/sec: 121.93 - lr: 0.003125
2020-09-17 21:34:53,784 epoch 44 - iter 42/143 - loss 0.18159371 - samples/sec: 141.57 - lr: 0.003125
2020-09-17 21:34:57,286 epoch 44 - iter 56/143 - loss 0.17763995 - samples/sec: 128.00 - lr: 0.003125
2020-09-17 21:35:00,843 epoch 44 - iter 70/143 - loss 0.17663515 - samples/sec: 125.97 - lr: 0.003125
2020-09-17 21:35:04,473 epoch 44 - iter 84/143 - loss 0.18048458 - samples/sec: 123.41 - lr: 0.003125
2020-09-17 21:35:08,070 epoch 44 - iter 98/143 - loss 0.20903330 - samples/sec: 124.63 - lr: 0.003125
2020-09-17 21:35:11,654 epoch 44 - iter 112/143 - loss 0.20397412 - samples/sec: 125.33 - lr: 0.003125
2020-09-17 21:35:14,923 epoch 44 - iter 126/143 - loss 0.19843267 - samples/sec: 137.07 - lr: 0.003125
2020-09-17 21:35:18,105 epoch 44 - iter 140/143 - loss 0.19636243 - samples/sec: 140.78 - lr: 0.003125
2020-09-17 21:35:18,702 ----------------------------------------------------------------------------------------------------
2020-09-17 21:35:18,702 EPOCH 44 done: loss 0.1954 - lr 0.0031250
2020-09-17 21:35:41,696 DEV : loss 0.5659438371658325 - score 0.9913
2020-09-17 21:35:42,038 BAD EPOCHS (no improvement): 3
2020-09-17 21:35:42,040 ----------------------------------------------------------------------------------------------------
2020-09-17 21:35:45,741 epoch 45 - iter 14/143 - loss 0.12272593 - samples/sec: 121.10 - lr: 0.003125
2020-09-17 21:35:49,086 epoch 45 - iter 28/143 - loss 0.14020041 - samples/sec: 134.29 - lr: 0.003125
2020-09-17 21:35:52,358 epoch 45 - iter 42/143 - loss 0.15366175 - samples/sec: 136.93 - lr: 0.003125
2020-09-17 21:35:55,993 epoch 45 - iter 56/143 - loss 0.15299183 - samples/sec: 123.22 - lr: 0.003125
2020-09-17 21:35:59,559 epoch 45 - iter 70/143 - loss 0.18141869 - samples/sec: 125.65 - lr: 0.003125
2020-09-17 21:36:03,091 epoch 45 - iter 84/143 - loss 0.17631500 - samples/sec: 126.84 - lr: 0.003125
2020-09-17 21:36:06,565 epoch 45 - iter 98/143 - loss 0.17523852 - samples/sec: 128.96 - lr: 0.003125
2020-09-17 21:36:10,266 epoch 45 - iter 112/143 - loss 0.18252630 - samples/sec: 121.06 - lr: 0.003125
2020-09-17 21:36:13,627 epoch 45 - iter 126/143 - loss 0.17668338 - samples/sec: 133.29 - lr: 0.003125
2020-09-17 21:36:17,128 epoch 45 - iter 140/143 - loss 0.17585269 - samples/sec: 127.95 - lr: 0.003125
2020-09-17 21:36:17,741 ----------------------------------------------------------------------------------------------------
2020-09-17 21:36:17,741 EPOCH 45 done: loss 0.1780 - lr 0.0031250
2020-09-17 21:36:40,929 DEV : loss 0.569826066493988 - score 0.9914
2020-09-17 21:36:41,312 BAD EPOCHS (no improvement): 4
2020-09-17 21:36:41,312 ----------------------------------------------------------------------------------------------------
2020-09-17 21:36:44,675 epoch 46 - iter 14/143 - loss 0.17147858 - samples/sec: 133.40 - lr: 0.001563
2020-09-17 21:36:48,277 epoch 46 - iter 28/143 - loss 0.16722045 - samples/sec: 124.37 - lr: 0.001563
2020-09-17 21:36:52,116 epoch 46 - iter 42/143 - loss 0.20154464 - samples/sec: 116.69 - lr: 0.001563
2020-09-17 21:36:55,560 epoch 46 - iter 56/143 - loss 0.19366162 - samples/sec: 130.08 - lr: 0.001563
2020-09-17 21:36:59,002 epoch 46 - iter 70/143 - loss 0.18258778 - samples/sec: 130.15 - lr: 0.001563
2020-09-17 21:37:02,446 epoch 46 - iter 84/143 - loss 0.17943483 - samples/sec: 130.08 - lr: 0.001563
2020-09-17 21:37:05,825 epoch 46 - iter 98/143 - loss 0.18217333 - samples/sec: 132.59 - lr: 0.001563
2020-09-17 21:37:09,401 epoch 46 - iter 112/143 - loss 0.18273599 - samples/sec: 125.29 - lr: 0.001563
2020-09-17 21:37:13,025 epoch 46 - iter 126/143 - loss 0.17766878 - samples/sec: 123.63 - lr: 0.001563
2020-09-17 21:37:16,286 epoch 46 - iter 140/143 - loss 0.18142830 - samples/sec: 137.34 - lr: 0.001563
2020-09-17 21:37:16,873 ----------------------------------------------------------------------------------------------------
2020-09-17 21:37:16,881 EPOCH 46 done: loss 0.1802 - lr 0.0015625
2020-09-17 21:37:40,412 DEV : loss 0.5700064301490784 - score 0.9913
2020-09-17 21:37:40,746 BAD EPOCHS (no improvement): 1
2020-09-17 21:37:40,746 ----------------------------------------------------------------------------------------------------
2020-09-17 21:37:44,452 epoch 47 - iter 14/143 - loss 0.15861726 - samples/sec: 120.91 - lr: 0.001563
2020-09-17 21:37:47,991 epoch 47 - iter 28/143 - loss 0.15045671 - samples/sec: 126.58 - lr: 0.001563
2020-09-17 21:37:51,333 epoch 47 - iter 42/143 - loss 0.14981391 - samples/sec: 134.05 - lr: 0.001563
2020-09-17 21:37:54,646 epoch 47 - iter 56/143 - loss 0.14469984 - samples/sec: 135.24 - lr: 0.001563
2020-09-17 21:37:58,067 epoch 47 - iter 70/143 - loss 0.14852596 - samples/sec: 131.25 - lr: 0.001563
2020-09-17 21:38:01,670 epoch 47 - iter 84/143 - loss 0.15372821 - samples/sec: 124.35 - lr: 0.001563
2020-09-17 21:38:05,307 epoch 47 - iter 98/143 - loss 0.15686372 - samples/sec: 123.52 - lr: 0.001563
2020-09-17 21:38:08,771 epoch 47 - iter 112/143 - loss 0.16175049 - samples/sec: 129.33 - lr: 0.001563
2020-09-17 21:38:12,262 epoch 47 - iter 126/143 - loss 0.17061900 - samples/sec: 128.31 - lr: 0.001563
2020-09-17 21:38:15,687 epoch 47 - iter 140/143 - loss 0.17221557 - samples/sec: 131.21 - lr: 0.001563
2020-09-17 21:38:16,329 ----------------------------------------------------------------------------------------------------
2020-09-17 21:38:16,329 EPOCH 47 done: loss 0.1739 - lr 0.0015625
2020-09-17 21:38:39,262 DEV : loss 0.5703561305999756 - score 0.9913
2020-09-17 21:38:39,619 BAD EPOCHS (no improvement): 2
2020-09-17 21:38:39,619 ----------------------------------------------------------------------------------------------------
2020-09-17 21:38:43,053 epoch 48 - iter 14/143 - loss 0.19088601 - samples/sec: 130.47 - lr: 0.001563
2020-09-17 21:38:46,332 epoch 48 - iter 28/143 - loss 0.18607509 - samples/sec: 136.61 - lr: 0.001563
2020-09-17 21:38:49,876 epoch 48 - iter 42/143 - loss 0.17825603 - samples/sec: 126.44 - lr: 0.001563
2020-09-17 21:38:53,741 epoch 48 - iter 56/143 - loss 0.18327194 - samples/sec: 115.92 - lr: 0.001563
2020-09-17 21:38:57,031 epoch 48 - iter 70/143 - loss 0.17571755 - samples/sec: 136.60 - lr: 0.001563
2020-09-17 21:39:00,618 epoch 48 - iter 84/143 - loss 0.18477132 - samples/sec: 124.98 - lr: 0.001563
2020-09-17 21:39:03,800 epoch 48 - iter 98/143 - loss 0.18720824 - samples/sec: 140.79 - lr: 0.001563
2020-09-17 21:39:07,585 epoch 48 - iter 112/143 - loss 0.18553540 - samples/sec: 118.34 - lr: 0.001563
2020-09-17 21:39:10,978 epoch 48 - iter 126/143 - loss 0.17672869 - samples/sec: 132.06 - lr: 0.001563
2020-09-17 21:39:14,731 epoch 48 - iter 140/143 - loss 0.18036693 - samples/sec: 119.36 - lr: 0.001563
2020-09-17 21:39:15,498 ----------------------------------------------------------------------------------------------------
2020-09-17 21:39:15,506 EPOCH 48 done: loss 0.1806 - lr 0.0015625
2020-09-17 21:39:38,640 DEV : loss 0.5717058181762695 - score 0.9913
2020-09-17 21:39:38,965 BAD EPOCHS (no improvement): 3
2020-09-17 21:39:38,965 ----------------------------------------------------------------------------------------------------
2020-09-17 21:39:42,490 epoch 49 - iter 14/143 - loss 0.14864635 - samples/sec: 127.48 - lr: 0.001563
2020-09-17 21:39:45,985 epoch 49 - iter 28/143 - loss 0.13272669 - samples/sec: 128.15 - lr: 0.001563
2020-09-17 21:39:49,426 epoch 49 - iter 42/143 - loss 0.13356489 - samples/sec: 130.19 - lr: 0.001563
2020-09-17 21:39:52,630 epoch 49 - iter 56/143 - loss 0.14244208 - samples/sec: 139.83 - lr: 0.001563
2020-09-17 21:39:56,058 epoch 49 - iter 70/143 - loss 0.16198408 - samples/sec: 130.68 - lr: 0.001563
2020-09-17 21:39:59,439 epoch 49 - iter 84/143 - loss 0.16362632 - samples/sec: 132.88 - lr: 0.001563
2020-09-17 21:40:02,851 epoch 49 - iter 98/143 - loss 0.16557843 - samples/sec: 131.29 - lr: 0.001563
2020-09-17 21:40:06,387 epoch 49 - iter 112/143 - loss 0.16543609 - samples/sec: 126.70 - lr: 0.001563
2020-09-17 21:40:09,717 epoch 49 - iter 126/143 - loss 0.16657252 - samples/sec: 134.56 - lr: 0.001563
2020-09-17 21:40:13,424 epoch 49 - iter 140/143 - loss 0.16913147 - samples/sec: 121.12 - lr: 0.001563
2020-09-17 21:40:14,102 ----------------------------------------------------------------------------------------------------
2020-09-17 21:40:14,102 EPOCH 49 done: loss 0.1686 - lr 0.0015625
2020-09-17 21:40:37,949 DEV : loss 0.5716602802276611 - score 0.9913
2020-09-17 21:40:38,277 BAD EPOCHS (no improvement): 4
2020-09-17 21:40:38,285 ----------------------------------------------------------------------------------------------------
2020-09-17 21:40:41,778 epoch 50 - iter 14/143 - loss 0.14342956 - samples/sec: 128.34 - lr: 0.000781
2020-09-17 21:40:44,997 epoch 50 - iter 28/143 - loss 0.15716191 - samples/sec: 139.17 - lr: 0.000781
2020-09-17 21:40:48,541 epoch 50 - iter 42/143 - loss 0.17554898 - samples/sec: 126.76 - lr: 0.000781
2020-09-17 21:40:51,876 epoch 50 - iter 56/143 - loss 0.16855392 - samples/sec: 134.39 - lr: 0.000781
2020-09-17 21:40:55,541 epoch 50 - iter 70/143 - loss 0.17117337 - samples/sec: 122.21 - lr: 0.000781
2020-09-17 21:40:58,975 epoch 50 - iter 84/143 - loss 0.17434500 - samples/sec: 130.48 - lr: 0.000781
2020-09-17 21:41:02,523 epoch 50 - iter 98/143 - loss 0.17019123 - samples/sec: 126.27 - lr: 0.000781
2020-09-17 21:41:05,895 epoch 50 - iter 112/143 - loss 0.16848435 - samples/sec: 132.83 - lr: 0.000781
2020-09-17 21:41:09,637 epoch 50 - iter 126/143 - loss 0.17498811 - samples/sec: 119.75 - lr: 0.000781
2020-09-17 21:41:13,327 epoch 50 - iter 140/143 - loss 0.18032232 - samples/sec: 121.40 - lr: 0.000781
2020-09-17 21:41:13,922 ----------------------------------------------------------------------------------------------------
2020-09-17 21:41:13,922 EPOCH 50 done: loss 0.1825 - lr 0.0007813
2020-09-17 21:41:36,877 DEV : loss 0.5709653496742249 - score 0.9914
2020-09-17 21:41:37,211 BAD EPOCHS (no improvement): 1
2020-09-17 21:41:37,213 ----------------------------------------------------------------------------------------------------
2020-09-17 21:41:40,675 epoch 51 - iter 14/143 - loss 0.19254463 - samples/sec: 129.42 - lr: 0.000781
2020-09-17 21:41:44,305 epoch 51 - iter 28/143 - loss 0.21472648 - samples/sec: 123.41 - lr: 0.000781
2020-09-17 21:41:47,654 epoch 51 - iter 42/143 - loss 0.21985281 - samples/sec: 133.76 - lr: 0.000781
2020-09-17 21:41:51,236 epoch 51 - iter 56/143 - loss 0.20322069 - samples/sec: 125.09 - lr: 0.000781
2020-09-17 21:41:54,698 epoch 51 - iter 70/143 - loss 0.19977458 - samples/sec: 129.43 - lr: 0.000781
2020-09-17 21:41:58,113 epoch 51 - iter 84/143 - loss 0.19478599 - samples/sec: 131.21 - lr: 0.000781
2020-09-17 21:42:01,462 epoch 51 - iter 98/143 - loss 0.18661498 - samples/sec: 133.75 - lr: 0.000781
2020-09-17 21:42:04,916 epoch 51 - iter 112/143 - loss 0.17863744 - samples/sec: 129.71 - lr: 0.000781
2020-09-17 21:42:08,508 epoch 51 - iter 126/143 - loss 0.17726492 - samples/sec: 124.70 - lr: 0.000781
2020-09-17 21:42:11,777 epoch 51 - iter 140/143 - loss 0.17625642 - samples/sec: 137.05 - lr: 0.000781
2020-09-17 21:42:12,373 ----------------------------------------------------------------------------------------------------
2020-09-17 21:42:12,373 EPOCH 51 done: loss 0.1764 - lr 0.0007813
2020-09-17 21:42:35,635 DEV : loss 0.5693025588989258 - score 0.9914
2020-09-17 21:42:35,961 BAD EPOCHS (no improvement): 2
2020-09-17 21:42:35,961 ----------------------------------------------------------------------------------------------------
2020-09-17 21:42:39,712 epoch 52 - iter 14/143 - loss 0.15554218 - samples/sec: 119.73 - lr: 0.000781
2020-09-17 21:42:43,308 epoch 52 - iter 28/143 - loss 0.15562197 - samples/sec: 124.58 - lr: 0.000781
2020-09-17 21:42:46,890 epoch 52 - iter 42/143 - loss 0.15268385 - samples/sec: 125.09 - lr: 0.000781
2020-09-17 21:42:50,535 epoch 52 - iter 56/143 - loss 0.16962524 - samples/sec: 122.90 - lr: 0.000781
2020-09-17 21:42:53,935 epoch 52 - iter 70/143 - loss 0.17547735 - samples/sec: 131.74 - lr: 0.000781
2020-09-17 21:42:57,313 epoch 52 - iter 84/143 - loss 0.17423154 - samples/sec: 132.63 - lr: 0.000781
2020-09-17 21:43:00,737 epoch 52 - iter 98/143 - loss 0.17534175 - samples/sec: 130.83 - lr: 0.000781
2020-09-17 21:43:04,069 epoch 52 - iter 112/143 - loss 0.17765419 - samples/sec: 134.48 - lr: 0.000781
2020-09-17 21:43:07,390 epoch 52 - iter 126/143 - loss 0.17706904 - samples/sec: 135.29 - lr: 0.000781
2020-09-17 21:43:11,398 epoch 52 - iter 140/143 - loss 0.17923510 - samples/sec: 111.77 - lr: 0.000781
2020-09-17 21:43:11,994 ----------------------------------------------------------------------------------------------------
2020-09-17 21:43:12,002 EPOCH 52 done: loss 0.1776 - lr 0.0007813
2020-09-17 21:43:35,080 DEV : loss 0.5691960453987122 - score 0.9914
2020-09-17 21:43:35,423 BAD EPOCHS (no improvement): 3
2020-09-17 21:43:35,423 ----------------------------------------------------------------------------------------------------
2020-09-17 21:43:38,803 epoch 53 - iter 14/143 - loss 0.17926965 - samples/sec: 132.59 - lr: 0.000781
2020-09-17 21:43:42,276 epoch 53 - iter 28/143 - loss 0.17423904 - samples/sec: 129.01 - lr: 0.000781
2020-09-17 21:43:45,808 epoch 53 - iter 42/143 - loss 0.18560399 - samples/sec: 127.21 - lr: 0.000781
2020-09-17 21:43:49,463 epoch 53 - iter 56/143 - loss 0.17750730 - samples/sec: 122.57 - lr: 0.000781
2020-09-17 21:43:52,945 epoch 53 - iter 70/143 - loss 0.16956086 - samples/sec: 128.67 - lr: 0.000781
2020-09-17 21:43:56,488 epoch 53 - iter 84/143 - loss 0.17054164 - samples/sec: 126.42 - lr: 0.000781
2020-09-17 21:43:59,715 epoch 53 - iter 98/143 - loss 0.17075646 - samples/sec: 138.85 - lr: 0.000781
2020-09-17 21:44:03,168 epoch 53 - iter 112/143 - loss 0.16973870 - samples/sec: 129.80 - lr: 0.000781
2020-09-17 21:44:06,586 epoch 53 - iter 126/143 - loss 0.17078899 - samples/sec: 131.07 - lr: 0.000781
2020-09-17 21:44:10,152 epoch 53 - iter 140/143 - loss 0.17151597 - samples/sec: 125.65 - lr: 0.000781
2020-09-17 21:44:10,830 ----------------------------------------------------------------------------------------------------
2020-09-17 21:44:10,830 EPOCH 53 done: loss 0.1783 - lr 0.0007813
2020-09-17 21:44:33,926 DEV : loss 0.5699092745780945 - score 0.9914
2020-09-17 21:44:34,262 BAD EPOCHS (no improvement): 4
2020-09-17 21:44:34,262 ----------------------------------------------------------------------------------------------------
2020-09-17 21:44:37,915 epoch 54 - iter 14/143 - loss 0.22998092 - samples/sec: 122.90 - lr: 0.000391
2020-09-17 21:44:41,385 epoch 54 - iter 28/143 - loss 0.19382267 - samples/sec: 129.11 - lr: 0.000391
2020-09-17 21:44:44,928 epoch 54 - iter 42/143 - loss 0.18157893 - samples/sec: 126.45 - lr: 0.000391
2020-09-17 21:44:48,302 epoch 54 - iter 56/143 - loss 0.16752501 - samples/sec: 132.77 - lr: 0.000391
2020-09-17 21:44:51,972 epoch 54 - iter 70/143 - loss 0.17303464 - samples/sec: 122.12 - lr: 0.000391
2020-09-17 21:44:55,443 epoch 54 - iter 84/143 - loss 0.17257130 - samples/sec: 129.06 - lr: 0.000391
2020-09-17 21:44:58,842 epoch 54 - iter 98/143 - loss 0.17365582 - samples/sec: 131.79 - lr: 0.000391
2020-09-17 21:45:02,283 epoch 54 - iter 112/143 - loss 0.17228624 - samples/sec: 130.21 - lr: 0.000391
2020-09-17 21:45:05,812 epoch 54 - iter 126/143 - loss 0.17414861 - samples/sec: 126.95 - lr: 0.000391
2020-09-17 21:45:09,286 epoch 54 - iter 140/143 - loss 0.17533539 - samples/sec: 129.02 - lr: 0.000391
2020-09-17 21:45:10,009 ----------------------------------------------------------------------------------------------------
2020-09-17 21:45:10,009 EPOCH 54 done: loss 0.1743 - lr 0.0003906
2020-09-17 21:45:33,063 DEV : loss 0.5706181526184082 - score 0.9914
2020-09-17 21:45:33,398 BAD EPOCHS (no improvement): 1
2020-09-17 21:45:33,398 ----------------------------------------------------------------------------------------------------
2020-09-17 21:45:36,958 epoch 55 - iter 14/143 - loss 0.15638450 - samples/sec: 126.07 - lr: 0.000391
2020-09-17 21:45:40,467 epoch 55 - iter 28/143 - loss 0.20240065 - samples/sec: 127.66 - lr: 0.000391
2020-09-17 21:45:43,878 epoch 55 - iter 42/143 - loss 0.19470064 - samples/sec: 131.33 - lr: 0.000391
2020-09-17 21:45:47,322 epoch 55 - iter 56/143 - loss 0.20280195 - samples/sec: 130.13 - lr: 0.000391
2020-09-17 21:45:51,353 epoch 55 - iter 70/143 - loss 0.19790823 - samples/sec: 111.14 - lr: 0.000391
2020-09-17 21:45:54,996 epoch 55 - iter 84/143 - loss 0.20243434 - samples/sec: 123.31 - lr: 0.000391
2020-09-17 21:45:58,322 epoch 55 - iter 98/143 - loss 0.20121592 - samples/sec: 134.77 - lr: 0.000391
2020-09-17 21:46:01,664 epoch 55 - iter 112/143 - loss 0.19025988 - samples/sec: 134.14 - lr: 0.000391
2020-09-17 21:46:05,233 epoch 55 - iter 126/143 - loss 0.18366647 - samples/sec: 125.52 - lr: 0.000391
2020-09-17 21:46:08,754 epoch 55 - iter 140/143 - loss 0.17962134 - samples/sec: 127.24 - lr: 0.000391
2020-09-17 21:46:09,359 ----------------------------------------------------------------------------------------------------
2020-09-17 21:46:09,359 EPOCH 55 done: loss 0.1807 - lr 0.0003906
2020-09-17 21:46:32,461 DEV : loss 0.5711029767990112 - score 0.9914
2020-09-17 21:46:32,807 BAD EPOCHS (no improvement): 2
2020-09-17 21:46:32,807 ----------------------------------------------------------------------------------------------------
2020-09-17 21:46:36,318 epoch 56 - iter 14/143 - loss 0.18128381 - samples/sec: 127.89 - lr: 0.000391
2020-09-17 21:46:39,733 epoch 56 - iter 28/143 - loss 0.21034555 - samples/sec: 131.18 - lr: 0.000391
2020-09-17 21:46:43,307 epoch 56 - iter 42/143 - loss 0.19350574 - samples/sec: 125.37 - lr: 0.000391
2020-09-17 21:46:46,638 epoch 56 - iter 56/143 - loss 0.19404326 - samples/sec: 134.51 - lr: 0.000391
2020-09-17 21:46:50,020 epoch 56 - iter 70/143 - loss 0.19820388 - samples/sec: 132.43 - lr: 0.000391
2020-09-17 21:46:53,489 epoch 56 - iter 84/143 - loss 0.19510681 - samples/sec: 129.15 - lr: 0.000391
2020-09-17 21:46:57,020 epoch 56 - iter 98/143 - loss 0.18496281 - samples/sec: 126.88 - lr: 0.000391
2020-09-17 21:47:00,846 epoch 56 - iter 112/143 - loss 0.18265187 - samples/sec: 117.09 - lr: 0.000391
2020-09-17 21:47:04,486 epoch 56 - iter 126/143 - loss 0.18004473 - samples/sec: 123.08 - lr: 0.000391
2020-09-17 21:47:07,827 epoch 56 - iter 140/143 - loss 0.18443627 - samples/sec: 134.12 - lr: 0.000391
2020-09-17 21:47:08,462 ----------------------------------------------------------------------------------------------------
2020-09-17 21:47:08,462 EPOCH 56 done: loss 0.1823 - lr 0.0003906
2020-09-17 21:47:31,552 DEV : loss 0.5711311101913452 - score 0.9914
2020-09-17 21:47:31,887 BAD EPOCHS (no improvement): 3
2020-09-17 21:47:31,889 ----------------------------------------------------------------------------------------------------
2020-09-17 21:47:35,524 epoch 57 - iter 14/143 - loss 0.26270196 - samples/sec: 123.27 - lr: 0.000391
2020-09-17 21:47:38,773 epoch 57 - iter 28/143 - loss 0.20160113 - samples/sec: 137.87 - lr: 0.000391
2020-09-17 21:47:42,264 epoch 57 - iter 42/143 - loss 0.18957895 - samples/sec: 128.33 - lr: 0.000391
2020-09-17 21:47:45,651 epoch 57 - iter 56/143 - loss 0.17468070 - samples/sec: 132.67 - lr: 0.000391
2020-09-17 21:47:48,983 epoch 57 - iter 70/143 - loss 0.17229346 - samples/sec: 134.87 - lr: 0.000391
2020-09-17 21:47:52,370 epoch 57 - iter 84/143 - loss 0.17803732 - samples/sec: 132.24 - lr: 0.000391
2020-09-17 21:47:56,103 epoch 57 - iter 98/143 - loss 0.18017188 - samples/sec: 120.03 - lr: 0.000391
2020-09-17 21:47:59,604 epoch 57 - iter 112/143 - loss 0.18311354 - samples/sec: 127.95 - lr: 0.000391
2020-09-17 21:48:03,059 epoch 57 - iter 126/143 - loss 0.18321507 - samples/sec: 129.76 - lr: 0.000391
2020-09-17 21:48:06,641 epoch 57 - iter 140/143 - loss 0.17831279 - samples/sec: 125.33 - lr: 0.000391
2020-09-17 21:48:07,361 ----------------------------------------------------------------------------------------------------
2020-09-17 21:48:07,361 EPOCH 57 done: loss 0.1830 - lr 0.0003906
2020-09-17 21:48:31,007 DEV : loss 0.5711169838905334 - score 0.9914
2020-09-17 21:48:31,342 BAD EPOCHS (no improvement): 4
2020-09-17 21:48:31,342 ----------------------------------------------------------------------------------------------------
2020-09-17 21:48:35,098 epoch 58 - iter 14/143 - loss 0.14681823 - samples/sec: 119.52 - lr: 0.000195
2020-09-17 21:48:38,552 epoch 58 - iter 28/143 - loss 0.16557880 - samples/sec: 129.71 - lr: 0.000195
2020-09-17 21:48:41,923 epoch 58 - iter 42/143 - loss 0.15845260 - samples/sec: 132.91 - lr: 0.000195
2020-09-17 21:48:45,222 epoch 58 - iter 56/143 - loss 0.15696837 - samples/sec: 135.77 - lr: 0.000195
2020-09-17 21:48:48,776 epoch 58 - iter 70/143 - loss 0.16319553 - samples/sec: 126.35 - lr: 0.000195
2020-09-17 21:48:52,198 epoch 58 - iter 84/143 - loss 0.16719359 - samples/sec: 131.32 - lr: 0.000195
2020-09-17 21:48:55,546 epoch 58 - iter 98/143 - loss 0.16765630 - samples/sec: 133.82 - lr: 0.000195
2020-09-17 21:48:59,041 epoch 58 - iter 112/143 - loss 0.16466208 - samples/sec: 128.23 - lr: 0.000195
2020-09-17 21:49:02,582 epoch 58 - iter 126/143 - loss 0.17111279 - samples/sec: 126.56 - lr: 0.000195
2020-09-17 21:49:06,311 epoch 58 - iter 140/143 - loss 0.17660763 - samples/sec: 120.13 - lr: 0.000195
2020-09-17 21:49:07,024 ----------------------------------------------------------------------------------------------------
2020-09-17 21:49:07,024 EPOCH 58 done: loss 0.1763 - lr 0.0001953
2020-09-17 21:49:29,981 DEV : loss 0.5711056590080261 - score 0.9914
2020-09-17 21:49:30,325 BAD EPOCHS (no improvement): 1
2020-09-17 21:49:30,325 ----------------------------------------------------------------------------------------------------
2020-09-17 21:49:33,858 epoch 59 - iter 14/143 - loss 0.16331080 - samples/sec: 126.92 - lr: 0.000195
2020-09-17 21:49:37,412 epoch 59 - iter 28/143 - loss 0.20979837 - samples/sec: 126.06 - lr: 0.000195
2020-09-17 21:49:40,713 epoch 59 - iter 42/143 - loss 0.20979330 - samples/sec: 135.80 - lr: 0.000195
2020-09-17 21:49:44,207 epoch 59 - iter 56/143 - loss 0.19373868 - samples/sec: 128.21 - lr: 0.000195
2020-09-17 21:49:47,688 epoch 59 - iter 70/143 - loss 0.19149976 - samples/sec: 128.69 - lr: 0.000195
2020-09-17 21:49:51,474 epoch 59 - iter 84/143 - loss 0.19294658 - samples/sec: 118.34 - lr: 0.000195
2020-09-17 21:49:54,922 epoch 59 - iter 98/143 - loss 0.19103214 - samples/sec: 129.92 - lr: 0.000195
2020-09-17 21:49:58,547 epoch 59 - iter 112/143 - loss 0.18900061 - samples/sec: 123.95 - lr: 0.000195
2020-09-17 21:50:02,012 epoch 59 - iter 126/143 - loss 0.18803503 - samples/sec: 129.29 - lr: 0.000195
2020-09-17 21:50:05,594 epoch 59 - iter 140/143 - loss 0.18925723 - samples/sec: 125.05 - lr: 0.000195
2020-09-17 21:50:06,148 ----------------------------------------------------------------------------------------------------
2020-09-17 21:50:06,148 EPOCH 59 done: loss 0.1895 - lr 0.0001953
2020-09-17 21:50:29,242 DEV : loss 0.570789635181427 - score 0.9914
2020-09-17 21:50:29,576 BAD EPOCHS (no improvement): 2
2020-09-17 21:50:29,578 ----------------------------------------------------------------------------------------------------
2020-09-17 21:50:33,089 epoch 60 - iter 14/143 - loss 0.15755513 - samples/sec: 127.67 - lr: 0.000195
2020-09-17 21:50:36,695 epoch 60 - iter 28/143 - loss 0.15521032 - samples/sec: 124.26 - lr: 0.000195
2020-09-17 21:50:40,341 epoch 60 - iter 42/143 - loss 0.16620451 - samples/sec: 122.86 - lr: 0.000195
2020-09-17 21:50:43,643 epoch 60 - iter 56/143 - loss 0.16273533 - samples/sec: 135.69 - lr: 0.000195
2020-09-17 21:50:46,964 epoch 60 - iter 70/143 - loss 0.16235037 - samples/sec: 134.89 - lr: 0.000195
2020-09-17 21:50:50,658 epoch 60 - iter 84/143 - loss 0.16520005 - samples/sec: 121.53 - lr: 0.000195
2020-09-17 21:50:54,229 epoch 60 - iter 98/143 - loss 0.16652054 - samples/sec: 125.75 - lr: 0.000195
2020-09-17 21:50:57,648 epoch 60 - iter 112/143 - loss 0.16569455 - samples/sec: 131.02 - lr: 0.000195
2020-09-17 21:51:01,066 epoch 60 - iter 126/143 - loss 0.16811550 - samples/sec: 131.07 - lr: 0.000195
2020-09-17 21:51:04,628 epoch 60 - iter 140/143 - loss 0.16781053 - samples/sec: 125.76 - lr: 0.000195
2020-09-17 21:51:05,220 ----------------------------------------------------------------------------------------------------
2020-09-17 21:51:05,220 EPOCH 60 done: loss 0.1691 - lr 0.0001953
2020-09-17 21:51:29,095 DEV : loss 0.5711811184883118 - score 0.9914
2020-09-17 21:51:29,430 BAD EPOCHS (no improvement): 3
2020-09-17 21:51:29,430 ----------------------------------------------------------------------------------------------------
2020-09-17 21:51:32,894 epoch 61 - iter 14/143 - loss 0.23003485 - samples/sec: 129.52 - lr: 0.000195
2020-09-17 21:51:36,606 epoch 61 - iter 28/143 - loss 0.18537647 - samples/sec: 120.67 - lr: 0.000195
2020-09-17 21:51:40,140 epoch 61 - iter 42/143 - loss 0.19110610 - samples/sec: 126.78 - lr: 0.000195
2020-09-17 21:51:43,561 epoch 61 - iter 56/143 - loss 0.17508711 - samples/sec: 130.97 - lr: 0.000195
2020-09-17 21:51:47,065 epoch 61 - iter 70/143 - loss 0.18058831 - samples/sec: 127.91 - lr: 0.000195
2020-09-17 21:51:50,456 epoch 61 - iter 84/143 - loss 0.19021552 - samples/sec: 132.14 - lr: 0.000195
2020-09-17 21:51:53,979 epoch 61 - iter 98/143 - loss 0.18720589 - samples/sec: 127.15 - lr: 0.000195
2020-09-17 21:51:57,446 epoch 61 - iter 112/143 - loss 0.19193903 - samples/sec: 129.24 - lr: 0.000195
2020-09-17 21:52:01,141 epoch 61 - iter 126/143 - loss 0.19242361 - samples/sec: 121.25 - lr: 0.000195
2020-09-17 21:52:04,561 epoch 61 - iter 140/143 - loss 0.19202341 - samples/sec: 131.27 - lr: 0.000195
2020-09-17 21:52:05,158 ----------------------------------------------------------------------------------------------------
2020-09-17 21:52:05,158 EPOCH 61 done: loss 0.1894 - lr 0.0001953
2020-09-17 21:52:28,178 DEV : loss 0.5711690187454224 - score 0.9914
2020-09-17 21:52:28,518 BAD EPOCHS (no improvement): 4
2020-09-17 21:52:28,518 ----------------------------------------------------------------------------------------------------
2020-09-17 21:52:28,518 ----------------------------------------------------------------------------------------------------
2020-09-17 21:52:28,520 learning rate too small - quitting training!
2020-09-17 21:52:28,521 ----------------------------------------------------------------------------------------------------
2020-09-17 21:52:39,719 ----------------------------------------------------------------------------------------------------
2020-09-17 21:52:39,719 Testing using best model ...
2020-09-17 21:52:39,728 loading file taggers\ncbi-disease-flair-word-readdataset\best-model.pt
2020-09-17 21:53:16,180 	0.991
2020-09-17 21:53:16,180 
Results:
- F-score (micro) 0.991
- F-score (macro) 0.923
- Accuracy 0.991

By class:
              precision    recall  f1-score   support

           O     0.9955    0.9957    0.9956    117737
           B     0.9369    0.9382    0.9376      5385
           I     0.8413    0.8305    0.8359      1628

    accuracy                         0.9910    124750
   macro avg     0.9246    0.9214    0.9230    124750
weighted avg     0.9910    0.9910    0.9910    124750

2020-09-17 21:53:16,180 ----------------------------------------------------------------------------------------------------
