2020-08-06 10:38:44,930 ----------------------------------------------------------------------------------------------------
2020-08-06 10:38:44,931 Model: "SequenceTagger(
  (embeddings): StackedEmbeddings(
    (list_embedding_0): WordEmbeddings('pubmed_pmc_wiki_sg_1M.gensim')
    (list_embedding_1): FlairEmbeddings(
      (lm): LanguageModel(
        (drop): Dropout(p=0.1, inplace=False)
        (encoder): Embedding(275, 100)
        (rnn): LSTM(100, 2048)
        (decoder): Linear(in_features=2048, out_features=275, bias=True)
      )
    )
    (list_embedding_2): FlairEmbeddings(
      (lm): LanguageModel(
        (drop): Dropout(p=0.1, inplace=False)
        (encoder): Embedding(275, 100)
        (rnn): LSTM(100, 2048)
        (decoder): Linear(in_features=2048, out_features=275, bias=True)
      )
    )
  )
  (word_dropout): WordDropout(p=0.05)
  (locked_dropout): LockedDropout(p=0.5)
  (embedding2nn): Linear(in_features=4296, out_features=4296, bias=True)
  (rnn): LSTM(4296, 256, batch_first=True, bidirectional=True)
  (linear): Linear(in_features=512, out_features=8, bias=True)
  (beta): 1.0
  (weights): None
  (weight_tensor) None
)"
2020-08-06 10:38:44,931 ----------------------------------------------------------------------------------------------------
2020-08-06 10:38:44,931 Corpus: "Corpus: 8602 train + 1395 dev + 4493 test sentences
Corpus: 1485 train + 204 dev + 767 test sentences
Corpus: 4275 train + 701 dev + 2130 test sentences
Corpus: 1058 train + 510 dev + 206 test sentences
Corpus: 2533 train + 454 dev + 1348 test sentences
Corpus: 4151 train + 594 dev + 1438 test sentences"
2020-08-06 10:38:44,931 ----------------------------------------------------------------------------------------------------
2020-08-06 10:38:44,931 Parameters:
2020-08-06 10:38:44,931  - learning_rate: "0.1"
2020-08-06 10:38:44,931  - mini_batch_size: "32"
2020-08-06 10:38:44,931  - patience: "3"
2020-08-06 10:38:44,931  - anneal_factor: "0.5"
2020-08-06 10:38:44,931  - max_epochs: "200"
2020-08-06 10:38:44,931  - shuffle: "True"
2020-08-06 10:38:44,931  - train_with_dev: "False"
2020-08-06 10:38:44,931  - batch_growth_annealing: "False"
2020-08-06 10:38:44,931 ----------------------------------------------------------------------------------------------------
2020-08-06 10:38:44,931 Model training base path: "new_models/huner-disease"
2020-08-06 10:38:44,931 ----------------------------------------------------------------------------------------------------
2020-08-06 10:38:44,931 Device: cuda:0
2020-08-06 10:38:44,931 ----------------------------------------------------------------------------------------------------
2020-08-06 10:38:44,931 Embeddings storage mode: cpu
2020-08-06 10:38:44,942 ----------------------------------------------------------------------------------------------------
2020-08-06 10:39:29,114 epoch 1 - iter 101/1016 - loss 5.24030685 - samples/sec: 73.19
2020-08-06 10:40:08,181 epoch 1 - iter 202/1016 - loss 3.68159415 - samples/sec: 84.46
2020-08-06 10:40:46,521 epoch 1 - iter 303/1016 - loss 3.07090843 - samples/sec: 86.00
2020-08-06 10:41:24,870 epoch 1 - iter 404/1016 - loss 2.68129269 - samples/sec: 86.39
2020-08-06 10:42:08,046 epoch 1 - iter 505/1016 - loss 2.41880468 - samples/sec: 76.15
2020-08-06 10:42:47,118 epoch 1 - iter 606/1016 - loss 2.23655216 - samples/sec: 85.07
2020-08-06 10:43:25,929 epoch 1 - iter 707/1016 - loss 2.09864418 - samples/sec: 84.90
2020-08-06 10:44:04,408 epoch 1 - iter 808/1016 - loss 1.98761744 - samples/sec: 85.83
2020-08-06 10:44:42,506 epoch 1 - iter 909/1016 - loss 1.89851097 - samples/sec: 86.49
2020-08-06 10:45:28,534 epoch 1 - iter 1010/1016 - loss 1.82970203 - samples/sec: 71.71
2020-08-06 10:45:31,498 ----------------------------------------------------------------------------------------------------
2020-08-06 10:45:31,499 EPOCH 1 done: loss 1.8268 - lr 0.1000000
2020-08-06 10:46:09,328 DEV : loss 0.9397402405738831 - score 0.7812
2020-08-06 10:46:09,888 BAD EPOCHS (no improvement): 0
2020-08-06 10:46:35,001 ----------------------------------------------------------------------------------------------------
2020-08-06 10:46:57,460 epoch 2 - iter 101/1016 - loss 1.07669546 - samples/sec: 143.99
2020-08-06 10:47:21,726 epoch 2 - iter 202/1016 - loss 1.10980027 - samples/sec: 138.20
2020-08-06 10:47:45,366 epoch 2 - iter 303/1016 - loss 1.10412924 - samples/sec: 142.42
2020-08-06 10:48:08,509 epoch 2 - iter 404/1016 - loss 1.08365940 - samples/sec: 145.58
2020-08-06 10:48:31,536 epoch 2 - iter 505/1016 - loss 1.05840962 - samples/sec: 146.92
2020-08-06 10:48:56,901 epoch 2 - iter 606/1016 - loss 1.05139877 - samples/sec: 132.21
2020-08-06 10:49:19,218 epoch 2 - iter 707/1016 - loss 1.04593246 - samples/sec: 151.26
2020-08-06 10:49:43,891 epoch 2 - iter 808/1016 - loss 1.03866552 - samples/sec: 136.77
2020-08-06 10:50:05,039 epoch 2 - iter 909/1016 - loss 1.02979462 - samples/sec: 159.51
2020-08-06 10:50:25,406 epoch 2 - iter 1010/1016 - loss 1.01841722 - samples/sec: 165.09
2020-08-06 10:50:27,188 ----------------------------------------------------------------------------------------------------
2020-08-06 10:50:27,188 EPOCH 2 done: loss 1.0176 - lr 0.1000000
2020-08-06 10:50:40,908 DEV : loss 0.7946958541870117 - score 0.7961
2020-08-06 10:50:41,485 BAD EPOCHS (no improvement): 0
2020-08-06 10:51:01,569 ----------------------------------------------------------------------------------------------------
2020-08-06 10:51:23,909 epoch 3 - iter 101/1016 - loss 0.96884566 - samples/sec: 144.77
2020-08-06 10:51:45,396 epoch 3 - iter 202/1016 - loss 0.92529545 - samples/sec: 157.06
2020-08-06 10:52:08,529 epoch 3 - iter 303/1016 - loss 0.91865429 - samples/sec: 145.00
2020-08-06 10:52:29,974 epoch 3 - iter 404/1016 - loss 0.91686971 - samples/sec: 158.86
2020-08-06 10:52:51,558 epoch 3 - iter 505/1016 - loss 0.91881127 - samples/sec: 155.63
2020-08-06 10:53:12,786 epoch 3 - iter 606/1016 - loss 0.91670355 - samples/sec: 158.65
2020-08-06 10:53:33,892 epoch 3 - iter 707/1016 - loss 0.91578446 - samples/sec: 159.16
2020-08-06 10:53:55,572 epoch 3 - iter 808/1016 - loss 0.91811260 - samples/sec: 154.21
2020-08-06 10:54:16,591 epoch 3 - iter 909/1016 - loss 0.91135840 - samples/sec: 159.85
2020-08-06 10:54:37,930 epoch 3 - iter 1010/1016 - loss 0.91096914 - samples/sec: 158.37
2020-08-06 10:54:39,775 ----------------------------------------------------------------------------------------------------
2020-08-06 10:54:39,775 EPOCH 3 done: loss 0.9111 - lr 0.1000000
2020-08-06 10:54:58,922 DEV : loss 0.8639770150184631 - score 0.8073
2020-08-06 10:54:59,490 BAD EPOCHS (no improvement): 0
2020-08-06 10:55:22,209 ----------------------------------------------------------------------------------------------------
2020-08-06 10:55:43,784 epoch 4 - iter 101/1016 - loss 0.80493985 - samples/sec: 149.92
2020-08-06 10:56:04,128 epoch 4 - iter 202/1016 - loss 0.83877432 - samples/sec: 165.10
2020-08-06 10:56:24,971 epoch 4 - iter 303/1016 - loss 0.83335350 - samples/sec: 161.18
2020-08-06 10:56:45,393 epoch 4 - iter 404/1016 - loss 0.82344887 - samples/sec: 164.84
2020-08-06 10:57:06,250 epoch 4 - iter 505/1016 - loss 0.82258052 - samples/sec: 162.58
2020-08-06 10:57:26,842 epoch 4 - iter 606/1016 - loss 0.83603564 - samples/sec: 163.23
2020-08-06 10:57:47,995 epoch 4 - iter 707/1016 - loss 0.84121996 - samples/sec: 161.81
2020-08-06 10:58:08,949 epoch 4 - iter 808/1016 - loss 0.84103380 - samples/sec: 160.54
2020-08-06 10:58:29,915 epoch 4 - iter 909/1016 - loss 0.84594943 - samples/sec: 159.46
2020-08-06 10:58:54,754 epoch 4 - iter 1010/1016 - loss 0.84664565 - samples/sec: 134.08
2020-08-06 10:58:57,050 ----------------------------------------------------------------------------------------------------
2020-08-06 10:58:57,051 EPOCH 4 done: loss 0.8528 - lr 0.1000000
2020-08-06 10:59:13,414 DEV : loss 0.7452898025512695 - score 0.8095
2020-08-06 10:59:14,188 BAD EPOCHS (no improvement): 0
2020-08-06 10:59:44,544 ----------------------------------------------------------------------------------------------------
2020-08-06 11:00:04,585 epoch 5 - iter 101/1016 - loss 0.76158640 - samples/sec: 161.39
2020-08-06 11:00:25,585 epoch 5 - iter 202/1016 - loss 0.78449199 - samples/sec: 161.59
2020-08-06 11:00:46,722 epoch 5 - iter 303/1016 - loss 0.80433059 - samples/sec: 163.74
2020-08-06 11:01:08,703 epoch 5 - iter 404/1016 - loss 0.79852780 - samples/sec: 157.29
2020-08-06 11:01:29,429 epoch 5 - iter 505/1016 - loss 0.80287740 - samples/sec: 163.93
2020-08-06 11:01:51,066 epoch 5 - iter 606/1016 - loss 0.80153888 - samples/sec: 157.71
2020-08-06 11:02:12,669 epoch 5 - iter 707/1016 - loss 0.80453712 - samples/sec: 155.95
2020-08-06 11:02:34,265 epoch 5 - iter 808/1016 - loss 0.80729394 - samples/sec: 156.20
2020-08-06 11:02:54,523 epoch 5 - iter 909/1016 - loss 0.80472029 - samples/sec: 166.59
2020-08-06 11:03:15,643 epoch 5 - iter 1010/1016 - loss 0.79797047 - samples/sec: 158.67
2020-08-06 11:03:17,503 ----------------------------------------------------------------------------------------------------
2020-08-06 11:03:17,504 EPOCH 5 done: loss 0.7970 - lr 0.1000000
2020-08-06 11:03:31,616 DEV : loss 0.7091756463050842 - score 0.8058
2020-08-06 11:03:32,183 BAD EPOCHS (no improvement): 1
2020-08-06 11:03:32,209 ----------------------------------------------------------------------------------------------------
2020-08-06 11:03:54,579 epoch 6 - iter 101/1016 - loss 0.75292532 - samples/sec: 144.58
2020-08-06 11:04:16,864 epoch 6 - iter 202/1016 - loss 0.75871669 - samples/sec: 150.53
2020-08-06 11:04:38,530 epoch 6 - iter 303/1016 - loss 0.76858619 - samples/sec: 155.06
2020-08-06 11:04:59,364 epoch 6 - iter 404/1016 - loss 0.76101075 - samples/sec: 161.30
2020-08-06 11:05:20,648 epoch 6 - iter 505/1016 - loss 0.76101606 - samples/sec: 156.98
2020-08-06 11:05:41,218 epoch 6 - iter 606/1016 - loss 0.75135107 - samples/sec: 163.03
2020-08-06 11:06:02,565 epoch 6 - iter 707/1016 - loss 0.75415491 - samples/sec: 157.73
2020-08-06 11:06:23,703 epoch 6 - iter 808/1016 - loss 0.75340812 - samples/sec: 159.07
2020-08-06 11:06:44,711 epoch 6 - iter 909/1016 - loss 0.75450122 - samples/sec: 161.73
2020-08-06 11:07:05,486 epoch 6 - iter 1010/1016 - loss 0.76134081 - samples/sec: 162.45
2020-08-06 11:07:07,496 ----------------------------------------------------------------------------------------------------
2020-08-06 11:07:07,496 EPOCH 6 done: loss 0.7615 - lr 0.1000000
2020-08-06 11:07:21,351 DEV : loss 0.6781343817710876 - score 0.8129
2020-08-06 11:07:21,914 BAD EPOCHS (no improvement): 0
2020-08-06 11:07:44,361 ----------------------------------------------------------------------------------------------------
2020-08-06 11:08:09,044 epoch 7 - iter 101/1016 - loss 0.75730540 - samples/sec: 131.01
2020-08-06 11:08:31,264 epoch 7 - iter 202/1016 - loss 0.75795095 - samples/sec: 152.13
2020-08-06 11:08:53,101 epoch 7 - iter 303/1016 - loss 0.75077505 - samples/sec: 154.69
2020-08-06 11:09:14,241 epoch 7 - iter 404/1016 - loss 0.75020856 - samples/sec: 162.92
2020-08-06 11:09:35,142 epoch 7 - iter 505/1016 - loss 0.74106734 - samples/sec: 163.12
2020-08-06 11:09:55,692 epoch 7 - iter 606/1016 - loss 0.73913275 - samples/sec: 166.12
2020-08-06 11:10:17,518 epoch 7 - iter 707/1016 - loss 0.73436329 - samples/sec: 154.94
2020-08-06 11:10:39,110 epoch 7 - iter 808/1016 - loss 0.73527434 - samples/sec: 156.05
2020-08-06 11:11:06,258 epoch 7 - iter 909/1016 - loss 0.73531009 - samples/sec: 123.25
2020-08-06 11:11:31,388 epoch 7 - iter 1010/1016 - loss 0.73598097 - samples/sec: 134.82
2020-08-06 11:11:33,402 ----------------------------------------------------------------------------------------------------
2020-08-06 11:11:33,403 EPOCH 7 done: loss 0.7351 - lr 0.1000000
2020-08-06 11:11:47,326 DEV : loss 0.7094601392745972 - score 0.8083
2020-08-06 11:11:47,895 BAD EPOCHS (no improvement): 1
2020-08-06 11:11:47,898 ----------------------------------------------------------------------------------------------------
2020-08-06 11:12:07,218 epoch 8 - iter 101/1016 - loss 0.71037021 - samples/sec: 167.42
2020-08-06 11:12:27,469 epoch 8 - iter 202/1016 - loss 0.68831729 - samples/sec: 165.20
2020-08-06 11:12:50,100 epoch 8 - iter 303/1016 - loss 0.70102256 - samples/sec: 147.75
2020-08-06 11:13:11,719 epoch 8 - iter 404/1016 - loss 0.70599489 - samples/sec: 155.02
2020-08-06 11:13:33,487 epoch 8 - iter 505/1016 - loss 0.71191193 - samples/sec: 154.70
2020-08-06 11:13:54,533 epoch 8 - iter 606/1016 - loss 0.71685443 - samples/sec: 159.43
2020-08-06 11:14:15,945 epoch 8 - iter 707/1016 - loss 0.71917647 - samples/sec: 157.31
2020-08-06 11:14:39,867 epoch 8 - iter 808/1016 - loss 0.71356276 - samples/sec: 140.78
2020-08-06 11:15:02,819 epoch 8 - iter 909/1016 - loss 0.70970908 - samples/sec: 149.07
2020-08-06 11:15:23,755 epoch 8 - iter 1010/1016 - loss 0.70897489 - samples/sec: 162.61
2020-08-06 11:15:26,392 ----------------------------------------------------------------------------------------------------
2020-08-06 11:15:26,392 EPOCH 8 done: loss 0.7079 - lr 0.1000000
2020-08-06 11:15:43,667 DEV : loss 0.6701003909111023 - score 0.8263
2020-08-06 11:15:44,435 BAD EPOCHS (no improvement): 0
2020-08-06 11:16:06,492 ----------------------------------------------------------------------------------------------------
2020-08-06 11:16:27,922 epoch 9 - iter 101/1016 - loss 0.66428051 - samples/sec: 150.91
2020-08-06 11:16:49,581 epoch 9 - iter 202/1016 - loss 0.67232902 - samples/sec: 162.27
2020-08-06 11:17:11,316 epoch 9 - iter 303/1016 - loss 0.68535378 - samples/sec: 155.08
2020-08-06 11:17:34,924 epoch 9 - iter 404/1016 - loss 0.69204282 - samples/sec: 141.80
2020-08-06 11:17:56,900 epoch 9 - iter 505/1016 - loss 0.68780214 - samples/sec: 158.94
2020-08-06 11:18:23,303 epoch 9 - iter 606/1016 - loss 0.68148783 - samples/sec: 131.44
2020-08-06 11:18:44,595 epoch 9 - iter 707/1016 - loss 0.67916109 - samples/sec: 158.30
2020-08-06 11:19:05,918 epoch 9 - iter 808/1016 - loss 0.68143875 - samples/sec: 160.75
2020-08-06 11:19:28,699 epoch 9 - iter 909/1016 - loss 0.68407707 - samples/sec: 150.83
2020-08-06 11:19:49,857 epoch 9 - iter 1010/1016 - loss 0.68271440 - samples/sec: 159.22
2020-08-06 11:19:51,800 ----------------------------------------------------------------------------------------------------
2020-08-06 11:19:51,800 EPOCH 9 done: loss 0.6847 - lr 0.1000000
2020-08-06 11:20:05,743 DEV : loss 0.6495009660720825 - score 0.8275
2020-08-06 11:20:06,313 BAD EPOCHS (no improvement): 0
2020-08-06 11:20:27,777 ----------------------------------------------------------------------------------------------------
2020-08-06 11:20:47,785 epoch 10 - iter 101/1016 - loss 0.68758285 - samples/sec: 161.66
2020-08-06 11:21:08,703 epoch 10 - iter 202/1016 - loss 0.69080149 - samples/sec: 162.00
2020-08-06 11:21:30,180 epoch 10 - iter 303/1016 - loss 0.68203904 - samples/sec: 156.50
2020-08-06 11:21:52,466 epoch 10 - iter 404/1016 - loss 0.67820596 - samples/sec: 155.78
2020-08-06 11:22:14,069 epoch 10 - iter 505/1016 - loss 0.67334261 - samples/sec: 157.30
2020-08-06 11:22:35,378 epoch 10 - iter 606/1016 - loss 0.67186220 - samples/sec: 157.59
2020-08-06 11:22:56,423 epoch 10 - iter 707/1016 - loss 0.67569772 - samples/sec: 159.53
2020-08-06 11:23:18,027 epoch 10 - iter 808/1016 - loss 0.67554324 - samples/sec: 155.59
2020-08-06 11:23:38,513 epoch 10 - iter 909/1016 - loss 0.66759223 - samples/sec: 164.79
2020-08-06 11:23:59,594 epoch 10 - iter 1010/1016 - loss 0.66897090 - samples/sec: 160.74
2020-08-06 11:24:01,897 ----------------------------------------------------------------------------------------------------
2020-08-06 11:24:01,898 EPOCH 10 done: loss 0.6694 - lr 0.1000000
2020-08-06 11:24:15,872 DEV : loss 0.6869414448738098 - score 0.8229
2020-08-06 11:24:16,437 BAD EPOCHS (no improvement): 1
2020-08-06 11:24:16,443 ----------------------------------------------------------------------------------------------------
2020-08-06 11:24:36,188 epoch 11 - iter 101/1016 - loss 0.63967047 - samples/sec: 163.81
2020-08-06 11:24:56,459 epoch 11 - iter 202/1016 - loss 0.64434131 - samples/sec: 166.82
2020-08-06 11:25:17,095 epoch 11 - iter 303/1016 - loss 0.63147946 - samples/sec: 162.98
2020-08-06 11:25:37,651 epoch 11 - iter 404/1016 - loss 0.64761840 - samples/sec: 163.33
2020-08-06 11:26:03,877 epoch 11 - iter 505/1016 - loss 0.65383054 - samples/sec: 127.18
2020-08-06 11:26:25,116 epoch 11 - iter 606/1016 - loss 0.64738603 - samples/sec: 159.26
2020-08-06 11:26:46,617 epoch 11 - iter 707/1016 - loss 0.65045028 - samples/sec: 157.41
2020-08-06 11:27:07,407 epoch 11 - iter 808/1016 - loss 0.64465201 - samples/sec: 162.99
2020-08-06 11:27:29,265 epoch 11 - iter 909/1016 - loss 0.64481394 - samples/sec: 153.80
2020-08-06 11:27:49,531 epoch 11 - iter 1010/1016 - loss 0.64739093 - samples/sec: 164.91
2020-08-06 11:27:51,304 ----------------------------------------------------------------------------------------------------
2020-08-06 11:27:51,304 EPOCH 11 done: loss 0.6498 - lr 0.1000000
2020-08-06 11:28:05,395 DEV : loss 0.6937256455421448 - score 0.8181
2020-08-06 11:28:05,977 BAD EPOCHS (no improvement): 2
2020-08-06 11:28:05,982 ----------------------------------------------------------------------------------------------------
2020-08-06 11:28:25,951 epoch 12 - iter 101/1016 - loss 0.65132984 - samples/sec: 161.98
2020-08-06 11:28:46,624 epoch 12 - iter 202/1016 - loss 0.66022811 - samples/sec: 161.29
2020-08-06 11:29:08,030 epoch 12 - iter 303/1016 - loss 0.63985247 - samples/sec: 157.73
2020-08-06 11:29:29,426 epoch 12 - iter 404/1016 - loss 0.63459151 - samples/sec: 156.43
2020-08-06 11:29:51,305 epoch 12 - iter 505/1016 - loss 0.63566633 - samples/sec: 153.10
2020-08-06 11:30:11,448 epoch 12 - iter 606/1016 - loss 0.62932211 - samples/sec: 167.06
2020-08-06 11:30:32,079 epoch 12 - iter 707/1016 - loss 0.62892901 - samples/sec: 162.71
2020-08-06 11:30:53,417 epoch 12 - iter 808/1016 - loss 0.63033224 - samples/sec: 158.26
2020-08-06 11:31:14,532 epoch 12 - iter 909/1016 - loss 0.63205953 - samples/sec: 159.28
2020-08-06 11:31:34,540 epoch 12 - iter 1010/1016 - loss 0.62986598 - samples/sec: 168.45
2020-08-06 11:31:36,693 ----------------------------------------------------------------------------------------------------
2020-08-06 11:31:36,694 EPOCH 12 done: loss 0.6294 - lr 0.1000000
2020-08-06 11:31:50,802 DEV : loss 0.6661261916160583 - score 0.832
2020-08-06 11:31:51,364 BAD EPOCHS (no improvement): 0
2020-08-06 11:32:12,798 ----------------------------------------------------------------------------------------------------
2020-08-06 11:32:34,263 epoch 13 - iter 101/1016 - loss 0.60083189 - samples/sec: 150.68
2020-08-06 11:32:55,436 epoch 13 - iter 202/1016 - loss 0.63027622 - samples/sec: 157.93
2020-08-06 11:33:15,693 epoch 13 - iter 303/1016 - loss 0.62500542 - samples/sec: 164.88
2020-08-06 11:33:36,543 epoch 13 - iter 404/1016 - loss 0.61631138 - samples/sec: 160.36
2020-08-06 11:33:57,843 epoch 13 - iter 505/1016 - loss 0.62411380 - samples/sec: 158.64
2020-08-06 11:34:18,437 epoch 13 - iter 606/1016 - loss 0.62125799 - samples/sec: 163.02
2020-08-06 11:34:39,979 epoch 13 - iter 707/1016 - loss 0.62477264 - samples/sec: 156.45
2020-08-06 11:35:01,465 epoch 13 - iter 808/1016 - loss 0.61982937 - samples/sec: 158.27
2020-08-06 11:35:24,960 epoch 13 - iter 909/1016 - loss 0.61822018 - samples/sec: 142.59
2020-08-06 11:35:46,901 epoch 13 - iter 1010/1016 - loss 0.61816674 - samples/sec: 153.45
2020-08-06 11:35:48,907 ----------------------------------------------------------------------------------------------------
2020-08-06 11:35:48,907 EPOCH 13 done: loss 0.6175 - lr 0.1000000
2020-08-06 11:36:02,775 DEV : loss 0.6525617837905884 - score 0.8297
2020-08-06 11:36:03,335 BAD EPOCHS (no improvement): 1
2020-08-06 11:36:03,342 ----------------------------------------------------------------------------------------------------
2020-08-06 11:36:23,463 epoch 14 - iter 101/1016 - loss 0.58296894 - samples/sec: 160.75
2020-08-06 11:36:44,463 epoch 14 - iter 202/1016 - loss 0.59278543 - samples/sec: 159.04
2020-08-06 11:37:04,571 epoch 14 - iter 303/1016 - loss 0.60035458 - samples/sec: 166.64
2020-08-06 11:37:25,738 epoch 14 - iter 404/1016 - loss 0.60679054 - samples/sec: 157.97
2020-08-06 11:37:48,640 epoch 14 - iter 505/1016 - loss 0.60484136 - samples/sec: 146.22
2020-08-06 11:38:12,514 epoch 14 - iter 606/1016 - loss 0.60325981 - samples/sec: 140.42
2020-08-06 11:38:36,178 epoch 14 - iter 707/1016 - loss 0.60726660 - samples/sec: 141.55
2020-08-06 11:38:56,762 epoch 14 - iter 808/1016 - loss 0.60461255 - samples/sec: 163.73
2020-08-06 11:39:17,760 epoch 14 - iter 909/1016 - loss 0.60534995 - samples/sec: 159.91
2020-08-06 11:39:39,897 epoch 14 - iter 1010/1016 - loss 0.60845919 - samples/sec: 151.06
2020-08-06 11:39:41,824 ----------------------------------------------------------------------------------------------------
2020-08-06 11:39:41,824 EPOCH 14 done: loss 0.6079 - lr 0.1000000
2020-08-06 11:39:55,751 DEV : loss 0.6958867311477661 - score 0.8233
2020-08-06 11:39:56,329 BAD EPOCHS (no improvement): 2
2020-08-06 11:39:56,361 ----------------------------------------------------------------------------------------------------
2020-08-06 11:40:15,725 epoch 15 - iter 101/1016 - loss 0.61247720 - samples/sec: 167.04
2020-08-06 11:40:41,812 epoch 15 - iter 202/1016 - loss 0.57702453 - samples/sec: 128.04
2020-08-06 11:41:02,856 epoch 15 - iter 303/1016 - loss 0.57531090 - samples/sec: 160.28
2020-08-06 11:41:23,461 epoch 15 - iter 404/1016 - loss 0.58313086 - samples/sec: 162.90
2020-08-06 11:41:45,930 epoch 15 - iter 505/1016 - loss 0.58540303 - samples/sec: 149.94
2020-08-06 11:42:08,079 epoch 15 - iter 606/1016 - loss 0.58151001 - samples/sec: 151.85
2020-08-06 11:42:29,187 epoch 15 - iter 707/1016 - loss 0.58181425 - samples/sec: 159.50
2020-08-06 11:42:49,703 epoch 15 - iter 808/1016 - loss 0.58328974 - samples/sec: 164.77
2020-08-06 11:43:10,646 epoch 15 - iter 909/1016 - loss 0.58309873 - samples/sec: 160.51
2020-08-06 11:43:31,725 epoch 15 - iter 1010/1016 - loss 0.58638846 - samples/sec: 158.81
2020-08-06 11:43:33,378 ----------------------------------------------------------------------------------------------------
2020-08-06 11:43:33,378 EPOCH 15 done: loss 0.5855 - lr 0.1000000
2020-08-06 11:43:47,281 DEV : loss 0.6437889933586121 - score 0.8316
2020-08-06 11:43:47,838 BAD EPOCHS (no improvement): 3
2020-08-06 11:43:47,845 ----------------------------------------------------------------------------------------------------
2020-08-06 11:44:07,999 epoch 16 - iter 101/1016 - loss 0.53803113 - samples/sec: 160.47
2020-08-06 11:44:28,673 epoch 16 - iter 202/1016 - loss 0.55156304 - samples/sec: 162.55
2020-08-06 11:44:49,002 epoch 16 - iter 303/1016 - loss 0.57012783 - samples/sec: 164.74
2020-08-06 11:45:09,951 epoch 16 - iter 404/1016 - loss 0.57216122 - samples/sec: 161.78
2020-08-06 11:45:31,327 epoch 16 - iter 505/1016 - loss 0.56642436 - samples/sec: 156.61
2020-08-06 11:45:51,708 epoch 16 - iter 606/1016 - loss 0.56557753 - samples/sec: 164.18
2020-08-06 11:46:12,146 epoch 16 - iter 707/1016 - loss 0.56396117 - samples/sec: 164.13
2020-08-06 11:46:32,952 epoch 16 - iter 808/1016 - loss 0.57074805 - samples/sec: 161.54
2020-08-06 11:46:54,421 epoch 16 - iter 909/1016 - loss 0.57413947 - samples/sec: 155.16
2020-08-06 11:47:16,371 epoch 16 - iter 1010/1016 - loss 0.57404081 - samples/sec: 152.04
2020-08-06 11:47:18,174 ----------------------------------------------------------------------------------------------------
2020-08-06 11:47:18,174 EPOCH 16 done: loss 0.5735 - lr 0.1000000
2020-08-06 11:47:32,199 DEV : loss 0.6616748571395874 - score 0.8353
2020-08-06 11:47:32,765 BAD EPOCHS (no improvement): 0
2020-08-06 11:47:53,064 ----------------------------------------------------------------------------------------------------
2020-08-06 11:48:13,211 epoch 17 - iter 101/1016 - loss 0.53505981 - samples/sec: 160.54
2020-08-06 11:48:34,565 epoch 17 - iter 202/1016 - loss 0.55549668 - samples/sec: 156.92
2020-08-06 11:48:56,246 epoch 17 - iter 303/1016 - loss 0.54767443 - samples/sec: 154.29
2020-08-06 11:49:19,449 epoch 17 - iter 404/1016 - loss 0.54607859 - samples/sec: 143.92
2020-08-06 11:49:40,442 epoch 17 - iter 505/1016 - loss 0.55850473 - samples/sec: 159.08
2020-08-06 11:50:01,051 epoch 17 - iter 606/1016 - loss 0.55484603 - samples/sec: 163.12
2020-08-06 11:50:22,226 epoch 17 - iter 707/1016 - loss 0.56287984 - samples/sec: 160.37
2020-08-06 11:50:42,912 epoch 17 - iter 808/1016 - loss 0.56358674 - samples/sec: 162.26
2020-08-06 11:51:03,762 epoch 17 - iter 909/1016 - loss 0.56124665 - samples/sec: 161.83
2020-08-06 11:51:25,048 epoch 17 - iter 1010/1016 - loss 0.56708448 - samples/sec: 157.06
2020-08-06 11:51:26,938 ----------------------------------------------------------------------------------------------------
2020-08-06 11:51:26,938 EPOCH 17 done: loss 0.5693 - lr 0.1000000
2020-08-06 11:51:42,519 DEV : loss 0.6479460597038269 - score 0.8355
2020-08-06 11:51:43,313 BAD EPOCHS (no improvement): 0
2020-08-06 11:52:06,221 ----------------------------------------------------------------------------------------------------
2020-08-06 11:52:28,208 epoch 18 - iter 101/1016 - loss 0.53720069 - samples/sec: 147.09
2020-08-06 11:52:49,489 epoch 18 - iter 202/1016 - loss 0.55237820 - samples/sec: 157.42
2020-08-06 11:53:10,934 epoch 18 - iter 303/1016 - loss 0.56001536 - samples/sec: 155.41
2020-08-06 11:53:32,077 epoch 18 - iter 404/1016 - loss 0.55898408 - samples/sec: 159.54
2020-08-06 11:53:52,809 epoch 18 - iter 505/1016 - loss 0.55916871 - samples/sec: 161.92
2020-08-06 11:54:13,502 epoch 18 - iter 606/1016 - loss 0.55484247 - samples/sec: 162.10
2020-08-06 11:54:34,949 epoch 18 - iter 707/1016 - loss 0.55399409 - samples/sec: 155.87
2020-08-06 11:54:56,484 epoch 18 - iter 808/1016 - loss 0.55416101 - samples/sec: 155.42
2020-08-06 11:55:16,881 epoch 18 - iter 909/1016 - loss 0.55312064 - samples/sec: 164.70
2020-08-06 11:55:38,046 epoch 18 - iter 1010/1016 - loss 0.55160526 - samples/sec: 159.22
2020-08-06 11:55:40,340 ----------------------------------------------------------------------------------------------------
2020-08-06 11:55:40,341 EPOCH 18 done: loss 0.5532 - lr 0.1000000
2020-08-06 11:56:00,094 DEV : loss 0.6562451720237732 - score 0.8309
2020-08-06 11:56:00,666 BAD EPOCHS (no improvement): 1
2020-08-06 11:56:00,675 ----------------------------------------------------------------------------------------------------
2020-08-06 11:56:21,498 epoch 19 - iter 101/1016 - loss 0.53236807 - samples/sec: 155.31
2020-08-06 11:56:43,535 epoch 19 - iter 202/1016 - loss 0.53523290 - samples/sec: 152.24
2020-08-06 11:57:05,219 epoch 19 - iter 303/1016 - loss 0.53274379 - samples/sec: 157.94
2020-08-06 11:57:25,669 epoch 19 - iter 404/1016 - loss 0.53091891 - samples/sec: 164.56
2020-08-06 11:57:49,049 epoch 19 - iter 505/1016 - loss 0.53133631 - samples/sec: 143.52
2020-08-06 11:58:10,659 epoch 19 - iter 606/1016 - loss 0.53693745 - samples/sec: 155.32
2020-08-06 11:58:31,043 epoch 19 - iter 707/1016 - loss 0.53343575 - samples/sec: 164.43
2020-08-06 11:58:51,500 epoch 19 - iter 808/1016 - loss 0.53589374 - samples/sec: 164.50
2020-08-06 11:59:12,774 epoch 19 - iter 909/1016 - loss 0.54124325 - samples/sec: 157.94
2020-08-06 11:59:33,271 epoch 19 - iter 1010/1016 - loss 0.54247569 - samples/sec: 165.38
2020-08-06 11:59:35,482 ----------------------------------------------------------------------------------------------------
2020-08-06 11:59:35,483 EPOCH 19 done: loss 0.5433 - lr 0.1000000
2020-08-06 11:59:49,526 DEV : loss 0.6560044288635254 - score 0.8273
2020-08-06 11:59:50,110 BAD EPOCHS (no improvement): 2
2020-08-06 11:59:50,116 ----------------------------------------------------------------------------------------------------
2020-08-06 12:00:12,030 epoch 20 - iter 101/1016 - loss 0.51420390 - samples/sec: 147.58
2020-08-06 12:00:38,644 epoch 20 - iter 202/1016 - loss 0.52307685 - samples/sec: 128.22
2020-08-06 12:00:59,246 epoch 20 - iter 303/1016 - loss 0.52696890 - samples/sec: 167.31
2020-08-06 12:01:20,043 epoch 20 - iter 404/1016 - loss 0.53449395 - samples/sec: 166.04
2020-08-06 12:01:41,023 epoch 20 - iter 505/1016 - loss 0.52979634 - samples/sec: 162.06
2020-08-06 12:02:04,992 epoch 20 - iter 606/1016 - loss 0.52577214 - samples/sec: 140.51
2020-08-06 12:02:26,946 epoch 20 - iter 707/1016 - loss 0.52902466 - samples/sec: 153.47
2020-08-06 12:02:50,344 epoch 20 - iter 808/1016 - loss 0.53040368 - samples/sec: 143.02
2020-08-06 12:03:11,709 epoch 20 - iter 909/1016 - loss 0.53145614 - samples/sec: 158.73
2020-08-06 12:03:32,693 epoch 20 - iter 1010/1016 - loss 0.53335441 - samples/sec: 161.72
2020-08-06 12:03:34,865 ----------------------------------------------------------------------------------------------------
2020-08-06 12:03:34,865 EPOCH 20 done: loss 0.5333 - lr 0.1000000
2020-08-06 12:03:49,021 DEV : loss 0.6396918296813965 - score 0.8381
2020-08-06 12:03:49,589 BAD EPOCHS (no improvement): 0
2020-08-06 12:04:12,091 ----------------------------------------------------------------------------------------------------
2020-08-06 12:04:31,951 epoch 21 - iter 101/1016 - loss 0.49580677 - samples/sec: 162.87
2020-08-06 12:04:52,824 epoch 21 - iter 202/1016 - loss 0.48821620 - samples/sec: 163.33
2020-08-06 12:05:14,016 epoch 21 - iter 303/1016 - loss 0.49538777 - samples/sec: 159.72
2020-08-06 12:05:35,252 epoch 21 - iter 404/1016 - loss 0.50187069 - samples/sec: 159.63
2020-08-06 12:05:57,338 epoch 21 - iter 505/1016 - loss 0.50837967 - samples/sec: 153.54
2020-08-06 12:06:19,303 epoch 21 - iter 606/1016 - loss 0.50891033 - samples/sec: 152.57
2020-08-06 12:06:39,954 epoch 21 - iter 707/1016 - loss 0.51785473 - samples/sec: 163.21
2020-08-06 12:07:03,533 epoch 21 - iter 808/1016 - loss 0.51874762 - samples/sec: 143.08
2020-08-06 12:07:25,468 epoch 21 - iter 909/1016 - loss 0.52000156 - samples/sec: 154.24
2020-08-06 12:07:46,151 epoch 21 - iter 1010/1016 - loss 0.51874487 - samples/sec: 162.67
2020-08-06 12:07:48,666 ----------------------------------------------------------------------------------------------------
2020-08-06 12:07:48,666 EPOCH 21 done: loss 0.5190 - lr 0.1000000
2020-08-06 12:08:02,607 DEV : loss 0.6604310870170593 - score 0.8375
2020-08-06 12:08:03,164 BAD EPOCHS (no improvement): 1
2020-08-06 12:08:03,169 ----------------------------------------------------------------------------------------------------
2020-08-06 12:08:23,300 epoch 22 - iter 101/1016 - loss 0.50442984 - samples/sec: 160.66
2020-08-06 12:08:44,380 epoch 22 - iter 202/1016 - loss 0.51724290 - samples/sec: 160.96
2020-08-06 12:09:08,192 epoch 22 - iter 303/1016 - loss 0.51778255 - samples/sec: 140.74
2020-08-06 12:09:30,692 epoch 22 - iter 404/1016 - loss 0.51364325 - samples/sec: 148.77
2020-08-06 12:09:52,122 epoch 22 - iter 505/1016 - loss 0.51464114 - samples/sec: 157.13
2020-08-06 12:10:16,315 epoch 22 - iter 606/1016 - loss 0.51468891 - samples/sec: 138.48
2020-08-06 12:10:38,855 epoch 22 - iter 707/1016 - loss 0.51329603 - samples/sec: 149.91
2020-08-06 12:11:00,253 epoch 22 - iter 808/1016 - loss 0.51324450 - samples/sec: 156.72
2020-08-06 12:11:22,119 epoch 22 - iter 909/1016 - loss 0.51152480 - samples/sec: 153.86
2020-08-06 12:11:44,397 epoch 22 - iter 1010/1016 - loss 0.51087327 - samples/sec: 151.77
2020-08-06 12:11:46,328 ----------------------------------------------------------------------------------------------------
2020-08-06 12:11:46,328 EPOCH 22 done: loss 0.5112 - lr 0.1000000
2020-08-06 12:12:05,757 DEV : loss 0.6594527959823608 - score 0.8283
2020-08-06 12:12:06,325 BAD EPOCHS (no improvement): 2
2020-08-06 12:12:06,329 ----------------------------------------------------------------------------------------------------
2020-08-06 12:12:26,693 epoch 23 - iter 101/1016 - loss 0.51353805 - samples/sec: 158.83
2020-08-06 12:12:47,268 epoch 23 - iter 202/1016 - loss 0.50419460 - samples/sec: 163.39
2020-08-06 12:13:08,007 epoch 23 - iter 303/1016 - loss 0.49816913 - samples/sec: 162.69
2020-08-06 12:13:28,685 epoch 23 - iter 404/1016 - loss 0.49716762 - samples/sec: 162.67
2020-08-06 12:13:49,123 epoch 23 - iter 505/1016 - loss 0.50371366 - samples/sec: 164.37
2020-08-06 12:14:09,800 epoch 23 - iter 606/1016 - loss 0.50528438 - samples/sec: 162.37
2020-08-06 12:14:31,089 epoch 23 - iter 707/1016 - loss 0.50221742 - samples/sec: 158.88
2020-08-06 12:14:53,643 epoch 23 - iter 808/1016 - loss 0.49974693 - samples/sec: 149.22
2020-08-06 12:15:14,639 epoch 23 - iter 909/1016 - loss 0.50040655 - samples/sec: 161.75
2020-08-06 12:15:34,795 epoch 23 - iter 1010/1016 - loss 0.49877341 - samples/sec: 165.86
2020-08-06 12:15:36,751 ----------------------------------------------------------------------------------------------------
2020-08-06 12:15:36,751 EPOCH 23 done: loss 0.4983 - lr 0.1000000
2020-08-06 12:15:50,861 DEV : loss 0.6315038800239563 - score 0.83
2020-08-06 12:15:51,428 BAD EPOCHS (no improvement): 3
2020-08-06 12:15:51,433 ----------------------------------------------------------------------------------------------------
2020-08-06 12:16:10,959 epoch 24 - iter 101/1016 - loss 0.44559611 - samples/sec: 165.66
2020-08-06 12:16:31,969 epoch 24 - iter 202/1016 - loss 0.47599842 - samples/sec: 160.28
2020-08-06 12:16:55,689 epoch 24 - iter 303/1016 - loss 0.47359930 - samples/sec: 141.17
2020-08-06 12:17:17,080 epoch 24 - iter 404/1016 - loss 0.46908389 - samples/sec: 158.86
2020-08-06 12:17:38,174 epoch 24 - iter 505/1016 - loss 0.48008345 - samples/sec: 159.44
2020-08-06 12:17:59,553 epoch 24 - iter 606/1016 - loss 0.48582730 - samples/sec: 157.19
2020-08-06 12:18:20,191 epoch 24 - iter 707/1016 - loss 0.48588647 - samples/sec: 161.77
2020-08-06 12:18:41,156 epoch 24 - iter 808/1016 - loss 0.48818693 - samples/sec: 160.09
2020-08-06 12:19:01,241 epoch 24 - iter 909/1016 - loss 0.49624878 - samples/sec: 167.92
2020-08-06 12:19:21,973 epoch 24 - iter 1010/1016 - loss 0.49584535 - samples/sec: 164.10
2020-08-06 12:19:23,913 ----------------------------------------------------------------------------------------------------
2020-08-06 12:19:23,913 EPOCH 24 done: loss 0.4974 - lr 0.1000000
2020-08-06 12:19:37,798 DEV : loss 0.665920615196228 - score 0.8307
2020-08-06 12:19:38,365 BAD EPOCHS (no improvement): 4
2020-08-06 12:19:38,369 ----------------------------------------------------------------------------------------------------
2020-08-06 12:19:59,510 epoch 25 - iter 101/1016 - loss 0.47934253 - samples/sec: 152.99
2020-08-06 12:20:19,961 epoch 25 - iter 202/1016 - loss 0.45338828 - samples/sec: 164.78
2020-08-06 12:20:41,449 epoch 25 - iter 303/1016 - loss 0.45634209 - samples/sec: 157.01
2020-08-06 12:21:02,413 epoch 25 - iter 404/1016 - loss 0.46193975 - samples/sec: 161.27
2020-08-06 12:21:23,670 epoch 25 - iter 505/1016 - loss 0.45964222 - samples/sec: 158.21
2020-08-06 12:21:45,318 epoch 25 - iter 606/1016 - loss 0.45337996 - samples/sec: 155.14
2020-08-06 12:22:10,154 epoch 25 - iter 707/1016 - loss 0.45208716 - samples/sec: 134.44
2020-08-06 12:22:34,519 epoch 25 - iter 808/1016 - loss 0.45649069 - samples/sec: 138.15
2020-08-06 12:23:00,212 epoch 25 - iter 909/1016 - loss 0.45570820 - samples/sec: 130.95
2020-08-06 12:23:23,612 epoch 25 - iter 1010/1016 - loss 0.45440033 - samples/sec: 143.45
2020-08-06 12:23:25,514 ----------------------------------------------------------------------------------------------------
2020-08-06 12:23:25,514 EPOCH 25 done: loss 0.4552 - lr 0.0500000
2020-08-06 12:23:42,707 DEV : loss 0.6394016742706299 - score 0.8374
2020-08-06 12:23:43,479 BAD EPOCHS (no improvement): 1
2020-08-06 12:23:43,485 ----------------------------------------------------------------------------------------------------
2020-08-06 12:24:07,785 epoch 26 - iter 101/1016 - loss 0.44028745 - samples/sec: 133.08
2020-08-06 12:24:31,337 epoch 26 - iter 202/1016 - loss 0.45527095 - samples/sec: 142.05
2020-08-06 12:24:56,066 epoch 26 - iter 303/1016 - loss 0.45756463 - samples/sec: 136.25
2020-08-06 12:25:16,948 epoch 26 - iter 404/1016 - loss 0.45853171 - samples/sec: 160.84
2020-08-06 12:25:39,019 epoch 26 - iter 505/1016 - loss 0.45102552 - samples/sec: 151.54
2020-08-06 12:26:00,457 epoch 26 - iter 606/1016 - loss 0.44817580 - samples/sec: 157.36
2020-08-06 12:26:24,088 epoch 26 - iter 707/1016 - loss 0.45118788 - samples/sec: 141.16
2020-08-06 12:26:44,987 epoch 26 - iter 808/1016 - loss 0.44808151 - samples/sec: 160.81
2020-08-06 12:27:12,060 epoch 26 - iter 909/1016 - loss 0.44936571 - samples/sec: 124.63
2020-08-06 12:27:32,980 epoch 26 - iter 1010/1016 - loss 0.44904965 - samples/sec: 160.24
2020-08-06 12:27:34,866 ----------------------------------------------------------------------------------------------------
2020-08-06 12:27:34,866 EPOCH 26 done: loss 0.4483 - lr 0.0500000
2020-08-06 12:27:48,654 DEV : loss 0.6489173173904419 - score 0.8343
2020-08-06 12:27:49,208 BAD EPOCHS (no improvement): 2
2020-08-06 12:27:49,214 ----------------------------------------------------------------------------------------------------
2020-08-06 12:28:09,210 epoch 27 - iter 101/1016 - loss 0.43999112 - samples/sec: 161.73
2020-08-06 12:28:29,787 epoch 27 - iter 202/1016 - loss 0.44341102 - samples/sec: 163.99
2020-08-06 12:28:51,640 epoch 27 - iter 303/1016 - loss 0.43729893 - samples/sec: 154.42
2020-08-06 12:29:13,161 epoch 27 - iter 404/1016 - loss 0.43565349 - samples/sec: 156.49
2020-08-06 12:29:34,805 epoch 27 - iter 505/1016 - loss 0.43760789 - samples/sec: 155.33
2020-08-06 12:29:55,833 epoch 27 - iter 606/1016 - loss 0.43707024 - samples/sec: 160.85
2020-08-06 12:30:16,999 epoch 27 - iter 707/1016 - loss 0.43058106 - samples/sec: 160.44
2020-08-06 12:30:38,600 epoch 27 - iter 808/1016 - loss 0.43427885 - samples/sec: 157.30
2020-08-06 12:31:01,353 epoch 27 - iter 909/1016 - loss 0.44105962 - samples/sec: 150.85
2020-08-06 12:31:22,569 epoch 27 - iter 1010/1016 - loss 0.43675573 - samples/sec: 160.53
2020-08-06 12:31:25,171 ----------------------------------------------------------------------------------------------------
2020-08-06 12:31:25,172 EPOCH 27 done: loss 0.4376 - lr 0.0500000
2020-08-06 12:31:39,171 DEV : loss 0.6397359371185303 - score 0.8432
2020-08-06 12:31:39,744 BAD EPOCHS (no improvement): 0
2020-08-06 12:32:01,844 ----------------------------------------------------------------------------------------------------
2020-08-06 12:32:22,505 epoch 28 - iter 101/1016 - loss 0.41586402 - samples/sec: 156.53
2020-08-06 12:32:45,570 epoch 28 - iter 202/1016 - loss 0.42778236 - samples/sec: 147.22
2020-08-06 12:33:07,036 epoch 28 - iter 303/1016 - loss 0.42282323 - samples/sec: 159.02
2020-08-06 12:33:28,578 epoch 28 - iter 404/1016 - loss 0.41973449 - samples/sec: 158.52
2020-08-06 12:33:52,702 epoch 28 - iter 505/1016 - loss 0.41798740 - samples/sec: 138.55
2020-08-06 12:34:17,699 epoch 28 - iter 606/1016 - loss 0.41927144 - samples/sec: 134.09
2020-08-06 12:34:43,015 epoch 28 - iter 707/1016 - loss 0.41608818 - samples/sec: 132.95
2020-08-06 12:35:04,699 epoch 28 - iter 808/1016 - loss 0.41539598 - samples/sec: 154.84
2020-08-06 12:35:27,510 epoch 28 - iter 909/1016 - loss 0.42155459 - samples/sec: 145.96
2020-08-06 12:35:49,255 epoch 28 - iter 1010/1016 - loss 0.42318052 - samples/sec: 156.35
2020-08-06 12:35:51,269 ----------------------------------------------------------------------------------------------------
2020-08-06 12:35:51,270 EPOCH 28 done: loss 0.4227 - lr 0.0500000
2020-08-06 12:36:05,277 DEV : loss 0.6324001550674438 - score 0.8412
2020-08-06 12:36:05,845 BAD EPOCHS (no improvement): 1
2020-08-06 12:36:05,851 ----------------------------------------------------------------------------------------------------
2020-08-06 12:36:25,933 epoch 29 - iter 101/1016 - loss 0.41283650 - samples/sec: 161.07
2020-08-06 12:36:47,448 epoch 29 - iter 202/1016 - loss 0.43245395 - samples/sec: 160.05
2020-08-06 12:37:08,463 epoch 29 - iter 303/1016 - loss 0.43396307 - samples/sec: 162.66
2020-08-06 12:37:31,145 epoch 29 - iter 404/1016 - loss 0.42257355 - samples/sec: 147.56
2020-08-06 12:37:54,184 epoch 29 - iter 505/1016 - loss 0.42099446 - samples/sec: 144.89
2020-08-06 12:38:18,344 epoch 29 - iter 606/1016 - loss 0.42507598 - samples/sec: 137.75
2020-08-06 12:38:43,429 epoch 29 - iter 707/1016 - loss 0.42393933 - samples/sec: 133.25
2020-08-06 12:39:07,800 epoch 29 - iter 808/1016 - loss 0.42535672 - samples/sec: 137.84
2020-08-06 12:39:32,430 epoch 29 - iter 909/1016 - loss 0.42789015 - samples/sec: 135.77
2020-08-06 12:39:55,546 epoch 29 - iter 1010/1016 - loss 0.42693629 - samples/sec: 145.21
2020-08-06 12:39:57,593 ----------------------------------------------------------------------------------------------------
2020-08-06 12:39:57,594 EPOCH 29 done: loss 0.4272 - lr 0.0500000
2020-08-06 12:40:14,081 DEV : loss 0.6540499925613403 - score 0.837
2020-08-06 12:40:14,865 BAD EPOCHS (no improvement): 2
2020-08-06 12:40:14,870 ----------------------------------------------------------------------------------------------------
2020-08-06 12:40:36,888 epoch 30 - iter 101/1016 - loss 0.40005201 - samples/sec: 146.88
2020-08-06 12:40:58,022 epoch 30 - iter 202/1016 - loss 0.40595315 - samples/sec: 160.10
2020-08-06 12:41:18,696 epoch 30 - iter 303/1016 - loss 0.42235128 - samples/sec: 161.74
2020-08-06 12:41:39,827 epoch 30 - iter 404/1016 - loss 0.42539460 - samples/sec: 158.99
2020-08-06 12:42:00,524 epoch 30 - iter 505/1016 - loss 0.42524703 - samples/sec: 162.55
2020-08-06 12:42:21,380 epoch 30 - iter 606/1016 - loss 0.42428828 - samples/sec: 163.70
2020-08-06 12:42:47,318 epoch 30 - iter 707/1016 - loss 0.42074369 - samples/sec: 128.29
2020-08-06 12:43:07,792 epoch 30 - iter 808/1016 - loss 0.42182220 - samples/sec: 163.57
2020-08-06 12:43:28,243 epoch 30 - iter 909/1016 - loss 0.42454684 - samples/sec: 164.69
2020-08-06 12:43:49,092 epoch 30 - iter 1010/1016 - loss 0.42026825 - samples/sec: 160.34
2020-08-06 12:43:50,950 ----------------------------------------------------------------------------------------------------
2020-08-06 12:43:50,950 EPOCH 30 done: loss 0.4205 - lr 0.0500000
2020-08-06 12:44:04,847 DEV : loss 0.6667750477790833 - score 0.8399
2020-08-06 12:44:05,413 BAD EPOCHS (no improvement): 3
2020-08-06 12:44:05,418 ----------------------------------------------------------------------------------------------------
2020-08-06 12:44:25,351 epoch 31 - iter 101/1016 - loss 0.41331228 - samples/sec: 162.27
2020-08-06 12:44:46,478 epoch 31 - iter 202/1016 - loss 0.40276487 - samples/sec: 158.52
2020-08-06 12:45:06,944 epoch 31 - iter 303/1016 - loss 0.40949847 - samples/sec: 164.10
2020-08-06 12:45:28,100 epoch 31 - iter 404/1016 - loss 0.41475276 - samples/sec: 158.98
2020-08-06 12:45:48,689 epoch 31 - iter 505/1016 - loss 0.40802552 - samples/sec: 163.66
2020-08-06 12:46:10,010 epoch 31 - iter 606/1016 - loss 0.40528056 - samples/sec: 157.17
2020-08-06 12:46:30,341 epoch 31 - iter 707/1016 - loss 0.40679325 - samples/sec: 165.45
2020-08-06 12:46:51,771 epoch 31 - iter 808/1016 - loss 0.40893855 - samples/sec: 157.37
2020-08-06 12:47:12,021 epoch 31 - iter 909/1016 - loss 0.40932476 - samples/sec: 165.69
2020-08-06 12:47:32,547 epoch 31 - iter 1010/1016 - loss 0.41022415 - samples/sec: 163.23
2020-08-06 12:47:34,312 ----------------------------------------------------------------------------------------------------
2020-08-06 12:47:34,312 EPOCH 31 done: loss 0.4104 - lr 0.0500000
2020-08-06 12:47:48,268 DEV : loss 0.6615713834762573 - score 0.8366
2020-08-06 12:47:48,833 BAD EPOCHS (no improvement): 4
2020-08-06 12:47:48,838 ----------------------------------------------------------------------------------------------------
2020-08-06 12:48:09,247 epoch 32 - iter 101/1016 - loss 0.38499104 - samples/sec: 158.48
2020-08-06 12:48:29,765 epoch 32 - iter 202/1016 - loss 0.39711019 - samples/sec: 162.85
2020-08-06 12:48:50,792 epoch 32 - iter 303/1016 - loss 0.39312936 - samples/sec: 158.63
2020-08-06 12:49:11,556 epoch 32 - iter 404/1016 - loss 0.39463145 - samples/sec: 160.90
2020-08-06 12:49:33,214 epoch 32 - iter 505/1016 - loss 0.40242248 - samples/sec: 155.05
2020-08-06 12:49:53,620 epoch 32 - iter 606/1016 - loss 0.40123656 - samples/sec: 164.39
2020-08-06 12:50:16,255 epoch 32 - iter 707/1016 - loss 0.39881582 - samples/sec: 147.56
2020-08-06 12:50:36,905 epoch 32 - iter 808/1016 - loss 0.39928489 - samples/sec: 162.59
2020-08-06 12:50:57,379 epoch 32 - iter 909/1016 - loss 0.39922665 - samples/sec: 164.39
2020-08-06 12:51:18,382 epoch 32 - iter 1010/1016 - loss 0.39926299 - samples/sec: 160.72
2020-08-06 12:51:20,067 ----------------------------------------------------------------------------------------------------
2020-08-06 12:51:20,067 EPOCH 32 done: loss 0.3994 - lr 0.0250000
2020-08-06 12:51:33,967 DEV : loss 0.6555168032646179 - score 0.8439
2020-08-06 12:51:34,531 BAD EPOCHS (no improvement): 0
2020-08-06 12:51:56,069 ----------------------------------------------------------------------------------------------------
2020-08-06 12:52:15,884 epoch 33 - iter 101/1016 - loss 0.36899961 - samples/sec: 163.23
2020-08-06 12:52:36,854 epoch 33 - iter 202/1016 - loss 0.36547339 - samples/sec: 162.79
2020-08-06 12:52:59,037 epoch 33 - iter 303/1016 - loss 0.36953517 - samples/sec: 152.47
2020-08-06 12:53:20,384 epoch 33 - iter 404/1016 - loss 0.37673978 - samples/sec: 157.28
2020-08-06 12:53:40,978 epoch 33 - iter 505/1016 - loss 0.37905692 - samples/sec: 164.74
2020-08-06 12:54:03,934 epoch 33 - iter 606/1016 - loss 0.38013354 - samples/sec: 145.73
2020-08-06 12:54:28,704 epoch 33 - iter 707/1016 - loss 0.38070809 - samples/sec: 134.68
2020-08-06 12:54:52,020 epoch 33 - iter 808/1016 - loss 0.38291676 - samples/sec: 144.62
2020-08-06 12:55:13,316 epoch 33 - iter 909/1016 - loss 0.38393913 - samples/sec: 157.64
2020-08-06 12:55:34,474 epoch 33 - iter 1010/1016 - loss 0.38659491 - samples/sec: 158.49
2020-08-06 12:55:36,882 ----------------------------------------------------------------------------------------------------
2020-08-06 12:55:36,883 EPOCH 33 done: loss 0.3854 - lr 0.0250000
2020-08-06 12:55:50,991 DEV : loss 0.6599246263504028 - score 0.839
2020-08-06 12:55:51,580 BAD EPOCHS (no improvement): 1
2020-08-06 12:55:51,586 ----------------------------------------------------------------------------------------------------
2020-08-06 12:56:11,316 epoch 34 - iter 101/1016 - loss 0.37017685 - samples/sec: 163.92
2020-08-06 12:56:32,267 epoch 34 - iter 202/1016 - loss 0.37933580 - samples/sec: 160.30
2020-08-06 12:56:53,221 epoch 34 - iter 303/1016 - loss 0.37522228 - samples/sec: 160.04
2020-08-06 12:57:20,038 epoch 34 - iter 404/1016 - loss 0.38170136 - samples/sec: 124.07
2020-08-06 12:57:42,363 epoch 34 - iter 505/1016 - loss 0.38215147 - samples/sec: 149.79
2020-08-06 12:58:05,975 epoch 34 - iter 606/1016 - loss 0.38309609 - samples/sec: 141.81
2020-08-06 12:58:29,155 epoch 34 - iter 707/1016 - loss 0.38310945 - samples/sec: 144.56
2020-08-06 12:58:50,081 epoch 34 - iter 808/1016 - loss 0.38504050 - samples/sec: 160.38
2020-08-06 12:59:11,759 epoch 34 - iter 909/1016 - loss 0.38290167 - samples/sec: 160.40
2020-08-06 12:59:32,868 epoch 34 - iter 1010/1016 - loss 0.38482168 - samples/sec: 159.53
2020-08-06 12:59:34,752 ----------------------------------------------------------------------------------------------------
2020-08-06 12:59:34,752 EPOCH 34 done: loss 0.3852 - lr 0.0250000
2020-08-06 12:59:48,625 DEV : loss 0.6545177698135376 - score 0.8417
2020-08-06 12:59:49,191 BAD EPOCHS (no improvement): 2
2020-08-06 12:59:49,196 ----------------------------------------------------------------------------------------------------
2020-08-06 13:00:09,641 epoch 35 - iter 101/1016 - loss 0.39512714 - samples/sec: 158.19
2020-08-06 13:00:33,505 epoch 35 - iter 202/1016 - loss 0.37778898 - samples/sec: 146.44
2020-08-06 13:00:55,444 epoch 35 - iter 303/1016 - loss 0.37390985 - samples/sec: 157.84
2020-08-06 13:01:18,899 epoch 35 - iter 404/1016 - loss 0.37951499 - samples/sec: 144.53
2020-08-06 13:01:41,071 epoch 35 - iter 505/1016 - loss 0.38368357 - samples/sec: 154.32
2020-08-06 13:02:04,690 epoch 35 - iter 606/1016 - loss 0.38113845 - samples/sec: 144.51
2020-08-06 13:02:29,150 epoch 35 - iter 707/1016 - loss 0.38084972 - samples/sec: 137.93
2020-08-06 13:02:55,487 epoch 35 - iter 808/1016 - loss 0.38216298 - samples/sec: 127.07
2020-08-06 13:03:20,142 epoch 35 - iter 909/1016 - loss 0.38301591 - samples/sec: 135.41
2020-08-06 13:03:43,860 epoch 35 - iter 1010/1016 - loss 0.38287819 - samples/sec: 144.04
2020-08-06 13:03:46,325 ----------------------------------------------------------------------------------------------------
2020-08-06 13:03:46,325 EPOCH 35 done: loss 0.3827 - lr 0.0250000
2020-08-06 13:04:00,375 DEV : loss 0.6682301759719849 - score 0.8421
2020-08-06 13:04:00,933 BAD EPOCHS (no improvement): 3
2020-08-06 13:04:00,938 ----------------------------------------------------------------------------------------------------
2020-08-06 13:04:21,387 epoch 36 - iter 101/1016 - loss 0.38833103 - samples/sec: 158.15
2020-08-06 13:04:41,510 epoch 36 - iter 202/1016 - loss 0.38190593 - samples/sec: 167.74
2020-08-06 13:05:03,335 epoch 36 - iter 303/1016 - loss 0.37782033 - samples/sec: 155.67
2020-08-06 13:05:24,207 epoch 36 - iter 404/1016 - loss 0.37898579 - samples/sec: 160.02
2020-08-06 13:05:45,935 epoch 36 - iter 505/1016 - loss 0.38162355 - samples/sec: 154.10
2020-08-06 13:06:07,131 epoch 36 - iter 606/1016 - loss 0.38125630 - samples/sec: 158.62
2020-08-06 13:06:28,644 epoch 36 - iter 707/1016 - loss 0.38000057 - samples/sec: 160.73
2020-08-06 13:06:52,713 epoch 36 - iter 808/1016 - loss 0.37876614 - samples/sec: 138.95
2020-08-06 13:07:16,171 epoch 36 - iter 909/1016 - loss 0.37850069 - samples/sec: 142.33
2020-08-06 13:07:38,866 epoch 36 - iter 1010/1016 - loss 0.37787286 - samples/sec: 149.08
2020-08-06 13:07:41,207 ----------------------------------------------------------------------------------------------------
2020-08-06 13:07:41,208 EPOCH 36 done: loss 0.3776 - lr 0.0250000
2020-08-06 13:07:58,263 DEV : loss 0.6765233874320984 - score 0.8385
2020-08-06 13:07:59,035 BAD EPOCHS (no improvement): 4
2020-08-06 13:07:59,039 ----------------------------------------------------------------------------------------------------
2020-08-06 13:08:21,452 epoch 37 - iter 101/1016 - loss 0.35599315 - samples/sec: 144.29
2020-08-06 13:08:43,416 epoch 37 - iter 202/1016 - loss 0.36671199 - samples/sec: 155.14
2020-08-06 13:09:05,621 epoch 37 - iter 303/1016 - loss 0.36594019 - samples/sec: 154.71
2020-08-06 13:09:26,180 epoch 37 - iter 404/1016 - loss 0.36058165 - samples/sec: 164.69
2020-08-06 13:09:46,867 epoch 37 - iter 505/1016 - loss 0.35907955 - samples/sec: 163.59
2020-08-06 13:10:07,933 epoch 37 - iter 606/1016 - loss 0.36082779 - samples/sec: 161.86
2020-08-06 13:10:29,360 epoch 37 - iter 707/1016 - loss 0.36295752 - samples/sec: 156.42
2020-08-06 13:10:50,527 epoch 37 - iter 808/1016 - loss 0.36180799 - samples/sec: 158.48
2020-08-06 13:11:12,296 epoch 37 - iter 909/1016 - loss 0.36099721 - samples/sec: 155.87
2020-08-06 13:11:32,676 epoch 37 - iter 1010/1016 - loss 0.36199229 - samples/sec: 165.22
2020-08-06 13:11:35,030 ----------------------------------------------------------------------------------------------------
2020-08-06 13:11:35,031 EPOCH 37 done: loss 0.3619 - lr 0.0125000
2020-08-06 13:11:54,311 DEV : loss 0.6832232475280762 - score 0.8408
2020-08-06 13:11:55,088 BAD EPOCHS (no improvement): 1
2020-08-06 13:11:55,094 ----------------------------------------------------------------------------------------------------
2020-08-06 13:12:17,601 epoch 38 - iter 101/1016 - loss 0.37413097 - samples/sec: 143.68
2020-08-06 13:12:40,060 epoch 38 - iter 202/1016 - loss 0.36010212 - samples/sec: 150.54
2020-08-06 13:13:00,634 epoch 38 - iter 303/1016 - loss 0.36336638 - samples/sec: 163.64
2020-08-06 13:13:21,673 epoch 38 - iter 404/1016 - loss 0.36301026 - samples/sec: 163.10
2020-08-06 13:13:44,819 epoch 38 - iter 505/1016 - loss 0.37203160 - samples/sec: 156.28
2020-08-06 13:14:05,959 epoch 38 - iter 606/1016 - loss 0.37135466 - samples/sec: 159.23
2020-08-06 13:14:27,369 epoch 38 - iter 707/1016 - loss 0.36845081 - samples/sec: 156.45
2020-08-06 13:14:49,633 epoch 38 - iter 808/1016 - loss 0.36659505 - samples/sec: 155.51
2020-08-06 13:15:10,803 epoch 38 - iter 909/1016 - loss 0.36937329 - samples/sec: 159.17
2020-08-06 13:15:31,336 epoch 38 - iter 1010/1016 - loss 0.36993903 - samples/sec: 163.50
2020-08-06 13:15:33,786 ----------------------------------------------------------------------------------------------------
2020-08-06 13:15:33,786 EPOCH 38 done: loss 0.3698 - lr 0.0125000
2020-08-06 13:15:47,926 DEV : loss 0.6740224361419678 - score 0.8423
2020-08-06 13:15:48,482 BAD EPOCHS (no improvement): 2
2020-08-06 13:15:48,485 ----------------------------------------------------------------------------------------------------
2020-08-06 13:16:07,978 epoch 39 - iter 101/1016 - loss 0.35584857 - samples/sec: 165.91
2020-08-06 13:16:28,556 epoch 39 - iter 202/1016 - loss 0.37504139 - samples/sec: 163.89
2020-08-06 13:16:49,493 epoch 39 - iter 303/1016 - loss 0.36511052 - samples/sec: 159.70
2020-08-06 13:17:10,287 epoch 39 - iter 404/1016 - loss 0.36247387 - samples/sec: 162.36
2020-08-06 13:17:32,019 epoch 39 - iter 505/1016 - loss 0.36241805 - samples/sec: 155.07
2020-08-06 13:17:55,860 epoch 39 - iter 606/1016 - loss 0.35960948 - samples/sec: 141.40
2020-08-06 13:18:17,192 epoch 39 - iter 707/1016 - loss 0.35976249 - samples/sec: 159.51
2020-08-06 13:18:38,374 epoch 39 - iter 808/1016 - loss 0.36055620 - samples/sec: 158.06
2020-08-06 13:18:59,209 epoch 39 - iter 909/1016 - loss 0.36253170 - samples/sec: 163.64
2020-08-06 13:19:20,812 epoch 39 - iter 1010/1016 - loss 0.36059044 - samples/sec: 155.17
2020-08-06 13:19:23,323 ----------------------------------------------------------------------------------------------------
2020-08-06 13:19:23,323 EPOCH 39 done: loss 0.3610 - lr 0.0125000
2020-08-06 13:19:37,547 DEV : loss 0.6786243319511414 - score 0.8416
2020-08-06 13:19:38,113 BAD EPOCHS (no improvement): 3
2020-08-06 13:19:38,117 ----------------------------------------------------------------------------------------------------
2020-08-06 13:19:57,125 epoch 40 - iter 101/1016 - loss 0.33131574 - samples/sec: 170.17
2020-08-06 13:20:18,354 epoch 40 - iter 202/1016 - loss 0.35400751 - samples/sec: 157.08
2020-08-06 13:20:39,998 epoch 40 - iter 303/1016 - loss 0.35676216 - samples/sec: 161.28
2020-08-06 13:21:00,818 epoch 40 - iter 404/1016 - loss 0.35899765 - samples/sec: 160.77
2020-08-06 13:21:21,816 epoch 40 - iter 505/1016 - loss 0.36267059 - samples/sec: 160.33
2020-08-06 13:21:43,308 epoch 40 - iter 606/1016 - loss 0.36050061 - samples/sec: 157.44
2020-08-06 13:22:03,606 epoch 40 - iter 707/1016 - loss 0.36250345 - samples/sec: 165.91
2020-08-06 13:22:25,046 epoch 40 - iter 808/1016 - loss 0.36266978 - samples/sec: 157.56
2020-08-06 13:22:46,340 epoch 40 - iter 909/1016 - loss 0.36024818 - samples/sec: 159.98
2020-08-06 13:23:07,049 epoch 40 - iter 1010/1016 - loss 0.36099570 - samples/sec: 161.58
2020-08-06 13:23:08,908 ----------------------------------------------------------------------------------------------------
2020-08-06 13:23:08,909 EPOCH 40 done: loss 0.3613 - lr 0.0125000
2020-08-06 13:23:22,853 DEV : loss 0.6726360321044922 - score 0.8425
2020-08-06 13:23:23,418 BAD EPOCHS (no improvement): 4
2020-08-06 13:23:23,424 ----------------------------------------------------------------------------------------------------
2020-08-06 13:23:43,239 epoch 41 - iter 101/1016 - loss 0.34738690 - samples/sec: 163.23
2020-08-06 13:24:04,149 epoch 41 - iter 202/1016 - loss 0.35449329 - samples/sec: 161.70
2020-08-06 13:24:25,349 epoch 41 - iter 303/1016 - loss 0.34831044 - samples/sec: 161.79
2020-08-06 13:24:46,147 epoch 41 - iter 404/1016 - loss 0.34730934 - samples/sec: 162.14
2020-08-06 13:25:07,124 epoch 41 - iter 505/1016 - loss 0.35238546 - samples/sec: 160.14
2020-08-06 13:25:28,742 epoch 41 - iter 606/1016 - loss 0.35059737 - samples/sec: 155.95
2020-08-06 13:25:50,654 epoch 41 - iter 707/1016 - loss 0.35343837 - samples/sec: 152.39
2020-08-06 13:26:12,507 epoch 41 - iter 808/1016 - loss 0.35387568 - samples/sec: 155.45
2020-08-06 13:26:33,512 epoch 41 - iter 909/1016 - loss 0.35540491 - samples/sec: 161.19
2020-08-06 13:26:53,909 epoch 41 - iter 1010/1016 - loss 0.35477433 - samples/sec: 165.73
2020-08-06 13:26:56,155 ----------------------------------------------------------------------------------------------------
2020-08-06 13:26:56,156 EPOCH 41 done: loss 0.3546 - lr 0.0062500
2020-08-06 13:27:15,401 DEV : loss 0.675822377204895 - score 0.8415
2020-08-06 13:27:15,970 BAD EPOCHS (no improvement): 1
2020-08-06 13:27:15,977 ----------------------------------------------------------------------------------------------------
2020-08-06 13:27:36,030 epoch 42 - iter 101/1016 - loss 0.37535925 - samples/sec: 161.30
2020-08-06 13:27:56,243 epoch 42 - iter 202/1016 - loss 0.37281320 - samples/sec: 165.59
2020-08-06 13:28:17,381 epoch 42 - iter 303/1016 - loss 0.37016530 - samples/sec: 159.77
2020-08-06 13:28:38,522 epoch 42 - iter 404/1016 - loss 0.36572433 - samples/sec: 158.42
2020-08-06 13:29:00,082 epoch 42 - iter 505/1016 - loss 0.36352333 - samples/sec: 155.63
2020-08-06 13:29:20,661 epoch 42 - iter 606/1016 - loss 0.35882715 - samples/sec: 163.21
2020-08-06 13:29:41,577 epoch 42 - iter 707/1016 - loss 0.35387664 - samples/sec: 161.45
2020-08-06 13:30:02,827 epoch 42 - iter 808/1016 - loss 0.35370302 - samples/sec: 160.52
2020-08-06 13:30:22,912 epoch 42 - iter 909/1016 - loss 0.35448645 - samples/sec: 166.36
2020-08-06 13:30:43,505 epoch 42 - iter 1010/1016 - loss 0.35283862 - samples/sec: 165.47
2020-08-06 13:30:45,529 ----------------------------------------------------------------------------------------------------
2020-08-06 13:30:45,529 EPOCH 42 done: loss 0.3525 - lr 0.0062500
2020-08-06 13:30:59,453 DEV : loss 0.6778776049613953 - score 0.8415
2020-08-06 13:31:00,019 BAD EPOCHS (no improvement): 2
2020-08-06 13:31:00,054 ----------------------------------------------------------------------------------------------------
2020-08-06 13:31:20,187 epoch 43 - iter 101/1016 - loss 0.38400925 - samples/sec: 160.65
2020-08-06 13:31:42,279 epoch 43 - iter 202/1016 - loss 0.37233298 - samples/sec: 154.08
2020-08-06 13:32:02,159 epoch 43 - iter 303/1016 - loss 0.36083204 - samples/sec: 168.15
2020-08-06 13:32:22,315 epoch 43 - iter 404/1016 - loss 0.35941360 - samples/sec: 168.40
2020-08-06 13:32:42,889 epoch 43 - iter 505/1016 - loss 0.35734533 - samples/sec: 164.93
2020-08-06 13:33:03,922 epoch 43 - iter 606/1016 - loss 0.35499242 - samples/sec: 159.12
2020-08-06 13:33:25,290 epoch 43 - iter 707/1016 - loss 0.35015902 - samples/sec: 161.12
2020-08-06 13:33:45,739 epoch 43 - iter 808/1016 - loss 0.35028163 - samples/sec: 163.56
2020-08-06 13:34:06,909 epoch 43 - iter 909/1016 - loss 0.34957901 - samples/sec: 158.88
2020-08-06 13:34:29,599 epoch 43 - iter 1010/1016 - loss 0.35310136 - samples/sec: 148.37
2020-08-06 13:34:31,357 ----------------------------------------------------------------------------------------------------
2020-08-06 13:34:31,357 EPOCH 43 done: loss 0.3528 - lr 0.0062500
2020-08-06 13:34:45,236 DEV : loss 0.6791354417800903 - score 0.842
2020-08-06 13:34:45,802 BAD EPOCHS (no improvement): 3
2020-08-06 13:34:45,808 ----------------------------------------------------------------------------------------------------
2020-08-06 13:35:05,680 epoch 44 - iter 101/1016 - loss 0.35226536 - samples/sec: 162.77
2020-08-06 13:35:26,289 epoch 44 - iter 202/1016 - loss 0.33977150 - samples/sec: 163.96
2020-08-06 13:35:47,424 epoch 44 - iter 303/1016 - loss 0.33531968 - samples/sec: 159.68
2020-08-06 13:36:08,117 epoch 44 - iter 404/1016 - loss 0.33138965 - samples/sec: 165.57
2020-08-06 13:36:29,475 epoch 44 - iter 505/1016 - loss 0.33354730 - samples/sec: 156.40
2020-08-06 13:36:50,212 epoch 44 - iter 606/1016 - loss 0.33933048 - samples/sec: 161.94
2020-08-06 13:37:12,270 epoch 44 - iter 707/1016 - loss 0.34497754 - samples/sec: 158.63
2020-08-06 13:37:33,947 epoch 44 - iter 808/1016 - loss 0.34564503 - samples/sec: 157.50
2020-08-06 13:37:55,019 epoch 44 - iter 909/1016 - loss 0.34538749 - samples/sec: 162.36
2020-08-06 13:38:16,142 epoch 44 - iter 1010/1016 - loss 0.34562732 - samples/sec: 161.13
2020-08-06 13:38:18,030 ----------------------------------------------------------------------------------------------------
2020-08-06 13:38:18,031 EPOCH 44 done: loss 0.3459 - lr 0.0062500
2020-08-06 13:38:32,057 DEV : loss 0.6804401278495789 - score 0.8419
2020-08-06 13:38:32,623 BAD EPOCHS (no improvement): 4
2020-08-06 13:38:32,631 ----------------------------------------------------------------------------------------------------
2020-08-06 13:38:54,000 epoch 45 - iter 101/1016 - loss 0.38807336 - samples/sec: 151.36
2020-08-06 13:39:15,436 epoch 45 - iter 202/1016 - loss 0.38429922 - samples/sec: 164.66
2020-08-06 13:39:36,966 epoch 45 - iter 303/1016 - loss 0.37025190 - samples/sec: 155.44
2020-08-06 13:39:57,826 epoch 45 - iter 404/1016 - loss 0.36334297 - samples/sec: 162.44
2020-08-06 13:40:18,132 epoch 45 - iter 505/1016 - loss 0.36002122 - samples/sec: 169.92
2020-08-06 13:40:42,053 epoch 45 - iter 606/1016 - loss 0.35884439 - samples/sec: 140.05
2020-08-06 13:41:03,086 epoch 45 - iter 707/1016 - loss 0.36107608 - samples/sec: 159.24
2020-08-06 13:41:26,274 epoch 45 - iter 808/1016 - loss 0.35864975 - samples/sec: 147.06
2020-08-06 13:41:49,521 epoch 45 - iter 909/1016 - loss 0.35722788 - samples/sec: 144.23
2020-08-06 13:42:12,193 epoch 45 - iter 1010/1016 - loss 0.35463290 - samples/sec: 147.03
2020-08-06 13:42:14,353 ----------------------------------------------------------------------------------------------------
2020-08-06 13:42:14,353 EPOCH 45 done: loss 0.3541 - lr 0.0031250
2020-08-06 13:42:33,800 DEV : loss 0.6822429895401001 - score 0.8408
2020-08-06 13:42:34,357 BAD EPOCHS (no improvement): 1
2020-08-06 13:42:34,383 ----------------------------------------------------------------------------------------------------
2020-08-06 13:42:54,481 epoch 46 - iter 101/1016 - loss 0.35398619 - samples/sec: 160.92
2020-08-06 13:43:15,315 epoch 46 - iter 202/1016 - loss 0.34941010 - samples/sec: 161.00
2020-08-06 13:43:36,882 epoch 46 - iter 303/1016 - loss 0.34687176 - samples/sec: 155.52
2020-08-06 13:43:58,044 epoch 46 - iter 404/1016 - loss 0.34137261 - samples/sec: 159.21
2020-08-06 13:44:18,843 epoch 46 - iter 505/1016 - loss 0.34166008 - samples/sec: 162.15
2020-08-06 13:44:42,973 epoch 46 - iter 606/1016 - loss 0.34194628 - samples/sec: 143.91
2020-08-06 13:45:05,894 epoch 46 - iter 707/1016 - loss 0.34429998 - samples/sec: 146.28
2020-08-06 13:45:27,105 epoch 46 - iter 808/1016 - loss 0.34573047 - samples/sec: 158.04
2020-08-06 13:45:48,370 epoch 46 - iter 909/1016 - loss 0.34569272 - samples/sec: 160.49
2020-08-06 13:46:09,062 epoch 46 - iter 1010/1016 - loss 0.34523273 - samples/sec: 164.88
2020-08-06 13:46:11,466 ----------------------------------------------------------------------------------------------------
2020-08-06 13:46:11,467 EPOCH 46 done: loss 0.3453 - lr 0.0031250
2020-08-06 13:46:25,324 DEV : loss 0.6826349496841431 - score 0.8411
2020-08-06 13:46:25,879 BAD EPOCHS (no improvement): 2
2020-08-06 13:46:25,884 ----------------------------------------------------------------------------------------------------
2020-08-06 13:46:45,529 epoch 47 - iter 101/1016 - loss 0.35532063 - samples/sec: 164.63
2020-08-06 13:47:06,204 epoch 47 - iter 202/1016 - loss 0.35517239 - samples/sec: 163.94
2020-08-06 13:47:27,360 epoch 47 - iter 303/1016 - loss 0.35708017 - samples/sec: 158.10
2020-08-06 13:47:49,161 epoch 47 - iter 404/1016 - loss 0.35327391 - samples/sec: 159.67
2020-08-06 13:48:10,471 epoch 47 - iter 505/1016 - loss 0.34576744 - samples/sec: 161.03
2020-08-06 13:48:31,627 epoch 47 - iter 606/1016 - loss 0.34741002 - samples/sec: 157.91
2020-08-06 13:48:53,009 epoch 47 - iter 707/1016 - loss 0.35058739 - samples/sec: 156.29
2020-08-06 13:49:14,840 epoch 47 - iter 808/1016 - loss 0.34854740 - samples/sec: 159.13
2020-08-06 13:49:35,366 epoch 47 - iter 909/1016 - loss 0.34712262 - samples/sec: 162.86
2020-08-06 13:49:56,013 epoch 47 - iter 1010/1016 - loss 0.34638643 - samples/sec: 162.34
2020-08-06 13:49:58,340 ----------------------------------------------------------------------------------------------------
2020-08-06 13:49:58,341 EPOCH 47 done: loss 0.3471 - lr 0.0031250
2020-08-06 13:50:12,104 DEV : loss 0.6844401955604553 - score 0.8395
2020-08-06 13:50:12,663 BAD EPOCHS (no improvement): 3
2020-08-06 13:50:12,668 ----------------------------------------------------------------------------------------------------
2020-08-06 13:50:32,346 epoch 48 - iter 101/1016 - loss 0.37023579 - samples/sec: 164.35
2020-08-06 13:50:53,579 epoch 48 - iter 202/1016 - loss 0.36781424 - samples/sec: 160.84
2020-08-06 13:51:15,318 epoch 48 - iter 303/1016 - loss 0.36040638 - samples/sec: 160.75
2020-08-06 13:51:35,741 epoch 48 - iter 404/1016 - loss 0.34689919 - samples/sec: 163.87
2020-08-06 13:51:56,538 epoch 48 - iter 505/1016 - loss 0.34569949 - samples/sec: 160.75
2020-08-06 13:52:19,959 epoch 48 - iter 606/1016 - loss 0.34305721 - samples/sec: 142.32
2020-08-06 13:52:41,519 epoch 48 - iter 707/1016 - loss 0.34256512 - samples/sec: 154.82
2020-08-06 13:53:04,617 epoch 48 - iter 808/1016 - loss 0.34609790 - samples/sec: 149.91
2020-08-06 13:53:26,884 epoch 48 - iter 909/1016 - loss 0.34610196 - samples/sec: 149.73
2020-08-06 13:53:48,878 epoch 48 - iter 1010/1016 - loss 0.34601468 - samples/sec: 151.49
2020-08-06 13:53:50,832 ----------------------------------------------------------------------------------------------------
2020-08-06 13:53:50,832 EPOCH 48 done: loss 0.3489 - lr 0.0031250
2020-08-06 13:54:08,044 DEV : loss 0.6818345189094543 - score 0.84
2020-08-06 13:54:08,813 BAD EPOCHS (no improvement): 4
2020-08-06 13:54:08,816 ----------------------------------------------------------------------------------------------------
2020-08-06 13:54:33,680 epoch 49 - iter 101/1016 - loss 0.35603269 - samples/sec: 130.06
2020-08-06 13:54:59,870 epoch 49 - iter 202/1016 - loss 0.35221238 - samples/sec: 127.00
2020-08-06 13:55:20,338 epoch 49 - iter 303/1016 - loss 0.34937483 - samples/sec: 164.38
2020-08-06 13:55:40,898 epoch 49 - iter 404/1016 - loss 0.34285413 - samples/sec: 165.92
2020-08-06 13:56:02,359 epoch 49 - iter 505/1016 - loss 0.34346352 - samples/sec: 158.78
2020-08-06 13:56:23,844 epoch 49 - iter 606/1016 - loss 0.34540674 - samples/sec: 155.87
2020-08-06 13:56:45,185 epoch 49 - iter 707/1016 - loss 0.34590811 - samples/sec: 157.01
2020-08-06 13:57:05,750 epoch 49 - iter 808/1016 - loss 0.34780413 - samples/sec: 166.72
2020-08-06 13:57:29,164 epoch 49 - iter 909/1016 - loss 0.34924897 - samples/sec: 142.43
2020-08-06 13:58:09,301 epoch 49 - iter 1010/1016 - loss 0.34996357 - samples/sec: 82.44
2020-08-06 13:58:12,018 ----------------------------------------------------------------------------------------------------
2020-08-06 13:58:12,019 EPOCH 49 done: loss 0.3496 - lr 0.0015625
2020-08-06 13:58:42,619 DEV : loss 0.6824784278869629 - score 0.841
2020-08-06 13:58:43,178 BAD EPOCHS (no improvement): 1
2020-08-06 13:58:43,190 ----------------------------------------------------------------------------------------------------
2020-08-06 13:59:20,403 epoch 50 - iter 101/1016 - loss 0.32594203 - samples/sec: 86.88
2020-08-06 13:59:57,552 epoch 50 - iter 202/1016 - loss 0.33085459 - samples/sec: 89.12
2020-08-06 14:00:40,236 epoch 50 - iter 303/1016 - loss 0.33478010 - samples/sec: 76.97
2020-08-06 14:01:19,427 epoch 50 - iter 404/1016 - loss 0.33850151 - samples/sec: 85.64
2020-08-06 14:01:59,990 epoch 50 - iter 505/1016 - loss 0.33399874 - samples/sec: 85.21
2020-08-06 14:02:34,972 epoch 50 - iter 606/1016 - loss 0.33313593 - samples/sec: 96.89
2020-08-06 14:03:14,051 epoch 50 - iter 707/1016 - loss 0.33610165 - samples/sec: 86.65
2020-08-06 14:03:40,695 epoch 50 - iter 808/1016 - loss 0.34184584 - samples/sec: 130.04
2020-08-06 14:04:03,255 epoch 50 - iter 909/1016 - loss 0.34258494 - samples/sec: 153.32
2020-08-06 14:04:24,244 epoch 50 - iter 1010/1016 - loss 0.34422041 - samples/sec: 161.50
2020-08-06 14:04:26,332 ----------------------------------------------------------------------------------------------------
2020-08-06 14:04:26,333 EPOCH 50 done: loss 0.3444 - lr 0.0015625
2020-08-06 14:04:40,345 DEV : loss 0.6833434104919434 - score 0.8394
2020-08-06 14:04:40,912 BAD EPOCHS (no improvement): 2
2020-08-06 14:04:40,922 ----------------------------------------------------------------------------------------------------
2020-08-06 14:05:01,148 epoch 51 - iter 101/1016 - loss 0.34962058 - samples/sec: 159.91
2020-08-06 14:05:22,263 epoch 51 - iter 202/1016 - loss 0.34836970 - samples/sec: 162.59
2020-08-06 14:05:42,836 epoch 51 - iter 303/1016 - loss 0.34589510 - samples/sec: 164.98
2020-08-06 14:06:04,513 epoch 51 - iter 404/1016 - loss 0.34327776 - samples/sec: 157.16
2020-08-06 14:06:25,387 epoch 51 - iter 505/1016 - loss 0.34089533 - samples/sec: 165.68
2020-08-06 14:06:46,978 epoch 51 - iter 606/1016 - loss 0.34409310 - samples/sec: 157.41
2020-08-06 14:07:07,770 epoch 51 - iter 707/1016 - loss 0.34310308 - samples/sec: 164.41
2020-08-06 14:07:29,000 epoch 51 - iter 808/1016 - loss 0.34480779 - samples/sec: 158.93
2020-08-06 14:07:51,089 epoch 51 - iter 909/1016 - loss 0.34414397 - samples/sec: 156.28
2020-08-06 14:08:12,842 epoch 51 - iter 1010/1016 - loss 0.34336888 - samples/sec: 158.58
2020-08-06 14:08:15,228 ----------------------------------------------------------------------------------------------------
2020-08-06 14:08:15,228 EPOCH 51 done: loss 0.3433 - lr 0.0015625
2020-08-06 14:08:29,543 DEV : loss 0.6840682029724121 - score 0.8395
2020-08-06 14:08:30,117 BAD EPOCHS (no improvement): 3
2020-08-06 14:08:30,136 ----------------------------------------------------------------------------------------------------
2020-08-06 14:08:50,463 epoch 52 - iter 101/1016 - loss 0.33956896 - samples/sec: 159.10
2020-08-06 14:09:13,230 epoch 52 - iter 202/1016 - loss 0.33679669 - samples/sec: 151.54
2020-08-06 14:09:37,408 epoch 52 - iter 303/1016 - loss 0.34109571 - samples/sec: 141.36
2020-08-06 14:10:02,588 epoch 52 - iter 404/1016 - loss 0.34598223 - samples/sec: 139.60
2020-08-06 14:10:24,139 epoch 52 - iter 505/1016 - loss 0.34624239 - samples/sec: 158.14
2020-08-06 14:10:45,179 epoch 52 - iter 606/1016 - loss 0.34406711 - samples/sec: 160.36
2020-08-06 14:11:06,585 epoch 52 - iter 707/1016 - loss 0.34691509 - samples/sec: 157.97
2020-08-06 14:11:30,306 epoch 52 - iter 808/1016 - loss 0.34580232 - samples/sec: 144.07
2020-08-06 14:11:54,232 epoch 52 - iter 909/1016 - loss 0.34572094 - samples/sec: 139.81
2020-08-06 14:12:17,983 epoch 52 - iter 1010/1016 - loss 0.34560027 - samples/sec: 140.82
2020-08-06 14:12:20,728 ----------------------------------------------------------------------------------------------------
2020-08-06 14:12:20,729 EPOCH 52 done: loss 0.3452 - lr 0.0015625
2020-08-06 14:12:37,881 DEV : loss 0.6841669082641602 - score 0.8399
2020-08-06 14:12:38,656 BAD EPOCHS (no improvement): 4
2020-08-06 14:12:38,668 ----------------------------------------------------------------------------------------------------
2020-08-06 14:12:58,573 epoch 53 - iter 101/1016 - loss 0.35514447 - samples/sec: 162.47
2020-08-06 14:13:19,173 epoch 53 - iter 202/1016 - loss 0.34459841 - samples/sec: 163.24
2020-08-06 14:13:39,591 epoch 53 - iter 303/1016 - loss 0.34390943 - samples/sec: 164.95
2020-08-06 14:14:01,552 epoch 53 - iter 404/1016 - loss 0.34594125 - samples/sec: 154.82
2020-08-06 14:14:22,864 epoch 53 - iter 505/1016 - loss 0.34726506 - samples/sec: 159.74
2020-08-06 14:14:49,026 epoch 53 - iter 606/1016 - loss 0.34776980 - samples/sec: 129.09
2020-08-06 14:15:09,685 epoch 53 - iter 707/1016 - loss 0.34951766 - samples/sec: 163.14
2020-08-06 14:15:32,461 epoch 53 - iter 808/1016 - loss 0.35068060 - samples/sec: 147.35
2020-08-06 14:15:56,852 epoch 53 - iter 909/1016 - loss 0.34733867 - samples/sec: 136.99
2020-08-06 14:16:20,675 epoch 53 - iter 1010/1016 - loss 0.34712369 - samples/sec: 143.94
2020-08-06 14:16:23,632 ----------------------------------------------------------------------------------------------------
2020-08-06 14:16:23,632 EPOCH 53 done: loss 0.3476 - lr 0.0007813
2020-08-06 14:16:38,449 DEV : loss 0.6835470795631409 - score 0.8404
2020-08-06 14:16:39,233 BAD EPOCHS (no improvement): 1
2020-08-06 14:16:39,272 ----------------------------------------------------------------------------------------------------
2020-08-06 14:17:00,549 epoch 54 - iter 101/1016 - loss 0.32756676 - samples/sec: 152.00
2020-08-06 14:17:22,337 epoch 54 - iter 202/1016 - loss 0.33389852 - samples/sec: 158.82
2020-08-06 14:17:43,510 epoch 54 - iter 303/1016 - loss 0.33910492 - samples/sec: 160.01
2020-08-06 14:18:04,139 epoch 54 - iter 404/1016 - loss 0.34190770 - samples/sec: 163.46
2020-08-06 14:18:25,079 epoch 54 - iter 505/1016 - loss 0.34784751 - samples/sec: 160.12
2020-08-06 14:18:46,975 epoch 54 - iter 606/1016 - loss 0.34821939 - samples/sec: 154.60
2020-08-06 14:19:07,744 epoch 54 - iter 707/1016 - loss 0.34761270 - samples/sec: 161.92
2020-08-06 14:19:29,362 epoch 54 - iter 808/1016 - loss 0.34960270 - samples/sec: 160.52
2020-08-06 14:19:51,096 epoch 54 - iter 909/1016 - loss 0.34776957 - samples/sec: 161.62
2020-08-06 14:20:12,010 epoch 54 - iter 1010/1016 - loss 0.34463299 - samples/sec: 162.69
2020-08-06 14:20:14,250 ----------------------------------------------------------------------------------------------------
2020-08-06 14:20:14,251 EPOCH 54 done: loss 0.3455 - lr 0.0007813
2020-08-06 14:20:28,326 DEV : loss 0.6837072372436523 - score 0.8403
2020-08-06 14:20:28,905 BAD EPOCHS (no improvement): 2
2020-08-06 14:20:28,911 ----------------------------------------------------------------------------------------------------
2020-08-06 14:20:49,706 epoch 55 - iter 101/1016 - loss 0.36525543 - samples/sec: 155.53
2020-08-06 14:21:11,176 epoch 55 - iter 202/1016 - loss 0.35581475 - samples/sec: 156.26
2020-08-06 14:21:31,588 epoch 55 - iter 303/1016 - loss 0.35080990 - samples/sec: 165.73
2020-08-06 14:21:52,936 epoch 55 - iter 404/1016 - loss 0.34577269 - samples/sec: 158.65
2020-08-06 14:22:14,159 epoch 55 - iter 505/1016 - loss 0.33994770 - samples/sec: 162.75
2020-08-06 14:22:35,450 epoch 55 - iter 606/1016 - loss 0.34015224 - samples/sec: 163.05
2020-08-06 14:22:56,130 epoch 55 - iter 707/1016 - loss 0.34160724 - samples/sec: 164.63
2020-08-06 14:23:17,826 epoch 55 - iter 808/1016 - loss 0.34127165 - samples/sec: 156.56
2020-08-06 14:23:38,865 epoch 55 - iter 909/1016 - loss 0.34245503 - samples/sec: 160.52
2020-08-06 14:23:59,679 epoch 55 - iter 1010/1016 - loss 0.34406303 - samples/sec: 161.89
2020-08-06 14:24:01,642 ----------------------------------------------------------------------------------------------------
2020-08-06 14:24:01,642 EPOCH 55 done: loss 0.3448 - lr 0.0007813
2020-08-06 14:24:15,730 DEV : loss 0.682748019695282 - score 0.84
2020-08-06 14:24:16,297 BAD EPOCHS (no improvement): 3
2020-08-06 14:24:16,305 ----------------------------------------------------------------------------------------------------
2020-08-06 14:24:36,440 epoch 56 - iter 101/1016 - loss 0.34002666 - samples/sec: 160.64
2020-08-06 14:24:57,419 epoch 56 - iter 202/1016 - loss 0.33783518 - samples/sec: 162.37
2020-08-06 14:25:21,756 epoch 56 - iter 303/1016 - loss 0.33452825 - samples/sec: 148.06
2020-08-06 14:25:42,532 epoch 56 - iter 404/1016 - loss 0.33743764 - samples/sec: 161.95
2020-08-06 14:26:03,778 epoch 56 - iter 505/1016 - loss 0.33568863 - samples/sec: 160.18
2020-08-06 14:26:25,136 epoch 56 - iter 606/1016 - loss 0.33428292 - samples/sec: 156.76
2020-08-06 14:26:46,394 epoch 56 - iter 707/1016 - loss 0.33488635 - samples/sec: 158.32
2020-08-06 14:27:07,619 epoch 56 - iter 808/1016 - loss 0.33318455 - samples/sec: 162.61
2020-08-06 14:27:28,822 epoch 56 - iter 909/1016 - loss 0.33237733 - samples/sec: 162.14
2020-08-06 14:27:54,247 epoch 56 - iter 1010/1016 - loss 0.33320602 - samples/sec: 132.83
2020-08-06 14:27:57,332 ----------------------------------------------------------------------------------------------------
2020-08-06 14:27:57,333 EPOCH 56 done: loss 0.3334 - lr 0.0007813
2020-08-06 14:28:12,221 DEV : loss 0.6839538216590881 - score 0.8395
2020-08-06 14:28:13,001 BAD EPOCHS (no improvement): 4
2020-08-06 14:28:13,008 ----------------------------------------------------------------------------------------------------
2020-08-06 14:28:35,607 epoch 57 - iter 101/1016 - loss 0.32750134 - samples/sec: 143.10
2020-08-06 14:28:58,509 epoch 57 - iter 202/1016 - loss 0.34672427 - samples/sec: 147.31
2020-08-06 14:29:21,574 epoch 57 - iter 303/1016 - loss 0.33867976 - samples/sec: 152.80
2020-08-06 14:29:51,524 epoch 57 - iter 404/1016 - loss 0.33982572 - samples/sec: 113.97
2020-08-06 14:30:13,423 epoch 57 - iter 505/1016 - loss 0.33900903 - samples/sec: 153.56
2020-08-06 14:30:34,978 epoch 57 - iter 606/1016 - loss 0.34269579 - samples/sec: 155.52
2020-08-06 14:30:57,836 epoch 57 - iter 707/1016 - loss 0.34536088 - samples/sec: 151.09
2020-08-06 14:31:19,535 epoch 57 - iter 808/1016 - loss 0.34402081 - samples/sec: 159.00
2020-08-06 14:31:40,866 epoch 57 - iter 909/1016 - loss 0.34367203 - samples/sec: 161.37
2020-08-06 14:32:02,011 epoch 57 - iter 1010/1016 - loss 0.34118586 - samples/sec: 162.71
2020-08-06 14:32:04,459 ----------------------------------------------------------------------------------------------------
2020-08-06 14:32:04,459 EPOCH 57 done: loss 0.3416 - lr 0.0003906
2020-08-06 14:32:18,448 DEV : loss 0.6840649247169495 - score 0.8401
2020-08-06 14:32:19,015 BAD EPOCHS (no improvement): 1
2020-08-06 14:32:19,025 ----------------------------------------------------------------------------------------------------
2020-08-06 14:32:39,287 epoch 58 - iter 101/1016 - loss 0.33559721 - samples/sec: 159.64
2020-08-06 14:33:01,011 epoch 58 - iter 202/1016 - loss 0.33381485 - samples/sec: 159.95
2020-08-06 14:33:22,279 epoch 58 - iter 303/1016 - loss 0.33138734 - samples/sec: 160.56
2020-08-06 14:33:43,067 epoch 58 - iter 404/1016 - loss 0.33468039 - samples/sec: 162.97
2020-08-06 14:34:04,472 epoch 58 - iter 505/1016 - loss 0.33189648 - samples/sec: 157.78
2020-08-06 14:34:25,311 epoch 58 - iter 606/1016 - loss 0.33465514 - samples/sec: 164.26
2020-08-06 14:34:46,712 epoch 58 - iter 707/1016 - loss 0.34162078 - samples/sec: 157.62
2020-08-06 14:35:07,971 epoch 58 - iter 808/1016 - loss 0.33997760 - samples/sec: 161.10
2020-08-06 14:35:29,049 epoch 58 - iter 909/1016 - loss 0.33771567 - samples/sec: 165.31
2020-08-06 14:35:50,272 epoch 58 - iter 1010/1016 - loss 0.34076057 - samples/sec: 161.54
2020-08-06 14:35:52,322 ----------------------------------------------------------------------------------------------------
2020-08-06 14:35:52,323 EPOCH 58 done: loss 0.3402 - lr 0.0003906
2020-08-06 14:36:06,400 DEV : loss 0.6838242411613464 - score 0.8396
2020-08-06 14:36:06,971 BAD EPOCHS (no improvement): 2
2020-08-06 14:36:06,975 ----------------------------------------------------------------------------------------------------
2020-08-06 14:36:27,216 epoch 59 - iter 101/1016 - loss 0.36381227 - samples/sec: 159.80
2020-08-06 14:36:48,176 epoch 59 - iter 202/1016 - loss 0.33964105 - samples/sec: 161.15
2020-08-06 14:37:09,552 epoch 59 - iter 303/1016 - loss 0.33986624 - samples/sec: 159.34
2020-08-06 14:37:30,738 epoch 59 - iter 404/1016 - loss 0.34093623 - samples/sec: 160.16
2020-08-06 14:37:52,844 epoch 59 - iter 505/1016 - loss 0.34328016 - samples/sec: 153.97
2020-08-06 14:38:12,860 epoch 59 - iter 606/1016 - loss 0.34485157 - samples/sec: 167.48
2020-08-06 14:38:34,034 epoch 59 - iter 707/1016 - loss 0.34365849 - samples/sec: 159.17
2020-08-06 14:38:55,232 epoch 59 - iter 808/1016 - loss 0.34034511 - samples/sec: 159.52
2020-08-06 14:39:16,021 epoch 59 - iter 909/1016 - loss 0.34162615 - samples/sec: 163.85
2020-08-06 14:39:36,572 epoch 59 - iter 1010/1016 - loss 0.34033962 - samples/sec: 164.17
2020-08-06 14:39:38,833 ----------------------------------------------------------------------------------------------------
2020-08-06 14:39:38,833 EPOCH 59 done: loss 0.3401 - lr 0.0003906
2020-08-06 14:39:52,811 DEV : loss 0.6838454008102417 - score 0.8397
2020-08-06 14:39:53,392 BAD EPOCHS (no improvement): 3
2020-08-06 14:39:53,402 ----------------------------------------------------------------------------------------------------
2020-08-06 14:40:13,415 epoch 60 - iter 101/1016 - loss 0.33968972 - samples/sec: 161.62
2020-08-06 14:40:37,580 epoch 60 - iter 202/1016 - loss 0.34822989 - samples/sec: 138.29
2020-08-06 14:41:00,638 epoch 60 - iter 303/1016 - loss 0.34816511 - samples/sec: 144.08
2020-08-06 14:41:26,305 epoch 60 - iter 404/1016 - loss 0.35797330 - samples/sec: 130.13
2020-08-06 14:41:47,694 epoch 60 - iter 505/1016 - loss 0.35596793 - samples/sec: 156.79
2020-08-06 14:42:10,180 epoch 60 - iter 606/1016 - loss 0.35322138 - samples/sec: 150.53
2020-08-06 14:42:33,089 epoch 60 - iter 707/1016 - loss 0.35136205 - samples/sec: 146.91
2020-08-06 14:42:58,756 epoch 60 - iter 808/1016 - loss 0.35201835 - samples/sec: 130.85
2020-08-06 14:43:21,181 epoch 60 - iter 909/1016 - loss 0.34749196 - samples/sec: 150.10
2020-08-06 14:43:43,628 epoch 60 - iter 1010/1016 - loss 0.34724887 - samples/sec: 150.04
2020-08-06 14:43:45,700 ----------------------------------------------------------------------------------------------------
2020-08-06 14:43:45,700 EPOCH 60 done: loss 0.3467 - lr 0.0003906
2020-08-06 14:43:59,663 DEV : loss 0.6832107901573181 - score 0.8395
2020-08-06 14:44:00,219 BAD EPOCHS (no improvement): 4
2020-08-06 14:44:00,224 ----------------------------------------------------------------------------------------------------
2020-08-06 14:44:25,357 epoch 61 - iter 101/1016 - loss 0.34148906 - samples/sec: 128.66
2020-08-06 14:44:46,475 epoch 61 - iter 202/1016 - loss 0.34853970 - samples/sec: 162.19
2020-08-06 14:45:07,433 epoch 61 - iter 303/1016 - loss 0.34538167 - samples/sec: 164.10
2020-08-06 14:45:27,816 epoch 61 - iter 404/1016 - loss 0.35164696 - samples/sec: 164.56
2020-08-06 14:45:49,173 epoch 61 - iter 505/1016 - loss 0.34644259 - samples/sec: 157.57
2020-08-06 14:46:10,726 epoch 61 - iter 606/1016 - loss 0.34919542 - samples/sec: 160.19
2020-08-06 14:46:32,777 epoch 61 - iter 707/1016 - loss 0.34608723 - samples/sec: 159.42
2020-08-06 14:46:53,907 epoch 61 - iter 808/1016 - loss 0.34492889 - samples/sec: 162.09
2020-08-06 14:47:14,945 epoch 61 - iter 909/1016 - loss 0.34517954 - samples/sec: 160.02
2020-08-06 14:47:35,653 epoch 61 - iter 1010/1016 - loss 0.34442720 - samples/sec: 162.99
2020-08-06 14:47:37,820 ----------------------------------------------------------------------------------------------------
2020-08-06 14:47:37,820 EPOCH 61 done: loss 0.3442 - lr 0.0001953
2020-08-06 14:47:51,832 DEV : loss 0.6830391883850098 - score 0.8395
2020-08-06 14:47:52,397 BAD EPOCHS (no improvement): 1
2020-08-06 14:47:52,401 ----------------------------------------------------------------------------------------------------
2020-08-06 14:48:12,326 epoch 62 - iter 101/1016 - loss 0.34105020 - samples/sec: 162.33
2020-08-06 14:48:32,496 epoch 62 - iter 202/1016 - loss 0.35073287 - samples/sec: 166.76
2020-08-06 14:48:53,446 epoch 62 - iter 303/1016 - loss 0.34451758 - samples/sec: 160.65
2020-08-06 14:49:14,029 epoch 62 - iter 404/1016 - loss 0.34140598 - samples/sec: 163.10
2020-08-06 14:49:35,299 epoch 62 - iter 505/1016 - loss 0.34391856 - samples/sec: 159.26
2020-08-06 14:49:57,534 epoch 62 - iter 606/1016 - loss 0.34244861 - samples/sec: 151.28
2020-08-06 14:50:18,011 epoch 62 - iter 707/1016 - loss 0.34274001 - samples/sec: 164.98
2020-08-06 14:50:39,194 epoch 62 - iter 808/1016 - loss 0.34238469 - samples/sec: 158.39
2020-08-06 14:50:59,706 epoch 62 - iter 909/1016 - loss 0.34302211 - samples/sec: 163.71
2020-08-06 14:51:21,071 epoch 62 - iter 1010/1016 - loss 0.34181264 - samples/sec: 157.24
2020-08-06 14:51:22,923 ----------------------------------------------------------------------------------------------------
2020-08-06 14:51:22,923 EPOCH 62 done: loss 0.3420 - lr 0.0001953
2020-08-06 14:51:36,959 DEV : loss 0.6829614043235779 - score 0.8395
2020-08-06 14:51:37,529 BAD EPOCHS (no improvement): 2
2020-08-06 14:51:37,535 ----------------------------------------------------------------------------------------------------
2020-08-06 14:51:57,231 epoch 63 - iter 101/1016 - loss 0.32966269 - samples/sec: 164.22
2020-08-06 14:52:18,201 epoch 63 - iter 202/1016 - loss 0.34436552 - samples/sec: 161.03
2020-08-06 14:52:38,340 epoch 63 - iter 303/1016 - loss 0.34275206 - samples/sec: 168.00
2020-08-06 14:52:58,518 epoch 63 - iter 404/1016 - loss 0.33973206 - samples/sec: 166.38
2020-08-06 14:53:18,948 epoch 63 - iter 505/1016 - loss 0.34718013 - samples/sec: 164.17
2020-08-06 14:53:39,893 epoch 63 - iter 606/1016 - loss 0.33951805 - samples/sec: 159.81
2020-08-06 14:54:00,973 epoch 63 - iter 707/1016 - loss 0.34218490 - samples/sec: 159.33
2020-08-06 14:54:22,310 epoch 63 - iter 808/1016 - loss 0.34522937 - samples/sec: 157.07
2020-08-06 14:54:43,371 epoch 63 - iter 909/1016 - loss 0.34454125 - samples/sec: 159.35
2020-08-06 14:55:05,172 epoch 63 - iter 1010/1016 - loss 0.34494906 - samples/sec: 154.81
2020-08-06 14:55:07,134 ----------------------------------------------------------------------------------------------------
2020-08-06 14:55:07,134 EPOCH 63 done: loss 0.3449 - lr 0.0001953
2020-08-06 14:55:21,218 DEV : loss 0.6829295754432678 - score 0.8395
2020-08-06 14:55:21,785 BAD EPOCHS (no improvement): 3
2020-08-06 14:55:21,808 ----------------------------------------------------------------------------------------------------
2020-08-06 14:55:41,914 epoch 64 - iter 101/1016 - loss 0.34868659 - samples/sec: 160.87
2020-08-06 14:56:02,449 epoch 64 - iter 202/1016 - loss 0.33888423 - samples/sec: 163.27
2020-08-06 14:56:23,140 epoch 64 - iter 303/1016 - loss 0.34343279 - samples/sec: 162.11
2020-08-06 14:56:44,438 epoch 64 - iter 404/1016 - loss 0.34212757 - samples/sec: 157.28
2020-08-06 14:57:05,419 epoch 64 - iter 505/1016 - loss 0.34121344 - samples/sec: 159.93
2020-08-06 14:57:25,935 epoch 64 - iter 606/1016 - loss 0.34038188 - samples/sec: 163.39
2020-08-06 14:57:47,148 epoch 64 - iter 707/1016 - loss 0.34209929 - samples/sec: 157.40
2020-08-06 14:58:07,714 epoch 64 - iter 808/1016 - loss 0.34323101 - samples/sec: 163.52
2020-08-06 14:58:29,119 epoch 64 - iter 909/1016 - loss 0.34225799 - samples/sec: 158.99
2020-08-06 14:58:50,000 epoch 64 - iter 1010/1016 - loss 0.34230307 - samples/sec: 160.28
2020-08-06 14:58:52,104 ----------------------------------------------------------------------------------------------------
2020-08-06 14:58:52,104 EPOCH 64 done: loss 0.3416 - lr 0.0001953
2020-08-06 14:59:11,209 DEV : loss 0.6831344366073608 - score 0.8395
2020-08-06 14:59:11,776 BAD EPOCHS (no improvement): 4
2020-08-06 14:59:11,812 ----------------------------------------------------------------------------------------------------
2020-08-06 14:59:11,812 ----------------------------------------------------------------------------------------------------
2020-08-06 14:59:11,812 learning rate too small - quitting training!
2020-08-06 14:59:11,812 ----------------------------------------------------------------------------------------------------
2020-08-06 14:59:34,047 ----------------------------------------------------------------------------------------------------
2020-08-06 14:59:34,048 Testing using best model ...
2020-08-06 14:59:34,049 loading file new_models/huner-disease/best-model.pt
2020-08-06 15:00:17,767 0.9455	0.9584	0.9519
2020-08-06 15:00:17,767 
Results:
- F1-score (micro) 0.9519
- F1-score (macro) 0.9519

By class:
Disease    tp: 8663 - fp: 499 - fn: 376 - precision: 0.9455 - recall: 0.9584 - f1-score: 0.9519
2020-08-06 15:00:17,767 ----------------------------------------------------------------------------------------------------
