2020-10-17 17:43:19,183 ----------------------------------------------------------------------------------------------------
2020-10-17 17:43:19,184 Model: "SequenceTagger(
  (embeddings): StackedEmbeddings(
    (list_embedding_0): FlairEmbeddings(
      (lm): LanguageModel(
        (drop): Dropout(p=0.1, inplace=False)
        (encoder): Embedding(275, 100)
        (rnn): LSTM(100, 2048)
        (decoder): Linear(in_features=2048, out_features=275, bias=True)
      )
    )
    (list_embedding_1): FlairEmbeddings(
      (lm): LanguageModel(
        (drop): Dropout(p=0.1, inplace=False)
        (encoder): Embedding(275, 100)
        (rnn): LSTM(100, 2048)
        (decoder): Linear(in_features=2048, out_features=275, bias=True)
      )
    )
    (list_embedding_2): WordEmbeddings('pubmed')
  )
  (word_dropout): WordDropout(p=0.05)
  (locked_dropout): LockedDropout(p=0.5)
  (embedding2nn): Linear(in_features=4296, out_features=4296, bias=True)
  (rnn): LSTM(4296, 256, batch_first=True, bidirectional=True)
  (linear): Linear(in_features=512, out_features=6, bias=True)
  (beta): 1.0
  (weights): None
  (weight_tensor) None
)"
2020-10-17 17:43:19,186 ----------------------------------------------------------------------------------------------------
2020-10-17 17:43:19,187 Corpus: "Corpus: 10178 train + 2182 dev + 2182 test sentences"
2020-10-17 17:43:19,187 ----------------------------------------------------------------------------------------------------
2020-10-17 17:43:19,188 Parameters:
2020-10-17 17:43:19,188  - learning_rate: "0.1"
2020-10-17 17:43:19,189  - mini_batch_size: "32"
2020-10-17 17:43:19,189  - patience: "3"
2020-10-17 17:43:19,190  - anneal_factor: "0.5"
2020-10-17 17:43:19,190  - max_epochs: "150"
2020-10-17 17:43:19,191  - shuffle: "True"
2020-10-17 17:43:19,193  - train_with_dev: "False"
2020-10-17 17:43:19,193  - batch_growth_annealing: "False"
2020-10-17 17:43:19,194 ----------------------------------------------------------------------------------------------------
2020-10-17 17:43:19,195 Model training base path: "models\negonly_bioscope_flair-word"
2020-10-17 17:43:19,195 ----------------------------------------------------------------------------------------------------
2020-10-17 17:43:19,196 Device: cuda:0
2020-10-17 17:43:19,196 ----------------------------------------------------------------------------------------------------
2020-10-17 17:43:19,196 Embeddings storage mode: none
2020-10-17 17:43:19,198 ----------------------------------------------------------------------------------------------------
2020-10-17 17:43:33,454 epoch 1 - iter 31/319 - loss 9.30377619 - samples/sec: 69.60 - lr: 0.100000
2020-10-17 17:43:48,072 epoch 1 - iter 62/319 - loss 6.55674618 - samples/sec: 67.87 - lr: 0.100000
2020-10-17 17:44:02,263 epoch 1 - iter 93/319 - loss 4.97614662 - samples/sec: 69.92 - lr: 0.100000
2020-10-17 17:44:17,093 epoch 1 - iter 124/319 - loss 4.31541492 - samples/sec: 66.90 - lr: 0.100000
2020-10-17 17:44:29,543 epoch 1 - iter 155/319 - loss 3.74082760 - samples/sec: 79.69 - lr: 0.100000
2020-10-17 17:44:43,289 epoch 1 - iter 186/319 - loss 3.36058142 - samples/sec: 72.17 - lr: 0.100000
2020-10-17 17:44:56,718 epoch 1 - iter 217/319 - loss 3.08334709 - samples/sec: 73.88 - lr: 0.100000
2020-10-17 17:45:11,000 epoch 1 - iter 248/319 - loss 2.87666843 - samples/sec: 69.46 - lr: 0.100000
2020-10-17 17:45:25,103 epoch 1 - iter 279/319 - loss 2.71028945 - samples/sec: 70.35 - lr: 0.100000
2020-10-17 17:45:37,810 epoch 1 - iter 310/319 - loss 2.58531640 - samples/sec: 78.08 - lr: 0.100000
2020-10-17 17:45:41,819 ----------------------------------------------------------------------------------------------------
2020-10-17 17:45:41,820 EPOCH 1 done: loss 2.5314 - lr 0.1000000
2020-10-17 17:46:04,413 DEV : loss 1.5373178720474243 - score 0.0055
2020-10-17 17:46:04,428 BAD EPOCHS (no improvement): 0
2020-10-17 17:46:19,912 ----------------------------------------------------------------------------------------------------
2020-10-17 17:46:32,814 epoch 2 - iter 31/319 - loss 1.12005579 - samples/sec: 76.91 - lr: 0.100000
2020-10-17 17:46:46,222 epoch 2 - iter 62/319 - loss 1.11344982 - samples/sec: 73.99 - lr: 0.100000
2020-10-17 17:47:00,201 epoch 2 - iter 93/319 - loss 1.18233273 - samples/sec: 70.96 - lr: 0.100000
2020-10-17 17:47:13,828 epoch 2 - iter 124/319 - loss 1.14112038 - samples/sec: 72.80 - lr: 0.100000
2020-10-17 17:47:27,281 epoch 2 - iter 155/319 - loss 1.13555399 - samples/sec: 73.75 - lr: 0.100000
2020-10-17 17:47:42,755 epoch 2 - iter 186/319 - loss 1.07513506 - samples/sec: 64.12 - lr: 0.100000
2020-10-17 17:47:56,422 epoch 2 - iter 217/319 - loss 1.05774781 - samples/sec: 72.60 - lr: 0.100000
2020-10-17 17:48:11,529 epoch 2 - iter 248/319 - loss 1.03280192 - samples/sec: 65.68 - lr: 0.100000
2020-10-17 17:48:25,242 epoch 2 - iter 279/319 - loss 1.00570641 - samples/sec: 72.34 - lr: 0.100000
2020-10-17 17:48:39,731 epoch 2 - iter 310/319 - loss 0.99785299 - samples/sec: 68.47 - lr: 0.100000
2020-10-17 17:48:43,603 ----------------------------------------------------------------------------------------------------
2020-10-17 17:48:43,604 EPOCH 2 done: loss 0.9964 - lr 0.1000000
2020-10-17 17:49:06,693 DEV : loss 0.4187513589859009 - score 0.5428
2020-10-17 17:49:06,711 BAD EPOCHS (no improvement): 0
2020-10-17 17:49:21,177 ----------------------------------------------------------------------------------------------------
2020-10-17 17:49:34,805 epoch 3 - iter 31/319 - loss 0.65757420 - samples/sec: 72.80 - lr: 0.100000
2020-10-17 17:49:48,058 epoch 3 - iter 62/319 - loss 0.59866412 - samples/sec: 74.86 - lr: 0.100000
2020-10-17 17:50:02,123 epoch 3 - iter 93/319 - loss 0.66850645 - samples/sec: 70.54 - lr: 0.100000
2020-10-17 17:50:15,743 epoch 3 - iter 124/319 - loss 0.66932958 - samples/sec: 72.84 - lr: 0.100000
2020-10-17 17:50:30,564 epoch 3 - iter 155/319 - loss 0.73786615 - samples/sec: 66.94 - lr: 0.100000
2020-10-17 17:50:44,216 epoch 3 - iter 186/319 - loss 0.71572342 - samples/sec: 72.67 - lr: 0.100000
2020-10-17 17:50:58,380 epoch 3 - iter 217/319 - loss 0.68745855 - samples/sec: 70.05 - lr: 0.100000
2020-10-17 17:51:12,626 epoch 3 - iter 248/319 - loss 0.67281822 - samples/sec: 69.64 - lr: 0.100000
2020-10-17 17:51:26,848 epoch 3 - iter 279/319 - loss 0.66907232 - samples/sec: 69.76 - lr: 0.100000
2020-10-17 17:51:39,811 epoch 3 - iter 310/319 - loss 0.65299155 - samples/sec: 76.54 - lr: 0.100000
2020-10-17 17:51:43,500 ----------------------------------------------------------------------------------------------------
2020-10-17 17:51:43,501 EPOCH 3 done: loss 0.6434 - lr 0.1000000
2020-10-17 17:52:05,871 DEV : loss 0.6368104815483093 - score 0.4652
2020-10-17 17:52:05,888 BAD EPOCHS (no improvement): 1
2020-10-17 17:52:05,889 ----------------------------------------------------------------------------------------------------
2020-10-17 17:52:19,812 epoch 4 - iter 31/319 - loss 0.54495309 - samples/sec: 71.26 - lr: 0.100000
2020-10-17 17:52:33,649 epoch 4 - iter 62/319 - loss 0.58533622 - samples/sec: 71.71 - lr: 0.100000
2020-10-17 17:52:48,743 epoch 4 - iter 93/319 - loss 0.51413204 - samples/sec: 65.73 - lr: 0.100000
2020-10-17 17:53:02,846 epoch 4 - iter 124/319 - loss 0.51623177 - samples/sec: 70.35 - lr: 0.100000
2020-10-17 17:53:15,989 epoch 4 - iter 155/319 - loss 0.55591214 - samples/sec: 75.50 - lr: 0.100000
2020-10-17 17:53:29,076 epoch 4 - iter 186/319 - loss 0.56018907 - samples/sec: 75.80 - lr: 0.100000
2020-10-17 17:53:43,482 epoch 4 - iter 217/319 - loss 0.57623621 - samples/sec: 68.87 - lr: 0.100000
2020-10-17 17:53:56,233 epoch 4 - iter 248/319 - loss 0.55890020 - samples/sec: 77.81 - lr: 0.100000
2020-10-17 17:54:09,996 epoch 4 - iter 279/319 - loss 0.56601832 - samples/sec: 72.08 - lr: 0.100000
2020-10-17 17:54:23,483 epoch 4 - iter 310/319 - loss 0.56058109 - samples/sec: 73.56 - lr: 0.100000
2020-10-17 17:54:27,276 ----------------------------------------------------------------------------------------------------
2020-10-17 17:54:27,277 EPOCH 4 done: loss 0.5608 - lr 0.1000000
2020-10-17 17:54:50,313 DEV : loss 0.29572877287864685 - score 0.6312
2020-10-17 17:54:50,332 BAD EPOCHS (no improvement): 0
2020-10-17 17:55:04,034 ----------------------------------------------------------------------------------------------------
2020-10-17 17:55:17,896 epoch 5 - iter 31/319 - loss 0.65837147 - samples/sec: 71.57 - lr: 0.100000
2020-10-17 17:55:31,414 epoch 5 - iter 62/319 - loss 0.62416473 - samples/sec: 73.39 - lr: 0.100000
2020-10-17 17:55:44,752 epoch 5 - iter 93/319 - loss 0.58718492 - samples/sec: 74.37 - lr: 0.100000
2020-10-17 17:55:58,082 epoch 5 - iter 124/319 - loss 0.56744854 - samples/sec: 74.43 - lr: 0.100000
2020-10-17 17:56:11,499 epoch 5 - iter 155/319 - loss 0.53899016 - samples/sec: 73.95 - lr: 0.100000
2020-10-17 17:56:25,807 epoch 5 - iter 186/319 - loss 0.53589419 - samples/sec: 69.35 - lr: 0.100000
2020-10-17 17:56:39,377 epoch 5 - iter 217/319 - loss 0.50701937 - samples/sec: 73.11 - lr: 0.100000
2020-10-17 17:56:53,063 epoch 5 - iter 248/319 - loss 0.50970897 - samples/sec: 72.49 - lr: 0.100000
2020-10-17 17:57:07,520 epoch 5 - iter 279/319 - loss 0.50936000 - samples/sec: 68.63 - lr: 0.100000
2020-10-17 17:57:20,833 epoch 5 - iter 310/319 - loss 0.51837517 - samples/sec: 74.52 - lr: 0.100000
2020-10-17 17:57:24,258 ----------------------------------------------------------------------------------------------------
2020-10-17 17:57:24,259 EPOCH 5 done: loss 0.5152 - lr 0.1000000
2020-10-17 17:57:46,985 DEV : loss 0.5970602631568909 - score 0.3158
2020-10-17 17:57:47,002 BAD EPOCHS (no improvement): 1
2020-10-17 17:57:47,004 ----------------------------------------------------------------------------------------------------
2020-10-17 17:58:01,479 epoch 6 - iter 31/319 - loss 0.71872390 - samples/sec: 68.54 - lr: 0.100000
2020-10-17 17:58:14,266 epoch 6 - iter 62/319 - loss 0.57574563 - samples/sec: 77.60 - lr: 0.100000
2020-10-17 17:58:27,715 epoch 6 - iter 93/319 - loss 0.49363438 - samples/sec: 73.78 - lr: 0.100000
2020-10-17 17:58:41,828 epoch 6 - iter 124/319 - loss 0.44792682 - samples/sec: 70.31 - lr: 0.100000
2020-10-17 17:58:56,104 epoch 6 - iter 155/319 - loss 0.46653035 - samples/sec: 69.50 - lr: 0.100000
2020-10-17 17:59:09,152 epoch 6 - iter 186/319 - loss 0.44300270 - samples/sec: 76.04 - lr: 0.100000
2020-10-17 17:59:22,562 epoch 6 - iter 217/319 - loss 0.45824887 - samples/sec: 73.98 - lr: 0.100000
2020-10-17 17:59:36,287 epoch 6 - iter 248/319 - loss 0.45424162 - samples/sec: 72.29 - lr: 0.100000
2020-10-17 17:59:51,361 epoch 6 - iter 279/319 - loss 0.45894251 - samples/sec: 65.82 - lr: 0.100000
2020-10-17 18:00:04,971 epoch 6 - iter 310/319 - loss 0.45250775 - samples/sec: 72.89 - lr: 0.100000
2020-10-17 18:00:09,148 ----------------------------------------------------------------------------------------------------
2020-10-17 18:00:09,149 EPOCH 6 done: loss 0.4578 - lr 0.1000000
2020-10-17 18:00:31,603 DEV : loss 0.24059425294399261 - score 0.6455
2020-10-17 18:00:31,621 BAD EPOCHS (no improvement): 0
2020-10-17 18:00:45,355 ----------------------------------------------------------------------------------------------------
2020-10-17 18:00:59,185 epoch 7 - iter 31/319 - loss 0.45468892 - samples/sec: 71.75 - lr: 0.100000
2020-10-17 18:01:11,633 epoch 7 - iter 62/319 - loss 0.42426167 - samples/sec: 79.70 - lr: 0.100000
2020-10-17 18:01:25,601 epoch 7 - iter 93/319 - loss 0.41124630 - samples/sec: 71.03 - lr: 0.100000
2020-10-17 18:01:40,016 epoch 7 - iter 124/319 - loss 0.38913238 - samples/sec: 68.82 - lr: 0.100000
2020-10-17 18:01:53,736 epoch 7 - iter 155/319 - loss 0.41400324 - samples/sec: 72.31 - lr: 0.100000
2020-10-17 18:02:08,170 epoch 7 - iter 186/319 - loss 0.42808650 - samples/sec: 68.73 - lr: 0.100000
2020-10-17 18:02:21,175 epoch 7 - iter 217/319 - loss 0.41605947 - samples/sec: 76.28 - lr: 0.100000
2020-10-17 18:02:35,510 epoch 7 - iter 248/319 - loss 0.44999266 - samples/sec: 69.21 - lr: 0.100000
2020-10-17 18:02:48,630 epoch 7 - iter 279/319 - loss 0.43886823 - samples/sec: 75.62 - lr: 0.100000
2020-10-17 18:03:02,241 epoch 7 - iter 310/319 - loss 0.42842694 - samples/sec: 72.89 - lr: 0.100000
2020-10-17 18:03:05,535 ----------------------------------------------------------------------------------------------------
2020-10-17 18:03:05,536 EPOCH 7 done: loss 0.4259 - lr 0.1000000
2020-10-17 18:03:28,453 DEV : loss 0.2200847566127777 - score 0.6749
2020-10-17 18:03:28,472 BAD EPOCHS (no improvement): 0
2020-10-17 18:03:42,255 ----------------------------------------------------------------------------------------------------
2020-10-17 18:03:56,065 epoch 8 - iter 31/319 - loss 0.30321978 - samples/sec: 71.84 - lr: 0.100000
2020-10-17 18:04:10,192 epoch 8 - iter 62/319 - loss 0.34780084 - samples/sec: 70.24 - lr: 0.100000
2020-10-17 18:04:23,045 epoch 8 - iter 93/319 - loss 0.33160793 - samples/sec: 77.19 - lr: 0.100000
2020-10-17 18:04:36,091 epoch 8 - iter 124/319 - loss 0.36704469 - samples/sec: 76.05 - lr: 0.100000
2020-10-17 18:04:49,722 epoch 8 - iter 155/319 - loss 0.38010516 - samples/sec: 72.79 - lr: 0.100000
2020-10-17 18:05:03,367 epoch 8 - iter 186/319 - loss 0.38844484 - samples/sec: 72.71 - lr: 0.100000
2020-10-17 18:05:17,413 epoch 8 - iter 217/319 - loss 0.39540033 - samples/sec: 70.63 - lr: 0.100000
2020-10-17 18:05:32,481 epoch 8 - iter 248/319 - loss 0.39551973 - samples/sec: 65.83 - lr: 0.100000
2020-10-17 18:05:45,569 epoch 8 - iter 279/319 - loss 0.39478610 - samples/sec: 75.80 - lr: 0.100000
2020-10-17 18:06:00,286 epoch 8 - iter 310/319 - loss 0.39926116 - samples/sec: 67.41 - lr: 0.100000
2020-10-17 18:06:03,616 ----------------------------------------------------------------------------------------------------
2020-10-17 18:06:03,617 EPOCH 8 done: loss 0.3952 - lr 0.1000000
2020-10-17 18:06:26,252 DEV : loss 0.28387701511383057 - score 0.6287
2020-10-17 18:06:26,270 BAD EPOCHS (no improvement): 1
2020-10-17 18:06:26,272 ----------------------------------------------------------------------------------------------------
2020-10-17 18:06:39,675 epoch 9 - iter 31/319 - loss 0.51004176 - samples/sec: 74.03 - lr: 0.100000
2020-10-17 18:06:53,666 epoch 9 - iter 62/319 - loss 0.47088165 - samples/sec: 70.91 - lr: 0.100000
2020-10-17 18:07:07,249 epoch 9 - iter 93/319 - loss 0.44773666 - samples/sec: 73.04 - lr: 0.100000
2020-10-17 18:07:21,533 epoch 9 - iter 124/319 - loss 0.41890522 - samples/sec: 69.46 - lr: 0.100000
2020-10-17 18:07:34,841 epoch 9 - iter 155/319 - loss 0.39769245 - samples/sec: 74.54 - lr: 0.100000
2020-10-17 18:07:48,558 epoch 9 - iter 186/319 - loss 0.41660571 - samples/sec: 72.33 - lr: 0.100000
2020-10-17 18:08:02,135 epoch 9 - iter 217/319 - loss 0.42701169 - samples/sec: 73.07 - lr: 0.100000
2020-10-17 18:08:16,289 epoch 9 - iter 248/319 - loss 0.42210492 - samples/sec: 70.10 - lr: 0.100000
2020-10-17 18:08:30,619 epoch 9 - iter 279/319 - loss 0.40687749 - samples/sec: 69.23 - lr: 0.100000
2020-10-17 18:08:44,753 epoch 9 - iter 310/319 - loss 0.41181736 - samples/sec: 70.20 - lr: 0.100000
2020-10-17 18:08:48,466 ----------------------------------------------------------------------------------------------------
2020-10-17 18:08:48,467 EPOCH 9 done: loss 0.4044 - lr 0.1000000
2020-10-17 18:09:10,911 DEV : loss 0.2208390235900879 - score 0.7459
2020-10-17 18:09:10,929 BAD EPOCHS (no improvement): 0
2020-10-17 18:09:24,094 ----------------------------------------------------------------------------------------------------
2020-10-17 18:09:37,124 epoch 10 - iter 31/319 - loss 0.26747216 - samples/sec: 76.14 - lr: 0.100000
2020-10-17 18:09:50,790 epoch 10 - iter 62/319 - loss 0.31219024 - samples/sec: 72.59 - lr: 0.100000
2020-10-17 18:10:03,282 epoch 10 - iter 93/319 - loss 0.35548153 - samples/sec: 79.41 - lr: 0.100000
2020-10-17 18:10:17,966 epoch 10 - iter 124/319 - loss 0.36890319 - samples/sec: 67.56 - lr: 0.100000
2020-10-17 18:10:31,752 epoch 10 - iter 155/319 - loss 0.37544282 - samples/sec: 71.97 - lr: 0.100000
2020-10-17 18:10:45,937 epoch 10 - iter 186/319 - loss 0.37364203 - samples/sec: 69.94 - lr: 0.100000
2020-10-17 18:11:00,201 epoch 10 - iter 217/319 - loss 0.37281268 - samples/sec: 69.55 - lr: 0.100000
2020-10-17 18:11:14,846 epoch 10 - iter 248/319 - loss 0.35717283 - samples/sec: 67.75 - lr: 0.100000
2020-10-17 18:11:28,234 epoch 10 - iter 279/319 - loss 0.34547621 - samples/sec: 74.11 - lr: 0.100000
2020-10-17 18:11:41,741 epoch 10 - iter 310/319 - loss 0.34413352 - samples/sec: 73.45 - lr: 0.100000
2020-10-17 18:11:45,560 ----------------------------------------------------------------------------------------------------
2020-10-17 18:11:45,561 EPOCH 10 done: loss 0.3497 - lr 0.1000000
2020-10-17 18:12:08,003 DEV : loss 0.2713014483451843 - score 0.6342
2020-10-17 18:12:08,020 BAD EPOCHS (no improvement): 1
2020-10-17 18:12:08,021 ----------------------------------------------------------------------------------------------------
2020-10-17 18:12:21,452 epoch 11 - iter 31/319 - loss 0.37891458 - samples/sec: 73.88 - lr: 0.100000
2020-10-17 18:12:35,259 epoch 11 - iter 62/319 - loss 0.34448022 - samples/sec: 71.85 - lr: 0.100000
2020-10-17 18:12:48,900 epoch 11 - iter 93/319 - loss 0.34147840 - samples/sec: 72.73 - lr: 0.100000
2020-10-17 18:13:03,547 epoch 11 - iter 124/319 - loss 0.34208586 - samples/sec: 67.74 - lr: 0.100000
2020-10-17 18:13:18,634 epoch 11 - iter 155/319 - loss 0.35060357 - samples/sec: 65.76 - lr: 0.100000
2020-10-17 18:13:32,058 epoch 11 - iter 186/319 - loss 0.33850283 - samples/sec: 73.92 - lr: 0.100000
2020-10-17 18:13:45,453 epoch 11 - iter 217/319 - loss 0.32568337 - samples/sec: 74.07 - lr: 0.100000
2020-10-17 18:13:58,321 epoch 11 - iter 248/319 - loss 0.33096121 - samples/sec: 77.10 - lr: 0.100000
2020-10-17 18:14:11,171 epoch 11 - iter 279/319 - loss 0.34152696 - samples/sec: 77.19 - lr: 0.100000
2020-10-17 18:14:25,461 epoch 11 - iter 310/319 - loss 0.35216896 - samples/sec: 69.43 - lr: 0.100000
2020-10-17 18:14:29,144 ----------------------------------------------------------------------------------------------------
2020-10-17 18:14:29,146 EPOCH 11 done: loss 0.3486 - lr 0.1000000
2020-10-17 18:14:51,666 DEV : loss 0.19376568496227264 - score 0.7
2020-10-17 18:14:51,686 BAD EPOCHS (no improvement): 2
2020-10-17 18:14:51,687 ----------------------------------------------------------------------------------------------------
2020-10-17 18:15:05,716 epoch 12 - iter 31/319 - loss 0.33154287 - samples/sec: 70.72 - lr: 0.100000
2020-10-17 18:15:19,018 epoch 12 - iter 62/319 - loss 0.28954407 - samples/sec: 74.59 - lr: 0.100000
2020-10-17 18:15:33,476 epoch 12 - iter 93/319 - loss 0.31516631 - samples/sec: 68.62 - lr: 0.100000
2020-10-17 18:15:47,633 epoch 12 - iter 124/319 - loss 0.31358103 - samples/sec: 70.08 - lr: 0.100000
2020-10-17 18:16:01,090 epoch 12 - iter 155/319 - loss 0.31708524 - samples/sec: 73.73 - lr: 0.100000
2020-10-17 18:16:14,595 epoch 12 - iter 186/319 - loss 0.31265902 - samples/sec: 73.45 - lr: 0.100000
2020-10-17 18:16:28,275 epoch 12 - iter 217/319 - loss 0.32433881 - samples/sec: 72.53 - lr: 0.100000
2020-10-17 18:16:42,133 epoch 12 - iter 248/319 - loss 0.32488720 - samples/sec: 71.59 - lr: 0.100000
2020-10-17 18:16:56,110 epoch 12 - iter 279/319 - loss 0.32269892 - samples/sec: 70.99 - lr: 0.100000
2020-10-17 18:17:10,378 epoch 12 - iter 310/319 - loss 0.32082824 - samples/sec: 69.52 - lr: 0.100000
2020-10-17 18:17:14,115 ----------------------------------------------------------------------------------------------------
2020-10-17 18:17:14,116 EPOCH 12 done: loss 0.3209 - lr 0.1000000
2020-10-17 18:17:37,160 DEV : loss 0.3372019827365875 - score 0.5291
2020-10-17 18:17:37,179 BAD EPOCHS (no improvement): 3
2020-10-17 18:17:37,180 ----------------------------------------------------------------------------------------------------
2020-10-17 18:17:51,217 epoch 13 - iter 31/319 - loss 0.43398514 - samples/sec: 70.69 - lr: 0.100000
2020-10-17 18:18:06,242 epoch 13 - iter 62/319 - loss 0.32704831 - samples/sec: 66.03 - lr: 0.100000
2020-10-17 18:18:19,354 epoch 13 - iter 93/319 - loss 0.30582853 - samples/sec: 75.67 - lr: 0.100000
2020-10-17 18:18:33,195 epoch 13 - iter 124/319 - loss 0.31055169 - samples/sec: 71.69 - lr: 0.100000
2020-10-17 18:18:46,951 epoch 13 - iter 155/319 - loss 0.32310327 - samples/sec: 72.11 - lr: 0.100000
2020-10-17 18:19:00,935 epoch 13 - iter 186/319 - loss 0.31786128 - samples/sec: 70.95 - lr: 0.100000
2020-10-17 18:19:14,030 epoch 13 - iter 217/319 - loss 0.31130797 - samples/sec: 75.76 - lr: 0.100000
2020-10-17 18:19:27,802 epoch 13 - iter 248/319 - loss 0.30956230 - samples/sec: 72.04 - lr: 0.100000
2020-10-17 18:19:40,958 epoch 13 - iter 279/319 - loss 0.31225027 - samples/sec: 75.42 - lr: 0.100000
2020-10-17 18:19:55,336 epoch 13 - iter 310/319 - loss 0.32586487 - samples/sec: 69.01 - lr: 0.100000
2020-10-17 18:19:58,817 ----------------------------------------------------------------------------------------------------
2020-10-17 18:19:58,818 EPOCH 13 done: loss 0.3250 - lr 0.1000000
2020-10-17 18:20:21,407 DEV : loss 0.19211144745349884 - score 0.7396
2020-10-17 18:20:21,426 BAD EPOCHS (no improvement): 4
2020-10-17 18:20:21,427 ----------------------------------------------------------------------------------------------------
2020-10-17 18:20:35,163 epoch 14 - iter 31/319 - loss 0.20914506 - samples/sec: 72.23 - lr: 0.050000
2020-10-17 18:20:48,401 epoch 14 - iter 62/319 - loss 0.21510399 - samples/sec: 74.94 - lr: 0.050000
2020-10-17 18:21:02,541 epoch 14 - iter 93/319 - loss 0.24587192 - samples/sec: 70.16 - lr: 0.050000
2020-10-17 18:21:16,269 epoch 14 - iter 124/319 - loss 0.23847393 - samples/sec: 72.26 - lr: 0.050000
2020-10-17 18:21:30,512 epoch 14 - iter 155/319 - loss 0.24581784 - samples/sec: 69.65 - lr: 0.050000
2020-10-17 18:21:44,744 epoch 14 - iter 186/319 - loss 0.24755207 - samples/sec: 69.72 - lr: 0.050000
2020-10-17 18:21:59,068 epoch 14 - iter 217/319 - loss 0.24247446 - samples/sec: 69.26 - lr: 0.050000
2020-10-17 18:22:13,526 epoch 14 - iter 248/319 - loss 0.24042705 - samples/sec: 68.62 - lr: 0.050000
2020-10-17 18:22:26,263 epoch 14 - iter 279/319 - loss 0.24099134 - samples/sec: 77.89 - lr: 0.050000
2020-10-17 18:22:40,229 epoch 14 - iter 310/319 - loss 0.24493747 - samples/sec: 71.04 - lr: 0.050000
2020-10-17 18:22:43,930 ----------------------------------------------------------------------------------------------------
2020-10-17 18:22:43,931 EPOCH 14 done: loss 0.2419 - lr 0.0500000
2020-10-17 18:23:06,340 DEV : loss 0.1873023360967636 - score 0.75
2020-10-17 18:23:06,359 BAD EPOCHS (no improvement): 0
2020-10-17 18:23:20,680 ----------------------------------------------------------------------------------------------------
2020-10-17 18:23:33,474 epoch 15 - iter 31/319 - loss 0.27560765 - samples/sec: 77.55 - lr: 0.050000
2020-10-17 18:23:46,679 epoch 15 - iter 62/319 - loss 0.23384509 - samples/sec: 75.14 - lr: 0.050000
2020-10-17 18:24:01,226 epoch 15 - iter 93/319 - loss 0.23408402 - samples/sec: 68.21 - lr: 0.050000
2020-10-17 18:24:15,214 epoch 15 - iter 124/319 - loss 0.23825697 - samples/sec: 70.92 - lr: 0.050000
2020-10-17 18:24:28,236 epoch 15 - iter 155/319 - loss 0.22993920 - samples/sec: 76.19 - lr: 0.050000
2020-10-17 18:24:41,559 epoch 15 - iter 186/319 - loss 0.22949293 - samples/sec: 74.47 - lr: 0.050000
2020-10-17 18:24:55,851 epoch 15 - iter 217/319 - loss 0.23811621 - samples/sec: 69.43 - lr: 0.050000
2020-10-17 18:25:09,906 epoch 15 - iter 248/319 - loss 0.23626676 - samples/sec: 70.59 - lr: 0.050000
2020-10-17 18:25:24,059 epoch 15 - iter 279/319 - loss 0.23369770 - samples/sec: 70.10 - lr: 0.050000
2020-10-17 18:25:38,391 epoch 15 - iter 310/319 - loss 0.22690765 - samples/sec: 69.23 - lr: 0.050000
2020-10-17 18:25:42,217 ----------------------------------------------------------------------------------------------------
2020-10-17 18:25:42,217 EPOCH 15 done: loss 0.2238 - lr 0.0500000
2020-10-17 18:26:05,505 DEV : loss 0.15852873027324677 - score 0.7504
2020-10-17 18:26:05,525 BAD EPOCHS (no improvement): 0
2020-10-17 18:26:19,003 ----------------------------------------------------------------------------------------------------
2020-10-17 18:26:32,513 epoch 16 - iter 31/319 - loss 0.26674386 - samples/sec: 73.45 - lr: 0.050000
2020-10-17 18:26:46,351 epoch 16 - iter 62/319 - loss 0.22849687 - samples/sec: 71.70 - lr: 0.050000
2020-10-17 18:27:00,338 epoch 16 - iter 93/319 - loss 0.22822303 - samples/sec: 70.92 - lr: 0.050000
2020-10-17 18:27:13,279 epoch 16 - iter 124/319 - loss 0.22845960 - samples/sec: 76.67 - lr: 0.050000
2020-10-17 18:27:26,868 epoch 16 - iter 155/319 - loss 0.23476195 - samples/sec: 73.00 - lr: 0.050000
2020-10-17 18:27:40,955 epoch 16 - iter 186/319 - loss 0.22311295 - samples/sec: 70.42 - lr: 0.050000
2020-10-17 18:27:54,935 epoch 16 - iter 217/319 - loss 0.22189479 - samples/sec: 70.97 - lr: 0.050000
2020-10-17 18:28:08,924 epoch 16 - iter 248/319 - loss 0.22296146 - samples/sec: 70.93 - lr: 0.050000
2020-10-17 18:28:23,313 epoch 16 - iter 279/319 - loss 0.22332264 - samples/sec: 68.94 - lr: 0.050000
2020-10-17 18:28:37,515 epoch 16 - iter 310/319 - loss 0.22118819 - samples/sec: 69.86 - lr: 0.050000
2020-10-17 18:28:41,294 ----------------------------------------------------------------------------------------------------
2020-10-17 18:28:41,295 EPOCH 16 done: loss 0.2207 - lr 0.0500000
2020-10-17 18:29:03,850 DEV : loss 0.18950878083705902 - score 0.7306
2020-10-17 18:29:03,868 BAD EPOCHS (no improvement): 1
2020-10-17 18:29:03,869 ----------------------------------------------------------------------------------------------------
2020-10-17 18:29:17,655 epoch 17 - iter 31/319 - loss 0.22793753 - samples/sec: 71.97 - lr: 0.050000
2020-10-17 18:29:31,229 epoch 17 - iter 62/319 - loss 0.22201944 - samples/sec: 73.09 - lr: 0.050000
2020-10-17 18:29:44,684 epoch 17 - iter 93/319 - loss 0.22323612 - samples/sec: 73.74 - lr: 0.050000
2020-10-17 18:29:58,439 epoch 17 - iter 124/319 - loss 0.22231020 - samples/sec: 72.12 - lr: 0.050000
2020-10-17 18:30:12,714 epoch 17 - iter 155/319 - loss 0.23088080 - samples/sec: 69.50 - lr: 0.050000
2020-10-17 18:30:27,657 epoch 17 - iter 186/319 - loss 0.22424780 - samples/sec: 66.39 - lr: 0.050000
2020-10-17 18:30:41,404 epoch 17 - iter 217/319 - loss 0.22289200 - samples/sec: 72.17 - lr: 0.050000
2020-10-17 18:30:55,555 epoch 17 - iter 248/319 - loss 0.21827254 - samples/sec: 70.11 - lr: 0.050000
2020-10-17 18:31:08,476 epoch 17 - iter 279/319 - loss 0.21499728 - samples/sec: 76.79 - lr: 0.050000
2020-10-17 18:31:22,187 epoch 17 - iter 310/319 - loss 0.21496231 - samples/sec: 72.36 - lr: 0.050000
2020-10-17 18:31:25,421 ----------------------------------------------------------------------------------------------------
2020-10-17 18:31:25,422 EPOCH 17 done: loss 0.2136 - lr 0.0500000
2020-10-17 18:31:47,893 DEV : loss 0.18936775624752045 - score 0.7016
2020-10-17 18:31:47,912 BAD EPOCHS (no improvement): 2
2020-10-17 18:31:47,913 ----------------------------------------------------------------------------------------------------
2020-10-17 18:32:01,175 epoch 18 - iter 31/319 - loss 0.21908857 - samples/sec: 74.81 - lr: 0.050000
2020-10-17 18:32:15,529 epoch 18 - iter 62/319 - loss 0.19041803 - samples/sec: 69.12 - lr: 0.050000
2020-10-17 18:32:29,150 epoch 18 - iter 93/319 - loss 0.21528993 - samples/sec: 72.84 - lr: 0.050000
2020-10-17 18:32:44,198 epoch 18 - iter 124/319 - loss 0.22116359 - samples/sec: 65.92 - lr: 0.050000
2020-10-17 18:32:57,645 epoch 18 - iter 155/319 - loss 0.21803443 - samples/sec: 73.78 - lr: 0.050000
2020-10-17 18:33:11,730 epoch 18 - iter 186/319 - loss 0.21944462 - samples/sec: 70.44 - lr: 0.050000
2020-10-17 18:33:24,483 epoch 18 - iter 217/319 - loss 0.21604457 - samples/sec: 77.79 - lr: 0.050000
2020-10-17 18:33:39,215 epoch 18 - iter 248/319 - loss 0.22253434 - samples/sec: 67.34 - lr: 0.050000
2020-10-17 18:33:53,154 epoch 18 - iter 279/319 - loss 0.22077377 - samples/sec: 71.17 - lr: 0.050000
2020-10-17 18:34:06,809 epoch 18 - iter 310/319 - loss 0.21811853 - samples/sec: 72.66 - lr: 0.050000
2020-10-17 18:34:10,156 ----------------------------------------------------------------------------------------------------
2020-10-17 18:34:10,157 EPOCH 18 done: loss 0.2161 - lr 0.0500000
2020-10-17 18:34:32,735 DEV : loss 0.1811247617006302 - score 0.738
2020-10-17 18:34:32,757 BAD EPOCHS (no improvement): 3
2020-10-17 18:34:32,759 ----------------------------------------------------------------------------------------------------
2020-10-17 18:34:47,040 epoch 19 - iter 31/319 - loss 0.19306428 - samples/sec: 69.48 - lr: 0.050000
2020-10-17 18:35:00,918 epoch 19 - iter 62/319 - loss 0.19729851 - samples/sec: 71.49 - lr: 0.050000
2020-10-17 18:35:14,229 epoch 19 - iter 93/319 - loss 0.18430819 - samples/sec: 74.55 - lr: 0.050000
2020-10-17 18:35:26,907 epoch 19 - iter 124/319 - loss 0.18412595 - samples/sec: 78.26 - lr: 0.050000
2020-10-17 18:35:40,828 epoch 19 - iter 155/319 - loss 0.19001653 - samples/sec: 71.27 - lr: 0.050000
2020-10-17 18:35:54,484 epoch 19 - iter 186/319 - loss 0.20110146 - samples/sec: 72.65 - lr: 0.050000
2020-10-17 18:36:07,874 epoch 19 - iter 217/319 - loss 0.19936620 - samples/sec: 74.10 - lr: 0.050000
2020-10-17 18:36:21,745 epoch 19 - iter 248/319 - loss 0.19968907 - samples/sec: 71.53 - lr: 0.050000
2020-10-17 18:36:35,542 epoch 19 - iter 279/319 - loss 0.19230151 - samples/sec: 71.91 - lr: 0.050000
2020-10-17 18:36:49,267 epoch 19 - iter 310/319 - loss 0.20256925 - samples/sec: 72.30 - lr: 0.050000
2020-10-17 18:36:53,857 ----------------------------------------------------------------------------------------------------
2020-10-17 18:36:53,858 EPOCH 19 done: loss 0.2004 - lr 0.0500000
2020-10-17 18:37:16,377 DEV : loss 0.1497664451599121 - score 0.7727
2020-10-17 18:37:16,396 BAD EPOCHS (no improvement): 0
2020-10-17 18:37:29,873 ----------------------------------------------------------------------------------------------------
2020-10-17 18:37:43,064 epoch 20 - iter 31/319 - loss 0.20260048 - samples/sec: 75.22 - lr: 0.050000
2020-10-17 18:37:56,456 epoch 20 - iter 62/319 - loss 0.21229380 - samples/sec: 74.10 - lr: 0.050000
2020-10-17 18:38:10,718 epoch 20 - iter 93/319 - loss 0.21257366 - samples/sec: 69.58 - lr: 0.050000
2020-10-17 18:38:24,788 epoch 20 - iter 124/319 - loss 0.21530083 - samples/sec: 70.52 - lr: 0.050000
2020-10-17 18:38:38,991 epoch 20 - iter 155/319 - loss 0.20891026 - samples/sec: 69.85 - lr: 0.050000
2020-10-17 18:38:52,984 epoch 20 - iter 186/319 - loss 0.20692812 - samples/sec: 70.89 - lr: 0.050000
2020-10-17 18:39:07,020 epoch 20 - iter 217/319 - loss 0.20538518 - samples/sec: 70.68 - lr: 0.050000
2020-10-17 18:39:20,570 epoch 20 - iter 248/319 - loss 0.20918361 - samples/sec: 73.23 - lr: 0.050000
2020-10-17 18:39:33,584 epoch 20 - iter 279/319 - loss 0.20562801 - samples/sec: 76.24 - lr: 0.050000
2020-10-17 18:39:47,497 epoch 20 - iter 310/319 - loss 0.20833424 - samples/sec: 71.32 - lr: 0.050000
2020-10-17 18:39:51,052 ----------------------------------------------------------------------------------------------------
2020-10-17 18:39:51,053 EPOCH 20 done: loss 0.2074 - lr 0.0500000
2020-10-17 18:40:13,992 DEV : loss 0.1519465148448944 - score 0.754
2020-10-17 18:40:14,011 BAD EPOCHS (no improvement): 1
2020-10-17 18:40:14,012 ----------------------------------------------------------------------------------------------------
2020-10-17 18:40:28,148 epoch 21 - iter 31/319 - loss 0.18797469 - samples/sec: 70.19 - lr: 0.050000
2020-10-17 18:40:41,241 epoch 21 - iter 62/319 - loss 0.17055024 - samples/sec: 75.77 - lr: 0.050000
2020-10-17 18:40:55,408 epoch 21 - iter 93/319 - loss 0.20520245 - samples/sec: 70.03 - lr: 0.050000
2020-10-17 18:41:08,690 epoch 21 - iter 124/319 - loss 0.20033643 - samples/sec: 74.69 - lr: 0.050000
2020-10-17 18:41:21,758 epoch 21 - iter 155/319 - loss 0.19056753 - samples/sec: 75.92 - lr: 0.050000
2020-10-17 18:41:35,722 epoch 21 - iter 186/319 - loss 0.18443467 - samples/sec: 71.05 - lr: 0.050000
2020-10-17 18:41:50,107 epoch 21 - iter 217/319 - loss 0.18508947 - samples/sec: 68.97 - lr: 0.050000
2020-10-17 18:42:03,333 epoch 21 - iter 248/319 - loss 0.18747082 - samples/sec: 75.01 - lr: 0.050000
2020-10-17 18:42:18,629 epoch 21 - iter 279/319 - loss 0.19246242 - samples/sec: 64.86 - lr: 0.050000
2020-10-17 18:42:31,934 epoch 21 - iter 310/319 - loss 0.19568216 - samples/sec: 74.56 - lr: 0.050000
2020-10-17 18:42:35,954 ----------------------------------------------------------------------------------------------------
2020-10-17 18:42:35,954 EPOCH 21 done: loss 0.1927 - lr 0.0500000
2020-10-17 18:42:58,519 DEV : loss 0.15418784320354462 - score 0.7478
2020-10-17 18:42:58,539 BAD EPOCHS (no improvement): 2
2020-10-17 18:42:58,541 ----------------------------------------------------------------------------------------------------
2020-10-17 18:43:12,770 epoch 22 - iter 31/319 - loss 0.24066495 - samples/sec: 69.72 - lr: 0.050000
2020-10-17 18:43:26,775 epoch 22 - iter 62/319 - loss 0.23364209 - samples/sec: 70.84 - lr: 0.050000
2020-10-17 18:43:40,518 epoch 22 - iter 93/319 - loss 0.22930987 - samples/sec: 72.19 - lr: 0.050000
2020-10-17 18:43:54,371 epoch 22 - iter 124/319 - loss 0.22036933 - samples/sec: 71.61 - lr: 0.050000
2020-10-17 18:44:07,259 epoch 22 - iter 155/319 - loss 0.21916094 - samples/sec: 76.99 - lr: 0.050000
2020-10-17 18:44:20,858 epoch 22 - iter 186/319 - loss 0.20868487 - samples/sec: 72.95 - lr: 0.050000
2020-10-17 18:44:34,937 epoch 22 - iter 217/319 - loss 0.20988073 - samples/sec: 70.47 - lr: 0.050000
2020-10-17 18:44:48,768 epoch 22 - iter 248/319 - loss 0.20547507 - samples/sec: 71.73 - lr: 0.050000
2020-10-17 18:45:01,870 epoch 22 - iter 279/319 - loss 0.20297205 - samples/sec: 75.72 - lr: 0.050000
2020-10-17 18:45:16,328 epoch 22 - iter 310/319 - loss 0.19976688 - samples/sec: 68.61 - lr: 0.050000
2020-10-17 18:45:19,745 ----------------------------------------------------------------------------------------------------
2020-10-17 18:45:19,746 EPOCH 22 done: loss 0.1990 - lr 0.0500000
2020-10-17 18:45:42,210 DEV : loss 0.14656180143356323 - score 0.738
2020-10-17 18:45:42,230 BAD EPOCHS (no improvement): 3
2020-10-17 18:45:42,231 ----------------------------------------------------------------------------------------------------
2020-10-17 18:45:56,192 epoch 23 - iter 31/319 - loss 0.16361568 - samples/sec: 71.07 - lr: 0.050000
2020-10-17 18:46:09,929 epoch 23 - iter 62/319 - loss 0.18709858 - samples/sec: 72.22 - lr: 0.050000
2020-10-17 18:46:23,207 epoch 23 - iter 93/319 - loss 0.19804833 - samples/sec: 74.71 - lr: 0.050000
2020-10-17 18:46:37,107 epoch 23 - iter 124/319 - loss 0.20559879 - samples/sec: 71.38 - lr: 0.050000
2020-10-17 18:46:51,204 epoch 23 - iter 155/319 - loss 0.20151107 - samples/sec: 70.38 - lr: 0.050000
2020-10-17 18:47:04,676 epoch 23 - iter 186/319 - loss 0.19718029 - samples/sec: 73.63 - lr: 0.050000
2020-10-17 18:47:18,346 epoch 23 - iter 217/319 - loss 0.20010811 - samples/sec: 72.57 - lr: 0.050000
2020-10-17 18:47:32,771 epoch 23 - iter 248/319 - loss 0.19516752 - samples/sec: 68.78 - lr: 0.050000
2020-10-17 18:47:47,204 epoch 23 - iter 279/319 - loss 0.19335248 - samples/sec: 68.74 - lr: 0.050000
2020-10-17 18:48:00,894 epoch 23 - iter 310/319 - loss 0.19617269 - samples/sec: 72.48 - lr: 0.050000
2020-10-17 18:48:04,838 ----------------------------------------------------------------------------------------------------
2020-10-17 18:48:04,839 EPOCH 23 done: loss 0.1955 - lr 0.0500000
2020-10-17 18:48:27,266 DEV : loss 0.1483592391014099 - score 0.7456
2020-10-17 18:48:27,285 BAD EPOCHS (no improvement): 4
2020-10-17 18:48:27,286 ----------------------------------------------------------------------------------------------------
2020-10-17 18:48:40,935 epoch 24 - iter 31/319 - loss 0.19670650 - samples/sec: 72.68 - lr: 0.025000
2020-10-17 18:48:54,620 epoch 24 - iter 62/319 - loss 0.17296069 - samples/sec: 72.50 - lr: 0.025000
2020-10-17 18:49:08,924 epoch 24 - iter 93/319 - loss 0.16974737 - samples/sec: 69.36 - lr: 0.025000
2020-10-17 18:49:21,474 epoch 24 - iter 124/319 - loss 0.16991488 - samples/sec: 79.06 - lr: 0.025000
2020-10-17 18:49:34,780 epoch 24 - iter 155/319 - loss 0.16874631 - samples/sec: 74.56 - lr: 0.025000
2020-10-17 18:49:49,366 epoch 24 - iter 186/319 - loss 0.17527248 - samples/sec: 68.02 - lr: 0.025000
2020-10-17 18:50:03,141 epoch 24 - iter 217/319 - loss 0.16879071 - samples/sec: 72.02 - lr: 0.025000
2020-10-17 18:50:17,363 epoch 24 - iter 248/319 - loss 0.16985767 - samples/sec: 69.75 - lr: 0.025000
2020-10-17 18:50:31,617 epoch 24 - iter 279/319 - loss 0.17433774 - samples/sec: 69.60 - lr: 0.025000
2020-10-17 18:50:45,412 epoch 24 - iter 310/319 - loss 0.17520557 - samples/sec: 71.93 - lr: 0.025000
2020-10-17 18:50:48,677 ----------------------------------------------------------------------------------------------------
2020-10-17 18:50:48,678 EPOCH 24 done: loss 0.1770 - lr 0.0250000
2020-10-17 18:51:11,192 DEV : loss 0.14251555502414703 - score 0.789
2020-10-17 18:51:11,211 BAD EPOCHS (no improvement): 0
2020-10-17 18:51:25,818 ----------------------------------------------------------------------------------------------------
2020-10-17 18:51:39,970 epoch 25 - iter 31/319 - loss 0.17358448 - samples/sec: 70.11 - lr: 0.025000
2020-10-17 18:51:53,447 epoch 25 - iter 62/319 - loss 0.19160971 - samples/sec: 73.61 - lr: 0.025000
2020-10-17 18:52:06,648 epoch 25 - iter 93/319 - loss 0.19556210 - samples/sec: 75.16 - lr: 0.025000
2020-10-17 18:52:21,582 epoch 25 - iter 124/319 - loss 0.19139658 - samples/sec: 66.43 - lr: 0.025000
2020-10-17 18:52:34,918 epoch 25 - iter 155/319 - loss 0.19057322 - samples/sec: 74.40 - lr: 0.025000
2020-10-17 18:52:48,036 epoch 25 - iter 186/319 - loss 0.19170587 - samples/sec: 75.63 - lr: 0.025000
2020-10-17 18:53:01,667 epoch 25 - iter 217/319 - loss 0.18730740 - samples/sec: 72.79 - lr: 0.025000
2020-10-17 18:53:15,679 epoch 25 - iter 248/319 - loss 0.18455579 - samples/sec: 70.81 - lr: 0.025000
2020-10-17 18:53:29,669 epoch 25 - iter 279/319 - loss 0.19093939 - samples/sec: 70.91 - lr: 0.025000
2020-10-17 18:53:43,919 epoch 25 - iter 310/319 - loss 0.18655879 - samples/sec: 69.62 - lr: 0.025000
2020-10-17 18:53:47,744 ----------------------------------------------------------------------------------------------------
2020-10-17 18:53:47,745 EPOCH 25 done: loss 0.1867 - lr 0.0250000
2020-10-17 18:54:10,339 DEV : loss 0.1405879259109497 - score 0.7714
2020-10-17 18:54:10,357 BAD EPOCHS (no improvement): 1
2020-10-17 18:54:10,358 ----------------------------------------------------------------------------------------------------
2020-10-17 18:54:24,589 epoch 26 - iter 31/319 - loss 0.15491755 - samples/sec: 69.72 - lr: 0.025000
2020-10-17 18:54:38,091 epoch 26 - iter 62/319 - loss 0.16173812 - samples/sec: 73.48 - lr: 0.025000
2020-10-17 18:54:51,276 epoch 26 - iter 93/319 - loss 0.15859289 - samples/sec: 75.24 - lr: 0.025000
2020-10-17 18:55:05,359 epoch 26 - iter 124/319 - loss 0.16151537 - samples/sec: 70.45 - lr: 0.025000
2020-10-17 18:55:18,817 epoch 26 - iter 155/319 - loss 0.15358108 - samples/sec: 73.73 - lr: 0.025000
2020-10-17 18:55:32,982 epoch 26 - iter 186/319 - loss 0.15988969 - samples/sec: 70.04 - lr: 0.025000
2020-10-17 18:55:46,589 epoch 26 - iter 217/319 - loss 0.16569080 - samples/sec: 72.91 - lr: 0.025000
2020-10-17 18:56:01,160 epoch 26 - iter 248/319 - loss 0.17132441 - samples/sec: 68.09 - lr: 0.025000
2020-10-17 18:56:14,406 epoch 26 - iter 279/319 - loss 0.17147259 - samples/sec: 74.90 - lr: 0.025000
2020-10-17 18:56:27,842 epoch 26 - iter 310/319 - loss 0.17065284 - samples/sec: 73.84 - lr: 0.025000
2020-10-17 18:56:31,771 ----------------------------------------------------------------------------------------------------
2020-10-17 18:56:31,772 EPOCH 26 done: loss 0.1697 - lr 0.0250000
2020-10-17 18:56:54,252 DEV : loss 0.13635185360908508 - score 0.7717
2020-10-17 18:56:54,271 BAD EPOCHS (no improvement): 2
2020-10-17 18:56:54,272 ----------------------------------------------------------------------------------------------------
2020-10-17 18:57:07,257 epoch 27 - iter 31/319 - loss 0.22845003 - samples/sec: 76.44 - lr: 0.025000
2020-10-17 18:57:20,575 epoch 27 - iter 62/319 - loss 0.19992351 - samples/sec: 74.50 - lr: 0.025000
2020-10-17 18:57:34,274 epoch 27 - iter 93/319 - loss 0.18317870 - samples/sec: 72.42 - lr: 0.025000
2020-10-17 18:57:49,132 epoch 27 - iter 124/319 - loss 0.17617676 - samples/sec: 66.77 - lr: 0.025000
2020-10-17 18:58:03,112 epoch 27 - iter 155/319 - loss 0.17563197 - samples/sec: 70.97 - lr: 0.025000
2020-10-17 18:58:17,213 epoch 27 - iter 186/319 - loss 0.17039951 - samples/sec: 70.36 - lr: 0.025000
2020-10-17 18:58:31,216 epoch 27 - iter 217/319 - loss 0.17146511 - samples/sec: 70.84 - lr: 0.025000
2020-10-17 18:58:45,601 epoch 27 - iter 248/319 - loss 0.17197406 - samples/sec: 68.97 - lr: 0.025000
2020-10-17 18:58:59,637 epoch 27 - iter 279/319 - loss 0.17079013 - samples/sec: 70.67 - lr: 0.025000
2020-10-17 18:59:12,509 epoch 27 - iter 310/319 - loss 0.17457302 - samples/sec: 77.08 - lr: 0.025000
2020-10-17 18:59:16,039 ----------------------------------------------------------------------------------------------------
2020-10-17 18:59:16,040 EPOCH 27 done: loss 0.1725 - lr 0.0250000
2020-10-17 18:59:38,438 DEV : loss 0.13730180263519287 - score 0.7817
2020-10-17 18:59:38,457 BAD EPOCHS (no improvement): 3
2020-10-17 18:59:38,458 ----------------------------------------------------------------------------------------------------
2020-10-17 18:59:52,128 epoch 28 - iter 31/319 - loss 0.19068990 - samples/sec: 72.59 - lr: 0.025000
2020-10-17 19:00:05,098 epoch 28 - iter 62/319 - loss 0.18020223 - samples/sec: 76.49 - lr: 0.025000
2020-10-17 19:00:18,301 epoch 28 - iter 93/319 - loss 0.17848886 - samples/sec: 75.14 - lr: 0.025000
2020-10-17 19:00:32,659 epoch 28 - iter 124/319 - loss 0.16787362 - samples/sec: 69.10 - lr: 0.025000
2020-10-17 19:00:46,393 epoch 28 - iter 155/319 - loss 0.17094102 - samples/sec: 72.24 - lr: 0.025000
2020-10-17 19:00:59,044 epoch 28 - iter 186/319 - loss 0.17262931 - samples/sec: 78.42 - lr: 0.025000
2020-10-17 19:01:13,235 epoch 28 - iter 217/319 - loss 0.17037977 - samples/sec: 69.91 - lr: 0.025000
2020-10-17 19:01:27,440 epoch 28 - iter 248/319 - loss 0.17070555 - samples/sec: 69.84 - lr: 0.025000
2020-10-17 19:01:41,475 epoch 28 - iter 279/319 - loss 0.17084274 - samples/sec: 70.69 - lr: 0.025000
2020-10-17 19:01:55,675 epoch 28 - iter 310/319 - loss 0.17046041 - samples/sec: 69.87 - lr: 0.025000
2020-10-17 19:01:59,177 ----------------------------------------------------------------------------------------------------
2020-10-17 19:01:59,178 EPOCH 28 done: loss 0.1693 - lr 0.0250000
2020-10-17 19:02:22,145 DEV : loss 0.1388755440711975 - score 0.7603
2020-10-17 19:02:22,163 BAD EPOCHS (no improvement): 4
2020-10-17 19:02:22,164 ----------------------------------------------------------------------------------------------------
2020-10-17 19:02:37,622 epoch 29 - iter 31/319 - loss 0.18176299 - samples/sec: 64.18 - lr: 0.012500
2020-10-17 19:02:51,101 epoch 29 - iter 62/319 - loss 0.19550029 - samples/sec: 73.62 - lr: 0.012500
2020-10-17 19:03:04,340 epoch 29 - iter 93/319 - loss 0.19088586 - samples/sec: 74.94 - lr: 0.012500
2020-10-17 19:03:18,370 epoch 29 - iter 124/319 - loss 0.18535066 - samples/sec: 70.73 - lr: 0.012500
2020-10-17 19:03:32,117 epoch 29 - iter 155/319 - loss 0.18165531 - samples/sec: 72.17 - lr: 0.012500
2020-10-17 19:03:45,963 epoch 29 - iter 186/319 - loss 0.18124234 - samples/sec: 71.66 - lr: 0.012500
2020-10-17 19:03:59,259 epoch 29 - iter 217/319 - loss 0.17215561 - samples/sec: 74.61 - lr: 0.012500
2020-10-17 19:04:12,314 epoch 29 - iter 248/319 - loss 0.17126866 - samples/sec: 75.99 - lr: 0.012500
2020-10-17 19:04:26,241 epoch 29 - iter 279/319 - loss 0.17170304 - samples/sec: 71.23 - lr: 0.012500
2020-10-17 19:04:40,631 epoch 29 - iter 310/319 - loss 0.16839386 - samples/sec: 68.95 - lr: 0.012500
2020-10-17 19:04:44,369 ----------------------------------------------------------------------------------------------------
2020-10-17 19:04:44,369 EPOCH 29 done: loss 0.1690 - lr 0.0125000
2020-10-17 19:05:06,793 DEV : loss 0.14190170168876648 - score 0.7835
2020-10-17 19:05:06,813 BAD EPOCHS (no improvement): 1
2020-10-17 19:05:06,814 ----------------------------------------------------------------------------------------------------
2020-10-17 19:05:20,202 epoch 30 - iter 31/319 - loss 0.17220605 - samples/sec: 74.11 - lr: 0.012500
2020-10-17 19:05:34,654 epoch 30 - iter 62/319 - loss 0.16030490 - samples/sec: 68.65 - lr: 0.012500
2020-10-17 19:05:48,058 epoch 30 - iter 93/319 - loss 0.16052012 - samples/sec: 74.01 - lr: 0.012500
2020-10-17 19:06:01,416 epoch 30 - iter 124/319 - loss 0.16285060 - samples/sec: 74.27 - lr: 0.012500
2020-10-17 19:06:15,454 epoch 30 - iter 155/319 - loss 0.16830727 - samples/sec: 70.68 - lr: 0.012500
2020-10-17 19:06:28,718 epoch 30 - iter 186/319 - loss 0.16189786 - samples/sec: 74.80 - lr: 0.012500
2020-10-17 19:06:43,452 epoch 30 - iter 217/319 - loss 0.16535754 - samples/sec: 67.33 - lr: 0.012500
2020-10-17 19:06:57,659 epoch 30 - iter 248/319 - loss 0.16630627 - samples/sec: 69.83 - lr: 0.012500
2020-10-17 19:07:11,633 epoch 30 - iter 279/319 - loss 0.16327680 - samples/sec: 71.00 - lr: 0.012500
2020-10-17 19:07:25,877 epoch 30 - iter 310/319 - loss 0.16074129 - samples/sec: 69.65 - lr: 0.012500
2020-10-17 19:07:29,619 ----------------------------------------------------------------------------------------------------
2020-10-17 19:07:29,620 EPOCH 30 done: loss 0.1585 - lr 0.0125000
2020-10-17 19:07:52,101 DEV : loss 0.13972154259681702 - score 0.767
2020-10-17 19:07:52,121 BAD EPOCHS (no improvement): 2
2020-10-17 19:07:52,122 ----------------------------------------------------------------------------------------------------
2020-10-17 19:08:05,248 epoch 31 - iter 31/319 - loss 0.18187480 - samples/sec: 75.58 - lr: 0.012500
2020-10-17 19:08:19,435 epoch 31 - iter 62/319 - loss 0.16249698 - samples/sec: 69.93 - lr: 0.012500
2020-10-17 19:08:33,573 epoch 31 - iter 93/319 - loss 0.15991164 - samples/sec: 70.17 - lr: 0.012500
2020-10-17 19:08:47,577 epoch 31 - iter 124/319 - loss 0.16229085 - samples/sec: 70.85 - lr: 0.012500
2020-10-17 19:09:00,961 epoch 31 - iter 155/319 - loss 0.15842206 - samples/sec: 74.12 - lr: 0.012500
2020-10-17 19:09:14,192 epoch 31 - iter 186/319 - loss 0.15541704 - samples/sec: 74.99 - lr: 0.012500
2020-10-17 19:09:27,734 epoch 31 - iter 217/319 - loss 0.15527601 - samples/sec: 73.26 - lr: 0.012500
2020-10-17 19:09:40,937 epoch 31 - iter 248/319 - loss 0.15205530 - samples/sec: 75.15 - lr: 0.012500
2020-10-17 19:09:54,664 epoch 31 - iter 279/319 - loss 0.15096753 - samples/sec: 72.28 - lr: 0.012500
2020-10-17 19:10:08,624 epoch 31 - iter 310/319 - loss 0.14998097 - samples/sec: 71.08 - lr: 0.012500
2020-10-17 19:10:12,605 ----------------------------------------------------------------------------------------------------
2020-10-17 19:10:12,606 EPOCH 31 done: loss 0.1527 - lr 0.0125000
2020-10-17 19:10:35,056 DEV : loss 0.14231102168560028 - score 0.7798
2020-10-17 19:10:35,076 BAD EPOCHS (no improvement): 3
2020-10-17 19:10:35,077 ----------------------------------------------------------------------------------------------------
2020-10-17 19:10:48,547 epoch 32 - iter 31/319 - loss 0.11032241 - samples/sec: 73.66 - lr: 0.012500
2020-10-17 19:11:02,161 epoch 32 - iter 62/319 - loss 0.12525422 - samples/sec: 72.88 - lr: 0.012500
2020-10-17 19:11:15,664 epoch 32 - iter 93/319 - loss 0.14187222 - samples/sec: 73.48 - lr: 0.012500
2020-10-17 19:11:29,587 epoch 32 - iter 124/319 - loss 0.14917328 - samples/sec: 71.27 - lr: 0.012500
2020-10-17 19:11:43,714 epoch 32 - iter 155/319 - loss 0.16125127 - samples/sec: 70.22 - lr: 0.012500
2020-10-17 19:11:57,188 epoch 32 - iter 186/319 - loss 0.16294486 - samples/sec: 73.64 - lr: 0.012500
2020-10-17 19:12:10,416 epoch 32 - iter 217/319 - loss 0.15855911 - samples/sec: 75.00 - lr: 0.012500
2020-10-17 19:12:25,018 epoch 32 - iter 248/319 - loss 0.15966271 - samples/sec: 67.94 - lr: 0.012500
2020-10-17 19:12:39,398 epoch 32 - iter 279/319 - loss 0.15654247 - samples/sec: 69.00 - lr: 0.012500
2020-10-17 19:12:53,193 epoch 32 - iter 310/319 - loss 0.15849816 - samples/sec: 71.91 - lr: 0.012500
2020-10-17 19:12:56,951 ----------------------------------------------------------------------------------------------------
2020-10-17 19:12:56,952 EPOCH 32 done: loss 0.1654 - lr 0.0125000
2020-10-17 19:13:19,346 DEV : loss 0.14221608638763428 - score 0.7624
2020-10-17 19:13:19,366 BAD EPOCHS (no improvement): 4
2020-10-17 19:13:19,367 ----------------------------------------------------------------------------------------------------
2020-10-17 19:13:33,231 epoch 33 - iter 31/319 - loss 0.16490116 - samples/sec: 71.56 - lr: 0.006250
2020-10-17 19:13:45,750 epoch 33 - iter 62/319 - loss 0.15421176 - samples/sec: 79.25 - lr: 0.006250
2020-10-17 19:13:59,995 epoch 33 - iter 93/319 - loss 0.15442723 - samples/sec: 69.65 - lr: 0.006250
2020-10-17 19:14:13,329 epoch 33 - iter 124/319 - loss 0.15884794 - samples/sec: 74.41 - lr: 0.006250
2020-10-17 19:14:27,696 epoch 33 - iter 155/319 - loss 0.15178386 - samples/sec: 69.06 - lr: 0.006250
2020-10-17 19:14:41,102 epoch 33 - iter 186/319 - loss 0.15387190 - samples/sec: 74.01 - lr: 0.006250
2020-10-17 19:14:53,641 epoch 33 - iter 217/319 - loss 0.15525473 - samples/sec: 79.12 - lr: 0.006250
2020-10-17 19:15:08,642 epoch 33 - iter 248/319 - loss 0.15468244 - samples/sec: 66.14 - lr: 0.006250
2020-10-17 19:15:22,758 epoch 33 - iter 279/319 - loss 0.15453504 - samples/sec: 70.29 - lr: 0.006250
2020-10-17 19:15:36,966 epoch 33 - iter 310/319 - loss 0.15221873 - samples/sec: 69.83 - lr: 0.006250
2020-10-17 19:15:40,624 ----------------------------------------------------------------------------------------------------
2020-10-17 19:15:40,625 EPOCH 33 done: loss 0.1521 - lr 0.0062500
2020-10-17 19:16:03,004 DEV : loss 0.13342945277690887 - score 0.7825
2020-10-17 19:16:03,024 BAD EPOCHS (no improvement): 1
2020-10-17 19:16:03,025 ----------------------------------------------------------------------------------------------------
2020-10-17 19:16:17,761 epoch 34 - iter 31/319 - loss 0.12909366 - samples/sec: 67.33 - lr: 0.006250
2020-10-17 19:16:31,730 epoch 34 - iter 62/319 - loss 0.13639437 - samples/sec: 71.02 - lr: 0.006250
2020-10-17 19:16:45,132 epoch 34 - iter 93/319 - loss 0.14455264 - samples/sec: 74.03 - lr: 0.006250
2020-10-17 19:16:59,192 epoch 34 - iter 124/319 - loss 0.14674917 - samples/sec: 70.56 - lr: 0.006250
2020-10-17 19:17:12,416 epoch 34 - iter 155/319 - loss 0.14731624 - samples/sec: 75.02 - lr: 0.006250
2020-10-17 19:17:26,528 epoch 34 - iter 186/319 - loss 0.14208536 - samples/sec: 70.31 - lr: 0.006250
2020-10-17 19:17:39,671 epoch 34 - iter 217/319 - loss 0.14692792 - samples/sec: 75.48 - lr: 0.006250
2020-10-17 19:17:53,541 epoch 34 - iter 248/319 - loss 0.14997734 - samples/sec: 71.53 - lr: 0.006250
2020-10-17 19:18:07,645 epoch 34 - iter 279/319 - loss 0.14980880 - samples/sec: 70.34 - lr: 0.006250
2020-10-17 19:18:20,675 epoch 34 - iter 310/319 - loss 0.15089987 - samples/sec: 76.14 - lr: 0.006250
2020-10-17 19:18:24,402 ----------------------------------------------------------------------------------------------------
2020-10-17 19:18:24,403 EPOCH 34 done: loss 0.1531 - lr 0.0062500
2020-10-17 19:18:46,922 DEV : loss 0.13316798210144043 - score 0.7793
2020-10-17 19:18:46,943 BAD EPOCHS (no improvement): 2
2020-10-17 19:18:46,944 ----------------------------------------------------------------------------------------------------
2020-10-17 19:19:00,509 epoch 35 - iter 31/319 - loss 0.15525495 - samples/sec: 73.15 - lr: 0.006250
2020-10-17 19:19:14,143 epoch 35 - iter 62/319 - loss 0.15699403 - samples/sec: 72.77 - lr: 0.006250
2020-10-17 19:19:28,484 epoch 35 - iter 93/319 - loss 0.14833597 - samples/sec: 69.18 - lr: 0.006250
2020-10-17 19:19:41,452 epoch 35 - iter 124/319 - loss 0.14601208 - samples/sec: 76.51 - lr: 0.006250
2020-10-17 19:19:55,122 epoch 35 - iter 155/319 - loss 0.14618931 - samples/sec: 72.59 - lr: 0.006250
2020-10-17 19:20:09,748 epoch 35 - iter 186/319 - loss 0.14886361 - samples/sec: 67.83 - lr: 0.006250
2020-10-17 19:20:23,422 epoch 35 - iter 217/319 - loss 0.14814889 - samples/sec: 72.55 - lr: 0.006250
2020-10-17 19:20:37,222 epoch 35 - iter 248/319 - loss 0.14537551 - samples/sec: 71.89 - lr: 0.006250
2020-10-17 19:20:50,466 epoch 35 - iter 279/319 - loss 0.14241148 - samples/sec: 74.91 - lr: 0.006250
2020-10-17 19:21:03,897 epoch 35 - iter 310/319 - loss 0.14436878 - samples/sec: 73.87 - lr: 0.006250
2020-10-17 19:21:07,197 ----------------------------------------------------------------------------------------------------
2020-10-17 19:21:07,198 EPOCH 35 done: loss 0.1458 - lr 0.0062500
2020-10-17 19:21:29,587 DEV : loss 0.1312284916639328 - score 0.7749
2020-10-17 19:21:29,606 BAD EPOCHS (no improvement): 3
2020-10-17 19:21:29,607 ----------------------------------------------------------------------------------------------------
2020-10-17 19:21:43,259 epoch 36 - iter 31/319 - loss 0.16533827 - samples/sec: 72.68 - lr: 0.006250
2020-10-17 19:21:57,482 epoch 36 - iter 62/319 - loss 0.14775012 - samples/sec: 69.75 - lr: 0.006250
2020-10-17 19:22:11,354 epoch 36 - iter 93/319 - loss 0.16123533 - samples/sec: 71.51 - lr: 0.006250
2020-10-17 19:22:25,615 epoch 36 - iter 124/319 - loss 0.15454957 - samples/sec: 69.57 - lr: 0.006250
2020-10-17 19:22:39,649 epoch 36 - iter 155/319 - loss 0.15850480 - samples/sec: 70.70 - lr: 0.006250
2020-10-17 19:22:52,567 epoch 36 - iter 186/319 - loss 0.15437207 - samples/sec: 76.79 - lr: 0.006250
2020-10-17 19:23:05,203 epoch 36 - iter 217/319 - loss 0.15275365 - samples/sec: 78.51 - lr: 0.006250
2020-10-17 19:23:19,511 epoch 36 - iter 248/319 - loss 0.15351183 - samples/sec: 69.34 - lr: 0.006250
2020-10-17 19:23:33,592 epoch 36 - iter 279/319 - loss 0.15363995 - samples/sec: 70.46 - lr: 0.006250
2020-10-17 19:23:47,777 epoch 36 - iter 310/319 - loss 0.15548559 - samples/sec: 69.93 - lr: 0.006250
2020-10-17 19:23:51,125 ----------------------------------------------------------------------------------------------------
2020-10-17 19:23:51,126 EPOCH 36 done: loss 0.1584 - lr 0.0062500
2020-10-17 19:24:13,872 DEV : loss 0.13211020827293396 - score 0.7909
2020-10-17 19:24:13,898 BAD EPOCHS (no improvement): 0
2020-10-17 19:24:27,141 ----------------------------------------------------------------------------------------------------
2020-10-17 19:24:40,188 epoch 37 - iter 31/319 - loss 0.13181707 - samples/sec: 76.06 - lr: 0.006250
2020-10-17 19:24:53,875 epoch 37 - iter 62/319 - loss 0.13039347 - samples/sec: 72.49 - lr: 0.006250
2020-10-17 19:25:08,588 epoch 37 - iter 93/319 - loss 0.12883186 - samples/sec: 67.44 - lr: 0.006250
2020-10-17 19:25:22,041 epoch 37 - iter 124/319 - loss 0.12973059 - samples/sec: 73.76 - lr: 0.006250
2020-10-17 19:25:35,911 epoch 37 - iter 155/319 - loss 0.13148898 - samples/sec: 71.53 - lr: 0.006250
2020-10-17 19:25:50,233 epoch 37 - iter 186/319 - loss 0.13242018 - samples/sec: 69.27 - lr: 0.006250
2020-10-17 19:26:03,933 epoch 37 - iter 217/319 - loss 0.13357179 - samples/sec: 72.42 - lr: 0.006250
2020-10-17 19:26:17,130 epoch 37 - iter 248/319 - loss 0.13842771 - samples/sec: 75.18 - lr: 0.006250
2020-10-17 19:26:31,403 epoch 37 - iter 279/319 - loss 0.14615230 - samples/sec: 69.52 - lr: 0.006250
2020-10-17 19:26:45,621 epoch 37 - iter 310/319 - loss 0.14799072 - samples/sec: 69.77 - lr: 0.006250
2020-10-17 19:26:49,585 ----------------------------------------------------------------------------------------------------
2020-10-17 19:26:49,586 EPOCH 37 done: loss 0.1462 - lr 0.0062500
2020-10-17 19:27:12,176 DEV : loss 0.1354524940252304 - score 0.7784
2020-10-17 19:27:12,196 BAD EPOCHS (no improvement): 1
2020-10-17 19:27:12,197 ----------------------------------------------------------------------------------------------------
2020-10-17 19:27:25,235 epoch 38 - iter 31/319 - loss 0.12443299 - samples/sec: 76.10 - lr: 0.006250
2020-10-17 19:27:40,202 epoch 38 - iter 62/319 - loss 0.14093144 - samples/sec: 66.28 - lr: 0.006250
2020-10-17 19:27:53,327 epoch 38 - iter 93/319 - loss 0.15482261 - samples/sec: 75.59 - lr: 0.006250
2020-10-17 19:28:06,877 epoch 38 - iter 124/319 - loss 0.14901211 - samples/sec: 73.22 - lr: 0.006250
2020-10-17 19:28:21,048 epoch 38 - iter 155/319 - loss 0.14543215 - samples/sec: 70.01 - lr: 0.006250
2020-10-17 19:28:35,123 epoch 38 - iter 186/319 - loss 0.14919510 - samples/sec: 70.49 - lr: 0.006250
2020-10-17 19:28:49,324 epoch 38 - iter 217/319 - loss 0.14678587 - samples/sec: 69.87 - lr: 0.006250
2020-10-17 19:29:02,535 epoch 38 - iter 248/319 - loss 0.14809872 - samples/sec: 75.10 - lr: 0.006250
2020-10-17 19:29:16,462 epoch 38 - iter 279/319 - loss 0.14663571 - samples/sec: 71.23 - lr: 0.006250
2020-10-17 19:29:30,683 epoch 38 - iter 310/319 - loss 0.14509568 - samples/sec: 69.77 - lr: 0.006250
2020-10-17 19:29:34,109 ----------------------------------------------------------------------------------------------------
2020-10-17 19:29:34,110 EPOCH 38 done: loss 0.1450 - lr 0.0062500
2020-10-17 19:29:56,547 DEV : loss 0.13180363178253174 - score 0.7881
2020-10-17 19:29:56,566 BAD EPOCHS (no improvement): 2
2020-10-17 19:29:56,567 ----------------------------------------------------------------------------------------------------
2020-10-17 19:30:09,877 epoch 39 - iter 31/319 - loss 0.18794963 - samples/sec: 74.54 - lr: 0.006250
2020-10-17 19:30:23,720 epoch 39 - iter 62/319 - loss 0.17133832 - samples/sec: 71.68 - lr: 0.006250
2020-10-17 19:30:37,227 epoch 39 - iter 93/319 - loss 0.16503087 - samples/sec: 73.45 - lr: 0.006250
2020-10-17 19:30:50,911 epoch 39 - iter 124/319 - loss 0.15646389 - samples/sec: 72.50 - lr: 0.006250
2020-10-17 19:31:05,301 epoch 39 - iter 155/319 - loss 0.14936208 - samples/sec: 68.94 - lr: 0.006250
2020-10-17 19:31:19,053 epoch 39 - iter 186/319 - loss 0.15468129 - samples/sec: 72.15 - lr: 0.006250
2020-10-17 19:31:33,921 epoch 39 - iter 217/319 - loss 0.15768522 - samples/sec: 66.72 - lr: 0.006250
2020-10-17 19:31:47,202 epoch 39 - iter 248/319 - loss 0.15383419 - samples/sec: 74.69 - lr: 0.006250
2020-10-17 19:32:00,981 epoch 39 - iter 279/319 - loss 0.15011324 - samples/sec: 72.01 - lr: 0.006250
2020-10-17 19:32:15,037 epoch 39 - iter 310/319 - loss 0.14832020 - samples/sec: 70.58 - lr: 0.006250
2020-10-17 19:32:18,482 ----------------------------------------------------------------------------------------------------
2020-10-17 19:32:18,483 EPOCH 39 done: loss 0.1490 - lr 0.0062500
2020-10-17 19:32:40,926 DEV : loss 0.13082681596279144 - score 0.7732
2020-10-17 19:32:40,948 BAD EPOCHS (no improvement): 3
2020-10-17 19:32:40,949 ----------------------------------------------------------------------------------------------------
2020-10-17 19:32:54,330 epoch 40 - iter 31/319 - loss 0.20024605 - samples/sec: 74.14 - lr: 0.006250
2020-10-17 19:33:08,482 epoch 40 - iter 62/319 - loss 0.16659941 - samples/sec: 70.11 - lr: 0.006250
2020-10-17 19:33:22,351 epoch 40 - iter 93/319 - loss 0.16086342 - samples/sec: 71.54 - lr: 0.006250
2020-10-17 19:33:35,604 epoch 40 - iter 124/319 - loss 0.15259669 - samples/sec: 74.87 - lr: 0.006250
2020-10-17 19:33:48,811 epoch 40 - iter 155/319 - loss 0.15557806 - samples/sec: 75.11 - lr: 0.006250
2020-10-17 19:34:02,830 epoch 40 - iter 186/319 - loss 0.15570011 - samples/sec: 70.77 - lr: 0.006250
2020-10-17 19:34:15,891 epoch 40 - iter 217/319 - loss 0.15134052 - samples/sec: 75.96 - lr: 0.006250
2020-10-17 19:34:30,577 epoch 40 - iter 248/319 - loss 0.15269188 - samples/sec: 67.56 - lr: 0.006250
2020-10-17 19:34:44,453 epoch 40 - iter 279/319 - loss 0.14938273 - samples/sec: 71.50 - lr: 0.006250
2020-10-17 19:34:58,690 epoch 40 - iter 310/319 - loss 0.14803123 - samples/sec: 69.68 - lr: 0.006250
2020-10-17 19:35:02,320 ----------------------------------------------------------------------------------------------------
2020-10-17 19:35:02,321 EPOCH 40 done: loss 0.1500 - lr 0.0062500
2020-10-17 19:35:24,807 DEV : loss 0.13265308737754822 - score 0.7789
2020-10-17 19:35:24,827 BAD EPOCHS (no improvement): 4
2020-10-17 19:35:24,829 ----------------------------------------------------------------------------------------------------
2020-10-17 19:35:38,074 epoch 41 - iter 31/319 - loss 0.15018175 - samples/sec: 74.92 - lr: 0.003125
2020-10-17 19:35:51,712 epoch 41 - iter 62/319 - loss 0.13684412 - samples/sec: 72.75 - lr: 0.003125
2020-10-17 19:36:05,384 epoch 41 - iter 93/319 - loss 0.15296136 - samples/sec: 72.58 - lr: 0.003125
2020-10-17 19:36:19,176 epoch 41 - iter 124/319 - loss 0.15477666 - samples/sec: 71.93 - lr: 0.003125
2020-10-17 19:36:32,556 epoch 41 - iter 155/319 - loss 0.15498186 - samples/sec: 74.14 - lr: 0.003125
2020-10-17 19:36:46,218 epoch 41 - iter 186/319 - loss 0.15463944 - samples/sec: 72.61 - lr: 0.003125
2020-10-17 19:37:00,270 epoch 41 - iter 217/319 - loss 0.14828579 - samples/sec: 70.59 - lr: 0.003125
2020-10-17 19:37:14,160 epoch 41 - iter 248/319 - loss 0.14664511 - samples/sec: 71.42 - lr: 0.003125
2020-10-17 19:37:28,132 epoch 41 - iter 279/319 - loss 0.14750705 - samples/sec: 71.00 - lr: 0.003125
2020-10-17 19:37:42,329 epoch 41 - iter 310/319 - loss 0.14347023 - samples/sec: 69.89 - lr: 0.003125
2020-10-17 19:37:45,773 ----------------------------------------------------------------------------------------------------
2020-10-17 19:37:45,774 EPOCH 41 done: loss 0.1517 - lr 0.0031250
2020-10-17 19:38:08,289 DEV : loss 0.13081865012645721 - score 0.7801
2020-10-17 19:38:08,310 BAD EPOCHS (no improvement): 1
2020-10-17 19:38:08,311 ----------------------------------------------------------------------------------------------------
2020-10-17 19:38:22,376 epoch 42 - iter 31/319 - loss 0.18049190 - samples/sec: 70.54 - lr: 0.003125
2020-10-17 19:38:36,462 epoch 42 - iter 62/319 - loss 0.16106338 - samples/sec: 70.44 - lr: 0.003125
2020-10-17 19:38:49,690 epoch 42 - iter 93/319 - loss 0.16777846 - samples/sec: 75.00 - lr: 0.003125
2020-10-17 19:39:03,643 epoch 42 - iter 124/319 - loss 0.17219946 - samples/sec: 71.10 - lr: 0.003125
2020-10-17 19:39:17,803 epoch 42 - iter 155/319 - loss 0.16037728 - samples/sec: 70.07 - lr: 0.003125
2020-10-17 19:39:32,675 epoch 42 - iter 186/319 - loss 0.16009669 - samples/sec: 66.72 - lr: 0.003125
2020-10-17 19:39:45,884 epoch 42 - iter 217/319 - loss 0.15675985 - samples/sec: 75.12 - lr: 0.003125
2020-10-17 19:40:00,278 epoch 42 - iter 248/319 - loss 0.15762232 - samples/sec: 68.93 - lr: 0.003125
2020-10-17 19:40:13,880 epoch 42 - iter 279/319 - loss 0.15628368 - samples/sec: 72.94 - lr: 0.003125
2020-10-17 19:40:27,464 epoch 42 - iter 310/319 - loss 0.15386693 - samples/sec: 73.03 - lr: 0.003125
2020-10-17 19:40:31,389 ----------------------------------------------------------------------------------------------------
2020-10-17 19:40:31,390 EPOCH 42 done: loss 0.1635 - lr 0.0031250
2020-10-17 19:40:53,744 DEV : loss 0.1311081051826477 - score 0.7867
2020-10-17 19:40:53,765 BAD EPOCHS (no improvement): 2
2020-10-17 19:40:53,766 ----------------------------------------------------------------------------------------------------
2020-10-17 19:41:06,877 epoch 43 - iter 31/319 - loss 0.14778712 - samples/sec: 75.67 - lr: 0.003125
2020-10-17 19:41:19,613 epoch 43 - iter 62/319 - loss 0.14080482 - samples/sec: 77.89 - lr: 0.003125
2020-10-17 19:41:33,393 epoch 43 - iter 93/319 - loss 0.14253847 - samples/sec: 72.00 - lr: 0.003125
2020-10-17 19:41:47,074 epoch 43 - iter 124/319 - loss 0.15341200 - samples/sec: 72.52 - lr: 0.003125
2020-10-17 19:42:01,407 epoch 43 - iter 155/319 - loss 0.15538968 - samples/sec: 69.21 - lr: 0.003125
2020-10-17 19:42:16,210 epoch 43 - iter 186/319 - loss 0.15563656 - samples/sec: 67.03 - lr: 0.003125
2020-10-17 19:42:30,768 epoch 43 - iter 217/319 - loss 0.15453579 - samples/sec: 68.15 - lr: 0.003125
2020-10-17 19:42:44,147 epoch 43 - iter 248/319 - loss 0.14992326 - samples/sec: 74.15 - lr: 0.003125
2020-10-17 19:42:57,235 epoch 43 - iter 279/319 - loss 0.14862329 - samples/sec: 75.81 - lr: 0.003125
2020-10-17 19:43:11,823 epoch 43 - iter 310/319 - loss 0.15146632 - samples/sec: 68.01 - lr: 0.003125
2020-10-17 19:43:15,372 ----------------------------------------------------------------------------------------------------
2020-10-17 19:43:15,373 EPOCH 43 done: loss 0.1514 - lr 0.0031250
2020-10-17 19:43:37,734 DEV : loss 0.13007058203220367 - score 0.7861
2020-10-17 19:43:37,757 BAD EPOCHS (no improvement): 3
2020-10-17 19:43:37,758 ----------------------------------------------------------------------------------------------------
2020-10-17 19:43:51,222 epoch 44 - iter 31/319 - loss 0.14425765 - samples/sec: 73.69 - lr: 0.003125
2020-10-17 19:44:06,019 epoch 44 - iter 62/319 - loss 0.14001649 - samples/sec: 67.04 - lr: 0.003125
2020-10-17 19:44:19,745 epoch 44 - iter 93/319 - loss 0.13434070 - samples/sec: 72.28 - lr: 0.003125
2020-10-17 19:44:33,976 epoch 44 - iter 124/319 - loss 0.13875487 - samples/sec: 69.71 - lr: 0.003125
2020-10-17 19:44:47,812 epoch 44 - iter 155/319 - loss 0.14107986 - samples/sec: 71.70 - lr: 0.003125
2020-10-17 19:45:01,675 epoch 44 - iter 186/319 - loss 0.14574790 - samples/sec: 71.57 - lr: 0.003125
2020-10-17 19:45:15,832 epoch 44 - iter 217/319 - loss 0.14855470 - samples/sec: 70.08 - lr: 0.003125
2020-10-17 19:45:29,562 epoch 44 - iter 248/319 - loss 0.15027277 - samples/sec: 72.26 - lr: 0.003125
2020-10-17 19:45:42,761 epoch 44 - iter 279/319 - loss 0.14982547 - samples/sec: 75.16 - lr: 0.003125
2020-10-17 19:45:56,689 epoch 44 - iter 310/319 - loss 0.14824388 - samples/sec: 71.24 - lr: 0.003125
2020-10-17 19:46:00,407 ----------------------------------------------------------------------------------------------------
2020-10-17 19:46:00,408 EPOCH 44 done: loss 0.1480 - lr 0.0031250
2020-10-17 19:46:23,268 DEV : loss 0.13055138289928436 - score 0.7732
2020-10-17 19:46:23,287 BAD EPOCHS (no improvement): 4
2020-10-17 19:46:23,288 ----------------------------------------------------------------------------------------------------
2020-10-17 19:46:37,207 epoch 45 - iter 31/319 - loss 0.15654503 - samples/sec: 71.28 - lr: 0.001563
2020-10-17 19:46:50,183 epoch 45 - iter 62/319 - loss 0.15679100 - samples/sec: 76.46 - lr: 0.001563
2020-10-17 19:47:03,980 epoch 45 - iter 93/319 - loss 0.15110794 - samples/sec: 71.90 - lr: 0.001563
2020-10-17 19:47:17,336 epoch 45 - iter 124/319 - loss 0.16196871 - samples/sec: 74.28 - lr: 0.001563
2020-10-17 19:47:31,485 epoch 45 - iter 155/319 - loss 0.15963061 - samples/sec: 70.12 - lr: 0.001563
2020-10-17 19:47:44,420 epoch 45 - iter 186/319 - loss 0.16146610 - samples/sec: 76.70 - lr: 0.001563
2020-10-17 19:47:58,293 epoch 45 - iter 217/319 - loss 0.15961691 - samples/sec: 71.52 - lr: 0.001563
2020-10-17 19:48:12,498 epoch 45 - iter 248/319 - loss 0.15978681 - samples/sec: 69.84 - lr: 0.001563
2020-10-17 19:48:26,467 epoch 45 - iter 279/319 - loss 0.15667516 - samples/sec: 71.02 - lr: 0.001563
2020-10-17 19:48:39,150 epoch 45 - iter 310/319 - loss 0.15621564 - samples/sec: 78.22 - lr: 0.001563
2020-10-17 19:48:43,382 ----------------------------------------------------------------------------------------------------
2020-10-17 19:48:43,383 EPOCH 45 done: loss 0.1553 - lr 0.0015625
2020-10-17 19:49:05,775 DEV : loss 0.13026201725006104 - score 0.7757
2020-10-17 19:49:05,795 BAD EPOCHS (no improvement): 1
2020-10-17 19:49:05,796 ----------------------------------------------------------------------------------------------------
2020-10-17 19:49:19,850 epoch 46 - iter 31/319 - loss 0.14643831 - samples/sec: 70.60 - lr: 0.001563
2020-10-17 19:49:33,537 epoch 46 - iter 62/319 - loss 0.13715435 - samples/sec: 72.50 - lr: 0.001563
2020-10-17 19:49:46,689 epoch 46 - iter 93/319 - loss 0.13488198 - samples/sec: 75.44 - lr: 0.001563
2020-10-17 19:50:01,169 epoch 46 - iter 124/319 - loss 0.14096240 - samples/sec: 68.52 - lr: 0.001563
2020-10-17 19:50:14,624 epoch 46 - iter 155/319 - loss 0.14325538 - samples/sec: 73.73 - lr: 0.001563
2020-10-17 19:50:28,281 epoch 46 - iter 186/319 - loss 0.13754970 - samples/sec: 72.65 - lr: 0.001563
2020-10-17 19:50:42,450 epoch 46 - iter 217/319 - loss 0.14160299 - samples/sec: 70.02 - lr: 0.001563
2020-10-17 19:50:56,022 epoch 46 - iter 248/319 - loss 0.13854660 - samples/sec: 73.10 - lr: 0.001563
2020-10-17 19:51:10,694 epoch 46 - iter 279/319 - loss 0.14535662 - samples/sec: 67.62 - lr: 0.001563
2020-10-17 19:51:24,219 epoch 46 - iter 310/319 - loss 0.14678209 - samples/sec: 73.36 - lr: 0.001563
2020-10-17 19:51:27,573 ----------------------------------------------------------------------------------------------------
2020-10-17 19:51:27,574 EPOCH 46 done: loss 0.1465 - lr 0.0015625
2020-10-17 19:51:49,931 DEV : loss 0.13019801676273346 - score 0.7735
2020-10-17 19:51:49,951 BAD EPOCHS (no improvement): 2
2020-10-17 19:51:49,952 ----------------------------------------------------------------------------------------------------
2020-10-17 19:52:04,235 epoch 47 - iter 31/319 - loss 0.18118793 - samples/sec: 69.46 - lr: 0.001563
2020-10-17 19:52:17,820 epoch 47 - iter 62/319 - loss 0.16794562 - samples/sec: 73.04 - lr: 0.001563
2020-10-17 19:52:31,367 epoch 47 - iter 93/319 - loss 0.15992931 - samples/sec: 73.23 - lr: 0.001563
2020-10-17 19:52:45,479 epoch 47 - iter 124/319 - loss 0.15021480 - samples/sec: 70.30 - lr: 0.001563
2020-10-17 19:53:00,044 epoch 47 - iter 155/319 - loss 0.14792104 - samples/sec: 68.12 - lr: 0.001563
2020-10-17 19:53:13,365 epoch 47 - iter 186/319 - loss 0.13851014 - samples/sec: 74.48 - lr: 0.001563
2020-10-17 19:53:27,051 epoch 47 - iter 217/319 - loss 0.13238774 - samples/sec: 72.49 - lr: 0.001563
2020-10-17 19:53:40,465 epoch 47 - iter 248/319 - loss 0.13046664 - samples/sec: 73.97 - lr: 0.001563
2020-10-17 19:53:54,080 epoch 47 - iter 279/319 - loss 0.13151018 - samples/sec: 72.87 - lr: 0.001563
2020-10-17 19:54:07,996 epoch 47 - iter 310/319 - loss 0.13794329 - samples/sec: 71.30 - lr: 0.001563
2020-10-17 19:54:11,804 ----------------------------------------------------------------------------------------------------
2020-10-17 19:54:11,805 EPOCH 47 done: loss 0.1373 - lr 0.0015625
2020-10-17 19:54:34,259 DEV : loss 0.13003477454185486 - score 0.782
2020-10-17 19:54:34,280 BAD EPOCHS (no improvement): 3
2020-10-17 19:54:34,281 ----------------------------------------------------------------------------------------------------
2020-10-17 19:54:47,393 epoch 48 - iter 31/319 - loss 0.14177571 - samples/sec: 75.67 - lr: 0.001563
2020-10-17 19:55:01,068 epoch 48 - iter 62/319 - loss 0.15499404 - samples/sec: 72.54 - lr: 0.001563
2020-10-17 19:55:14,462 epoch 48 - iter 93/319 - loss 0.16509064 - samples/sec: 74.08 - lr: 0.001563
2020-10-17 19:55:29,122 epoch 48 - iter 124/319 - loss 0.16764697 - samples/sec: 67.68 - lr: 0.001563
2020-10-17 19:55:43,116 epoch 48 - iter 155/319 - loss 0.16064220 - samples/sec: 70.89 - lr: 0.001563
2020-10-17 19:55:56,869 epoch 48 - iter 186/319 - loss 0.16296692 - samples/sec: 72.14 - lr: 0.001563
2020-10-17 19:56:10,679 epoch 48 - iter 217/319 - loss 0.15646680 - samples/sec: 71.84 - lr: 0.001563
2020-10-17 19:56:24,371 epoch 48 - iter 248/319 - loss 0.15442903 - samples/sec: 72.46 - lr: 0.001563
2020-10-17 19:56:37,817 epoch 48 - iter 279/319 - loss 0.15244289 - samples/sec: 73.80 - lr: 0.001563
2020-10-17 19:56:51,603 epoch 48 - iter 310/319 - loss 0.15058769 - samples/sec: 71.96 - lr: 0.001563
2020-10-17 19:56:55,048 ----------------------------------------------------------------------------------------------------
2020-10-17 19:56:55,049 EPOCH 48 done: loss 0.1503 - lr 0.0015625
2020-10-17 19:57:17,500 DEV : loss 0.1296815276145935 - score 0.7812
2020-10-17 19:57:17,526 BAD EPOCHS (no improvement): 4
2020-10-17 19:57:17,527 ----------------------------------------------------------------------------------------------------
2020-10-17 19:57:31,898 epoch 49 - iter 31/319 - loss 0.15941262 - samples/sec: 69.03 - lr: 0.000781
2020-10-17 19:57:46,350 epoch 49 - iter 62/319 - loss 0.16515515 - samples/sec: 68.66 - lr: 0.000781
2020-10-17 19:58:00,334 epoch 49 - iter 93/319 - loss 0.16201686 - samples/sec: 70.94 - lr: 0.000781
2020-10-17 19:58:13,227 epoch 49 - iter 124/319 - loss 0.15144202 - samples/sec: 76.95 - lr: 0.000781
2020-10-17 19:58:26,928 epoch 49 - iter 155/319 - loss 0.14918579 - samples/sec: 72.41 - lr: 0.000781
2020-10-17 19:58:40,850 epoch 49 - iter 186/319 - loss 0.15134309 - samples/sec: 71.26 - lr: 0.000781
2020-10-17 19:58:53,728 epoch 49 - iter 217/319 - loss 0.14659098 - samples/sec: 77.05 - lr: 0.000781
2020-10-17 19:59:07,717 epoch 49 - iter 248/319 - loss 0.14604680 - samples/sec: 70.92 - lr: 0.000781
2020-10-17 19:59:21,855 epoch 49 - iter 279/319 - loss 0.14507281 - samples/sec: 70.17 - lr: 0.000781
2020-10-17 19:59:34,776 epoch 49 - iter 310/319 - loss 0.14546601 - samples/sec: 76.78 - lr: 0.000781
2020-10-17 19:59:38,466 ----------------------------------------------------------------------------------------------------
2020-10-17 19:59:38,467 EPOCH 49 done: loss 0.1442 - lr 0.0007813
2020-10-17 20:00:01,319 DEV : loss 0.130280002951622 - score 0.7797
2020-10-17 20:00:01,338 BAD EPOCHS (no improvement): 1
2020-10-17 20:00:01,339 ----------------------------------------------------------------------------------------------------
2020-10-17 20:00:15,202 epoch 50 - iter 31/319 - loss 0.16295339 - samples/sec: 71.57 - lr: 0.000781
2020-10-17 20:00:29,192 epoch 50 - iter 62/319 - loss 0.15509692 - samples/sec: 70.91 - lr: 0.000781
2020-10-17 20:00:42,375 epoch 50 - iter 93/319 - loss 0.16035853 - samples/sec: 75.27 - lr: 0.000781
2020-10-17 20:00:56,597 epoch 50 - iter 124/319 - loss 0.15796684 - samples/sec: 69.76 - lr: 0.000781
2020-10-17 20:01:10,031 epoch 50 - iter 155/319 - loss 0.14904900 - samples/sec: 73.85 - lr: 0.000781
2020-10-17 20:01:23,566 epoch 50 - iter 186/319 - loss 0.14400100 - samples/sec: 73.30 - lr: 0.000781
2020-10-17 20:01:37,716 epoch 50 - iter 217/319 - loss 0.15013751 - samples/sec: 70.11 - lr: 0.000781
2020-10-17 20:01:51,529 epoch 50 - iter 248/319 - loss 0.14617522 - samples/sec: 71.83 - lr: 0.000781
2020-10-17 20:02:05,387 epoch 50 - iter 279/319 - loss 0.14789953 - samples/sec: 71.59 - lr: 0.000781
2020-10-17 20:02:18,798 epoch 50 - iter 310/319 - loss 0.14558392 - samples/sec: 73.97 - lr: 0.000781
2020-10-17 20:02:22,778 ----------------------------------------------------------------------------------------------------
2020-10-17 20:02:22,779 EPOCH 50 done: loss 0.1459 - lr 0.0007813
2020-10-17 20:02:45,152 DEV : loss 0.13043591380119324 - score 0.7846
2020-10-17 20:02:45,173 BAD EPOCHS (no improvement): 2
2020-10-17 20:02:45,174 ----------------------------------------------------------------------------------------------------
2020-10-17 20:02:59,233 epoch 51 - iter 31/319 - loss 0.14806772 - samples/sec: 70.57 - lr: 0.000781
2020-10-17 20:03:14,076 epoch 51 - iter 62/319 - loss 0.14430685 - samples/sec: 66.84 - lr: 0.000781
2020-10-17 20:03:27,185 epoch 51 - iter 93/319 - loss 0.14169032 - samples/sec: 75.69 - lr: 0.000781
2020-10-17 20:03:40,660 epoch 51 - iter 124/319 - loss 0.14108464 - samples/sec: 73.62 - lr: 0.000781
2020-10-17 20:03:54,058 epoch 51 - iter 155/319 - loss 0.14096559 - samples/sec: 74.05 - lr: 0.000781
2020-10-17 20:04:07,494 epoch 51 - iter 186/319 - loss 0.14344985 - samples/sec: 73.84 - lr: 0.000781
2020-10-17 20:04:23,118 epoch 51 - iter 217/319 - loss 0.14469325 - samples/sec: 63.50 - lr: 0.000781
2020-10-17 20:04:36,908 epoch 51 - iter 248/319 - loss 0.14604947 - samples/sec: 71.95 - lr: 0.000781
2020-10-17 20:04:50,911 epoch 51 - iter 279/319 - loss 0.14410319 - samples/sec: 70.85 - lr: 0.000781
2020-10-17 20:05:03,531 epoch 51 - iter 310/319 - loss 0.14393702 - samples/sec: 78.62 - lr: 0.000781
2020-10-17 20:05:07,236 ----------------------------------------------------------------------------------------------------
2020-10-17 20:05:07,237 EPOCH 51 done: loss 0.1451 - lr 0.0007813
2020-10-17 20:05:29,694 DEV : loss 0.129646897315979 - score 0.7791
2020-10-17 20:05:29,713 BAD EPOCHS (no improvement): 3
2020-10-17 20:05:29,714 ----------------------------------------------------------------------------------------------------
2020-10-17 20:05:43,378 epoch 52 - iter 31/319 - loss 0.17780295 - samples/sec: 72.60 - lr: 0.000781
2020-10-17 20:05:56,679 epoch 52 - iter 62/319 - loss 0.14990909 - samples/sec: 74.58 - lr: 0.000781
2020-10-17 20:06:10,495 epoch 52 - iter 93/319 - loss 0.14655780 - samples/sec: 71.82 - lr: 0.000781
2020-10-17 20:06:23,834 epoch 52 - iter 124/319 - loss 0.14122212 - samples/sec: 74.39 - lr: 0.000781
2020-10-17 20:06:37,905 epoch 52 - iter 155/319 - loss 0.14056872 - samples/sec: 70.52 - lr: 0.000781
2020-10-17 20:06:52,521 epoch 52 - iter 186/319 - loss 0.14679256 - samples/sec: 67.87 - lr: 0.000781
2020-10-17 20:07:06,830 epoch 52 - iter 217/319 - loss 0.14498299 - samples/sec: 69.33 - lr: 0.000781
2020-10-17 20:07:19,356 epoch 52 - iter 248/319 - loss 0.14350991 - samples/sec: 79.20 - lr: 0.000781
2020-10-17 20:07:32,509 epoch 52 - iter 279/319 - loss 0.14250591 - samples/sec: 75.42 - lr: 0.000781
2020-10-17 20:07:46,755 epoch 52 - iter 310/319 - loss 0.14296447 - samples/sec: 69.64 - lr: 0.000781
2020-10-17 20:07:51,260 ----------------------------------------------------------------------------------------------------
2020-10-17 20:07:51,261 EPOCH 52 done: loss 0.1421 - lr 0.0007813
2020-10-17 20:08:14,231 DEV : loss 0.12965786457061768 - score 0.7791
2020-10-17 20:08:14,251 BAD EPOCHS (no improvement): 4
2020-10-17 20:08:14,252 ----------------------------------------------------------------------------------------------------
2020-10-17 20:08:27,585 epoch 53 - iter 31/319 - loss 0.16288466 - samples/sec: 74.41 - lr: 0.000391
2020-10-17 20:08:40,899 epoch 53 - iter 62/319 - loss 0.15935353 - samples/sec: 74.52 - lr: 0.000391
2020-10-17 20:08:55,212 epoch 53 - iter 93/319 - loss 0.14968397 - samples/sec: 69.31 - lr: 0.000391
2020-10-17 20:09:08,285 epoch 53 - iter 124/319 - loss 0.14280011 - samples/sec: 75.89 - lr: 0.000391
2020-10-17 20:09:22,291 epoch 53 - iter 155/319 - loss 0.14612321 - samples/sec: 70.83 - lr: 0.000391
2020-10-17 20:09:36,043 epoch 53 - iter 186/319 - loss 0.15072749 - samples/sec: 72.14 - lr: 0.000391
2020-10-17 20:09:49,406 epoch 53 - iter 217/319 - loss 0.14617277 - samples/sec: 74.24 - lr: 0.000391
2020-10-17 20:10:02,985 epoch 53 - iter 248/319 - loss 0.14772582 - samples/sec: 73.07 - lr: 0.000391
2020-10-17 20:10:17,025 epoch 53 - iter 279/319 - loss 0.15077551 - samples/sec: 70.65 - lr: 0.000391
2020-10-17 20:10:31,276 epoch 53 - iter 310/319 - loss 0.15267991 - samples/sec: 69.61 - lr: 0.000391
2020-10-17 20:10:35,544 ----------------------------------------------------------------------------------------------------
2020-10-17 20:10:35,545 EPOCH 53 done: loss 0.1516 - lr 0.0003906
2020-10-17 20:10:57,885 DEV : loss 0.1296793818473816 - score 0.7791
2020-10-17 20:10:57,906 BAD EPOCHS (no improvement): 1
2020-10-17 20:10:57,907 ----------------------------------------------------------------------------------------------------
2020-10-17 20:11:12,588 epoch 54 - iter 31/319 - loss 0.14876708 - samples/sec: 67.59 - lr: 0.000391
2020-10-17 20:11:26,423 epoch 54 - iter 62/319 - loss 0.14965674 - samples/sec: 71.71 - lr: 0.000391
2020-10-17 20:11:39,960 epoch 54 - iter 93/319 - loss 0.14354000 - samples/sec: 73.29 - lr: 0.000391
2020-10-17 20:11:53,085 epoch 54 - iter 124/319 - loss 0.14764928 - samples/sec: 75.59 - lr: 0.000391
2020-10-17 20:12:06,083 epoch 54 - iter 155/319 - loss 0.14560043 - samples/sec: 76.32 - lr: 0.000391
2020-10-17 20:12:18,661 epoch 54 - iter 186/319 - loss 0.14650528 - samples/sec: 78.90 - lr: 0.000391
2020-10-17 20:12:33,005 epoch 54 - iter 217/319 - loss 0.14558465 - samples/sec: 69.16 - lr: 0.000391
2020-10-17 20:12:46,783 epoch 54 - iter 248/319 - loss 0.14577719 - samples/sec: 72.01 - lr: 0.000391
2020-10-17 20:13:00,330 epoch 54 - iter 279/319 - loss 0.14278954 - samples/sec: 73.23 - lr: 0.000391
2020-10-17 20:13:15,062 epoch 54 - iter 310/319 - loss 0.13955354 - samples/sec: 67.34 - lr: 0.000391
2020-10-17 20:13:18,925 ----------------------------------------------------------------------------------------------------
2020-10-17 20:13:18,926 EPOCH 54 done: loss 0.1390 - lr 0.0003906
2020-10-17 20:13:41,344 DEV : loss 0.12969611585140228 - score 0.7799
2020-10-17 20:13:41,363 BAD EPOCHS (no improvement): 2
2020-10-17 20:13:41,364 ----------------------------------------------------------------------------------------------------
2020-10-17 20:13:55,202 epoch 55 - iter 31/319 - loss 0.14162419 - samples/sec: 71.71 - lr: 0.000391
2020-10-17 20:14:08,865 epoch 55 - iter 62/319 - loss 0.13599476 - samples/sec: 72.60 - lr: 0.000391
2020-10-17 20:14:22,433 epoch 55 - iter 93/319 - loss 0.15236023 - samples/sec: 73.13 - lr: 0.000391
2020-10-17 20:14:36,653 epoch 55 - iter 124/319 - loss 0.15538465 - samples/sec: 69.76 - lr: 0.000391
2020-10-17 20:14:50,714 epoch 55 - iter 155/319 - loss 0.15054356 - samples/sec: 70.56 - lr: 0.000391
2020-10-17 20:15:05,014 epoch 55 - iter 186/319 - loss 0.15232913 - samples/sec: 69.38 - lr: 0.000391
2020-10-17 20:15:18,791 epoch 55 - iter 217/319 - loss 0.15234856 - samples/sec: 72.01 - lr: 0.000391
2020-10-17 20:15:31,860 epoch 55 - iter 248/319 - loss 0.15454081 - samples/sec: 75.92 - lr: 0.000391
2020-10-17 20:15:45,178 epoch 55 - iter 279/319 - loss 0.15408177 - samples/sec: 74.50 - lr: 0.000391
2020-10-17 20:15:58,961 epoch 55 - iter 310/319 - loss 0.15121921 - samples/sec: 71.98 - lr: 0.000391
2020-10-17 20:16:02,493 ----------------------------------------------------------------------------------------------------
2020-10-17 20:16:02,494 EPOCH 55 done: loss 0.1514 - lr 0.0003906
2020-10-17 20:16:24,924 DEV : loss 0.12957905232906342 - score 0.782
2020-10-17 20:16:24,942 BAD EPOCHS (no improvement): 3
2020-10-17 20:16:24,943 ----------------------------------------------------------------------------------------------------
2020-10-17 20:16:38,459 epoch 56 - iter 31/319 - loss 0.12203722 - samples/sec: 73.42 - lr: 0.000391
2020-10-17 20:16:52,080 epoch 56 - iter 62/319 - loss 0.13653057 - samples/sec: 72.84 - lr: 0.000391
2020-10-17 20:17:05,133 epoch 56 - iter 93/319 - loss 0.13501387 - samples/sec: 76.00 - lr: 0.000391
2020-10-17 20:17:19,060 epoch 56 - iter 124/319 - loss 0.14093657 - samples/sec: 71.23 - lr: 0.000391
2020-10-17 20:17:32,123 epoch 56 - iter 155/319 - loss 0.13689084 - samples/sec: 75.95 - lr: 0.000391
2020-10-17 20:17:46,704 epoch 56 - iter 186/319 - loss 0.13574142 - samples/sec: 68.04 - lr: 0.000391
2020-10-17 20:18:00,126 epoch 56 - iter 217/319 - loss 0.13467715 - samples/sec: 73.91 - lr: 0.000391
2020-10-17 20:18:13,623 epoch 56 - iter 248/319 - loss 0.13494581 - samples/sec: 73.51 - lr: 0.000391
2020-10-17 20:18:28,499 epoch 56 - iter 279/319 - loss 0.13742596 - samples/sec: 66.68 - lr: 0.000391
2020-10-17 20:18:42,029 epoch 56 - iter 310/319 - loss 0.14061347 - samples/sec: 73.33 - lr: 0.000391
2020-10-17 20:18:45,487 ----------------------------------------------------------------------------------------------------
2020-10-17 20:18:45,488 EPOCH 56 done: loss 0.1411 - lr 0.0003906
2020-10-17 20:19:07,842 DEV : loss 0.12971201539039612 - score 0.7826
2020-10-17 20:19:07,863 BAD EPOCHS (no improvement): 4
2020-10-17 20:19:07,864 ----------------------------------------------------------------------------------------------------
2020-10-17 20:19:21,011 epoch 57 - iter 31/319 - loss 0.14632353 - samples/sec: 75.48 - lr: 0.000195
2020-10-17 20:19:34,246 epoch 57 - iter 62/319 - loss 0.14564840 - samples/sec: 74.96 - lr: 0.000195
2020-10-17 20:19:47,620 epoch 57 - iter 93/319 - loss 0.13953465 - samples/sec: 74.21 - lr: 0.000195
2020-10-17 20:20:01,509 epoch 57 - iter 124/319 - loss 0.14536638 - samples/sec: 71.42 - lr: 0.000195
2020-10-17 20:20:15,203 epoch 57 - iter 155/319 - loss 0.13917860 - samples/sec: 72.44 - lr: 0.000195
2020-10-17 20:20:29,084 epoch 57 - iter 186/319 - loss 0.14059357 - samples/sec: 71.47 - lr: 0.000195
2020-10-17 20:20:43,639 epoch 57 - iter 217/319 - loss 0.14672683 - samples/sec: 68.16 - lr: 0.000195
2020-10-17 20:20:58,123 epoch 57 - iter 248/319 - loss 0.14366172 - samples/sec: 68.51 - lr: 0.000195
2020-10-17 20:21:12,562 epoch 57 - iter 279/319 - loss 0.14481774 - samples/sec: 68.71 - lr: 0.000195
2020-10-17 20:21:25,517 epoch 57 - iter 310/319 - loss 0.14465543 - samples/sec: 76.59 - lr: 0.000195
2020-10-17 20:21:28,952 ----------------------------------------------------------------------------------------------------
2020-10-17 20:21:28,953 EPOCH 57 done: loss 0.1440 - lr 0.0001953
2020-10-17 20:21:51,708 DEV : loss 0.1295992136001587 - score 0.7799
2020-10-17 20:21:51,728 BAD EPOCHS (no improvement): 1
2020-10-17 20:21:51,729 ----------------------------------------------------------------------------------------------------
2020-10-17 20:22:06,178 epoch 58 - iter 31/319 - loss 0.16454261 - samples/sec: 68.67 - lr: 0.000195
2020-10-17 20:22:18,820 epoch 58 - iter 62/319 - loss 0.16065513 - samples/sec: 78.48 - lr: 0.000195
2020-10-17 20:22:32,589 epoch 58 - iter 93/319 - loss 0.14732420 - samples/sec: 72.06 - lr: 0.000195
2020-10-17 20:22:46,919 epoch 58 - iter 124/319 - loss 0.15610819 - samples/sec: 69.23 - lr: 0.000195
2020-10-17 20:23:01,300 epoch 58 - iter 155/319 - loss 0.15468814 - samples/sec: 68.98 - lr: 0.000195
2020-10-17 20:23:14,339 epoch 58 - iter 186/319 - loss 0.15629370 - samples/sec: 76.08 - lr: 0.000195
2020-10-17 20:23:28,276 epoch 58 - iter 217/319 - loss 0.15112431 - samples/sec: 71.19 - lr: 0.000195
2020-10-17 20:23:42,531 epoch 58 - iter 248/319 - loss 0.15104645 - samples/sec: 69.60 - lr: 0.000195
2020-10-17 20:23:55,526 epoch 58 - iter 279/319 - loss 0.15404070 - samples/sec: 76.34 - lr: 0.000195
2020-10-17 20:24:09,584 epoch 58 - iter 310/319 - loss 0.15246518 - samples/sec: 70.57 - lr: 0.000195
2020-10-17 20:24:13,905 ----------------------------------------------------------------------------------------------------
2020-10-17 20:24:13,905 EPOCH 58 done: loss 0.1545 - lr 0.0001953
2020-10-17 20:24:36,389 DEV : loss 0.1295778751373291 - score 0.7791
2020-10-17 20:24:36,410 BAD EPOCHS (no improvement): 2
2020-10-17 20:24:36,411 ----------------------------------------------------------------------------------------------------
2020-10-17 20:24:50,881 epoch 59 - iter 31/319 - loss 0.14843129 - samples/sec: 68.56 - lr: 0.000195
2020-10-17 20:25:04,177 epoch 59 - iter 62/319 - loss 0.14743814 - samples/sec: 74.62 - lr: 0.000195
2020-10-17 20:25:17,920 epoch 59 - iter 93/319 - loss 0.13893314 - samples/sec: 72.20 - lr: 0.000195
2020-10-17 20:25:32,330 epoch 59 - iter 124/319 - loss 0.13935034 - samples/sec: 68.86 - lr: 0.000195
2020-10-17 20:25:46,004 epoch 59 - iter 155/319 - loss 0.14030781 - samples/sec: 72.55 - lr: 0.000195
2020-10-17 20:25:58,977 epoch 59 - iter 186/319 - loss 0.14641270 - samples/sec: 76.48 - lr: 0.000195
2020-10-17 20:26:12,844 epoch 59 - iter 217/319 - loss 0.14810913 - samples/sec: 71.56 - lr: 0.000195
2020-10-17 20:26:26,501 epoch 59 - iter 248/319 - loss 0.14423726 - samples/sec: 72.64 - lr: 0.000195
2020-10-17 20:26:39,972 epoch 59 - iter 279/319 - loss 0.14273251 - samples/sec: 73.66 - lr: 0.000195
2020-10-17 20:26:53,762 epoch 59 - iter 310/319 - loss 0.14187374 - samples/sec: 71.94 - lr: 0.000195
2020-10-17 20:26:57,799 ----------------------------------------------------------------------------------------------------
2020-10-17 20:26:57,800 EPOCH 59 done: loss 0.1475 - lr 0.0001953
2020-10-17 20:27:20,400 DEV : loss 0.12955568730831146 - score 0.7791
2020-10-17 20:27:20,419 BAD EPOCHS (no improvement): 3
2020-10-17 20:27:20,420 ----------------------------------------------------------------------------------------------------
2020-10-17 20:27:34,428 epoch 60 - iter 31/319 - loss 0.15543317 - samples/sec: 70.82 - lr: 0.000195
2020-10-17 20:27:48,650 epoch 60 - iter 62/319 - loss 0.14601066 - samples/sec: 69.78 - lr: 0.000195
2020-10-17 20:28:02,658 epoch 60 - iter 93/319 - loss 0.13079122 - samples/sec: 70.82 - lr: 0.000195
2020-10-17 20:28:16,890 epoch 60 - iter 124/319 - loss 0.13450372 - samples/sec: 69.71 - lr: 0.000195
2020-10-17 20:28:30,472 epoch 60 - iter 155/319 - loss 0.13871822 - samples/sec: 73.05 - lr: 0.000195
2020-10-17 20:28:44,298 epoch 60 - iter 186/319 - loss 0.14081358 - samples/sec: 71.76 - lr: 0.000195
2020-10-17 20:28:58,292 epoch 60 - iter 217/319 - loss 0.14507856 - samples/sec: 70.89 - lr: 0.000195
2020-10-17 20:29:12,101 epoch 60 - iter 248/319 - loss 0.14579653 - samples/sec: 71.85 - lr: 0.000195
2020-10-17 20:29:25,164 epoch 60 - iter 279/319 - loss 0.14478464 - samples/sec: 75.94 - lr: 0.000195
2020-10-17 20:29:38,177 epoch 60 - iter 310/319 - loss 0.14443079 - samples/sec: 76.26 - lr: 0.000195
2020-10-17 20:29:41,867 ----------------------------------------------------------------------------------------------------
2020-10-17 20:29:41,868 EPOCH 60 done: loss 0.1433 - lr 0.0001953
2020-10-17 20:30:04,706 DEV : loss 0.12968739867210388 - score 0.7826
2020-10-17 20:30:04,725 BAD EPOCHS (no improvement): 4
2020-10-17 20:30:04,726 ----------------------------------------------------------------------------------------------------
2020-10-17 20:30:04,726 ----------------------------------------------------------------------------------------------------
2020-10-17 20:30:04,727 learning rate too small - quitting training!
2020-10-17 20:30:04,728 ----------------------------------------------------------------------------------------------------
2020-10-17 20:30:18,897 ----------------------------------------------------------------------------------------------------
2020-10-17 20:30:18,898 Testing using best model ...
2020-10-17 20:30:18,899 loading file models\negonly_bioscope_flair-word\best-model.pt
2020-10-17 20:30:49,749 0.8007	0.7812	0.7909
2020-10-17 20:30:49,750 
Results:
- F1-score (micro) 0.7909
- F1-score (macro) 0.7909

By class:
Negation   tp: 225 - fp: 56 - fn: 63 - precision: 0.8007 - recall: 0.7812 - f1-score: 0.7909
2020-10-17 20:30:49,750 ----------------------------------------------------------------------------------------------------
