2021-06-17 17:07:10,602 ----------------------------------------------------------------------------------------------------
2021-06-17 17:07:10,602 Model: "SequenceTagger(
  (embeddings): StackedEmbeddings(
    (list_embedding_0): FlairEmbeddings(
      (lm): LanguageModel(
        (drop): Dropout(p=0.1, inplace=False)
        (encoder): Embedding(275, 100)
        (rnn): LSTM(100, 2048)
        (decoder): Linear(in_features=2048, out_features=275, bias=True)
      )
    )
    (list_embedding_1): FlairEmbeddings(
      (lm): LanguageModel(
        (drop): Dropout(p=0.1, inplace=False)
        (encoder): Embedding(275, 100)
        (rnn): LSTM(100, 2048)
        (decoder): Linear(in_features=2048, out_features=275, bias=True)
      )
    )
  )
  (word_dropout): WordDropout(p=0.05)
  (locked_dropout): LockedDropout(p=0.5)
  (embedding2nn): Linear(in_features=4096, out_features=4096, bias=True)
  (rnn): LSTM(4096, 64, batch_first=True, bidirectional=True)
  (linear): Linear(in_features=128, out_features=42, bias=True)
  (beta): 1.0
  (weights): None
  (weight_tensor) None
)"
2021-06-17 17:07:10,602 ----------------------------------------------------------------------------------------------------
2021-06-17 17:07:10,602 Corpus: "Corpus: 29793 train + 3208 dev + 1 test sentences"
2021-06-17 17:07:10,602 ----------------------------------------------------------------------------------------------------
2021-06-17 17:07:10,602 Parameters:
2021-06-17 17:07:10,619  - learning_rate: "0.1"
2021-06-17 17:07:10,620  - mini_batch_size: "8"
2021-06-17 17:07:10,621  - patience: "3"
2021-06-17 17:07:10,623  - anneal_factor: "0.5"
2021-06-17 17:07:10,624  - max_epochs: "150"
2021-06-17 17:07:10,627  - shuffle: "True"
2021-06-17 17:07:10,629  - train_with_dev: "False"
2021-06-17 17:07:10,631  - batch_growth_annealing: "False"
2021-06-17 17:07:10,632 ----------------------------------------------------------------------------------------------------
2021-06-17 17:07:10,634 Model training base path: "models\s1"
2021-06-17 17:07:10,635 ----------------------------------------------------------------------------------------------------
2021-06-17 17:07:10,637 Device: cuda:0
2021-06-17 17:07:10,639 ----------------------------------------------------------------------------------------------------
2021-06-17 17:07:10,640 Embeddings storage mode: none
2021-06-17 17:07:10,643 ----------------------------------------------------------------------------------------------------
2021-06-17 17:09:04,516 epoch 1 - iter 372/3725 - loss 4.79656707 - samples/sec: 26.14 - lr: 0.100000
2021-06-17 17:11:08,719 epoch 1 - iter 744/3725 - loss 4.24136117 - samples/sec: 23.96 - lr: 0.100000
2021-06-17 17:13:03,050 epoch 1 - iter 1116/3725 - loss 3.87937370 - samples/sec: 26.03 - lr: 0.100000
2021-06-17 17:14:57,932 epoch 1 - iter 1488/3725 - loss 3.57060820 - samples/sec: 25.90 - lr: 0.100000
2021-06-17 17:16:57,479 epoch 1 - iter 1860/3725 - loss 3.42681188 - samples/sec: 24.89 - lr: 0.100000
2021-06-17 17:18:59,552 epoch 1 - iter 2232/3725 - loss 3.33338454 - samples/sec: 24.38 - lr: 0.100000
2021-06-17 17:20:59,710 epoch 1 - iter 2604/3725 - loss 3.18256637 - samples/sec: 24.77 - lr: 0.100000
2021-06-17 17:22:50,070 epoch 1 - iter 2976/3725 - loss 3.06329190 - samples/sec: 26.97 - lr: 0.100000
2021-06-17 17:24:48,094 epoch 1 - iter 3348/3725 - loss 2.95537662 - samples/sec: 25.22 - lr: 0.100000
2021-06-17 17:26:52,939 epoch 1 - iter 3720/3725 - loss 2.91634760 - samples/sec: 23.84 - lr: 0.100000
2021-06-17 17:26:53,588 ----------------------------------------------------------------------------------------------------
2021-06-17 17:26:53,596 EPOCH 1 done: loss 2.9139 - lr 0.1000000
2021-06-17 17:28:15,644 DEV : loss 2.1300346851348877 - score 0.9645
2021-06-17 17:28:15,671 BAD EPOCHS (no improvement): 0
2021-06-17 17:28:17,503 ----------------------------------------------------------------------------------------------------
2021-06-17 17:30:04,790 epoch 2 - iter 372/3725 - loss 2.01516808 - samples/sec: 27.74 - lr: 0.100000
2021-06-17 17:32:00,425 epoch 2 - iter 744/3725 - loss 2.05317476 - samples/sec: 25.74 - lr: 0.100000
2021-06-17 17:33:55,937 epoch 2 - iter 1116/3725 - loss 2.04696608 - samples/sec: 25.77 - lr: 0.100000
2021-06-17 17:35:48,988 epoch 2 - iter 1488/3725 - loss 2.04251974 - samples/sec: 26.32 - lr: 0.100000
2021-06-17 17:37:51,930 epoch 2 - iter 1860/3725 - loss 2.04920796 - samples/sec: 24.21 - lr: 0.100000
2021-06-17 17:40:06,548 epoch 2 - iter 2232/3725 - loss 2.03252537 - samples/sec: 22.11 - lr: 0.100000
2021-06-17 17:42:08,691 epoch 2 - iter 2604/3725 - loss 2.00024999 - samples/sec: 24.37 - lr: 0.100000
2021-06-17 17:44:02,226 epoch 2 - iter 2976/3725 - loss 1.97806101 - samples/sec: 26.21 - lr: 0.100000
2021-06-17 17:46:04,953 epoch 2 - iter 3348/3725 - loss 1.95122556 - samples/sec: 24.25 - lr: 0.100000
2021-06-17 17:48:07,150 epoch 2 - iter 3720/3725 - loss 1.92880973 - samples/sec: 24.35 - lr: 0.100000
2021-06-17 17:48:08,658 ----------------------------------------------------------------------------------------------------
2021-06-17 17:48:08,666 EPOCH 2 done: loss 1.9288 - lr 0.1000000
2021-06-17 17:49:30,971 DEV : loss 1.807419776916504 - score 0.9654
2021-06-17 17:49:30,997 BAD EPOCHS (no improvement): 0
2021-06-17 17:49:32,948 ----------------------------------------------------------------------------------------------------
2021-06-17 17:51:32,587 epoch 3 - iter 372/3725 - loss 1.67246906 - samples/sec: 24.88 - lr: 0.100000
2021-06-17 17:53:36,140 epoch 3 - iter 744/3725 - loss 1.76974339 - samples/sec: 24.09 - lr: 0.100000
2021-06-17 17:55:46,672 epoch 3 - iter 1116/3725 - loss 1.76010009 - samples/sec: 22.80 - lr: 0.100000
2021-06-17 17:57:39,809 epoch 3 - iter 1488/3725 - loss 1.76335404 - samples/sec: 26.31 - lr: 0.100000
2021-06-17 17:59:43,026 epoch 3 - iter 1860/3725 - loss 1.78688797 - samples/sec: 24.15 - lr: 0.100000
2021-06-17 18:01:42,056 epoch 3 - iter 2232/3725 - loss 1.76966259 - samples/sec: 25.00 - lr: 0.100000
2021-06-17 18:03:44,330 epoch 3 - iter 2604/3725 - loss 1.75954850 - samples/sec: 24.34 - lr: 0.100000
2021-06-17 18:05:44,112 epoch 3 - iter 2976/3725 - loss 1.74124790 - samples/sec: 24.85 - lr: 0.100000
2021-06-17 18:07:36,773 epoch 3 - iter 3348/3725 - loss 1.69873411 - samples/sec: 26.42 - lr: 0.100000
2021-06-17 18:09:24,780 epoch 3 - iter 3720/3725 - loss 1.66939555 - samples/sec: 27.55 - lr: 0.100000
2021-06-17 18:09:25,987 ----------------------------------------------------------------------------------------------------
2021-06-17 18:09:25,987 EPOCH 3 done: loss 1.6713 - lr 0.1000000
2021-06-17 18:10:48,399 DEV : loss 1.546972632408142 - score 0.9596
2021-06-17 18:10:48,422 BAD EPOCHS (no improvement): 1
2021-06-17 18:10:48,424 ----------------------------------------------------------------------------------------------------
2021-06-17 18:12:46,847 epoch 4 - iter 372/3725 - loss 1.62916525 - samples/sec: 25.13 - lr: 0.100000
2021-06-17 18:14:38,880 epoch 4 - iter 744/3725 - loss 1.51773802 - samples/sec: 26.56 - lr: 0.100000
2021-06-17 18:16:34,665 epoch 4 - iter 1116/3725 - loss 1.52897637 - samples/sec: 25.71 - lr: 0.100000
2021-06-17 18:18:41,749 epoch 4 - iter 1488/3725 - loss 1.54221367 - samples/sec: 23.42 - lr: 0.100000
2021-06-17 18:20:40,056 epoch 4 - iter 1860/3725 - loss 1.57561430 - samples/sec: 25.16 - lr: 0.100000
2021-06-17 18:22:50,875 epoch 4 - iter 2232/3725 - loss 1.54489361 - samples/sec: 22.75 - lr: 0.100000
2021-06-17 18:24:43,818 epoch 4 - iter 2604/3725 - loss 1.54146408 - samples/sec: 26.35 - lr: 0.100000
2021-06-17 18:26:45,900 epoch 4 - iter 2976/3725 - loss 1.51671254 - samples/sec: 24.38 - lr: 0.100000
2021-06-17 18:28:40,686 epoch 4 - iter 3348/3725 - loss 1.51346668 - samples/sec: 25.93 - lr: 0.100000
2021-06-17 18:30:34,632 epoch 4 - iter 3720/3725 - loss 1.53531155 - samples/sec: 26.12 - lr: 0.100000
2021-06-17 18:30:37,975 ----------------------------------------------------------------------------------------------------
2021-06-17 18:30:37,975 EPOCH 4 done: loss 1.5376 - lr 0.1000000
2021-06-17 18:32:00,476 DEV : loss 1.3852627277374268 - score 0.9675
2021-06-17 18:32:00,501 BAD EPOCHS (no improvement): 0
2021-06-17 18:32:02,812 ----------------------------------------------------------------------------------------------------
2021-06-17 18:33:48,464 epoch 5 - iter 372/3725 - loss 1.30384284 - samples/sec: 28.17 - lr: 0.100000
2021-06-17 18:35:49,082 epoch 5 - iter 744/3725 - loss 1.34703005 - samples/sec: 24.67 - lr: 0.100000
2021-06-17 18:37:48,768 epoch 5 - iter 1116/3725 - loss 1.44143711 - samples/sec: 24.87 - lr: 0.100000
2021-06-17 18:39:55,533 epoch 5 - iter 1488/3725 - loss 1.43354684 - samples/sec: 23.48 - lr: 0.100000
2021-06-17 18:41:42,690 epoch 5 - iter 1860/3725 - loss 1.45638613 - samples/sec: 27.78 - lr: 0.100000
2021-06-17 18:43:42,916 epoch 5 - iter 2232/3725 - loss 1.44341938 - samples/sec: 24.76 - lr: 0.100000
2021-06-17 18:45:42,365 epoch 5 - iter 2604/3725 - loss 1.44384537 - samples/sec: 24.91 - lr: 0.100000
2021-06-17 18:47:41,284 epoch 5 - iter 2976/3725 - loss 1.43388378 - samples/sec: 25.03 - lr: 0.100000
2021-06-17 18:49:44,517 epoch 5 - iter 3348/3725 - loss 1.42633058 - samples/sec: 24.15 - lr: 0.100000
2021-06-17 18:51:50,174 epoch 5 - iter 3720/3725 - loss 1.42819851 - samples/sec: 23.69 - lr: 0.100000
2021-06-17 18:51:51,065 ----------------------------------------------------------------------------------------------------
2021-06-17 18:51:51,065 EPOCH 5 done: loss 1.4267 - lr 0.1000000
2021-06-17 18:53:13,762 DEV : loss 1.540418267250061 - score 0.9689
2021-06-17 18:53:13,787 BAD EPOCHS (no improvement): 0
2021-06-17 18:53:15,695 ----------------------------------------------------------------------------------------------------
2021-06-17 18:55:11,386 epoch 6 - iter 372/3725 - loss 1.29231331 - samples/sec: 25.73 - lr: 0.100000
2021-06-17 18:57:13,817 epoch 6 - iter 744/3725 - loss 1.29049241 - samples/sec: 24.31 - lr: 0.100000
2021-06-17 18:59:10,988 epoch 6 - iter 1116/3725 - loss 1.29708036 - samples/sec: 25.40 - lr: 0.100000
2021-06-17 19:01:14,325 epoch 6 - iter 1488/3725 - loss 1.31289432 - samples/sec: 24.13 - lr: 0.100000
2021-06-17 19:03:20,291 epoch 6 - iter 1860/3725 - loss 1.37602267 - samples/sec: 23.63 - lr: 0.100000
2021-06-17 19:05:14,927 epoch 6 - iter 2232/3725 - loss 1.35565431 - samples/sec: 25.96 - lr: 0.100000
2021-06-17 19:07:04,609 epoch 6 - iter 2604/3725 - loss 1.33919542 - samples/sec: 27.14 - lr: 0.100000
2021-06-17 19:09:10,924 epoch 6 - iter 2976/3725 - loss 1.36472514 - samples/sec: 23.56 - lr: 0.100000
2021-06-17 19:11:05,647 epoch 6 - iter 3348/3725 - loss 1.35243660 - samples/sec: 25.94 - lr: 0.100000
2021-06-17 19:13:05,144 epoch 6 - iter 3720/3725 - loss 1.35400963 - samples/sec: 24.91 - lr: 0.100000
2021-06-17 19:13:07,717 ----------------------------------------------------------------------------------------------------
2021-06-17 19:13:07,725 EPOCH 6 done: loss 1.3562 - lr 0.1000000
2021-06-17 19:14:30,355 DEV : loss 1.5113825798034668 - score 0.969
2021-06-17 19:14:30,378 BAD EPOCHS (no improvement): 0
2021-06-17 19:14:32,838 ----------------------------------------------------------------------------------------------------
2021-06-17 19:16:33,283 epoch 7 - iter 372/3725 - loss 1.26928832 - samples/sec: 24.71 - lr: 0.100000
2021-06-17 19:18:30,667 epoch 7 - iter 744/3725 - loss 1.26769038 - samples/sec: 25.35 - lr: 0.100000
2021-06-17 19:20:30,205 epoch 7 - iter 1116/3725 - loss 1.37914021 - samples/sec: 24.90 - lr: 0.100000
2021-06-17 19:22:25,043 epoch 7 - iter 1488/3725 - loss 1.36423480 - samples/sec: 25.92 - lr: 0.100000
2021-06-17 19:24:14,255 epoch 7 - iter 1860/3725 - loss 1.33535340 - samples/sec: 27.25 - lr: 0.100000
2021-06-17 19:26:17,972 epoch 7 - iter 2232/3725 - loss 1.33515176 - samples/sec: 24.06 - lr: 0.100000
2021-06-17 19:28:15,127 epoch 7 - iter 2604/3725 - loss 1.32250446 - samples/sec: 25.41 - lr: 0.100000
2021-06-17 19:30:12,970 epoch 7 - iter 2976/3725 - loss 1.33832385 - samples/sec: 25.26 - lr: 0.100000
2021-06-17 19:32:20,923 epoch 7 - iter 3348/3725 - loss 1.33055830 - samples/sec: 23.26 - lr: 0.100000
2021-06-17 19:34:25,395 epoch 7 - iter 3720/3725 - loss 1.31661955 - samples/sec: 23.91 - lr: 0.100000
2021-06-17 19:34:27,206 ----------------------------------------------------------------------------------------------------
2021-06-17 19:34:27,206 EPOCH 7 done: loss 1.3165 - lr 0.1000000
2021-06-17 19:35:49,718 DEV : loss 1.3968331813812256 - score 0.9683
2021-06-17 19:35:49,744 BAD EPOCHS (no improvement): 1
2021-06-17 19:35:49,745 ----------------------------------------------------------------------------------------------------
2021-06-17 19:37:40,442 epoch 8 - iter 372/3725 - loss 1.09319829 - samples/sec: 26.89 - lr: 0.100000
2021-06-17 19:39:34,287 epoch 8 - iter 744/3725 - loss 1.21546830 - samples/sec: 26.14 - lr: 0.100000
2021-06-17 19:41:30,747 epoch 8 - iter 1116/3725 - loss 1.23379929 - samples/sec: 25.55 - lr: 0.100000
2021-06-17 19:43:19,639 epoch 8 - iter 1488/3725 - loss 1.20955277 - samples/sec: 27.33 - lr: 0.100000
2021-06-17 19:45:19,869 epoch 8 - iter 1860/3725 - loss 1.23508252 - samples/sec: 24.75 - lr: 0.100000
2021-06-17 19:47:24,492 epoch 8 - iter 2232/3725 - loss 1.23521073 - samples/sec: 23.88 - lr: 0.100000
2021-06-17 19:49:20,595 epoch 8 - iter 2604/3725 - loss 1.24097713 - samples/sec: 25.63 - lr: 0.100000
2021-06-17 19:51:30,285 epoch 8 - iter 2976/3725 - loss 1.24942059 - samples/sec: 22.95 - lr: 0.100000
2021-06-17 19:53:36,749 epoch 8 - iter 3348/3725 - loss 1.26802757 - samples/sec: 23.53 - lr: 0.100000
2021-06-17 19:55:29,835 epoch 8 - iter 3720/3725 - loss 1.26510382 - samples/sec: 26.32 - lr: 0.100000
2021-06-17 19:55:30,831 ----------------------------------------------------------------------------------------------------
2021-06-17 19:55:30,833 EPOCH 8 done: loss 1.2644 - lr 0.1000000
2021-06-17 19:56:54,259 DEV : loss 1.155407428741455 - score 0.9719
2021-06-17 19:56:54,284 BAD EPOCHS (no improvement): 0
2021-06-17 19:56:56,032 ----------------------------------------------------------------------------------------------------
2021-06-17 19:58:52,985 epoch 9 - iter 372/3725 - loss 1.28435199 - samples/sec: 25.45 - lr: 0.100000
2021-06-17 20:00:59,978 epoch 9 - iter 744/3725 - loss 1.30338473 - samples/sec: 23.43 - lr: 0.100000
2021-06-17 20:02:55,960 epoch 9 - iter 1116/3725 - loss 1.25503075 - samples/sec: 25.66 - lr: 0.100000
2021-06-17 20:04:52,171 epoch 9 - iter 1488/3725 - loss 1.22489354 - samples/sec: 25.61 - lr: 0.100000
2021-06-17 20:06:53,068 epoch 9 - iter 1860/3725 - loss 1.23182682 - samples/sec: 24.62 - lr: 0.100000
2021-06-17 20:08:45,863 epoch 9 - iter 2232/3725 - loss 1.20037243 - samples/sec: 26.38 - lr: 0.100000
2021-06-17 20:10:58,668 epoch 9 - iter 2604/3725 - loss 1.24648315 - samples/sec: 22.41 - lr: 0.100000
2021-06-17 20:12:56,193 epoch 9 - iter 2976/3725 - loss 1.24463261 - samples/sec: 25.32 - lr: 0.100000
2021-06-17 20:14:46,337 epoch 9 - iter 3348/3725 - loss 1.22002409 - samples/sec: 27.02 - lr: 0.100000
2021-06-17 20:16:40,263 epoch 9 - iter 3720/3725 - loss 1.22004856 - samples/sec: 26.12 - lr: 0.100000
2021-06-17 20:16:42,345 ----------------------------------------------------------------------------------------------------
2021-06-17 20:16:42,353 EPOCH 9 done: loss 1.2201 - lr 0.1000000
2021-06-17 20:18:04,678 DEV : loss 1.156854510307312 - score 0.9664
2021-06-17 20:18:04,702 BAD EPOCHS (no improvement): 1
2021-06-17 20:18:04,704 ----------------------------------------------------------------------------------------------------
2021-06-17 20:20:05,641 epoch 10 - iter 372/3725 - loss 1.25891870 - samples/sec: 24.61 - lr: 0.100000
2021-06-17 20:22:04,820 epoch 10 - iter 744/3725 - loss 1.17183778 - samples/sec: 24.97 - lr: 0.100000
2021-06-17 20:24:01,023 epoch 10 - iter 1116/3725 - loss 1.15777111 - samples/sec: 25.61 - lr: 0.100000
2021-06-17 20:25:43,988 epoch 10 - iter 1488/3725 - loss 1.15794262 - samples/sec: 28.90 - lr: 0.100000
2021-06-17 20:27:52,527 epoch 10 - iter 1860/3725 - loss 1.18326410 - samples/sec: 23.15 - lr: 0.100000
2021-06-17 20:29:46,203 epoch 10 - iter 2232/3725 - loss 1.17529941 - samples/sec: 26.18 - lr: 0.100000
2021-06-17 20:31:44,747 epoch 10 - iter 2604/3725 - loss 1.18230355 - samples/sec: 25.11 - lr: 0.100000
2021-06-17 20:33:41,912 epoch 10 - iter 2976/3725 - loss 1.17074432 - samples/sec: 25.40 - lr: 0.100000
2021-06-17 20:35:43,105 epoch 10 - iter 3348/3725 - loss 1.19882189 - samples/sec: 24.56 - lr: 0.100000
2021-06-17 20:37:48,664 epoch 10 - iter 3720/3725 - loss 1.20791304 - samples/sec: 23.70 - lr: 0.100000
2021-06-17 20:37:49,437 ----------------------------------------------------------------------------------------------------
2021-06-17 20:37:49,437 EPOCH 10 done: loss 1.2067 - lr 0.1000000
2021-06-17 20:39:11,730 DEV : loss 1.1704989671707153 - score 0.9696
2021-06-17 20:39:11,753 BAD EPOCHS (no improvement): 2
2021-06-17 20:39:11,756 ----------------------------------------------------------------------------------------------------
2021-06-17 20:41:11,146 epoch 11 - iter 372/3725 - loss 1.34284940 - samples/sec: 24.93 - lr: 0.100000
2021-06-17 20:43:06,545 epoch 11 - iter 744/3725 - loss 1.21495635 - samples/sec: 25.79 - lr: 0.100000
2021-06-17 20:45:06,071 epoch 11 - iter 1116/3725 - loss 1.17415708 - samples/sec: 24.90 - lr: 0.100000
2021-06-17 20:47:14,586 epoch 11 - iter 1488/3725 - loss 1.17770252 - samples/sec: 23.16 - lr: 0.100000
2021-06-17 20:49:09,686 epoch 11 - iter 1860/3725 - loss 1.18060258 - samples/sec: 25.86 - lr: 0.100000
2021-06-17 20:51:09,880 epoch 11 - iter 2232/3725 - loss 1.22719202 - samples/sec: 24.76 - lr: 0.100000
2021-06-17 20:53:10,977 epoch 11 - iter 2604/3725 - loss 1.21966176 - samples/sec: 24.58 - lr: 0.100000
2021-06-17 20:55:00,365 epoch 11 - iter 2976/3725 - loss 1.19918750 - samples/sec: 27.21 - lr: 0.100000
2021-06-17 20:56:59,238 epoch 11 - iter 3348/3725 - loss 1.19018120 - samples/sec: 25.04 - lr: 0.100000
2021-06-17 20:58:53,121 epoch 11 - iter 3720/3725 - loss 1.18446379 - samples/sec: 26.14 - lr: 0.100000
2021-06-17 20:58:53,995 ----------------------------------------------------------------------------------------------------
2021-06-17 20:58:53,995 EPOCH 11 done: loss 1.1840 - lr 0.1000000
2021-06-17 21:00:16,374 DEV : loss 1.2228437662124634 - score 0.9703
2021-06-17 21:00:16,396 BAD EPOCHS (no improvement): 3
2021-06-17 21:00:16,398 ----------------------------------------------------------------------------------------------------
2021-06-17 21:02:22,038 epoch 12 - iter 372/3725 - loss 1.35327440 - samples/sec: 23.69 - lr: 0.100000
2021-06-17 21:04:21,106 epoch 12 - iter 744/3725 - loss 1.22829025 - samples/sec: 24.99 - lr: 0.100000
2021-06-17 21:06:20,888 epoch 12 - iter 1116/3725 - loss 1.18599101 - samples/sec: 24.85 - lr: 0.100000
2021-06-17 21:08:24,091 epoch 12 - iter 1488/3725 - loss 1.17482927 - samples/sec: 24.16 - lr: 0.100000
2021-06-17 21:10:18,860 epoch 12 - iter 1860/3725 - loss 1.17386139 - samples/sec: 25.93 - lr: 0.100000
2021-06-17 21:12:11,410 epoch 12 - iter 2232/3725 - loss 1.14593325 - samples/sec: 26.44 - lr: 0.100000
2021-06-17 21:14:01,896 epoch 12 - iter 2604/3725 - loss 1.15010390 - samples/sec: 26.94 - lr: 0.100000
2021-06-17 21:16:10,889 epoch 12 - iter 2976/3725 - loss 1.16497409 - samples/sec: 23.07 - lr: 0.100000
2021-06-17 21:18:05,559 epoch 12 - iter 3348/3725 - loss 1.16731786 - samples/sec: 25.95 - lr: 0.100000
2021-06-17 21:20:03,773 epoch 12 - iter 3720/3725 - loss 1.16740930 - samples/sec: 25.18 - lr: 0.100000
2021-06-17 21:20:04,789 ----------------------------------------------------------------------------------------------------
2021-06-17 21:20:04,789 EPOCH 12 done: loss 1.1671 - lr 0.1000000
2021-06-17 21:21:26,979 DEV : loss 1.0506843328475952 - score 0.9677
2021-06-17 21:21:27,005 BAD EPOCHS (no improvement): 4
2021-06-17 21:21:27,007 ----------------------------------------------------------------------------------------------------
2021-06-17 21:23:27,698 epoch 13 - iter 372/3725 - loss 1.15907173 - samples/sec: 24.66 - lr: 0.050000
2021-06-17 21:25:33,147 epoch 13 - iter 744/3725 - loss 1.19096095 - samples/sec: 23.73 - lr: 0.050000
2021-06-17 21:27:31,281 epoch 13 - iter 1116/3725 - loss 1.16920672 - samples/sec: 25.19 - lr: 0.050000
2021-06-17 21:29:31,114 epoch 13 - iter 1488/3725 - loss 1.11997020 - samples/sec: 24.83 - lr: 0.050000
2021-06-17 21:31:33,468 epoch 13 - iter 1860/3725 - loss 1.10553312 - samples/sec: 24.32 - lr: 0.050000
2021-06-17 21:33:29,247 epoch 13 - iter 2232/3725 - loss 1.07085894 - samples/sec: 25.70 - lr: 0.050000
2021-06-17 21:35:26,042 epoch 13 - iter 2604/3725 - loss 1.06425459 - samples/sec: 25.48 - lr: 0.050000
2021-06-17 21:37:15,896 epoch 13 - iter 2976/3725 - loss 1.06211520 - samples/sec: 27.09 - lr: 0.050000
2021-06-17 21:39:10,775 epoch 13 - iter 3348/3725 - loss 1.05798013 - samples/sec: 25.91 - lr: 0.050000
2021-06-17 21:41:11,480 epoch 13 - iter 3720/3725 - loss 1.04519788 - samples/sec: 24.66 - lr: 0.050000
2021-06-17 21:41:13,226 ----------------------------------------------------------------------------------------------------
2021-06-17 21:41:13,228 EPOCH 13 done: loss 1.0468 - lr 0.0500000
2021-06-17 21:42:35,823 DEV : loss 0.999239981174469 - score 0.9677
2021-06-17 21:42:35,847 BAD EPOCHS (no improvement): 1
2021-06-17 21:42:35,848 ----------------------------------------------------------------------------------------------------
2021-06-17 21:44:28,609 epoch 14 - iter 372/3725 - loss 1.10668059 - samples/sec: 26.39 - lr: 0.050000
2021-06-17 21:46:30,393 epoch 14 - iter 744/3725 - loss 1.06431003 - samples/sec: 24.44 - lr: 0.050000
2021-06-17 21:48:21,231 epoch 14 - iter 1116/3725 - loss 1.02755894 - samples/sec: 26.85 - lr: 0.050000
2021-06-17 21:50:28,851 epoch 14 - iter 1488/3725 - loss 1.02050362 - samples/sec: 23.32 - lr: 0.050000
2021-06-17 21:52:26,714 epoch 14 - iter 1860/3725 - loss 1.02444130 - samples/sec: 25.25 - lr: 0.050000
2021-06-17 21:54:26,995 epoch 14 - iter 2232/3725 - loss 1.00687375 - samples/sec: 24.74 - lr: 0.050000
2021-06-17 21:56:28,827 epoch 14 - iter 2604/3725 - loss 1.01199393 - samples/sec: 24.43 - lr: 0.050000
2021-06-17 21:58:21,511 epoch 14 - iter 2976/3725 - loss 1.00013857 - samples/sec: 26.41 - lr: 0.050000
2021-06-17 22:00:22,861 epoch 14 - iter 3348/3725 - loss 1.00285886 - samples/sec: 24.53 - lr: 0.050000
2021-06-17 22:02:24,236 epoch 14 - iter 3720/3725 - loss 1.01851868 - samples/sec: 24.52 - lr: 0.050000
2021-06-17 22:02:25,152 ----------------------------------------------------------------------------------------------------
2021-06-17 22:02:25,160 EPOCH 14 done: loss 1.0184 - lr 0.0500000
2021-06-17 22:03:47,550 DEV : loss 0.9871388673782349 - score 0.9712
2021-06-17 22:03:47,576 BAD EPOCHS (no improvement): 2
2021-06-17 22:03:47,577 ----------------------------------------------------------------------------------------------------
2021-06-17 22:05:50,589 epoch 15 - iter 372/3725 - loss 0.94892595 - samples/sec: 24.20 - lr: 0.050000
2021-06-17 22:07:38,612 epoch 15 - iter 744/3725 - loss 1.02560781 - samples/sec: 27.55 - lr: 0.050000
2021-06-17 22:09:35,317 epoch 15 - iter 1116/3725 - loss 0.98909379 - samples/sec: 25.50 - lr: 0.050000
2021-06-17 22:11:26,629 epoch 15 - iter 1488/3725 - loss 0.97319777 - samples/sec: 26.74 - lr: 0.050000
2021-06-17 22:13:27,056 epoch 15 - iter 1860/3725 - loss 0.98522995 - samples/sec: 24.71 - lr: 0.050000
2021-06-17 22:15:26,585 epoch 15 - iter 2232/3725 - loss 0.96135348 - samples/sec: 24.90 - lr: 0.050000
2021-06-17 22:17:45,151 epoch 15 - iter 2604/3725 - loss 1.00455275 - samples/sec: 21.48 - lr: 0.050000
2021-06-17 22:19:44,438 epoch 15 - iter 2976/3725 - loss 0.99582517 - samples/sec: 24.95 - lr: 0.050000
2021-06-17 22:21:30,248 epoch 15 - iter 3348/3725 - loss 0.98049511 - samples/sec: 28.13 - lr: 0.050000
2021-06-17 22:23:33,455 epoch 15 - iter 3720/3725 - loss 0.99015026 - samples/sec: 24.15 - lr: 0.050000
2021-06-17 22:23:34,628 ----------------------------------------------------------------------------------------------------
2021-06-17 22:23:34,628 EPOCH 15 done: loss 0.9922 - lr 0.0500000
2021-06-17 22:24:57,035 DEV : loss 0.967873215675354 - score 0.9693
2021-06-17 22:24:57,062 BAD EPOCHS (no improvement): 3
2021-06-17 22:24:57,064 ----------------------------------------------------------------------------------------------------
2021-06-17 22:26:48,196 epoch 16 - iter 372/3725 - loss 1.03073469 - samples/sec: 26.78 - lr: 0.050000
2021-06-17 22:28:43,952 epoch 16 - iter 744/3725 - loss 0.97041722 - samples/sec: 25.71 - lr: 0.050000
2021-06-17 22:30:47,855 epoch 16 - iter 1116/3725 - loss 0.98342830 - samples/sec: 24.02 - lr: 0.050000
2021-06-17 22:32:49,188 epoch 16 - iter 1488/3725 - loss 0.98787181 - samples/sec: 24.53 - lr: 0.050000
2021-06-17 22:34:59,652 epoch 16 - iter 1860/3725 - loss 1.00770908 - samples/sec: 22.81 - lr: 0.050000
2021-06-17 22:36:59,597 epoch 16 - iter 2232/3725 - loss 1.00846947 - samples/sec: 24.81 - lr: 0.050000
2021-06-17 22:39:01,578 epoch 16 - iter 2604/3725 - loss 0.99796475 - samples/sec: 24.40 - lr: 0.050000
2021-06-17 22:41:07,238 epoch 16 - iter 2976/3725 - loss 0.98710616 - samples/sec: 23.68 - lr: 0.050000
2021-06-17 22:42:57,462 epoch 16 - iter 3348/3725 - loss 0.98428083 - samples/sec: 27.00 - lr: 0.050000
2021-06-17 22:44:46,282 epoch 16 - iter 3720/3725 - loss 0.97944709 - samples/sec: 27.35 - lr: 0.050000
2021-06-17 22:44:48,281 ----------------------------------------------------------------------------------------------------
2021-06-17 22:44:48,283 EPOCH 16 done: loss 0.9786 - lr 0.0500000
2021-06-17 22:46:10,701 DEV : loss 1.0066086053848267 - score 0.971
2021-06-17 22:46:10,728 BAD EPOCHS (no improvement): 4
2021-06-17 22:46:10,730 ----------------------------------------------------------------------------------------------------
2021-06-17 22:48:05,519 epoch 17 - iter 372/3725 - loss 0.87004209 - samples/sec: 25.93 - lr: 0.025000
2021-06-17 22:50:01,910 epoch 17 - iter 744/3725 - loss 0.85006137 - samples/sec: 25.57 - lr: 0.025000
2021-06-17 22:52:00,403 epoch 17 - iter 1116/3725 - loss 0.87457622 - samples/sec: 25.12 - lr: 0.025000
2021-06-17 22:53:52,102 epoch 17 - iter 1488/3725 - loss 0.90239884 - samples/sec: 26.64 - lr: 0.025000
2021-06-17 22:56:01,025 epoch 17 - iter 1860/3725 - loss 0.93095940 - samples/sec: 23.08 - lr: 0.025000
2021-06-17 22:58:09,622 epoch 17 - iter 2232/3725 - loss 0.94245256 - samples/sec: 23.14 - lr: 0.025000
2021-06-17 23:00:00,768 epoch 17 - iter 2604/3725 - loss 0.93137433 - samples/sec: 26.78 - lr: 0.025000
2021-06-17 23:02:10,552 epoch 17 - iter 2976/3725 - loss 0.95323786 - samples/sec: 22.93 - lr: 0.025000
2021-06-17 23:04:00,753 epoch 17 - iter 3348/3725 - loss 0.94609480 - samples/sec: 27.01 - lr: 0.025000
2021-06-17 23:05:56,958 epoch 17 - iter 3720/3725 - loss 0.93545058 - samples/sec: 25.61 - lr: 0.025000
2021-06-17 23:06:00,855 ----------------------------------------------------------------------------------------------------
2021-06-17 23:06:00,855 EPOCH 17 done: loss 0.9352 - lr 0.0250000
2021-06-17 23:07:23,254 DEV : loss 0.9513261914253235 - score 0.9701
2021-06-17 23:07:23,279 BAD EPOCHS (no improvement): 1
2021-06-17 23:07:23,280 ----------------------------------------------------------------------------------------------------
2021-06-17 23:09:25,177 epoch 18 - iter 372/3725 - loss 0.90827960 - samples/sec: 24.41 - lr: 0.025000
2021-06-17 23:11:20,911 epoch 18 - iter 744/3725 - loss 0.93731361 - samples/sec: 25.71 - lr: 0.025000
2021-06-17 23:13:13,649 epoch 18 - iter 1116/3725 - loss 0.91808826 - samples/sec: 26.40 - lr: 0.025000
2021-06-17 23:15:12,789 epoch 18 - iter 1488/3725 - loss 0.93826419 - samples/sec: 24.98 - lr: 0.025000
2021-06-17 23:17:02,255 epoch 18 - iter 1860/3725 - loss 0.93196567 - samples/sec: 27.19 - lr: 0.025000
2021-06-17 23:19:13,265 epoch 18 - iter 2232/3725 - loss 0.93640059 - samples/sec: 22.72 - lr: 0.025000
2021-06-17 23:21:05,124 epoch 18 - iter 2604/3725 - loss 0.92548286 - samples/sec: 26.61 - lr: 0.025000
2021-06-17 23:23:17,480 epoch 18 - iter 2976/3725 - loss 0.92816957 - samples/sec: 22.48 - lr: 0.025000
2021-06-17 23:25:16,666 epoch 18 - iter 3348/3725 - loss 0.92717822 - samples/sec: 24.97 - lr: 0.025000
2021-06-17 23:27:15,164 epoch 18 - iter 3720/3725 - loss 0.91841975 - samples/sec: 25.12 - lr: 0.025000
2021-06-17 23:27:16,101 ----------------------------------------------------------------------------------------------------
2021-06-17 23:27:16,101 EPOCH 18 done: loss 0.9177 - lr 0.0250000
2021-06-17 23:28:38,500 DEV : loss 0.929916501045227 - score 0.9703
2021-06-17 23:28:38,525 BAD EPOCHS (no improvement): 2
2021-06-17 23:28:38,527 ----------------------------------------------------------------------------------------------------
2021-06-17 23:30:30,182 epoch 19 - iter 372/3725 - loss 1.00023598 - samples/sec: 26.66 - lr: 0.025000
2021-06-17 23:32:33,120 epoch 19 - iter 744/3725 - loss 0.99625350 - samples/sec: 24.21 - lr: 0.025000
2021-06-17 23:34:31,884 epoch 19 - iter 1116/3725 - loss 0.96265014 - samples/sec: 25.06 - lr: 0.025000
2021-06-17 23:36:34,124 epoch 19 - iter 1488/3725 - loss 0.94735743 - samples/sec: 24.35 - lr: 0.025000
2021-06-17 23:38:25,524 epoch 19 - iter 1860/3725 - loss 0.94344073 - samples/sec: 26.72 - lr: 0.025000
2021-06-17 23:40:25,041 epoch 19 - iter 2232/3725 - loss 0.91983390 - samples/sec: 24.90 - lr: 0.025000
2021-06-17 23:42:23,336 epoch 19 - iter 2604/3725 - loss 0.90075711 - samples/sec: 25.16 - lr: 0.025000
2021-06-17 23:44:22,040 epoch 19 - iter 2976/3725 - loss 0.91417283 - samples/sec: 25.07 - lr: 0.025000
2021-06-17 23:46:20,731 epoch 19 - iter 3348/3725 - loss 0.90586106 - samples/sec: 25.08 - lr: 0.025000
2021-06-17 23:48:15,707 epoch 19 - iter 3720/3725 - loss 0.91386546 - samples/sec: 25.88 - lr: 0.025000
2021-06-17 23:48:17,972 ----------------------------------------------------------------------------------------------------
2021-06-17 23:48:17,972 EPOCH 19 done: loss 0.9157 - lr 0.0250000
2021-06-17 23:49:40,342 DEV : loss 0.9193193316459656 - score 0.972
2021-06-17 23:49:40,373 BAD EPOCHS (no improvement): 0
2021-06-17 23:49:42,293 ----------------------------------------------------------------------------------------------------
2021-06-17 23:51:37,383 epoch 20 - iter 372/3725 - loss 0.79857702 - samples/sec: 25.86 - lr: 0.025000
2021-06-17 23:53:29,988 epoch 20 - iter 744/3725 - loss 0.86995681 - samples/sec: 26.43 - lr: 0.025000
2021-06-17 23:55:25,729 epoch 20 - iter 1116/3725 - loss 0.85084089 - samples/sec: 25.71 - lr: 0.025000
2021-06-17 23:57:35,239 epoch 20 - iter 1488/3725 - loss 0.86400865 - samples/sec: 22.98 - lr: 0.025000
2021-06-17 23:59:34,648 epoch 20 - iter 1860/3725 - loss 0.87360699 - samples/sec: 24.92 - lr: 0.025000
2021-06-18 00:01:26,461 epoch 20 - iter 2232/3725 - loss 0.86971217 - samples/sec: 26.62 - lr: 0.025000
2021-06-18 00:03:31,556 epoch 20 - iter 2604/3725 - loss 0.88770839 - samples/sec: 23.79 - lr: 0.025000
2021-06-18 00:05:37,560 epoch 20 - iter 2976/3725 - loss 0.92472467 - samples/sec: 23.62 - lr: 0.025000
2021-06-18 00:07:28,357 epoch 20 - iter 3348/3725 - loss 0.92284908 - samples/sec: 26.86 - lr: 0.025000
2021-06-18 00:09:31,460 epoch 20 - iter 3720/3725 - loss 0.90902502 - samples/sec: 24.18 - lr: 0.025000
2021-06-18 00:09:32,676 ----------------------------------------------------------------------------------------------------
2021-06-18 00:09:32,676 EPOCH 20 done: loss 0.9090 - lr 0.0250000
2021-06-18 00:10:55,385 DEV : loss 0.9389269948005676 - score 0.9723
2021-06-18 00:10:55,409 BAD EPOCHS (no improvement): 0
2021-06-18 00:10:57,273 ----------------------------------------------------------------------------------------------------
2021-06-18 00:13:05,064 epoch 21 - iter 372/3725 - loss 0.80637432 - samples/sec: 23.29 - lr: 0.025000
2021-06-18 00:15:08,732 epoch 21 - iter 744/3725 - loss 0.83886377 - samples/sec: 24.07 - lr: 0.025000
2021-06-18 00:17:04,534 epoch 21 - iter 1116/3725 - loss 0.82848419 - samples/sec: 25.70 - lr: 0.025000
2021-06-18 00:18:56,787 epoch 21 - iter 1488/3725 - loss 0.83197910 - samples/sec: 26.51 - lr: 0.025000
2021-06-18 00:20:58,450 epoch 21 - iter 1860/3725 - loss 0.87135216 - samples/sec: 24.46 - lr: 0.025000
2021-06-18 00:23:06,500 epoch 21 - iter 2232/3725 - loss 0.89110227 - samples/sec: 23.24 - lr: 0.025000
2021-06-18 00:25:10,724 epoch 21 - iter 2604/3725 - loss 0.91011533 - samples/sec: 23.96 - lr: 0.025000
2021-06-18 00:26:53,207 epoch 21 - iter 2976/3725 - loss 0.89134246 - samples/sec: 29.04 - lr: 0.025000
2021-06-18 00:28:50,656 epoch 21 - iter 3348/3725 - loss 0.88524850 - samples/sec: 25.34 - lr: 0.025000
2021-06-18 00:30:51,774 epoch 21 - iter 3720/3725 - loss 0.88369800 - samples/sec: 24.57 - lr: 0.025000
2021-06-18 00:30:53,136 ----------------------------------------------------------------------------------------------------
2021-06-18 00:30:53,136 EPOCH 21 done: loss 0.8828 - lr 0.0250000
2021-06-18 00:32:15,617 DEV : loss 0.9243016242980957 - score 0.9726
2021-06-18 00:32:15,639 BAD EPOCHS (no improvement): 0
2021-06-18 00:32:17,360 ----------------------------------------------------------------------------------------------------
2021-06-18 00:34:08,194 epoch 22 - iter 372/3725 - loss 0.78553153 - samples/sec: 26.85 - lr: 0.025000
2021-06-18 00:35:59,331 epoch 22 - iter 744/3725 - loss 0.84866556 - samples/sec: 26.78 - lr: 0.025000
2021-06-18 00:37:58,633 epoch 22 - iter 1116/3725 - loss 0.86494648 - samples/sec: 24.95 - lr: 0.025000
2021-06-18 00:40:08,799 epoch 22 - iter 1488/3725 - loss 0.88268042 - samples/sec: 22.86 - lr: 0.025000
2021-06-18 00:42:12,265 epoch 22 - iter 1860/3725 - loss 0.87487546 - samples/sec: 24.11 - lr: 0.025000
2021-06-18 00:44:01,540 epoch 22 - iter 2232/3725 - loss 0.85550033 - samples/sec: 27.24 - lr: 0.025000
2021-06-18 00:46:02,810 epoch 22 - iter 2604/3725 - loss 0.86336714 - samples/sec: 24.54 - lr: 0.025000
2021-06-18 00:47:58,262 epoch 22 - iter 2976/3725 - loss 0.87125112 - samples/sec: 25.78 - lr: 0.025000
2021-06-18 00:49:54,381 epoch 22 - iter 3348/3725 - loss 0.86261530 - samples/sec: 25.63 - lr: 0.025000
2021-06-18 00:52:08,999 epoch 22 - iter 3720/3725 - loss 0.88360228 - samples/sec: 22.11 - lr: 0.025000
2021-06-18 00:52:09,896 ----------------------------------------------------------------------------------------------------
2021-06-18 00:52:09,896 EPOCH 22 done: loss 0.8832 - lr 0.0250000
2021-06-18 00:53:32,456 DEV : loss 0.904206395149231 - score 0.9684
2021-06-18 00:53:32,478 BAD EPOCHS (no improvement): 1
2021-06-18 00:53:32,480 ----------------------------------------------------------------------------------------------------
2021-06-18 00:55:27,032 epoch 23 - iter 372/3725 - loss 0.78883440 - samples/sec: 25.98 - lr: 0.025000
2021-06-18 00:57:15,611 epoch 23 - iter 744/3725 - loss 0.76680173 - samples/sec: 27.41 - lr: 0.025000
2021-06-18 00:59:12,765 epoch 23 - iter 1116/3725 - loss 0.76645649 - samples/sec: 25.40 - lr: 0.025000
2021-06-18 01:01:16,271 epoch 23 - iter 1488/3725 - loss 0.81036783 - samples/sec: 24.10 - lr: 0.025000
2021-06-18 01:03:14,511 epoch 23 - iter 1860/3725 - loss 0.81726746 - samples/sec: 25.17 - lr: 0.025000
2021-06-18 01:05:10,838 epoch 23 - iter 2232/3725 - loss 0.83052625 - samples/sec: 25.58 - lr: 0.025000
2021-06-18 01:07:15,799 epoch 23 - iter 2604/3725 - loss 0.85004781 - samples/sec: 23.82 - lr: 0.025000
2021-06-18 01:09:11,371 epoch 23 - iter 2976/3725 - loss 0.84855059 - samples/sec: 25.75 - lr: 0.025000
2021-06-18 01:11:22,312 epoch 23 - iter 3348/3725 - loss 0.86708361 - samples/sec: 22.73 - lr: 0.025000
2021-06-18 01:13:15,413 epoch 23 - iter 3720/3725 - loss 0.87794768 - samples/sec: 26.31 - lr: 0.025000
2021-06-18 01:13:17,145 ----------------------------------------------------------------------------------------------------
2021-06-18 01:13:17,153 EPOCH 23 done: loss 0.8773 - lr 0.0250000
2021-06-18 01:14:39,600 DEV : loss 0.9271859526634216 - score 0.9654
2021-06-18 01:14:39,630 BAD EPOCHS (no improvement): 2
2021-06-18 01:14:39,631 ----------------------------------------------------------------------------------------------------
2021-06-18 01:16:35,634 epoch 24 - iter 372/3725 - loss 0.83204208 - samples/sec: 25.66 - lr: 0.025000
2021-06-18 01:18:41,295 epoch 24 - iter 744/3725 - loss 0.91195222 - samples/sec: 23.68 - lr: 0.025000
2021-06-18 01:20:41,950 epoch 24 - iter 1116/3725 - loss 0.90480563 - samples/sec: 24.67 - lr: 0.025000
2021-06-18 01:22:37,349 epoch 24 - iter 1488/3725 - loss 0.88569574 - samples/sec: 25.79 - lr: 0.025000
2021-06-18 01:24:51,043 epoch 24 - iter 1860/3725 - loss 0.90846904 - samples/sec: 22.26 - lr: 0.025000
2021-06-18 01:26:41,036 epoch 24 - iter 2232/3725 - loss 0.90127000 - samples/sec: 27.06 - lr: 0.025000
2021-06-18 01:28:44,948 epoch 24 - iter 2604/3725 - loss 0.89614545 - samples/sec: 24.02 - lr: 0.025000
2021-06-18 01:30:38,418 epoch 24 - iter 2976/3725 - loss 0.89044157 - samples/sec: 26.23 - lr: 0.025000
2021-06-18 01:32:28,998 epoch 24 - iter 3348/3725 - loss 0.88053895 - samples/sec: 26.92 - lr: 0.025000
2021-06-18 01:34:16,401 epoch 24 - iter 3720/3725 - loss 0.87111617 - samples/sec: 27.72 - lr: 0.025000
2021-06-18 01:34:22,054 ----------------------------------------------------------------------------------------------------
2021-06-18 01:34:22,054 EPOCH 24 done: loss 0.8720 - lr 0.0250000
2021-06-18 01:35:44,439 DEV : loss 0.9170939922332764 - score 0.9708
2021-06-18 01:35:44,461 BAD EPOCHS (no improvement): 3
2021-06-18 01:35:44,463 ----------------------------------------------------------------------------------------------------
2021-06-18 01:37:43,269 epoch 25 - iter 372/3725 - loss 0.86011242 - samples/sec: 25.05 - lr: 0.025000
2021-06-18 01:39:32,470 epoch 25 - iter 744/3725 - loss 0.89422194 - samples/sec: 27.26 - lr: 0.025000
2021-06-18 01:41:24,573 epoch 25 - iter 1116/3725 - loss 0.88930871 - samples/sec: 26.55 - lr: 0.025000
2021-06-18 01:43:22,645 epoch 25 - iter 1488/3725 - loss 0.87234123 - samples/sec: 25.21 - lr: 0.025000
2021-06-18 01:45:27,000 epoch 25 - iter 1860/3725 - loss 0.85879110 - samples/sec: 23.93 - lr: 0.025000
2021-06-18 01:47:34,516 epoch 25 - iter 2232/3725 - loss 0.86437315 - samples/sec: 23.34 - lr: 0.025000
2021-06-18 01:49:33,769 epoch 25 - iter 2604/3725 - loss 0.87429404 - samples/sec: 24.96 - lr: 0.025000
2021-06-18 01:51:25,854 epoch 25 - iter 2976/3725 - loss 0.87308049 - samples/sec: 26.55 - lr: 0.025000
2021-06-18 01:53:22,674 epoch 25 - iter 3348/3725 - loss 0.86119849 - samples/sec: 25.48 - lr: 0.025000
2021-06-18 01:55:25,015 epoch 25 - iter 3720/3725 - loss 0.86387819 - samples/sec: 24.33 - lr: 0.025000
2021-06-18 01:55:28,753 ----------------------------------------------------------------------------------------------------
2021-06-18 01:55:28,753 EPOCH 25 done: loss 0.8661 - lr 0.0250000
2021-06-18 01:56:51,144 DEV : loss 0.8895624876022339 - score 0.9709
2021-06-18 01:56:51,169 BAD EPOCHS (no improvement): 4
2021-06-18 01:56:51,170 ----------------------------------------------------------------------------------------------------
2021-06-18 01:58:59,093 epoch 26 - iter 372/3725 - loss 1.03448273 - samples/sec: 23.27 - lr: 0.012500
2021-06-18 02:00:49,237 epoch 26 - iter 744/3725 - loss 0.88922573 - samples/sec: 27.02 - lr: 0.012500
2021-06-18 02:02:45,026 epoch 26 - iter 1116/3725 - loss 0.86111686 - samples/sec: 25.70 - lr: 0.012500
2021-06-18 02:04:33,237 epoch 26 - iter 1488/3725 - loss 0.83417292 - samples/sec: 27.50 - lr: 0.012500
2021-06-18 02:06:38,553 epoch 26 - iter 1860/3725 - loss 0.85942333 - samples/sec: 23.75 - lr: 0.012500
2021-06-18 02:08:41,927 epoch 26 - iter 2232/3725 - loss 0.87045952 - samples/sec: 24.12 - lr: 0.012500
2021-06-18 02:10:32,335 epoch 26 - iter 2604/3725 - loss 0.85578912 - samples/sec: 26.96 - lr: 0.012500
2021-06-18 02:12:41,632 epoch 26 - iter 2976/3725 - loss 0.85058146 - samples/sec: 23.02 - lr: 0.012500
2021-06-18 02:14:29,546 epoch 26 - iter 3348/3725 - loss 0.83176136 - samples/sec: 27.58 - lr: 0.012500
2021-06-18 02:16:37,729 epoch 26 - iter 3720/3725 - loss 0.84046361 - samples/sec: 23.22 - lr: 0.012500
2021-06-18 02:16:38,594 ----------------------------------------------------------------------------------------------------
2021-06-18 02:16:38,594 EPOCH 26 done: loss 0.8410 - lr 0.0125000
2021-06-18 02:18:01,130 DEV : loss 0.8892082571983337 - score 0.9706
2021-06-18 02:18:01,155 BAD EPOCHS (no improvement): 1
2021-06-18 02:18:01,157 ----------------------------------------------------------------------------------------------------
2021-06-18 02:20:03,846 epoch 27 - iter 372/3725 - loss 0.81388123 - samples/sec: 24.26 - lr: 0.012500
2021-06-18 02:22:01,660 epoch 27 - iter 744/3725 - loss 0.80430660 - samples/sec: 25.26 - lr: 0.012500
2021-06-18 02:23:56,787 epoch 27 - iter 1116/3725 - loss 0.79570664 - samples/sec: 25.85 - lr: 0.012500
2021-06-18 02:25:49,886 epoch 27 - iter 1488/3725 - loss 0.79769425 - samples/sec: 26.31 - lr: 0.012500
2021-06-18 02:27:43,151 epoch 27 - iter 1860/3725 - loss 0.79557269 - samples/sec: 26.28 - lr: 0.012500
2021-06-18 02:29:35,536 epoch 27 - iter 2232/3725 - loss 0.80121280 - samples/sec: 26.48 - lr: 0.012500
2021-06-18 02:31:44,699 epoch 27 - iter 2604/3725 - loss 0.82763430 - samples/sec: 23.04 - lr: 0.012500
2021-06-18 02:33:45,586 epoch 27 - iter 2976/3725 - loss 0.82684389 - samples/sec: 24.62 - lr: 0.012500
2021-06-18 02:35:46,549 epoch 27 - iter 3348/3725 - loss 0.82775572 - samples/sec: 24.60 - lr: 0.012500
2021-06-18 02:37:54,110 epoch 27 - iter 3720/3725 - loss 0.84139916 - samples/sec: 23.33 - lr: 0.012500
2021-06-18 02:37:55,065 ----------------------------------------------------------------------------------------------------
2021-06-18 02:37:55,065 EPOCH 27 done: loss 0.8405 - lr 0.0125000
2021-06-18 02:39:17,585 DEV : loss 0.884685754776001 - score 0.9708
2021-06-18 02:39:17,611 BAD EPOCHS (no improvement): 2
2021-06-18 02:39:17,613 ----------------------------------------------------------------------------------------------------
2021-06-18 02:41:28,446 epoch 28 - iter 372/3725 - loss 0.85359496 - samples/sec: 22.75 - lr: 0.012500
2021-06-18 02:43:22,278 epoch 28 - iter 744/3725 - loss 0.81785745 - samples/sec: 26.15 - lr: 0.012500
2021-06-18 02:45:23,696 epoch 28 - iter 1116/3725 - loss 0.82824201 - samples/sec: 24.51 - lr: 0.012500
2021-06-18 02:47:25,341 epoch 28 - iter 1488/3725 - loss 0.82156190 - samples/sec: 24.47 - lr: 0.012500
2021-06-18 02:49:18,515 epoch 28 - iter 1860/3725 - loss 0.82079370 - samples/sec: 26.30 - lr: 0.012500
2021-06-18 02:51:14,446 epoch 28 - iter 2232/3725 - loss 0.82770202 - samples/sec: 25.67 - lr: 0.012500
2021-06-18 02:53:10,068 epoch 28 - iter 2604/3725 - loss 0.83639759 - samples/sec: 25.74 - lr: 0.012500
2021-06-18 02:55:00,390 epoch 28 - iter 2976/3725 - loss 0.82602200 - samples/sec: 26.98 - lr: 0.012500
2021-06-18 02:56:56,758 epoch 28 - iter 3348/3725 - loss 0.83449535 - samples/sec: 25.58 - lr: 0.012500
2021-06-18 02:58:58,573 epoch 28 - iter 3720/3725 - loss 0.83694196 - samples/sec: 24.43 - lr: 0.012500
2021-06-18 02:59:00,391 ----------------------------------------------------------------------------------------------------
2021-06-18 02:59:00,391 EPOCH 28 done: loss 0.8362 - lr 0.0125000
2021-06-18 03:00:22,740 DEV : loss 0.8886266350746155 - score 0.9721
2021-06-18 03:00:22,769 BAD EPOCHS (no improvement): 3
2021-06-18 03:00:22,771 ----------------------------------------------------------------------------------------------------
2021-06-18 03:02:22,303 epoch 29 - iter 372/3725 - loss 0.81844479 - samples/sec: 24.90 - lr: 0.012500
2021-06-18 03:04:30,160 epoch 29 - iter 744/3725 - loss 0.83653544 - samples/sec: 23.28 - lr: 0.012500
2021-06-18 03:06:29,576 epoch 29 - iter 1116/3725 - loss 0.85367345 - samples/sec: 24.92 - lr: 0.012500
2021-06-18 03:08:27,224 epoch 29 - iter 1488/3725 - loss 0.84366019 - samples/sec: 25.30 - lr: 0.012500
2021-06-18 03:10:36,388 epoch 29 - iter 1860/3725 - loss 0.85995380 - samples/sec: 23.04 - lr: 0.012500
2021-06-18 03:12:34,843 epoch 29 - iter 2232/3725 - loss 0.84681336 - samples/sec: 25.12 - lr: 0.012500
2021-06-18 03:14:23,162 epoch 29 - iter 2604/3725 - loss 0.83704544 - samples/sec: 27.47 - lr: 0.012500
2021-06-18 03:16:09,728 epoch 29 - iter 2976/3725 - loss 0.82049114 - samples/sec: 27.93 - lr: 0.012500
2021-06-18 03:18:17,769 epoch 29 - iter 3348/3725 - loss 0.82020662 - samples/sec: 23.25 - lr: 0.012500
2021-06-18 03:20:11,508 epoch 29 - iter 3720/3725 - loss 0.82025830 - samples/sec: 26.17 - lr: 0.012500
2021-06-18 03:20:12,675 ----------------------------------------------------------------------------------------------------
2021-06-18 03:20:12,683 EPOCH 29 done: loss 0.8198 - lr 0.0125000
2021-06-18 03:21:35,115 DEV : loss 0.878376841545105 - score 0.9691
2021-06-18 03:21:35,140 BAD EPOCHS (no improvement): 4
2021-06-18 03:21:35,144 ----------------------------------------------------------------------------------------------------
2021-06-18 03:23:36,642 epoch 30 - iter 372/3725 - loss 0.97731230 - samples/sec: 24.50 - lr: 0.006250
2021-06-18 03:25:29,304 epoch 30 - iter 744/3725 - loss 0.90094412 - samples/sec: 26.42 - lr: 0.006250
2021-06-18 03:27:26,113 epoch 30 - iter 1116/3725 - loss 0.89684792 - samples/sec: 25.48 - lr: 0.006250
2021-06-18 03:29:20,032 epoch 30 - iter 1488/3725 - loss 0.85467900 - samples/sec: 26.13 - lr: 0.006250
2021-06-18 03:31:24,782 epoch 30 - iter 1860/3725 - loss 0.83524156 - samples/sec: 23.86 - lr: 0.006250
2021-06-18 03:33:19,003 epoch 30 - iter 2232/3725 - loss 0.84095212 - samples/sec: 26.06 - lr: 0.006250
2021-06-18 03:35:13,494 epoch 30 - iter 2604/3725 - loss 0.84665771 - samples/sec: 26.00 - lr: 0.006250
2021-06-18 03:37:07,649 epoch 30 - iter 2976/3725 - loss 0.83484478 - samples/sec: 26.07 - lr: 0.006250
2021-06-18 03:39:09,499 epoch 30 - iter 3348/3725 - loss 0.81926010 - samples/sec: 24.43 - lr: 0.006250
2021-06-18 03:41:22,626 epoch 30 - iter 3720/3725 - loss 0.82112149 - samples/sec: 22.35 - lr: 0.006250
2021-06-18 03:41:23,389 ----------------------------------------------------------------------------------------------------
2021-06-18 03:41:23,389 EPOCH 30 done: loss 0.8211 - lr 0.0062500
2021-06-18 03:42:45,816 DEV : loss 0.8737513422966003 - score 0.9718
2021-06-18 03:42:45,841 BAD EPOCHS (no improvement): 1
2021-06-18 03:42:45,843 ----------------------------------------------------------------------------------------------------
2021-06-18 03:44:34,359 epoch 31 - iter 372/3725 - loss 0.74599451 - samples/sec: 27.43 - lr: 0.006250
2021-06-18 03:46:38,384 epoch 31 - iter 744/3725 - loss 0.75578513 - samples/sec: 24.00 - lr: 0.006250
2021-06-18 03:48:33,058 epoch 31 - iter 1116/3725 - loss 0.79526640 - samples/sec: 25.96 - lr: 0.006250
2021-06-18 03:50:45,764 epoch 31 - iter 1488/3725 - loss 0.83074318 - samples/sec: 22.43 - lr: 0.006250
2021-06-18 03:52:45,299 epoch 31 - iter 1860/3725 - loss 0.83300424 - samples/sec: 24.90 - lr: 0.006250
2021-06-18 03:54:39,831 epoch 31 - iter 2232/3725 - loss 0.81985601 - samples/sec: 25.98 - lr: 0.006250
2021-06-18 03:56:33,519 epoch 31 - iter 2604/3725 - loss 0.82021551 - samples/sec: 26.18 - lr: 0.006250
2021-06-18 03:58:45,050 epoch 31 - iter 2976/3725 - loss 0.82360305 - samples/sec: 22.63 - lr: 0.006250
2021-06-18 04:00:35,008 epoch 31 - iter 3348/3725 - loss 0.82035323 - samples/sec: 27.07 - lr: 0.006250
2021-06-18 04:02:33,900 epoch 31 - iter 3720/3725 - loss 0.81338568 - samples/sec: 25.03 - lr: 0.006250
2021-06-18 04:02:34,954 ----------------------------------------------------------------------------------------------------
2021-06-18 04:02:34,954 EPOCH 31 done: loss 0.8127 - lr 0.0062500
2021-06-18 04:03:57,503 DEV : loss 0.8752066493034363 - score 0.9718
2021-06-18 04:03:57,523 BAD EPOCHS (no improvement): 2
2021-06-18 04:03:57,525 ----------------------------------------------------------------------------------------------------
2021-06-18 04:05:55,572 epoch 32 - iter 372/3725 - loss 0.73107499 - samples/sec: 25.21 - lr: 0.006250
2021-06-18 04:07:55,211 epoch 32 - iter 744/3725 - loss 0.78457509 - samples/sec: 24.88 - lr: 0.006250
2021-06-18 04:09:48,096 epoch 32 - iter 1116/3725 - loss 0.81611249 - samples/sec: 26.36 - lr: 0.006250
2021-06-18 04:11:47,862 epoch 32 - iter 1488/3725 - loss 0.81512666 - samples/sec: 24.85 - lr: 0.006250
2021-06-18 04:13:59,105 epoch 32 - iter 1860/3725 - loss 0.81947024 - samples/sec: 22.68 - lr: 0.006250
2021-06-18 04:15:56,525 epoch 32 - iter 2232/3725 - loss 0.81220050 - samples/sec: 25.35 - lr: 0.006250
2021-06-18 04:17:54,524 epoch 32 - iter 2604/3725 - loss 0.81135212 - samples/sec: 25.22 - lr: 0.006250
2021-06-18 04:19:48,215 epoch 32 - iter 2976/3725 - loss 0.81143864 - samples/sec: 26.18 - lr: 0.006250
2021-06-18 04:21:38,833 epoch 32 - iter 3348/3725 - loss 0.81611914 - samples/sec: 26.91 - lr: 0.006250
2021-06-18 04:23:35,414 epoch 32 - iter 3720/3725 - loss 0.81225966 - samples/sec: 25.53 - lr: 0.006250
2021-06-18 04:23:36,150 ----------------------------------------------------------------------------------------------------
2021-06-18 04:23:36,150 EPOCH 32 done: loss 0.8117 - lr 0.0062500
2021-06-18 04:24:58,505 DEV : loss 0.8740911483764648 - score 0.973
2021-06-18 04:24:58,526 BAD EPOCHS (no improvement): 0
2021-06-18 04:25:00,568 ----------------------------------------------------------------------------------------------------
2021-06-18 04:27:01,752 epoch 33 - iter 372/3725 - loss 0.77787786 - samples/sec: 24.56 - lr: 0.006250
2021-06-18 04:29:01,367 epoch 33 - iter 744/3725 - loss 0.76047645 - samples/sec: 24.88 - lr: 0.006250
2021-06-18 04:30:54,970 epoch 33 - iter 1116/3725 - loss 0.81217076 - samples/sec: 26.20 - lr: 0.006250
2021-06-18 04:32:53,699 epoch 33 - iter 1488/3725 - loss 0.82342411 - samples/sec: 25.07 - lr: 0.006250
2021-06-18 04:34:55,392 epoch 33 - iter 1860/3725 - loss 0.79606089 - samples/sec: 24.46 - lr: 0.006250
2021-06-18 04:36:40,528 epoch 33 - iter 2232/3725 - loss 0.78941925 - samples/sec: 28.31 - lr: 0.006250
2021-06-18 04:38:45,876 epoch 33 - iter 2604/3725 - loss 0.78742498 - samples/sec: 23.74 - lr: 0.006250
2021-06-18 04:40:45,235 epoch 33 - iter 2976/3725 - loss 0.79660747 - samples/sec: 24.93 - lr: 0.006250
2021-06-18 04:42:35,464 epoch 33 - iter 3348/3725 - loss 0.79865005 - samples/sec: 27.00 - lr: 0.006250
2021-06-18 04:44:53,906 epoch 33 - iter 3720/3725 - loss 0.81185359 - samples/sec: 21.50 - lr: 0.006250
2021-06-18 04:44:54,580 ----------------------------------------------------------------------------------------------------
2021-06-18 04:44:54,580 EPOCH 33 done: loss 0.8110 - lr 0.0062500
2021-06-18 04:46:16,921 DEV : loss 0.8700367212295532 - score 0.9738
2021-06-18 04:46:16,951 BAD EPOCHS (no improvement): 0
2021-06-18 04:46:18,712 ----------------------------------------------------------------------------------------------------
2021-06-18 04:48:19,715 epoch 34 - iter 372/3725 - loss 0.70167481 - samples/sec: 24.60 - lr: 0.006250
2021-06-18 04:50:24,960 epoch 34 - iter 744/3725 - loss 0.76122989 - samples/sec: 23.77 - lr: 0.006250
2021-06-18 04:52:21,040 epoch 34 - iter 1116/3725 - loss 0.78277058 - samples/sec: 25.64 - lr: 0.006250
2021-06-18 04:54:35,975 epoch 34 - iter 1488/3725 - loss 0.80778976 - samples/sec: 22.06 - lr: 0.006250
2021-06-18 04:56:29,138 epoch 34 - iter 1860/3725 - loss 0.80632667 - samples/sec: 26.30 - lr: 0.006250
2021-06-18 04:58:21,184 epoch 34 - iter 2232/3725 - loss 0.80280883 - samples/sec: 26.56 - lr: 0.006250
2021-06-18 05:00:29,550 epoch 34 - iter 2604/3725 - loss 0.81163119 - samples/sec: 23.19 - lr: 0.006250
2021-06-18 05:02:21,313 epoch 34 - iter 2976/3725 - loss 0.80978624 - samples/sec: 26.63 - lr: 0.006250
2021-06-18 05:04:21,464 epoch 34 - iter 3348/3725 - loss 0.81689136 - samples/sec: 24.77 - lr: 0.006250
2021-06-18 05:06:24,010 epoch 34 - iter 3720/3725 - loss 0.81855178 - samples/sec: 24.28 - lr: 0.006250
2021-06-18 05:06:24,837 ----------------------------------------------------------------------------------------------------
2021-06-18 05:06:24,837 EPOCH 34 done: loss 0.8181 - lr 0.0062500
2021-06-18 05:07:47,342 DEV : loss 0.8642489314079285 - score 0.9723
2021-06-18 05:07:47,373 BAD EPOCHS (no improvement): 1
2021-06-18 05:07:47,373 ----------------------------------------------------------------------------------------------------
2021-06-18 05:09:38,401 epoch 35 - iter 372/3725 - loss 0.72944938 - samples/sec: 26.81 - lr: 0.006250
2021-06-18 05:11:41,401 epoch 35 - iter 744/3725 - loss 0.82017171 - samples/sec: 24.20 - lr: 0.006250
2021-06-18 05:13:44,765 epoch 35 - iter 1116/3725 - loss 0.77951689 - samples/sec: 24.12 - lr: 0.006250
2021-06-18 05:15:34,700 epoch 35 - iter 1488/3725 - loss 0.77124531 - samples/sec: 27.07 - lr: 0.006250
2021-06-18 05:17:28,044 epoch 35 - iter 1860/3725 - loss 0.79151067 - samples/sec: 26.26 - lr: 0.006250
2021-06-18 05:19:35,042 epoch 35 - iter 2232/3725 - loss 0.80034387 - samples/sec: 23.43 - lr: 0.006250
2021-06-18 05:21:28,803 epoch 35 - iter 2604/3725 - loss 0.79322695 - samples/sec: 26.16 - lr: 0.006250
2021-06-18 05:23:32,939 epoch 35 - iter 2976/3725 - loss 0.79232818 - samples/sec: 23.98 - lr: 0.006250
2021-06-18 05:25:29,937 epoch 35 - iter 3348/3725 - loss 0.79996540 - samples/sec: 25.44 - lr: 0.006250
2021-06-18 05:27:31,135 epoch 35 - iter 3720/3725 - loss 0.81095962 - samples/sec: 24.56 - lr: 0.006250
2021-06-18 05:27:32,545 ----------------------------------------------------------------------------------------------------
2021-06-18 05:27:32,545 EPOCH 35 done: loss 0.8101 - lr 0.0062500
2021-06-18 05:28:54,875 DEV : loss 0.8768462538719177 - score 0.9742
2021-06-18 05:28:54,898 BAD EPOCHS (no improvement): 0
2021-06-18 05:28:56,399 ----------------------------------------------------------------------------------------------------
2021-06-18 05:30:53,682 epoch 36 - iter 372/3725 - loss 0.74492650 - samples/sec: 25.38 - lr: 0.006250
2021-06-18 05:32:52,386 epoch 36 - iter 744/3725 - loss 0.75709728 - samples/sec: 25.07 - lr: 0.006250
2021-06-18 05:34:47,808 epoch 36 - iter 1116/3725 - loss 0.74076123 - samples/sec: 25.79 - lr: 0.006250
2021-06-18 05:36:49,172 epoch 36 - iter 1488/3725 - loss 0.76547814 - samples/sec: 24.52 - lr: 0.006250
2021-06-18 05:38:49,384 epoch 36 - iter 1860/3725 - loss 0.78570052 - samples/sec: 24.76 - lr: 0.006250
2021-06-18 05:40:49,233 epoch 36 - iter 2232/3725 - loss 0.78451840 - samples/sec: 24.84 - lr: 0.006250
2021-06-18 05:42:53,125 epoch 36 - iter 2604/3725 - loss 0.79788842 - samples/sec: 24.02 - lr: 0.006250
2021-06-18 05:44:46,686 epoch 36 - iter 2976/3725 - loss 0.81307298 - samples/sec: 26.21 - lr: 0.006250
2021-06-18 05:46:40,021 epoch 36 - iter 3348/3725 - loss 0.80839163 - samples/sec: 26.26 - lr: 0.006250
2021-06-18 05:48:44,146 epoch 36 - iter 3720/3725 - loss 0.80785033 - samples/sec: 23.98 - lr: 0.006250
2021-06-18 05:48:45,110 ----------------------------------------------------------------------------------------------------
2021-06-18 05:48:45,110 EPOCH 36 done: loss 0.8077 - lr 0.0062500
2021-06-18 05:50:07,408 DEV : loss 0.8672915101051331 - score 0.9729
2021-06-18 05:50:07,432 BAD EPOCHS (no improvement): 1
2021-06-18 05:50:07,434 ----------------------------------------------------------------------------------------------------
2021-06-18 05:52:07,682 epoch 37 - iter 372/3725 - loss 0.81085110 - samples/sec: 24.75 - lr: 0.006250
2021-06-18 05:54:10,694 epoch 37 - iter 744/3725 - loss 0.82163051 - samples/sec: 24.19 - lr: 0.006250
2021-06-18 05:56:11,964 epoch 37 - iter 1116/3725 - loss 0.80278538 - samples/sec: 24.54 - lr: 0.006250
2021-06-18 05:58:10,526 epoch 37 - iter 1488/3725 - loss 0.78250948 - samples/sec: 25.10 - lr: 0.006250
2021-06-18 06:00:17,363 epoch 37 - iter 1860/3725 - loss 0.81560638 - samples/sec: 23.46 - lr: 0.006250
2021-06-18 06:02:11,376 epoch 37 - iter 2232/3725 - loss 0.80019090 - samples/sec: 26.10 - lr: 0.006250
2021-06-18 06:04:16,897 epoch 37 - iter 2604/3725 - loss 0.83375873 - samples/sec: 23.71 - lr: 0.006250
2021-06-18 06:06:02,587 epoch 37 - iter 2976/3725 - loss 0.82643526 - samples/sec: 28.16 - lr: 0.006250
2021-06-18 06:07:59,309 epoch 37 - iter 3348/3725 - loss 0.82535082 - samples/sec: 25.50 - lr: 0.006250
2021-06-18 06:09:51,820 epoch 37 - iter 3720/3725 - loss 0.81038602 - samples/sec: 26.45 - lr: 0.006250
2021-06-18 06:09:53,847 ----------------------------------------------------------------------------------------------------
2021-06-18 06:09:53,847 EPOCH 37 done: loss 0.8105 - lr 0.0062500
2021-06-18 06:11:16,237 DEV : loss 0.8651657104492188 - score 0.9727
2021-06-18 06:11:16,265 BAD EPOCHS (no improvement): 2
2021-06-18 06:11:16,267 ----------------------------------------------------------------------------------------------------
2021-06-18 06:13:15,430 epoch 38 - iter 372/3725 - loss 0.79115297 - samples/sec: 24.98 - lr: 0.006250
2021-06-18 06:15:12,685 epoch 38 - iter 744/3725 - loss 0.80000048 - samples/sec: 25.38 - lr: 0.006250
2021-06-18 06:17:07,091 epoch 38 - iter 1116/3725 - loss 0.79231979 - samples/sec: 26.01 - lr: 0.006250
2021-06-18 06:19:12,772 epoch 38 - iter 1488/3725 - loss 0.82128688 - samples/sec: 23.68 - lr: 0.006250
2021-06-18 06:21:14,965 epoch 38 - iter 1860/3725 - loss 0.82005562 - samples/sec: 24.35 - lr: 0.006250
2021-06-18 06:23:18,752 epoch 38 - iter 2232/3725 - loss 0.82077064 - samples/sec: 24.04 - lr: 0.006250
2021-06-18 06:25:28,683 epoch 38 - iter 2604/3725 - loss 0.82580023 - samples/sec: 22.91 - lr: 0.006250
2021-06-18 06:27:26,113 epoch 38 - iter 2976/3725 - loss 0.82413761 - samples/sec: 25.34 - lr: 0.006250
2021-06-18 06:29:12,750 epoch 38 - iter 3348/3725 - loss 0.80905167 - samples/sec: 27.91 - lr: 0.006250
2021-06-18 06:31:02,354 epoch 38 - iter 3720/3725 - loss 0.79808882 - samples/sec: 27.15 - lr: 0.006250
2021-06-18 06:31:03,346 ----------------------------------------------------------------------------------------------------
2021-06-18 06:31:03,346 EPOCH 38 done: loss 0.7975 - lr 0.0062500
2021-06-18 06:32:25,653 DEV : loss 0.8699561953544617 - score 0.9698
2021-06-18 06:32:25,676 BAD EPOCHS (no improvement): 3
2021-06-18 06:32:25,678 ----------------------------------------------------------------------------------------------------
2021-06-18 06:34:16,196 epoch 39 - iter 372/3725 - loss 0.78082671 - samples/sec: 26.93 - lr: 0.006250
2021-06-18 06:36:08,023 epoch 39 - iter 744/3725 - loss 0.81860378 - samples/sec: 26.61 - lr: 0.006250
2021-06-18 06:38:05,312 epoch 39 - iter 1116/3725 - loss 0.80647408 - samples/sec: 25.37 - lr: 0.006250
2021-06-18 06:40:08,492 epoch 39 - iter 1488/3725 - loss 0.80602986 - samples/sec: 24.16 - lr: 0.006250
2021-06-18 06:42:13,813 epoch 39 - iter 1860/3725 - loss 0.79243698 - samples/sec: 23.75 - lr: 0.006250
2021-06-18 06:44:04,620 epoch 39 - iter 2232/3725 - loss 0.79587906 - samples/sec: 26.86 - lr: 0.006250
2021-06-18 06:46:08,245 epoch 39 - iter 2604/3725 - loss 0.80145307 - samples/sec: 24.07 - lr: 0.006250
2021-06-18 06:48:14,164 epoch 39 - iter 2976/3725 - loss 0.81183756 - samples/sec: 23.63 - lr: 0.006250
2021-06-18 06:50:01,725 epoch 39 - iter 3348/3725 - loss 0.80994105 - samples/sec: 27.67 - lr: 0.006250
2021-06-18 06:52:05,121 epoch 39 - iter 3720/3725 - loss 0.81021389 - samples/sec: 24.12 - lr: 0.006250
2021-06-18 06:52:06,398 ----------------------------------------------------------------------------------------------------
2021-06-18 06:52:06,398 EPOCH 39 done: loss 0.8096 - lr 0.0062500
2021-06-18 06:53:28,676 DEV : loss 0.868708610534668 - score 0.9728
2021-06-18 06:53:28,707 BAD EPOCHS (no improvement): 4
2021-06-18 06:53:28,709 ----------------------------------------------------------------------------------------------------
2021-06-18 06:55:16,366 epoch 40 - iter 372/3725 - loss 0.67171718 - samples/sec: 27.65 - lr: 0.003125
2021-06-18 06:57:14,332 epoch 40 - iter 744/3725 - loss 0.76024357 - samples/sec: 25.23 - lr: 0.003125
2021-06-18 06:59:23,860 epoch 40 - iter 1116/3725 - loss 0.74986672 - samples/sec: 22.98 - lr: 0.003125
2021-06-18 07:01:25,267 epoch 40 - iter 1488/3725 - loss 0.78140599 - samples/sec: 24.51 - lr: 0.003125
2021-06-18 07:03:24,244 epoch 40 - iter 1860/3725 - loss 0.78224716 - samples/sec: 25.02 - lr: 0.003125
2021-06-18 07:05:20,072 epoch 40 - iter 2232/3725 - loss 0.79736472 - samples/sec: 25.69 - lr: 0.003125
2021-06-18 07:07:20,333 epoch 40 - iter 2604/3725 - loss 0.80691767 - samples/sec: 24.75 - lr: 0.003125
2021-06-18 07:09:21,673 epoch 40 - iter 2976/3725 - loss 0.80833921 - samples/sec: 24.53 - lr: 0.003125
2021-06-18 07:11:21,440 epoch 40 - iter 3348/3725 - loss 0.80386561 - samples/sec: 24.85 - lr: 0.003125
2021-06-18 07:13:14,750 epoch 40 - iter 3720/3725 - loss 0.80282593 - samples/sec: 26.27 - lr: 0.003125
2021-06-18 07:13:15,977 ----------------------------------------------------------------------------------------------------
2021-06-18 07:13:15,977 EPOCH 40 done: loss 0.8035 - lr 0.0031250
2021-06-18 07:14:38,459 DEV : loss 0.8656577467918396 - score 0.9723
2021-06-18 07:14:38,483 BAD EPOCHS (no improvement): 1
2021-06-18 07:14:38,484 ----------------------------------------------------------------------------------------------------
2021-06-18 07:16:31,850 epoch 41 - iter 372/3725 - loss 0.72354309 - samples/sec: 26.26 - lr: 0.003125
2021-06-18 07:18:37,198 epoch 41 - iter 744/3725 - loss 0.81199357 - samples/sec: 23.74 - lr: 0.003125
2021-06-18 07:20:33,516 epoch 41 - iter 1116/3725 - loss 0.79407425 - samples/sec: 25.59 - lr: 0.003125
2021-06-18 07:22:33,614 epoch 41 - iter 1488/3725 - loss 0.78893336 - samples/sec: 24.78 - lr: 0.003125
2021-06-18 07:24:27,174 epoch 41 - iter 1860/3725 - loss 0.78159626 - samples/sec: 26.21 - lr: 0.003125
2021-06-18 07:26:28,277 epoch 41 - iter 2232/3725 - loss 0.79111929 - samples/sec: 24.58 - lr: 0.003125
2021-06-18 07:28:23,857 epoch 41 - iter 2604/3725 - loss 0.77997140 - samples/sec: 25.75 - lr: 0.003125
2021-06-18 07:30:23,679 epoch 41 - iter 2976/3725 - loss 0.78565941 - samples/sec: 24.84 - lr: 0.003125
2021-06-18 07:32:24,061 epoch 41 - iter 3348/3725 - loss 0.80076765 - samples/sec: 24.72 - lr: 0.003125
2021-06-18 07:34:29,574 epoch 41 - iter 3720/3725 - loss 0.79646841 - samples/sec: 23.71 - lr: 0.003125
2021-06-18 07:34:30,263 ----------------------------------------------------------------------------------------------------
2021-06-18 07:34:30,263 EPOCH 41 done: loss 0.7965 - lr 0.0031250
2021-06-18 07:35:52,847 DEV : loss 0.8673303127288818 - score 0.9725
2021-06-18 07:35:52,873 BAD EPOCHS (no improvement): 2
2021-06-18 07:35:52,875 ----------------------------------------------------------------------------------------------------
2021-06-18 07:37:53,855 epoch 42 - iter 372/3725 - loss 0.72752161 - samples/sec: 24.60 - lr: 0.003125
2021-06-18 07:39:55,687 epoch 42 - iter 744/3725 - loss 0.77539195 - samples/sec: 24.43 - lr: 0.003125
2021-06-18 07:41:52,688 epoch 42 - iter 1116/3725 - loss 0.82281376 - samples/sec: 25.44 - lr: 0.003125
2021-06-18 07:43:51,845 epoch 42 - iter 1488/3725 - loss 0.80957223 - samples/sec: 24.98 - lr: 0.003125
2021-06-18 07:45:39,953 epoch 42 - iter 1860/3725 - loss 0.80008899 - samples/sec: 27.53 - lr: 0.003125
2021-06-18 07:47:44,301 epoch 42 - iter 2232/3725 - loss 0.78765267 - samples/sec: 23.93 - lr: 0.003125
2021-06-18 07:49:51,232 epoch 42 - iter 2604/3725 - loss 0.79618911 - samples/sec: 23.45 - lr: 0.003125
2021-06-18 07:51:44,432 epoch 42 - iter 2976/3725 - loss 0.78958174 - samples/sec: 26.29 - lr: 0.003125
2021-06-18 07:53:37,958 epoch 42 - iter 3348/3725 - loss 0.78324875 - samples/sec: 26.22 - lr: 0.003125
2021-06-18 07:55:34,301 epoch 42 - iter 3720/3725 - loss 0.78651122 - samples/sec: 25.58 - lr: 0.003125
2021-06-18 07:55:35,680 ----------------------------------------------------------------------------------------------------
2021-06-18 07:55:35,688 EPOCH 42 done: loss 0.7857 - lr 0.0031250
2021-06-18 07:56:57,974 DEV : loss 0.873622715473175 - score 0.9741
2021-06-18 07:56:57,999 BAD EPOCHS (no improvement): 3
2021-06-18 07:56:58,001 ----------------------------------------------------------------------------------------------------
2021-06-18 07:58:50,272 epoch 43 - iter 372/3725 - loss 0.73883052 - samples/sec: 26.51 - lr: 0.003125
2021-06-18 08:00:49,357 epoch 43 - iter 744/3725 - loss 0.77330944 - samples/sec: 24.99 - lr: 0.003125
2021-06-18 08:02:52,115 epoch 43 - iter 1116/3725 - loss 0.79871279 - samples/sec: 24.25 - lr: 0.003125
2021-06-18 08:04:48,256 epoch 43 - iter 1488/3725 - loss 0.82196823 - samples/sec: 25.63 - lr: 0.003125
2021-06-18 08:06:45,735 epoch 43 - iter 1860/3725 - loss 0.82081550 - samples/sec: 25.33 - lr: 0.003125
2021-06-18 08:08:37,286 epoch 43 - iter 2232/3725 - loss 0.80664442 - samples/sec: 26.68 - lr: 0.003125
2021-06-18 08:10:40,024 epoch 43 - iter 2604/3725 - loss 0.79583562 - samples/sec: 24.25 - lr: 0.003125
2021-06-18 08:12:43,556 epoch 43 - iter 2976/3725 - loss 0.79312787 - samples/sec: 24.09 - lr: 0.003125
2021-06-18 08:14:47,580 epoch 43 - iter 3348/3725 - loss 0.79732381 - samples/sec: 24.00 - lr: 0.003125
2021-06-18 08:16:45,328 epoch 43 - iter 3720/3725 - loss 0.78750638 - samples/sec: 25.27 - lr: 0.003125
2021-06-18 08:16:47,577 ----------------------------------------------------------------------------------------------------
2021-06-18 08:16:47,577 EPOCH 43 done: loss 0.7869 - lr 0.0031250
2021-06-18 08:18:09,953 DEV : loss 0.8652018308639526 - score 0.9719
2021-06-18 08:18:09,983 BAD EPOCHS (no improvement): 4
2021-06-18 08:18:09,985 ----------------------------------------------------------------------------------------------------
2021-06-18 08:20:05,456 epoch 44 - iter 372/3725 - loss 0.86983939 - samples/sec: 25.78 - lr: 0.001563
2021-06-18 08:22:14,375 epoch 44 - iter 744/3725 - loss 0.83670668 - samples/sec: 23.09 - lr: 0.001563
2021-06-18 08:23:58,891 epoch 44 - iter 1116/3725 - loss 0.80236216 - samples/sec: 28.47 - lr: 0.001563
2021-06-18 08:25:52,582 epoch 44 - iter 1488/3725 - loss 0.77901951 - samples/sec: 26.18 - lr: 0.001563
2021-06-18 08:27:56,576 epoch 44 - iter 1860/3725 - loss 0.78165551 - samples/sec: 24.00 - lr: 0.001563
2021-06-18 08:29:58,703 epoch 44 - iter 2232/3725 - loss 0.78641454 - samples/sec: 24.37 - lr: 0.001563
2021-06-18 08:31:59,376 epoch 44 - iter 2604/3725 - loss 0.78858334 - samples/sec: 24.66 - lr: 0.001563
2021-06-18 08:34:01,191 epoch 44 - iter 2976/3725 - loss 0.79440064 - samples/sec: 24.43 - lr: 0.001563
2021-06-18 08:35:58,901 epoch 44 - iter 3348/3725 - loss 0.79395066 - samples/sec: 25.29 - lr: 0.001563
2021-06-18 08:37:50,091 epoch 44 - iter 3720/3725 - loss 0.78450032 - samples/sec: 26.77 - lr: 0.001563
2021-06-18 08:37:50,866 ----------------------------------------------------------------------------------------------------
2021-06-18 08:37:50,866 EPOCH 44 done: loss 0.7865 - lr 0.0015625
2021-06-18 08:39:12,689 DEV : loss 0.865959644317627 - score 0.9712
2021-06-18 08:39:12,713 BAD EPOCHS (no improvement): 1
2021-06-18 08:39:12,713 ----------------------------------------------------------------------------------------------------
2021-06-18 08:41:10,320 epoch 45 - iter 372/3725 - loss 0.68803855 - samples/sec: 25.31 - lr: 0.001563
2021-06-18 08:43:12,365 epoch 45 - iter 744/3725 - loss 0.75954295 - samples/sec: 24.39 - lr: 0.001563
2021-06-18 08:45:11,975 epoch 45 - iter 1116/3725 - loss 0.77344775 - samples/sec: 24.88 - lr: 0.001563
2021-06-18 08:47:05,422 epoch 45 - iter 1488/3725 - loss 0.79759918 - samples/sec: 26.23 - lr: 0.001563
2021-06-18 08:48:58,476 epoch 45 - iter 1860/3725 - loss 0.80527749 - samples/sec: 26.32 - lr: 0.001563
2021-06-18 08:50:53,569 epoch 45 - iter 2232/3725 - loss 0.79131914 - samples/sec: 25.86 - lr: 0.001563
2021-06-18 08:52:49,915 epoch 45 - iter 2604/3725 - loss 0.79340385 - samples/sec: 25.58 - lr: 0.001563
2021-06-18 08:55:03,666 epoch 45 - iter 2976/3725 - loss 0.79385989 - samples/sec: 22.25 - lr: 0.001563
2021-06-18 08:56:57,878 epoch 45 - iter 3348/3725 - loss 0.78935609 - samples/sec: 26.06 - lr: 0.001563
2021-06-18 08:58:54,902 epoch 45 - iter 3720/3725 - loss 0.79184224 - samples/sec: 25.43 - lr: 0.001563
2021-06-18 08:58:56,599 ----------------------------------------------------------------------------------------------------
2021-06-18 08:58:56,599 EPOCH 45 done: loss 0.7925 - lr 0.0015625
2021-06-18 09:00:19,775 DEV : loss 0.864376962184906 - score 0.9712
2021-06-18 09:00:19,807 BAD EPOCHS (no improvement): 2
2021-06-18 09:00:19,810 ----------------------------------------------------------------------------------------------------
2021-06-18 09:02:22,797 epoch 46 - iter 372/3725 - loss 0.79947607 - samples/sec: 24.20 - lr: 0.001563
2021-06-18 09:04:18,320 epoch 46 - iter 744/3725 - loss 0.77593094 - samples/sec: 25.76 - lr: 0.001563
2021-06-18 09:06:14,344 epoch 46 - iter 1116/3725 - loss 0.75844533 - samples/sec: 25.65 - lr: 0.001563
2021-06-18 09:08:26,054 epoch 46 - iter 1488/3725 - loss 0.78148288 - samples/sec: 22.60 - lr: 0.001563
2021-06-18 09:10:15,843 epoch 46 - iter 1860/3725 - loss 0.77710044 - samples/sec: 27.11 - lr: 0.001563
2021-06-18 09:12:22,815 epoch 46 - iter 2232/3725 - loss 0.80631075 - samples/sec: 23.44 - lr: 0.001563
2021-06-18 09:14:13,700 epoch 46 - iter 2604/3725 - loss 0.81109742 - samples/sec: 26.84 - lr: 0.001563
2021-06-18 09:15:59,375 epoch 46 - iter 2976/3725 - loss 0.79070860 - samples/sec: 28.16 - lr: 0.001563
2021-06-18 09:17:57,645 epoch 46 - iter 3348/3725 - loss 0.78977797 - samples/sec: 25.16 - lr: 0.001563
2021-06-18 09:20:04,368 epoch 46 - iter 3720/3725 - loss 0.78255718 - samples/sec: 23.49 - lr: 0.001563
2021-06-18 09:20:05,745 ----------------------------------------------------------------------------------------------------
2021-06-18 09:20:05,745 EPOCH 46 done: loss 0.7827 - lr 0.0015625
2021-06-18 09:21:27,675 DEV : loss 0.8615431189537048 - score 0.9732
2021-06-18 09:21:27,705 BAD EPOCHS (no improvement): 3
2021-06-18 09:21:27,707 ----------------------------------------------------------------------------------------------------
2021-06-18 09:23:20,236 epoch 47 - iter 372/3725 - loss 0.68966029 - samples/sec: 26.45 - lr: 0.001563
2021-06-18 09:25:30,682 epoch 47 - iter 744/3725 - loss 0.80587525 - samples/sec: 22.81 - lr: 0.001563
2021-06-18 09:27:36,567 epoch 47 - iter 1116/3725 - loss 0.81724569 - samples/sec: 23.64 - lr: 0.001563
2021-06-18 09:29:27,617 epoch 47 - iter 1488/3725 - loss 0.83015523 - samples/sec: 26.80 - lr: 0.001563
2021-06-18 09:31:25,966 epoch 47 - iter 1860/3725 - loss 0.81589721 - samples/sec: 25.15 - lr: 0.001563
2021-06-18 09:33:15,810 epoch 47 - iter 2232/3725 - loss 0.80538963 - samples/sec: 27.09 - lr: 0.001563
2021-06-18 09:35:16,496 epoch 47 - iter 2604/3725 - loss 0.80545941 - samples/sec: 24.66 - lr: 0.001563
2021-06-18 09:37:10,269 epoch 47 - iter 2976/3725 - loss 0.78669089 - samples/sec: 26.16 - lr: 0.001563
2021-06-18 09:39:14,428 epoch 47 - iter 3348/3725 - loss 0.78946526 - samples/sec: 23.97 - lr: 0.001563
2021-06-18 09:41:05,226 epoch 47 - iter 3720/3725 - loss 0.78309955 - samples/sec: 26.86 - lr: 0.001563
2021-06-18 09:41:06,521 ----------------------------------------------------------------------------------------------------
2021-06-18 09:41:06,521 EPOCH 47 done: loss 0.7832 - lr 0.0015625
2021-06-18 09:42:28,486 DEV : loss 0.861392080783844 - score 0.9721
2021-06-18 09:42:28,526 BAD EPOCHS (no improvement): 4
2021-06-18 09:42:28,528 ----------------------------------------------------------------------------------------------------
2021-06-18 09:44:22,794 epoch 48 - iter 372/3725 - loss 0.75930593 - samples/sec: 26.05 - lr: 0.000781
2021-06-18 09:46:23,235 epoch 48 - iter 744/3725 - loss 0.83544106 - samples/sec: 24.71 - lr: 0.000781
2021-06-18 09:48:37,357 epoch 48 - iter 1116/3725 - loss 0.86047746 - samples/sec: 22.19 - lr: 0.000781
2021-06-18 09:50:36,328 epoch 48 - iter 1488/3725 - loss 0.84578894 - samples/sec: 25.02 - lr: 0.000781
2021-06-18 09:52:33,884 epoch 48 - iter 1860/3725 - loss 0.82749543 - samples/sec: 25.32 - lr: 0.000781
2021-06-18 09:54:36,344 epoch 48 - iter 2232/3725 - loss 0.81707037 - samples/sec: 24.31 - lr: 0.000781
2021-06-18 09:56:23,609 epoch 48 - iter 2604/3725 - loss 0.80513095 - samples/sec: 27.75 - lr: 0.000781
2021-06-18 09:58:17,911 epoch 48 - iter 2976/3725 - loss 0.79388077 - samples/sec: 26.04 - lr: 0.000781
2021-06-18 10:00:13,761 epoch 48 - iter 3348/3725 - loss 0.80142189 - samples/sec: 25.69 - lr: 0.000781
2021-06-18 10:02:12,657 epoch 48 - iter 3720/3725 - loss 0.80462120 - samples/sec: 25.03 - lr: 0.000781
2021-06-18 10:02:14,213 ----------------------------------------------------------------------------------------------------
2021-06-18 10:02:14,213 EPOCH 48 done: loss 0.8047 - lr 0.0007813
2021-06-18 10:03:36,128 DEV : loss 0.8599964380264282 - score 0.9712
2021-06-18 10:03:36,153 BAD EPOCHS (no improvement): 1
2021-06-18 10:03:36,155 ----------------------------------------------------------------------------------------------------
2021-06-18 10:05:36,181 epoch 49 - iter 372/3725 - loss 0.87201898 - samples/sec: 24.80 - lr: 0.000781
2021-06-18 10:07:31,574 epoch 49 - iter 744/3725 - loss 0.81940930 - samples/sec: 25.79 - lr: 0.000781
2021-06-18 10:09:19,188 epoch 49 - iter 1116/3725 - loss 0.79908053 - samples/sec: 27.65 - lr: 0.000781
2021-06-18 10:11:21,928 epoch 49 - iter 1488/3725 - loss 0.76512491 - samples/sec: 24.25 - lr: 0.000781
2021-06-18 10:13:17,677 epoch 49 - iter 1860/3725 - loss 0.76152972 - samples/sec: 25.71 - lr: 0.000781
2021-06-18 10:15:23,833 epoch 49 - iter 2232/3725 - loss 0.76614567 - samples/sec: 23.59 - lr: 0.000781
2021-06-18 10:17:13,186 epoch 49 - iter 2604/3725 - loss 0.77599509 - samples/sec: 27.22 - lr: 0.000781
2021-06-18 10:19:17,137 epoch 49 - iter 2976/3725 - loss 0.77118125 - samples/sec: 24.01 - lr: 0.000781
2021-06-18 10:21:03,992 epoch 49 - iter 3348/3725 - loss 0.77895175 - samples/sec: 27.85 - lr: 0.000781
2021-06-18 10:23:13,797 epoch 49 - iter 3720/3725 - loss 0.78923662 - samples/sec: 22.93 - lr: 0.000781
2021-06-18 10:23:15,793 ----------------------------------------------------------------------------------------------------
2021-06-18 10:23:15,793 EPOCH 49 done: loss 0.7894 - lr 0.0007813
2021-06-18 10:24:37,190 DEV : loss 0.8604660630226135 - score 0.9721
2021-06-18 10:24:37,216 BAD EPOCHS (no improvement): 2
2021-06-18 10:24:37,218 ----------------------------------------------------------------------------------------------------
2021-06-18 10:26:24,750 epoch 50 - iter 372/3725 - loss 0.77770206 - samples/sec: 27.68 - lr: 0.000781
2021-06-18 10:28:22,442 epoch 50 - iter 744/3725 - loss 0.77720793 - samples/sec: 25.29 - lr: 0.000781
2021-06-18 10:30:20,662 epoch 50 - iter 1116/3725 - loss 0.79302865 - samples/sec: 25.18 - lr: 0.000781
2021-06-18 10:32:17,382 epoch 50 - iter 1488/3725 - loss 0.77936340 - samples/sec: 25.50 - lr: 0.000781
2021-06-18 10:34:08,162 epoch 50 - iter 1860/3725 - loss 0.77280499 - samples/sec: 26.87 - lr: 0.000781
2021-06-18 10:36:05,748 epoch 50 - iter 2232/3725 - loss 0.79094695 - samples/sec: 25.31 - lr: 0.000781
2021-06-18 10:38:06,005 epoch 50 - iter 2604/3725 - loss 0.77916634 - samples/sec: 24.75 - lr: 0.000781
2021-06-18 10:40:04,262 epoch 50 - iter 2976/3725 - loss 0.77389912 - samples/sec: 25.17 - lr: 0.000781
2021-06-18 10:42:05,146 epoch 50 - iter 3348/3725 - loss 0.78157603 - samples/sec: 24.62 - lr: 0.000781
2021-06-18 10:44:10,680 epoch 50 - iter 3720/3725 - loss 0.78922174 - samples/sec: 23.71 - lr: 0.000781
2021-06-18 10:44:11,825 ----------------------------------------------------------------------------------------------------
2021-06-18 10:44:11,825 EPOCH 50 done: loss 0.7902 - lr 0.0007813
2021-06-18 10:45:33,235 DEV : loss 0.8602510690689087 - score 0.972
2021-06-18 10:45:33,258 BAD EPOCHS (no improvement): 3
2021-06-18 10:45:33,260 ----------------------------------------------------------------------------------------------------
2021-06-18 10:47:28,006 epoch 51 - iter 372/3725 - loss 0.73071211 - samples/sec: 25.94 - lr: 0.000781
2021-06-18 10:49:23,131 epoch 51 - iter 744/3725 - loss 0.77125714 - samples/sec: 25.85 - lr: 0.000781
2021-06-18 10:51:24,463 epoch 51 - iter 1116/3725 - loss 0.75283471 - samples/sec: 24.53 - lr: 0.000781
2021-06-18 10:53:28,876 epoch 51 - iter 1488/3725 - loss 0.76798625 - samples/sec: 23.92 - lr: 0.000781
2021-06-18 10:55:30,489 epoch 51 - iter 1860/3725 - loss 0.76455156 - samples/sec: 24.48 - lr: 0.000781
2021-06-18 10:57:29,009 epoch 51 - iter 2232/3725 - loss 0.77316576 - samples/sec: 25.11 - lr: 0.000781
2021-06-18 10:59:15,782 epoch 51 - iter 2604/3725 - loss 0.76448999 - samples/sec: 27.87 - lr: 0.000781
2021-06-18 11:01:11,519 epoch 51 - iter 2976/3725 - loss 0.77701686 - samples/sec: 25.71 - lr: 0.000781
2021-06-18 11:03:11,076 epoch 51 - iter 3348/3725 - loss 0.78161280 - samples/sec: 24.89 - lr: 0.000781
2021-06-18 11:05:10,907 epoch 51 - iter 3720/3725 - loss 0.78888636 - samples/sec: 24.84 - lr: 0.000781
2021-06-18 11:05:12,996 ----------------------------------------------------------------------------------------------------
2021-06-18 11:05:12,996 EPOCH 51 done: loss 0.7884 - lr 0.0007813
2021-06-18 11:06:34,343 DEV : loss 0.859653115272522 - score 0.9714
2021-06-18 11:06:34,375 BAD EPOCHS (no improvement): 4
2021-06-18 11:06:34,378 ----------------------------------------------------------------------------------------------------
2021-06-18 11:08:25,037 epoch 52 - iter 372/3725 - loss 0.73521558 - samples/sec: 26.90 - lr: 0.000391
2021-06-18 11:10:24,885 epoch 52 - iter 744/3725 - loss 0.74052098 - samples/sec: 24.83 - lr: 0.000391
2021-06-18 11:12:19,840 epoch 52 - iter 1116/3725 - loss 0.79361779 - samples/sec: 25.89 - lr: 0.000391
2021-06-18 11:14:24,631 epoch 52 - iter 1488/3725 - loss 0.83889795 - samples/sec: 23.85 - lr: 0.000391
2021-06-18 11:16:26,324 epoch 52 - iter 1860/3725 - loss 0.82496526 - samples/sec: 24.46 - lr: 0.000391
2021-06-18 11:18:23,098 epoch 52 - iter 2232/3725 - loss 0.79767840 - samples/sec: 25.49 - lr: 0.000391
2021-06-18 11:20:17,800 epoch 52 - iter 2604/3725 - loss 0.78885722 - samples/sec: 25.95 - lr: 0.000391
2021-06-18 11:22:13,187 epoch 52 - iter 2976/3725 - loss 0.78629687 - samples/sec: 25.79 - lr: 0.000391
2021-06-18 11:24:11,967 epoch 52 - iter 3348/3725 - loss 0.77798596 - samples/sec: 25.06 - lr: 0.000391
2021-06-18 11:26:12,075 epoch 52 - iter 3720/3725 - loss 0.78135715 - samples/sec: 24.78 - lr: 0.000391
2021-06-18 11:26:13,101 ----------------------------------------------------------------------------------------------------
2021-06-18 11:26:13,101 EPOCH 52 done: loss 0.7809 - lr 0.0003906
2021-06-18 11:27:34,618 DEV : loss 0.8599452972412109 - score 0.972
2021-06-18 11:27:34,645 BAD EPOCHS (no improvement): 1
2021-06-18 11:27:34,646 ----------------------------------------------------------------------------------------------------
2021-06-18 11:29:32,995 epoch 53 - iter 372/3725 - loss 0.86985442 - samples/sec: 25.15 - lr: 0.000391
2021-06-18 11:31:29,689 epoch 53 - iter 744/3725 - loss 0.80685659 - samples/sec: 25.51 - lr: 0.000391
2021-06-18 11:33:33,600 epoch 53 - iter 1116/3725 - loss 0.78945942 - samples/sec: 24.02 - lr: 0.000391
2021-06-18 11:35:23,153 epoch 53 - iter 1488/3725 - loss 0.77202031 - samples/sec: 27.17 - lr: 0.000391
2021-06-18 11:37:19,988 epoch 53 - iter 1860/3725 - loss 0.77505402 - samples/sec: 25.48 - lr: 0.000391
2021-06-18 11:39:23,238 epoch 53 - iter 2232/3725 - loss 0.79637697 - samples/sec: 24.15 - lr: 0.000391
2021-06-18 11:41:13,855 epoch 53 - iter 2604/3725 - loss 0.78857050 - samples/sec: 26.90 - lr: 0.000391
2021-06-18 11:43:07,770 epoch 53 - iter 2976/3725 - loss 0.77927960 - samples/sec: 26.12 - lr: 0.000391
2021-06-18 11:45:04,043 epoch 53 - iter 3348/3725 - loss 0.76776555 - samples/sec: 25.60 - lr: 0.000391
2021-06-18 11:47:07,300 epoch 53 - iter 3720/3725 - loss 0.77673205 - samples/sec: 24.15 - lr: 0.000391
2021-06-18 11:47:11,953 ----------------------------------------------------------------------------------------------------
2021-06-18 11:47:11,953 EPOCH 53 done: loss 0.7762 - lr 0.0003906
2021-06-18 11:48:33,252 DEV : loss 0.8612743020057678 - score 0.9712
2021-06-18 11:48:33,279 BAD EPOCHS (no improvement): 2
2021-06-18 11:48:33,281 ----------------------------------------------------------------------------------------------------
2021-06-18 11:50:39,023 epoch 54 - iter 372/3725 - loss 0.92538087 - samples/sec: 23.68 - lr: 0.000391
2021-06-18 11:52:28,647 epoch 54 - iter 744/3725 - loss 0.82867191 - samples/sec: 27.15 - lr: 0.000391
2021-06-18 11:54:24,877 epoch 54 - iter 1116/3725 - loss 0.80118327 - samples/sec: 25.61 - lr: 0.000391
2021-06-18 11:56:12,755 epoch 54 - iter 1488/3725 - loss 0.76976959 - samples/sec: 27.59 - lr: 0.000391
2021-06-18 11:58:23,489 epoch 54 - iter 1860/3725 - loss 0.77882264 - samples/sec: 22.77 - lr: 0.000391
2021-06-18 12:00:23,404 epoch 54 - iter 2232/3725 - loss 0.79623209 - samples/sec: 24.82 - lr: 0.000391
2021-06-18 12:02:15,526 epoch 54 - iter 2604/3725 - loss 0.78334735 - samples/sec: 26.54 - lr: 0.000391
2021-06-18 12:04:02,141 epoch 54 - iter 2976/3725 - loss 0.77476420 - samples/sec: 27.92 - lr: 0.000391
2021-06-18 12:06:11,468 epoch 54 - iter 3348/3725 - loss 0.77441260 - samples/sec: 23.01 - lr: 0.000391
2021-06-18 12:08:11,820 epoch 54 - iter 3720/3725 - loss 0.77763963 - samples/sec: 24.73 - lr: 0.000391
2021-06-18 12:08:12,417 ----------------------------------------------------------------------------------------------------
2021-06-18 12:08:12,417 EPOCH 54 done: loss 0.7770 - lr 0.0003906
2021-06-18 12:09:35,106 DEV : loss 0.861039936542511 - score 0.9713
2021-06-18 12:09:35,131 BAD EPOCHS (no improvement): 3
2021-06-18 12:09:35,133 ----------------------------------------------------------------------------------------------------
2021-06-18 12:11:34,773 epoch 55 - iter 372/3725 - loss 0.73290360 - samples/sec: 24.88 - lr: 0.000391
2021-06-18 12:13:38,573 epoch 55 - iter 744/3725 - loss 0.84885821 - samples/sec: 24.04 - lr: 0.000391
2021-06-18 12:15:32,081 epoch 55 - iter 1116/3725 - loss 0.78656798 - samples/sec: 26.22 - lr: 0.000391
2021-06-18 12:17:29,475 epoch 55 - iter 1488/3725 - loss 0.80965046 - samples/sec: 25.35 - lr: 0.000391
2021-06-18 12:19:32,098 epoch 55 - iter 1860/3725 - loss 0.82681283 - samples/sec: 24.27 - lr: 0.000391
2021-06-18 12:21:26,831 epoch 55 - iter 2232/3725 - loss 0.81996621 - samples/sec: 25.94 - lr: 0.000391
2021-06-18 12:23:16,130 epoch 55 - iter 2604/3725 - loss 0.81315750 - samples/sec: 27.23 - lr: 0.000391
2021-06-18 12:25:18,997 epoch 55 - iter 2976/3725 - loss 0.81536498 - samples/sec: 24.22 - lr: 0.000391
2021-06-18 12:27:22,686 epoch 55 - iter 3348/3725 - loss 0.81183580 - samples/sec: 24.06 - lr: 0.000391
2021-06-18 12:29:15,181 epoch 55 - iter 3720/3725 - loss 0.79419605 - samples/sec: 26.46 - lr: 0.000391
2021-06-18 12:29:15,853 ----------------------------------------------------------------------------------------------------
2021-06-18 12:29:15,853 EPOCH 55 done: loss 0.7935 - lr 0.0003906
2021-06-18 12:30:37,234 DEV : loss 0.8603695034980774 - score 0.9725
2021-06-18 12:30:37,259 BAD EPOCHS (no improvement): 4
2021-06-18 12:30:37,261 ----------------------------------------------------------------------------------------------------
2021-06-18 12:32:34,481 epoch 56 - iter 372/3725 - loss 0.74992833 - samples/sec: 25.39 - lr: 0.000195
2021-06-18 12:34:28,991 epoch 56 - iter 744/3725 - loss 0.76013943 - samples/sec: 25.99 - lr: 0.000195
2021-06-18 12:36:37,345 epoch 56 - iter 1116/3725 - loss 0.78913379 - samples/sec: 23.19 - lr: 0.000195
2021-06-18 12:38:47,390 epoch 56 - iter 1488/3725 - loss 0.80012326 - samples/sec: 22.89 - lr: 0.000195
2021-06-18 12:40:36,808 epoch 56 - iter 1860/3725 - loss 0.78089607 - samples/sec: 27.20 - lr: 0.000195
2021-06-18 12:42:22,211 epoch 56 - iter 2232/3725 - loss 0.77570421 - samples/sec: 28.24 - lr: 0.000195
2021-06-18 12:44:22,532 epoch 56 - iter 2604/3725 - loss 0.77055613 - samples/sec: 24.73 - lr: 0.000195
2021-06-18 12:46:24,987 epoch 56 - iter 2976/3725 - loss 0.78424138 - samples/sec: 24.30 - lr: 0.000195
2021-06-18 12:48:20,043 epoch 56 - iter 3348/3725 - loss 0.79200799 - samples/sec: 25.87 - lr: 0.000195
2021-06-18 12:50:12,112 epoch 56 - iter 3720/3725 - loss 0.78359791 - samples/sec: 26.56 - lr: 0.000195
2021-06-18 12:50:13,371 ----------------------------------------------------------------------------------------------------
2021-06-18 12:50:13,371 EPOCH 56 done: loss 0.7838 - lr 0.0001953
2021-06-18 12:51:34,866 DEV : loss 0.8600602149963379 - score 0.9718
2021-06-18 12:51:34,895 BAD EPOCHS (no improvement): 1
2021-06-18 12:51:34,897 ----------------------------------------------------------------------------------------------------
2021-06-18 12:53:37,795 epoch 57 - iter 372/3725 - loss 0.76279747 - samples/sec: 24.22 - lr: 0.000195
2021-06-18 12:55:38,721 epoch 57 - iter 744/3725 - loss 0.77171406 - samples/sec: 24.61 - lr: 0.000195
2021-06-18 12:57:35,604 epoch 57 - iter 1116/3725 - loss 0.76187773 - samples/sec: 25.46 - lr: 0.000195
2021-06-18 12:59:23,637 epoch 57 - iter 1488/3725 - loss 0.76092298 - samples/sec: 27.55 - lr: 0.000195
2021-06-18 13:01:30,793 epoch 57 - iter 1860/3725 - loss 0.79158293 - samples/sec: 23.40 - lr: 0.000195
2021-06-18 13:03:24,301 epoch 57 - iter 2232/3725 - loss 0.78505671 - samples/sec: 26.22 - lr: 0.000195
2021-06-18 13:05:21,477 epoch 57 - iter 2604/3725 - loss 0.78081634 - samples/sec: 25.40 - lr: 0.000195
2021-06-18 13:07:15,323 epoch 57 - iter 2976/3725 - loss 0.77736583 - samples/sec: 26.14 - lr: 0.000195
2021-06-18 13:09:11,120 epoch 57 - iter 3348/3725 - loss 0.77463416 - samples/sec: 25.70 - lr: 0.000195
2021-06-18 13:11:01,142 epoch 57 - iter 3720/3725 - loss 0.77781584 - samples/sec: 27.05 - lr: 0.000195
2021-06-18 13:11:03,458 ----------------------------------------------------------------------------------------------------
2021-06-18 13:11:03,458 EPOCH 57 done: loss 0.7815 - lr 0.0001953
2021-06-18 13:12:25,112 DEV : loss 0.8598936200141907 - score 0.9727
2021-06-18 13:12:25,134 BAD EPOCHS (no improvement): 2
2021-06-18 13:12:25,135 ----------------------------------------------------------------------------------------------------
2021-06-18 13:14:19,554 epoch 58 - iter 372/3725 - loss 0.70014829 - samples/sec: 26.01 - lr: 0.000195
2021-06-18 13:16:21,544 epoch 58 - iter 744/3725 - loss 0.73702205 - samples/sec: 24.40 - lr: 0.000195
2021-06-18 13:18:21,754 epoch 58 - iter 1116/3725 - loss 0.79375567 - samples/sec: 24.76 - lr: 0.000195
2021-06-18 13:20:02,368 epoch 58 - iter 1488/3725 - loss 0.75548734 - samples/sec: 29.58 - lr: 0.000195
2021-06-18 13:21:58,904 epoch 58 - iter 1860/3725 - loss 0.76524680 - samples/sec: 25.54 - lr: 0.000195
2021-06-18 13:23:57,872 epoch 58 - iter 2232/3725 - loss 0.78147160 - samples/sec: 25.02 - lr: 0.000195
2021-06-18 13:25:48,402 epoch 58 - iter 2604/3725 - loss 0.77238680 - samples/sec: 26.93 - lr: 0.000195
2021-06-18 13:27:42,869 epoch 58 - iter 2976/3725 - loss 0.76791528 - samples/sec: 26.00 - lr: 0.000195
2021-06-18 13:29:59,175 epoch 58 - iter 3348/3725 - loss 0.77389856 - samples/sec: 21.84 - lr: 0.000195
2021-06-18 13:32:00,153 epoch 58 - iter 3720/3725 - loss 0.77623286 - samples/sec: 24.60 - lr: 0.000195
2021-06-18 13:32:00,894 ----------------------------------------------------------------------------------------------------
2021-06-18 13:32:00,894 EPOCH 58 done: loss 0.7756 - lr 0.0001953
2021-06-18 13:33:22,147 DEV : loss 0.8596944212913513 - score 0.9727
2021-06-18 13:33:22,173 BAD EPOCHS (no improvement): 3
2021-06-18 13:33:22,175 ----------------------------------------------------------------------------------------------------
2021-06-18 13:35:12,560 epoch 59 - iter 372/3725 - loss 0.82992193 - samples/sec: 26.96 - lr: 0.000195
2021-06-18 13:37:16,353 epoch 59 - iter 744/3725 - loss 0.79526367 - samples/sec: 24.04 - lr: 0.000195
2021-06-18 13:39:11,466 epoch 59 - iter 1116/3725 - loss 0.77607586 - samples/sec: 25.85 - lr: 0.000195
2021-06-18 13:41:05,766 epoch 59 - iter 1488/3725 - loss 0.78386925 - samples/sec: 26.04 - lr: 0.000195
2021-06-18 13:43:00,809 epoch 59 - iter 1860/3725 - loss 0.78142410 - samples/sec: 25.87 - lr: 0.000195
2021-06-18 13:45:09,368 epoch 59 - iter 2232/3725 - loss 0.78807209 - samples/sec: 23.15 - lr: 0.000195
2021-06-18 13:47:01,858 epoch 59 - iter 2604/3725 - loss 0.77246069 - samples/sec: 26.46 - lr: 0.000195
2021-06-18 13:49:08,808 epoch 59 - iter 2976/3725 - loss 0.76862759 - samples/sec: 23.44 - lr: 0.000195
2021-06-18 13:51:05,099 epoch 59 - iter 3348/3725 - loss 0.77813933 - samples/sec: 25.59 - lr: 0.000195
2021-06-18 13:52:58,677 epoch 59 - iter 3720/3725 - loss 0.77704061 - samples/sec: 26.21 - lr: 0.000195
2021-06-18 13:52:59,744 ----------------------------------------------------------------------------------------------------
2021-06-18 13:52:59,752 EPOCH 59 done: loss 0.7780 - lr 0.0001953
2021-06-18 13:54:21,031 DEV : loss 0.8597743511199951 - score 0.9726
2021-06-18 13:54:21,062 BAD EPOCHS (no improvement): 4
2021-06-18 13:54:21,064 ----------------------------------------------------------------------------------------------------
2021-06-18 13:54:21,066 ----------------------------------------------------------------------------------------------------
2021-06-18 13:54:21,067 learning rate too small - quitting training!
2021-06-18 13:54:21,069 ----------------------------------------------------------------------------------------------------
2021-06-18 13:54:22,979 ----------------------------------------------------------------------------------------------------
2021-06-18 13:54:22,979 Testing using best model ...
2021-06-18 13:54:22,986 loading file models\s1\best-model.pt
